[ 2022-08-10T00:11:18+08:00 ] 114.119.153.106 /xiahuan/CultureHeritage/detail/id/6.html
INFO: [ app_init ] --START--
INFO: Run Behavior\BuildLiteBehavior [ RunTime:0.000017s ]
INFO: [ app_init ] --END-- [ RunTime:0.000078s ]
INFO: [ app_begin ] --START--
INFO: Run Behavior\ReadHtmlCacheBehavior [ RunTime:0.000968s ]
INFO: Run Behavior\CheckLangBehavior [ RunTime:0.003499s ]
INFO: [ app_begin ] --END-- [ RunTime:0.004544s ]
ERR: 無法載入控制器:Xiahuan

[ 2022-08-10T00:40:43+08:00 ] 114.119.153.108 /xiahuan/Shop/detail/id/30.html
INFO: [ app_init ] --START--
INFO: Run Behavior\BuildLiteBehavior [ RunTime:0.000018s ]
INFO: [ app_init ] --END-- [ RunTime:0.000090s ]
INFO: [ app_begin ] --START--
INFO: Run Behavior\ReadHtmlCacheBehavior [ RunTime:0.001385s ]
INFO: Run Behavior\CheckLangBehavior [ RunTime:0.003219s ]
INFO: [ app_begin ] --END-- [ RunTime:0.004721s ]
ERR: 無法載入控制器:Xiahuan

[ 2022-08-10T00:46:23+08:00 ] 114.119.153.106 /xiahuan/Active/detail/id/23.html
INFO: [ app_init ] --START--
INFO: Run Behavior\BuildLiteBehavior [ RunTime:0.000016s ]
INFO: [ app_init ] --END-- [ RunTime:0.000102s ]
INFO: [ app_begin ] --START--
INFO: Run Behavior\ReadHtmlCacheBehavior [ RunTime:0.000698s ]
INFO: Run Behavior\CheckLangBehavior [ RunTime:0.004610s ]
INFO: [ app_begin ] --END-- [ RunTime:0.005418s ]
ERR: 無法載入控制器:Xiahuan

[ 2022-08-10T00:57:24+08:00 ] 185.191.171.43 /xiahuan/Shop/categroy/shoptype/index.html
INFO: [ app_init ] --START--
INFO: Run Behavior\BuildLiteBehavior [ RunTime:0.000017s ]
INFO: [ app_init ] --END-- [ RunTime:0.000084s ]
INFO: [ app_begin ] --START--
INFO: Run Behavior\ReadHtmlCacheBehavior [ RunTime:0.005109s ]
INFO: Run Behavior\CheckLangBehavior [ RunTime:0.002687s ]
INFO: [ app_begin ] --END-- [ RunTime:0.007917s ]
ERR: 無法載入控制器:Xiahuan

[ 2022-08-10T01:16:11+08:00 ] 114.119.153.108 /xiahuan/Shop/categroy/shoptype/food/p/2.html
INFO: [ app_init ] --START--
INFO: Run Behavior\BuildLiteBehavior [ RunTime:0.000018s ]
INFO: [ app_init ] --END-- [ RunTime:0.000087s ]
INFO: [ app_begin ] --START--
INFO: Run Behavior\ReadHtmlCacheBehavior [ RunTime:0.001358s ]
INFO: Run Behavior\CheckLangBehavior [ RunTime:0.003975s ]
INFO: [ app_begin ] --END-- [ RunTime:0.005459s ]
ERR: 無法載入控制器:Xiahuan

[ 2022-08-10T06:24:12+08:00 ] 185.191.171.8 /xiahuan/Index/index.html
INFO: [ app_init ] --START--
INFO: Run Behavior\BuildLiteBehavior [ RunTime:0.000013s ]
INFO: [ app_init ] --END-- [ RunTime:0.000061s ]
INFO: [ app_begin ] --START--
INFO: Run Behavior\ReadHtmlCacheBehavior [ RunTime:0.001190s ]
INFO: Run Behavior\CheckLangBehavior [ RunTime:0.002624s ]
INFO: [ app_begin ] --END-- [ RunTime:0.003912s ]
ERR: 無法載入控制器:Xiahuan

[ 2022-08-10T07:13:49+08:00 ] 114.119.153.108 /xiahuan/Shop/detail/id/20.html
INFO: [ app_init ] --START--
INFO: Run Behavior\BuildLiteBehavior [ RunTime:0.000015s ]
INFO: [ app_init ] --END-- [ RunTime:0.000082s ]
INFO: [ app_begin ] --START--
INFO: Run Behavior\ReadHtmlCacheBehavior [ RunTime:0.001447s ]
INFO: Run Behavior\CheckLangBehavior [ RunTime:0.010848s ]
INFO: [ app_begin ] --END-- [ RunTime:0.012414s ]
ERR: 無法載入控制器:Xiahuan

[ 2022-08-10T09:01:11+08:00 ] 114.119.153.106 /xiahuan/Shop/detail/id/80.html
INFO: [ app_init ] --START--
INFO: Run Behavior\BuildLiteBehavior [ RunTime:0.000015s ]
INFO: [ app_init ] --END-- [ RunTime:0.000068s ]
INFO: [ app_begin ] --START--
INFO: Run Behavior\ReadHtmlCacheBehavior [ RunTime:0.000953s ]
INFO: Run Behavior\CheckLangBehavior [ RunTime:0.006779s ]
INFO: [ app_begin ] --END-- [ RunTime:0.007811s ]
ERR: 無法載入控制器:Xiahuan

[ 2022-08-10T09:25:07+08:00 ] 185.191.171.7 /xiahuan/Shop/categroy/shoptype/page_faq.html
INFO: [ app_init ] --START--
INFO: Run Behavior\BuildLiteBehavior [ RunTime:0.000017s ]
INFO: [ app_init ] --END-- [ RunTime:0.000086s ]
INFO: [ app_begin ] --START--
INFO: Run Behavior\ReadHtmlCacheBehavior [ RunTime:0.001048s ]
INFO: Run Behavior\CheckLangBehavior [ RunTime:0.002368s ]
INFO: [ app_begin ] --END-- [ RunTime:0.003501s ]
ERR: 無法載入控制器:Xiahuan

[ 2022-08-10T09:49:37+08:00 ] 185.191.171.15 /xiahuan/CultureHeritage/detail/id/portfolio-shop.html
INFO: [ app_init ] --START--
INFO: Run Behavior\BuildLiteBehavior [ RunTime:0.000018s ]
INFO: [ app_init ] --END-- [ RunTime:0.000085s ]
INFO: [ app_begin ] --START--
INFO: Run Behavior\ReadHtmlCacheBehavior [ RunTime:0.001258s ]
INFO: Run Behavior\CheckLangBehavior [ RunTime:0.002789s ]
INFO: [ app_begin ] --END-- [ RunTime:0.004175s ]
ERR: 無法載入控制器:Xiahuan

[ 2022-08-10T09:57:25+08:00 ] 114.119.153.108 /xiahuan/Shop/detail/id/45.html
INFO: [ app_init ] --START--
INFO: Run Behavior\BuildLiteBehavior [ RunTime:0.000016s ]
INFO: [ app_init ] --END-- [ RunTime:0.000081s ]
INFO: [ app_begin ] --START--
INFO: Run Behavior\ReadHtmlCacheBehavior [ RunTime:0.001171s ]
INFO: Run Behavior\CheckLangBehavior [ RunTime:0.002093s ]
INFO: [ app_begin ] --END-- [ RunTime:0.003370s ]
ERR: 無法載入控制器:Xiahuan

[ 2022-08-10T10:57:42+08:00 ] 185.191.171.34 /xiahuan/News/detail/id/7.html
INFO: [ app_init ] --START--
INFO: Run Behavior\BuildLiteBehavior [ RunTime:0.000014s ]
INFO: [ app_init ] --END-- [ RunTime:0.000065s ]
INFO: [ app_begin ] --START--
INFO: Run Behavior\ReadHtmlCacheBehavior [ RunTime:0.001526s ]
INFO: Run Behavior\CheckLangBehavior [ RunTime:0.003482s ]
INFO: [ app_begin ] --END-- [ RunTime:0.005127s ]
ERR: 無法載入控制器:Xiahuan

[ 2022-08-10T11:23:49+08:00 ] 185.191.171.2 /xiahuan/CultureHeritage/detail/id/page_faq.html
INFO: [ app_init ] --START--
INFO: Run Behavior\BuildLiteBehavior [ RunTime:0.000015s ]
INFO: [ app_init ] --END-- [ RunTime:0.000097s ]
INFO: [ app_begin ] --START--
INFO: Run Behavior\ReadHtmlCacheBehavior [ RunTime:0.001795s ]
INFO: Run Behavior\CheckLangBehavior [ RunTime:0.002880s ]
INFO: [ app_begin ] --END-- [ RunTime:0.004777s ]
ERR: 無法載入控制器:Xiahuan

[ 2022-08-10T11:51:23+08:00 ] 185.191.171.24 /xiahuan/Shop/categroy/shoptype/food/p/2.html
INFO: [ app_init ] --START--
INFO: Run Behavior\BuildLiteBehavior [ RunTime:0.000013s ]
INFO: [ app_init ] --END-- [ RunTime:0.000058s ]
INFO: [ app_begin ] --START--
INFO: Run Behavior\ReadHtmlCacheBehavior [ RunTime:0.002400s ]
INFO: Run Behavior\CheckLangBehavior [ RunTime:0.002302s ]
INFO: [ app_begin ] --END-- [ RunTime:0.004782s ]
ERR: 無法載入控制器:Xiahuan

[ 2022-08-10T12:09:12+08:00 ] 185.191.171.22 /xiahuan/Active/index.html
INFO: [ app_init ] --START--
INFO: Run Behavior\BuildLiteBehavior [ RunTime:0.000018s ]
INFO: [ app_init ] --END-- [ RunTime:0.000102s ]
INFO: [ app_begin ] --START--
INFO: Run Behavior\ReadHtmlCacheBehavior [ RunTime:0.001154s ]
INFO: Run Behavior\CheckLangBehavior [ RunTime:0.004154s ]
INFO: [ app_begin ] --END-- [ RunTime:0.005420s ]
ERR: 無法載入控制器:Xiahuan

[ 2022-08-10T13:24:27+08:00 ] 114.119.153.106 /xiahuan/Shop/detail/id/43.html
INFO: [ app_init ] --START--
INFO: Run Behavior\BuildLiteBehavior [ RunTime:0.000019s ]
INFO: [ app_init ] --END-- [ RunTime:0.000095s ]
INFO: [ app_begin ] --START--
INFO: Run Behavior\ReadHtmlCacheBehavior [ RunTime:0.001157s ]
INFO: Run Behavior\CheckLangBehavior [ RunTime:0.002096s ]
INFO: [ app_begin ] --END-- [ RunTime:0.003364s ]
ERR: 無法載入控制器:Xiahuan

[ 2022-08-10T13:35:05+08:00 ] 114.119.153.106 /xiahuan/Shop/detail/id/78.html
INFO: [ app_init ] --START--
INFO: Run Behavior\BuildLiteBehavior [ RunTime:0.000014s ]
INFO: [ app_init ] --END-- [ RunTime:0.000065s ]
INFO: [ app_begin ] --START--
INFO: Run Behavior\ReadHtmlCacheBehavior [ RunTime:0.001102s ]
INFO: Run Behavior\CheckLangBehavior [ RunTime:0.003498s ]
INFO: [ app_begin ] --END-- [ RunTime:0.004686s ]
ERR: 無法載入控制器:Xiahuan

[ 2022-08-10T14:23:41+08:00 ] 114.119.152.97 /xiahuan/Shop/detail/id/100.html
INFO: [ app_init ] --START--
INFO: Run Behavior\BuildLiteBehavior [ RunTime:0.000016s ]
INFO: [ app_init ] --END-- [ RunTime:0.000085s ]
INFO: [ app_begin ] --START--
INFO: Run Behavior\ReadHtmlCacheBehavior [ RunTime:0.001190s ]
INFO: Run Behavior\CheckLangBehavior [ RunTime:0.003273s ]
INFO: [ app_begin ] --END-- [ RunTime:0.004571s ]
ERR: 無法載入控制器:Xiahuan

[ 2022-08-10T15:00:50+08:00 ] 114.119.153.105 /xiahuan/Shop/categroy/shoptype/discount/p/3.html
INFO: [ app_init ] --START--
INFO: Run Behavior\BuildLiteBehavior [ RunTime:0.000019s ]
INFO: [ app_init ] --END-- [ RunTime:0.000091s ]
INFO: [ app_begin ] --START--
INFO: Run Behavior\ReadHtmlCacheBehavior [ RunTime:0.003234s ]
INFO: Run Behavior\CheckLangBehavior [ RunTime:0.002198s ]
INFO: [ app_begin ] --END-- [ RunTime:0.005566s ]
ERR: 無法載入控制器:Xiahuan

[ 2022-08-10T15:07:43+08:00 ] 114.119.153.105 /xiahuan/Shop/detail/id/39.html
INFO: [ app_init ] --START--
INFO: Run Behavior\BuildLiteBehavior [ RunTime:0.000020s ]
INFO: [ app_init ] --END-- [ RunTime:0.000090s ]
INFO: [ app_begin ] --START--
INFO: Run Behavior\ReadHtmlCacheBehavior [ RunTime:0.001179s ]
INFO: Run Behavior\CheckLangBehavior [ RunTime:0.004009s ]
INFO: [ app_begin ] --END-- [ RunTime:0.005299s ]
ERR: 無法載入控制器:Xiahuan

[ 2022-08-10T15:25:12+08:00 ] 114.119.153.105 /xiahuan/Shop/detail/id/69.html
INFO: [ app_init ] --START--
INFO: Run Behavior\BuildLiteBehavior [ RunTime:0.000017s ]
INFO: [ app_init ] --END-- [ RunTime:0.000080s ]
INFO: [ app_begin ] --START--
INFO: Run Behavior\ReadHtmlCacheBehavior [ RunTime:0.007493s ]
INFO: Run Behavior\CheckLangBehavior [ RunTime:0.018541s ]
INFO: [ app_begin ] --END-- [ RunTime:0.026179s ]
ERR: 無法載入控制器:Xiahuan

[ 2022-08-10T15:32:17+08:00 ] 114.119.152.97 /xiahuan/Shop/detail/id/75.html
INFO: [ app_init ] --START--
INFO: Run Behavior\BuildLiteBehavior [ RunTime:0.000031s ]
INFO: [ app_init ] --END-- [ RunTime:0.000094s ]
INFO: [ app_begin ] --START--
INFO: Run Behavior\ReadHtmlCacheBehavior [ RunTime:0.001049s ]
INFO: Run Behavior\CheckLangBehavior [ RunTime:0.001785s ]
INFO: [ app_begin ] --END-- [ RunTime:0.002948s ]
ERR: 無法載入控制器:Xiahuan

[ 2022-08-10T16:05:14+08:00 ] 114.119.152.86 /xiahuan/Posts/detail/id/2.html
INFO: [ app_init ] --START--
INFO: Run Behavior\BuildLiteBehavior [ RunTime:0.000018s ]
INFO: [ app_init ] --END-- [ RunTime:0.000085s ]
INFO: [ app_begin ] --START--
INFO: Run Behavior\ReadHtmlCacheBehavior [ RunTime:0.001123s ]
INFO: Run Behavior\CheckLangBehavior [ RunTime:0.006807s ]
INFO: [ app_begin ] --END-- [ RunTime:0.008034s ]
ERR: 無法載入控制器:Xiahuan

[ 2022-08-10T16:22:36+08:00 ] 114.119.153.105 /xiahuan/Shop/detail/id/64.html
INFO: [ app_init ] --START--
INFO: Run Behavior\BuildLiteBehavior [ RunTime:0.000013s ]
INFO: [ app_init ] --END-- [ RunTime:0.000064s ]
INFO: [ app_begin ] --START--
INFO: Run Behavior\ReadHtmlCacheBehavior [ RunTime:0.001121s ]
INFO: Run Behavior\CheckLangBehavior [ RunTime:0.002209s ]
INFO: [ app_begin ] --END-- [ RunTime:0.003412s ]
ERR: 無法載入控制器:Xiahuan

[ 2022-08-10T16:31:48+08:00 ] 185.191.171.15 /xiahuan/Media/blog.html
INFO: [ app_init ] --START--
INFO: Run Behavior\BuildLiteBehavior [ RunTime:0.000018s ]
INFO: [ app_init ] --END-- [ RunTime:0.000085s ]
INFO: [ app_begin ] --START--
INFO: Run Behavior\ReadHtmlCacheBehavior [ RunTime:0.001229s ]
INFO: Run Behavior\CheckLangBehavior [ RunTime:0.002836s ]
INFO: [ app_begin ] --END-- [ RunTime:0.004191s ]
ERR: 無法載入控制器:Xiahuan

[ 2022-08-10T16:35:06+08:00 ] 185.191.171.20 /xiahuan/Shop/categroy/shoptype/food/p/page_faq.html
INFO: [ app_init ] --START--
INFO: Run Behavior\BuildLiteBehavior [ RunTime:0.000017s ]
INFO: [ app_init ] --END-- [ RunTime:0.000089s ]
INFO: [ app_begin ] --START--
INFO: Run Behavior\ReadHtmlCacheBehavior [ RunTime:0.001281s ]
INFO: Run Behavior\CheckLangBehavior [ RunTime:0.002281s ]
INFO: [ app_begin ] --END-- [ RunTime:0.003699s ]
ERR: 無法載入控制器:Xiahuan

[ 2022-08-10T16:36:00+08:00 ] 114.119.152.86 /xiahuan/Shop/detail/id/5.html
INFO: [ app_init ] --START--
INFO: Run Behavior\BuildLiteBehavior [ RunTime:0.000017s ]
INFO: [ app_init ] --END-- [ RunTime:0.000084s ]
INFO: [ app_begin ] --START--
INFO: Run Behavior\ReadHtmlCacheBehavior [ RunTime:0.000651s ]
INFO: Run Behavior\CheckLangBehavior [ RunTime:0.002637s ]
INFO: [ app_begin ] --END-- [ RunTime:0.003396s ]
ERR: 無法載入控制器:Xiahuan

[ 2022-08-10T16:42:43+08:00 ] 114.119.153.105 /xiahuan/Media2/detail/id/52.html
INFO: [ app_init ] --START--
INFO: Run Behavior\BuildLiteBehavior [ RunTime:0.000018s ]
INFO: [ app_init ] --END-- [ RunTime:0.000104s ]
INFO: [ app_begin ] --START--
INFO: Run Behavior\ReadHtmlCacheBehavior [ RunTime:0.001337s ]
INFO: Run Behavior\CheckLangBehavior [ RunTime:0.006119s ]
INFO: [ app_begin ] --END-- [ RunTime:0.007579s ]
ERR: 無法載入控制器:Xiahuan

[ 2022-08-10T16:44:22+08:00 ] 185.191.171.34 /xiahuan/Active/detail/id/4.html
INFO: [ app_init ] --START--
INFO: Run Behavior\BuildLiteBehavior [ RunTime:0.000011s ]
INFO: [ app_init ] --END-- [ RunTime:0.000052s ]
INFO: [ app_begin ] --START--
INFO: Run Behavior\ReadHtmlCacheBehavior [ RunTime:0.000444s ]
INFO: Run Behavior\CheckLangBehavior [ RunTime:0.001550s ]
INFO: [ app_begin ] --END-- [ RunTime:0.002064s ]
ERR: 無法載入控制器:Xiahuan

[ 2022-08-10T17:01:18+08:00 ] 114.119.153.106 /xiahuan/Shop/detail/id/106.html
INFO: [ app_init ] --START--
INFO: Run Behavior\BuildLiteBehavior [ RunTime:0.000014s ]
INFO: [ app_init ] --END-- [ RunTime:0.000065s ]
INFO: [ app_begin ] --START--
INFO: Run Behavior\ReadHtmlCacheBehavior [ RunTime:0.001221s ]
INFO: Run Behavior\CheckLangBehavior [ RunTime:0.004612s ]
INFO: [ app_begin ] --END-- [ RunTime:0.005925s ]
ERR: 無法載入控制器:Xiahuan

[ 2022-08-10T18:04:56+08:00 ] 114.119.152.97 /xiahuan/Shop/detail/id/1.html
INFO: [ app_init ] --START--
INFO: Run Behavior\BuildLiteBehavior [ RunTime:0.000017s ]
INFO: [ app_init ] --END-- [ RunTime:0.000085s ]
INFO: [ app_begin ] --START--
INFO: Run Behavior\ReadHtmlCacheBehavior [ RunTime:0.001210s ]
INFO: Run Behavior\CheckLangBehavior [ RunTime:0.003831s ]
INFO: [ app_begin ] --END-- [ RunTime:0.005168s ]
ERR: 無法載入控制器:Xiahuan

[ 2022-08-10T19:53:21+08:00 ] 114.119.153.105 /xiahuan/News/detail/id/11.html
INFO: [ app_init ] --START--
INFO: Run Behavior\BuildLiteBehavior [ RunTime:0.000016s ]
INFO: [ app_init ] --END-- [ RunTime:0.000079s ]
INFO: [ app_begin ] --START--
INFO: Run Behavior\ReadHtmlCacheBehavior [ RunTime:0.001319s ]
INFO: Run Behavior\CheckLangBehavior [ RunTime:0.005401s ]
INFO: [ app_begin ] --END-- [ RunTime:0.006875s ]
ERR: 無法載入控制器:Xiahuan

[ 2022-08-10T20:26:16+08:00 ] 185.191.171.44 /xiahuan/CultureHeritage/detail/id/page_login.html
INFO: [ app_init ] --START--
INFO: Run Behavior\BuildLiteBehavior [ RunTime:0.000020s ]
INFO: [ app_init ] --END-- [ RunTime:0.000091s ]
INFO: [ app_begin ] --START--
INFO: Run Behavior\ReadHtmlCacheBehavior [ RunTime:0.001281s ]
INFO: Run Behavior\CheckLangBehavior [ RunTime:0.004541s ]
INFO: [ app_begin ] --END-- [ RunTime:0.005931s ]
ERR: 無法載入控制器:Xiahuan

[ 2022-08-10T20:30:28+08:00 ] 114.119.152.97 /xiahuan/Shop/detail/id/120.html
INFO: [ app_init ] --START--
INFO: Run Behavior\BuildLiteBehavior [ RunTime:0.000011s ]
INFO: [ app_init ] --END-- [ RunTime:0.000054s ]
INFO: [ app_begin ] --START--
INFO: Run Behavior\ReadHtmlCacheBehavior [ RunTime:0.000436s ]
INFO: Run Behavior\CheckLangBehavior [ RunTime:0.000680s ]
INFO: [ app_begin ] --END-- [ RunTime:0.001178s ]
ERR: 無法載入控制器:Xiahuan

[ 2022-08-10T20:38:40+08:00 ] 114.119.153.106 /xiahuan/Shop/detail/id/47.html
INFO: [ app_init ] --START--
INFO: Run Behavior\BuildLiteBehavior [ RunTime:0.000015s ]
INFO: [ app_init ] --END-- [ RunTime:0.000081s ]
INFO: [ app_begin ] --START--
INFO: Run Behavior\ReadHtmlCacheBehavior [ RunTime:0.001668s ]
INFO: Run Behavior\CheckLangBehavior [ RunTime:0.003507s ]
INFO: [ app_begin ] --END-- [ RunTime:0.005258s ]
ERR: 無法載入控制器:Xiahuan

[ 2022-08-10T22:00:07+08:00 ] 185.191.171.2 /xiahuan/Shop/index/p/8.html
INFO: [ app_init ] --START--
INFO: Run Behavior\BuildLiteBehavior [ RunTime:0.000016s ]
INFO: [ app_init ] --END-- [ RunTime:0.000087s ]
INFO: [ app_begin ] --START--
INFO: Run Behavior\ReadHtmlCacheBehavior [ RunTime:0.001361s ]
INFO: Run Behavior\CheckLangBehavior [ RunTime:0.002727s ]
INFO: [ app_begin ] --END-- [ RunTime:0.004321s ]
ERR: 無法載入控制器:Xiahuan

[ 2022-08-10T23:52:11+08:00 ] 185.191.171.15 /xiahuan/Shop/categroy/shoptype/portfolio-food.html
INFO: [ app_init ] --START--
INFO: Run Behavior\BuildLiteBehavior [ RunTime:0.000019s ]
INFO: [ app_init ] --END-- [ RunTime:0.000089s ]
INFO: [ app_begin ] --START--
INFO: Run Behavior\ReadHtmlCacheBehavior [ RunTime:0.001174s ]
INFO: Run Behavior\CheckLangBehavior [ RunTime:0.002450s ]
INFO: [ app_begin ] --END-- [ RunTime:0.003741s ]
ERR: 無法載入控制器:Xiahuan

