[ 2022-08-08T00:21:43+08:00 ] 114.119.153.108 /xiahuan/Shop/detail/id/98.html
INFO: [ app_init ] --START--
INFO: Run Behavior\BuildLiteBehavior [ RunTime:0.000016s ]
INFO: [ app_init ] --END-- [ RunTime:0.000083s ]
INFO: [ app_begin ] --START--
INFO: Run Behavior\ReadHtmlCacheBehavior [ RunTime:0.001112s ]
INFO: Run Behavior\CheckLangBehavior [ RunTime:0.001885s ]
INFO: [ app_begin ] --END-- [ RunTime:0.003110s ]
ERR: 無法載入控制器:Xiahuan

[ 2022-08-08T00:38:25+08:00 ] 114.119.152.97 /xiahuan/News/index.html
INFO: [ app_init ] --START--
INFO: Run Behavior\BuildLiteBehavior [ RunTime:0.000015s ]
INFO: [ app_init ] --END-- [ RunTime:0.000083s ]
INFO: [ app_begin ] --START--
INFO: Run Behavior\ReadHtmlCacheBehavior [ RunTime:0.001259s ]
INFO: Run Behavior\CheckLangBehavior [ RunTime:0.002283s ]
INFO: [ app_begin ] --END-- [ RunTime:0.003652s ]
ERR: 無法載入控制器:Xiahuan

[ 2022-08-08T00:44:33+08:00 ] 114.119.153.108 /xiahuan/Shop/detail/id/24.html
INFO: [ app_init ] --START--
INFO: Run Behavior\BuildLiteBehavior [ RunTime:0.000017s ]
INFO: [ app_init ] --END-- [ RunTime:0.000083s ]
INFO: [ app_begin ] --START--
INFO: Run Behavior\ReadHtmlCacheBehavior [ RunTime:0.000597s ]
INFO: Run Behavior\CheckLangBehavior [ RunTime:0.000836s ]
INFO: [ app_begin ] --END-- [ RunTime:0.001526s ]
ERR: 無法載入控制器:Xiahuan

[ 2022-08-08T00:49:35+08:00 ] 114.119.153.105 /xiahuan/Shop/detail/id/11.html
INFO: [ app_init ] --START--
INFO: Run Behavior\BuildLiteBehavior [ RunTime:0.000016s ]
INFO: [ app_init ] --END-- [ RunTime:0.000083s ]
INFO: [ app_begin ] --START--
INFO: Run Behavior\ReadHtmlCacheBehavior [ RunTime:0.004321s ]
INFO: Run Behavior\CheckLangBehavior [ RunTime:0.002315s ]
INFO: [ app_begin ] --END-- [ RunTime:0.006750s ]
ERR: 無法載入控制器:Xiahuan

[ 2022-08-08T01:01:32+08:00 ] 114.119.152.86 /xiahuan/Shop/index/p/8.html
INFO: [ app_init ] --START--
INFO: Run Behavior\BuildLiteBehavior [ RunTime:0.000015s ]
INFO: [ app_init ] --END-- [ RunTime:0.000076s ]
INFO: [ app_begin ] --START--
INFO: Run Behavior\ReadHtmlCacheBehavior [ RunTime:0.001558s ]
INFO: Run Behavior\CheckLangBehavior [ RunTime:0.007533s ]
INFO: [ app_begin ] --END-- [ RunTime:0.009205s ]
ERR: 無法載入控制器:Xiahuan

[ 2022-08-08T01:17:24+08:00 ] 185.191.171.7 /xiahuan/Media/portfolio-manual.html
INFO: [ app_init ] --START--
INFO: Run Behavior\BuildLiteBehavior [ RunTime:0.000016s ]
INFO: [ app_init ] --END-- [ RunTime:0.000081s ]
INFO: [ app_begin ] --START--
INFO: Run Behavior\ReadHtmlCacheBehavior [ RunTime:0.001321s ]
INFO: Run Behavior\CheckLangBehavior [ RunTime:0.003245s ]
INFO: [ app_begin ] --END-- [ RunTime:0.004684s ]
ERR: 無法載入控制器:Xiahuan

[ 2022-08-08T01:53:45+08:00 ] 114.119.153.106 /xiahuan/Shop/categroy/shoptype/fashion/p/3.html
INFO: [ app_init ] --START--
INFO: Run Behavior\BuildLiteBehavior [ RunTime:0.000017s ]
INFO: [ app_init ] --END-- [ RunTime:0.000083s ]
INFO: [ app_begin ] --START--
INFO: Run Behavior\ReadHtmlCacheBehavior [ RunTime:0.002486s ]
INFO: Run Behavior\CheckLangBehavior [ RunTime:0.008954s ]
INFO: [ app_begin ] --END-- [ RunTime:0.011565s ]
ERR: 無法載入控制器:Xiahuan

[ 2022-08-08T02:17:12+08:00 ] 185.191.171.44 /xiahuan/Shop/categroy/shoptype/food/p/3.html
INFO: [ app_init ] --START--
INFO: Run Behavior\BuildLiteBehavior [ RunTime:0.000016s ]
INFO: [ app_init ] --END-- [ RunTime:0.000082s ]
INFO: [ app_begin ] --START--
INFO: Run Behavior\ReadHtmlCacheBehavior [ RunTime:0.001272s ]
INFO: Run Behavior\CheckLangBehavior [ RunTime:0.002603s ]
INFO: [ app_begin ] --END-- [ RunTime:0.003984s ]
ERR: 無法載入控制器:Xiahuan

[ 2022-08-08T02:21:24+08:00 ] 185.191.171.34 /xiahuan/Shop/detail/id/9.html
INFO: [ app_init ] --START--
INFO: Run Behavior\BuildLiteBehavior [ RunTime:0.000020s ]
INFO: [ app_init ] --END-- [ RunTime:0.000093s ]
INFO: [ app_begin ] --START--
INFO: Run Behavior\ReadHtmlCacheBehavior [ RunTime:0.002771s ]
INFO: Run Behavior\CheckLangBehavior [ RunTime:0.007967s ]
INFO: [ app_begin ] --END-- [ RunTime:0.010850s ]
ERR: 無法載入控制器:Xiahuan

[ 2022-08-08T03:01:47+08:00 ] 185.191.171.25 /xiahuan/Media/page_login.html
INFO: [ app_init ] --START--
INFO: Run Behavior\BuildLiteBehavior [ RunTime:0.000018s ]
INFO: [ app_init ] --END-- [ RunTime:0.000086s ]
INFO: [ app_begin ] --START--
INFO: Run Behavior\ReadHtmlCacheBehavior [ RunTime:0.001191s ]
INFO: Run Behavior\CheckLangBehavior [ RunTime:0.002905s ]
INFO: [ app_begin ] --END-- [ RunTime:0.004214s ]
ERR: 無法載入控制器:Xiahuan

[ 2022-08-08T06:37:33+08:00 ] 185.191.171.2 /xiahuan/CultureHeritage/blog.html
INFO: [ app_init ] --START--
INFO: Run Behavior\BuildLiteBehavior [ RunTime:0.000020s ]
INFO: [ app_init ] --END-- [ RunTime:0.000088s ]
INFO: [ app_begin ] --START--
INFO: Run Behavior\ReadHtmlCacheBehavior [ RunTime:0.001077s ]
INFO: Run Behavior\CheckLangBehavior [ RunTime:0.002485s ]
INFO: [ app_begin ] --END-- [ RunTime:0.003669s ]
ERR: 無法載入控制器:Xiahuan

[ 2022-08-08T06:57:54+08:00 ] 114.119.153.105 /xiahuan/Shop/detail/id/112.html
INFO: [ app_init ] --START--
INFO: Run Behavior\BuildLiteBehavior [ RunTime:0.000018s ]
INFO: [ app_init ] --END-- [ RunTime:0.000093s ]
INFO: [ app_begin ] --START--
INFO: Run Behavior\ReadHtmlCacheBehavior [ RunTime:0.001100s ]
INFO: Run Behavior\CheckLangBehavior [ RunTime:0.004761s ]
INFO: [ app_begin ] --END-- [ RunTime:0.005973s ]
ERR: 無法載入控制器:Xiahuan

[ 2022-08-08T06:59:08+08:00 ] 185.191.171.22 /xiahuan/Media/index.html
INFO: [ app_init ] --START--
INFO: Run Behavior\BuildLiteBehavior [ RunTime:0.000019s ]
INFO: [ app_init ] --END-- [ RunTime:0.000083s ]
INFO: [ app_begin ] --START--
INFO: Run Behavior\ReadHtmlCacheBehavior [ RunTime:0.000751s ]
INFO: Run Behavior\CheckLangBehavior [ RunTime:0.004070s ]
INFO: [ app_begin ] --END-- [ RunTime:0.004949s ]
ERR: 無法載入控制器:Xiahuan

[ 2022-08-08T07:09:25+08:00 ] 114.119.153.106 /xiahuan/Shop/detail/id/95.html
INFO: [ app_init ] --START--
INFO: Run Behavior\BuildLiteBehavior [ RunTime:0.000020s ]
INFO: [ app_init ] --END-- [ RunTime:0.000096s ]
INFO: [ app_begin ] --START--
INFO: Run Behavior\ReadHtmlCacheBehavior [ RunTime:0.005511s ]
INFO: Run Behavior\CheckLangBehavior [ RunTime:0.005732s ]
INFO: [ app_begin ] --END-- [ RunTime:0.011452s ]
ERR: 無法載入控制器:Xiahuan

[ 2022-08-08T08:08:01+08:00 ] 114.119.153.108 /xiahuan/Active/detail/id/4.html
INFO: [ app_init ] --START--
INFO: Run Behavior\BuildLiteBehavior [ RunTime:0.000018s ]
INFO: [ app_init ] --END-- [ RunTime:0.000086s ]
INFO: [ app_begin ] --START--
INFO: Run Behavior\ReadHtmlCacheBehavior [ RunTime:0.001289s ]
INFO: Run Behavior\CheckLangBehavior [ RunTime:0.002078s ]
INFO: [ app_begin ] --END-- [ RunTime:0.003481s ]
ERR: 無法載入控制器:Xiahuan

[ 2022-08-08T08:38:13+08:00 ] 185.191.171.10 /xiahuan/CultureHeritage/page_login.html
INFO: [ app_init ] --START--
INFO: Run Behavior\BuildLiteBehavior [ RunTime:0.000020s ]
INFO: [ app_init ] --END-- [ RunTime:0.000094s ]
INFO: [ app_begin ] --START--
INFO: Run Behavior\ReadHtmlCacheBehavior [ RunTime:0.001299s ]
INFO: Run Behavior\CheckLangBehavior [ RunTime:0.003597s ]
INFO: [ app_begin ] --END-- [ RunTime:0.005018s ]
ERR: 無法載入控制器:Xiahuan

[ 2022-08-08T09:02:56+08:00 ] 114.119.152.86 /xiahuan/Shop/index/p/5.html
INFO: [ app_init ] --START--
INFO: Run Behavior\BuildLiteBehavior [ RunTime:0.000018s ]
INFO: [ app_init ] --END-- [ RunTime:0.000085s ]
INFO: [ app_begin ] --START--
INFO: Run Behavior\ReadHtmlCacheBehavior [ RunTime:0.001831s ]
INFO: Run Behavior\CheckLangBehavior [ RunTime:0.002086s ]
INFO: [ app_begin ] --END-- [ RunTime:0.004033s ]
ERR: 無法載入控制器:Xiahuan

[ 2022-08-08T09:21:01+08:00 ] 114.119.153.106 /xiahuan/Active/detail/id/6.html
INFO: [ app_init ] --START--
INFO: Run Behavior\BuildLiteBehavior [ RunTime:0.000018s ]
INFO: [ app_init ] --END-- [ RunTime:0.000089s ]
INFO: [ app_begin ] --START--
INFO: Run Behavior\ReadHtmlCacheBehavior [ RunTime:0.003887s ]
INFO: Run Behavior\CheckLangBehavior [ RunTime:0.005446s ]
INFO: [ app_begin ] --END-- [ RunTime:0.009478s ]
ERR: 無法載入控制器:Xiahuan

[ 2022-08-08T09:49:39+08:00 ] 114.119.153.105 /xiahuan/News/detail/id/12.html
INFO: [ app_init ] --START--
INFO: Run Behavior\BuildLiteBehavior [ RunTime:0.000017s ]
INFO: [ app_init ] --END-- [ RunTime:0.000103s ]
INFO: [ app_begin ] --START--
INFO: Run Behavior\ReadHtmlCacheBehavior [ RunTime:0.001993s ]
INFO: Run Behavior\CheckLangBehavior [ RunTime:0.006938s ]
INFO: [ app_begin ] --END-- [ RunTime:0.009061s ]
ERR: 無法載入控制器:Xiahuan

[ 2022-08-08T11:27:18+08:00 ] 114.119.152.86 /xiahuan/Shop/detail/id/107.html
INFO: [ app_init ] --START--
INFO: Run Behavior\BuildLiteBehavior [ RunTime:0.000018s ]
INFO: [ app_init ] --END-- [ RunTime:0.000088s ]
INFO: [ app_begin ] --START--
INFO: Run Behavior\ReadHtmlCacheBehavior [ RunTime:0.001315s ]
INFO: Run Behavior\CheckLangBehavior [ RunTime:0.005384s ]
INFO: [ app_begin ] --END-- [ RunTime:0.006813s ]
ERR: 無法載入控制器:Xiahuan

[ 2022-08-08T12:53:20+08:00 ] 114.119.153.108 /xiahuan/Shop/detail/id/35.html
INFO: [ app_init ] --START--
INFO: Run Behavior\BuildLiteBehavior [ RunTime:0.000016s ]
INFO: [ app_init ] --END-- [ RunTime:0.000079s ]
INFO: [ app_begin ] --START--
INFO: Run Behavior\ReadHtmlCacheBehavior [ RunTime:0.001312s ]
INFO: Run Behavior\CheckLangBehavior [ RunTime:0.001837s ]
INFO: [ app_begin ] --END-- [ RunTime:0.003261s ]
ERR: 無法載入控制器:Xiahuan

[ 2022-08-08T13:00:26+08:00 ] 114.119.152.97 /xiahuan/Shop/detail/id/102.html
INFO: [ app_init ] --START--
INFO: Run Behavior\BuildLiteBehavior [ RunTime:0.000018s ]
INFO: [ app_init ] --END-- [ RunTime:0.000089s ]
INFO: [ app_begin ] --START--
INFO: Run Behavior\ReadHtmlCacheBehavior [ RunTime:0.001197s ]
INFO: Run Behavior\CheckLangBehavior [ RunTime:0.003875s ]
INFO: [ app_begin ] --END-- [ RunTime:0.005180s ]
ERR: 無法載入控制器:Xiahuan

[ 2022-08-08T13:07:29+08:00 ] 114.119.152.86 /xiahuan/Posts/detail/id/5.html
INFO: [ app_init ] --START--
INFO: Run Behavior\BuildLiteBehavior [ RunTime:0.000019s ]
INFO: [ app_init ] --END-- [ RunTime:0.000090s ]
INFO: [ app_begin ] --START--
INFO: Run Behavior\ReadHtmlCacheBehavior [ RunTime:0.001416s ]
INFO: Run Behavior\CheckLangBehavior [ RunTime:0.005687s ]
INFO: [ app_begin ] --END-- [ RunTime:0.007215s ]
ERR: 無法載入控制器:Xiahuan

[ 2022-08-08T14:03:27+08:00 ] 185.191.171.20 /xiahuan/Active/detail/id/8.html
INFO: [ app_init ] --START--
INFO: Run Behavior\BuildLiteBehavior [ RunTime:0.000013s ]
INFO: [ app_init ] --END-- [ RunTime:0.000062s ]
INFO: [ app_begin ] --START--
INFO: Run Behavior\ReadHtmlCacheBehavior [ RunTime:0.001081s ]
INFO: Run Behavior\CheckLangBehavior [ RunTime:0.002587s ]
INFO: [ app_begin ] --END-- [ RunTime:0.003750s ]
ERR: 無法載入控制器:Xiahuan

[ 2022-08-08T15:21:38+08:00 ] 185.191.171.6 /xiahuan/Shop/categroy/shoptype/food/p/blog.html
INFO: [ app_init ] --START--
INFO: Run Behavior\BuildLiteBehavior [ RunTime:0.000012s ]
INFO: [ app_init ] --END-- [ RunTime:0.000060s ]
INFO: [ app_begin ] --START--
INFO: Run Behavior\ReadHtmlCacheBehavior [ RunTime:0.001040s ]
INFO: Run Behavior\CheckLangBehavior [ RunTime:0.002820s ]
INFO: [ app_begin ] --END-- [ RunTime:0.003956s ]
ERR: 無法載入控制器:Xiahuan

[ 2022-08-08T16:48:41+08:00 ] 185.191.171.41 /xiahuan/Shop/index/p/6.html
INFO: [ app_init ] --START--
INFO: Run Behavior\BuildLiteBehavior [ RunTime:0.000020s ]
INFO: [ app_init ] --END-- [ RunTime:0.000091s ]
INFO: [ app_begin ] --START--
INFO: Run Behavior\ReadHtmlCacheBehavior [ RunTime:0.001326s ]
INFO: Run Behavior\CheckLangBehavior [ RunTime:0.002460s ]
INFO: [ app_begin ] --END-- [ RunTime:0.003904s ]
ERR: 無法載入控制器:Xiahuan

[ 2022-08-08T18:24:41+08:00 ] 185.191.171.42 /xiahuan/Shop/categroy/shoptype/food/p/index.html
INFO: [ app_init ] --START--
INFO: Run Behavior\BuildLiteBehavior [ RunTime:0.000018s ]
INFO: [ app_init ] --END-- [ RunTime:0.000087s ]
INFO: [ app_begin ] --START--
INFO: Run Behavior\ReadHtmlCacheBehavior [ RunTime:0.001447s ]
INFO: Run Behavior\CheckLangBehavior [ RunTime:0.006442s ]
INFO: [ app_begin ] --END-- [ RunTime:0.008030s ]
ERR: 無法載入控制器:Xiahuan

[ 2022-08-08T19:45:48+08:00 ] 114.119.152.86 /xiahuan/Shop/detail/id/35.html
INFO: [ app_init ] --START--
INFO: Run Behavior\BuildLiteBehavior [ RunTime:0.000014s ]
INFO: [ app_init ] --END-- [ RunTime:0.000060s ]
INFO: [ app_begin ] --START--
INFO: Run Behavior\ReadHtmlCacheBehavior [ RunTime:0.001015s ]
INFO: Run Behavior\CheckLangBehavior [ RunTime:0.001781s ]
INFO: [ app_begin ] --END-- [ RunTime:0.002872s ]
ERR: 無法載入控制器:Xiahuan

[ 2022-08-08T19:47:40+08:00 ] 185.191.171.23 /xiahuan/Media/portfolio-food.html
INFO: [ app_init ] --START--
INFO: Run Behavior\BuildLiteBehavior [ RunTime:0.000016s ]
INFO: [ app_init ] --END-- [ RunTime:0.000074s ]
INFO: [ app_begin ] --START--
INFO: Run Behavior\ReadHtmlCacheBehavior [ RunTime:0.000607s ]
INFO: Run Behavior\CheckLangBehavior [ RunTime:0.003310s ]
INFO: [ app_begin ] --END-- [ RunTime:0.004012s ]
ERR: 無法載入控制器:Xiahuan

[ 2022-08-08T20:42:02+08:00 ] 114.119.153.108 /xiahuan/Shop/detail/id/57.html
INFO: [ app_init ] --START--
INFO: Run Behavior\BuildLiteBehavior [ RunTime:0.000017s ]
INFO: [ app_init ] --END-- [ RunTime:0.000083s ]
INFO: [ app_begin ] --START--
INFO: Run Behavior\ReadHtmlCacheBehavior [ RunTime:0.001346s ]
INFO: Run Behavior\CheckLangBehavior [ RunTime:0.002137s ]
INFO: [ app_begin ] --END-- [ RunTime:0.003589s ]
ERR: 無法載入控制器:Xiahuan

[ 2022-08-08T20:52:59+08:00 ] 114.119.153.105 /xiahuan/Shop/detail/id/2.html
INFO: [ app_init ] --START--
INFO: Run Behavior\BuildLiteBehavior [ RunTime:0.000013s ]
INFO: [ app_init ] --END-- [ RunTime:0.000059s ]
INFO: [ app_begin ] --START--
INFO: Run Behavior\ReadHtmlCacheBehavior [ RunTime:0.000962s ]
INFO: Run Behavior\CheckLangBehavior [ RunTime:0.001147s ]
INFO: [ app_begin ] --END-- [ RunTime:0.002177s ]
ERR: 無法載入控制器:Xiahuan

[ 2022-08-08T20:56:59+08:00 ] 114.119.153.108 /xiahuan/Active/index/p/2.html
INFO: [ app_init ] --START--
INFO: Run Behavior\BuildLiteBehavior [ RunTime:0.000033s ]
INFO: [ app_init ] --END-- [ RunTime:0.000092s ]
INFO: [ app_begin ] --START--
INFO: Run Behavior\ReadHtmlCacheBehavior [ RunTime:0.000619s ]
INFO: Run Behavior\CheckLangBehavior [ RunTime:0.001459s ]
INFO: [ app_begin ] --END-- [ RunTime:0.002176s ]
ERR: 無法載入控制器:Xiahuan

[ 2022-08-08T21:08:25+08:00 ] 114.119.153.108 /xiahuan/Active/detail/id/5.html
INFO: [ app_init ] --START--
INFO: Run Behavior\BuildLiteBehavior [ RunTime:0.000028s ]
INFO: [ app_init ] --END-- [ RunTime:0.000092s ]
INFO: [ app_begin ] --START--
INFO: Run Behavior\ReadHtmlCacheBehavior [ RunTime:0.000634s ]
INFO: Run Behavior\CheckLangBehavior [ RunTime:0.022171s ]
INFO: [ app_begin ] --END-- [ RunTime:0.022946s ]
ERR: 無法載入控制器:Xiahuan

[ 2022-08-08T21:13:13+08:00 ] 114.119.153.105 /xiahuan/Shop/detail/id/51.html
INFO: [ app_init ] --START--
INFO: Run Behavior\BuildLiteBehavior [ RunTime:0.000014s ]
INFO: [ app_init ] --END-- [ RunTime:0.000075s ]
INFO: [ app_begin ] --START--
INFO: Run Behavior\ReadHtmlCacheBehavior [ RunTime:0.000606s ]
INFO: Run Behavior\CheckLangBehavior [ RunTime:0.000847s ]
INFO: [ app_begin ] --END-- [ RunTime:0.001543s ]
ERR: 無法載入控制器:Xiahuan

[ 2022-08-08T21:24:40+08:00 ] 114.119.153.105 /xiahuan/Shop/detail/id/72.html
INFO: [ app_init ] --START--
INFO: Run Behavior\BuildLiteBehavior [ RunTime:0.000017s ]
INFO: [ app_init ] --END-- [ RunTime:0.000084s ]
INFO: [ app_begin ] --START--
INFO: Run Behavior\ReadHtmlCacheBehavior [ RunTime:0.001251s ]
INFO: Run Behavior\CheckLangBehavior [ RunTime:0.002834s ]
INFO: [ app_begin ] --END-- [ RunTime:0.004201s ]
ERR: 無法載入控制器:Xiahuan

[ 2022-08-08T21:41:05+08:00 ] 114.119.152.97 /xiahuan/Shop/detail/id/23.html
INFO: [ app_init ] --START--
INFO: Run Behavior\BuildLiteBehavior [ RunTime:0.000019s ]
INFO: [ app_init ] --END-- [ RunTime:0.000175s ]
INFO: [ app_begin ] --START--
INFO: Run Behavior\ReadHtmlCacheBehavior [ RunTime:0.001241s ]
INFO: Run Behavior\CheckLangBehavior [ RunTime:0.004158s ]
INFO: [ app_begin ] --END-- [ RunTime:0.005506s ]
ERR: 無法載入控制器:Xiahuan

[ 2022-08-08T22:04:44+08:00 ] 114.119.153.106 /xiahuan/Shop/detail/id/59.html
INFO: [ app_init ] --START--
INFO: Run Behavior\BuildLiteBehavior [ RunTime:0.000015s ]
INFO: [ app_init ] --END-- [ RunTime:0.000080s ]
INFO: [ app_begin ] --START--
INFO: Run Behavior\ReadHtmlCacheBehavior [ RunTime:0.001260s ]
INFO: Run Behavior\CheckLangBehavior [ RunTime:0.005281s ]
INFO: [ app_begin ] --END-- [ RunTime:0.006681s ]
ERR: 無法載入控制器:Xiahuan

[ 2022-08-08T22:35:14+08:00 ] 185.191.171.38 /xiahuan/News/detail/id/17.html
INFO: [ app_init ] --START--
INFO: Run Behavior\BuildLiteBehavior [ RunTime:0.000012s ]
INFO: [ app_init ] --END-- [ RunTime:0.000060s ]
INFO: [ app_begin ] --START--
INFO: Run Behavior\ReadHtmlCacheBehavior [ RunTime:0.001176s ]
INFO: Run Behavior\CheckLangBehavior [ RunTime:0.002476s ]
INFO: [ app_begin ] --END-- [ RunTime:0.003730s ]
ERR: 無法載入控制器:Xiahuan

