[ 2022-07-27T00:32:03+08:00 ] 173.252.79.13 /xiahuan/
INFO: [ app_init ] --START--
INFO: Run Behavior\BuildLiteBehavior [ RunTime:0.000013s ]
INFO: [ app_init ] --END-- [ RunTime:0.000060s ]
INFO: [ app_begin ] --START--
INFO: Run Behavior\ReadHtmlCacheBehavior [ RunTime:0.000998s ]
INFO: Run Behavior\CheckLangBehavior [ RunTime:0.002372s ]
INFO: [ app_begin ] --END-- [ RunTime:0.003447s ]
SQL: SHOW COLUMNS FROM `arm_active` [ RunTime:0.0052s ]
SQL: SELECT * FROM `arm_active` WHERE `deleted` IS NULL AND `status` = 'published' ORDER BY created desc LIMIT 4   [ RunTime:0.0004s ]
SQL: SHOW COLUMNS FROM `arm_news` [ RunTime:0.0027s ]
SQL: SELECT * FROM `arm_news` WHERE `deleted` IS NULL AND `status` = 'published' ORDER BY grade desc,created desc LIMIT 4   [ RunTime:0.0007s ]
SQL: SHOW COLUMNS FROM `arm_media` [ RunTime:0.0013s ]
SQL: SELECT * FROM `arm_media` WHERE `deleted` IS NULL AND `status` = 'published' ORDER BY grade desc,created desc LIMIT 3   [ RunTime:0.0003s ]
SQL: SHOW COLUMNS FROM `arm_media2` [ RunTime:0.0012s ]
SQL: SELECT * FROM `arm_media2` WHERE `deleted` IS NULL AND `status` = 'published' ORDER BY created desc LIMIT 3   [ RunTime:0.0003s ]
SQL: SHOW COLUMNS FROM `arm_shop` [ RunTime:0.0015s ]
SQL: SELECT * FROM `arm_shop` WHERE `deleted` IS NULL AND `status` = 'published' ORDER BY grade desc,created desc LIMIT 4   [ RunTime:0.0003s ]
SQL: SHOW COLUMNS FROM `arm_street_history` [ RunTime:0.0020s ]
SQL: SELECT * FROM `arm_street_history` WHERE `deleted` IS NULL AND `status` = 'published' ORDER BY rand() LIMIT 1   [ RunTime:0.0004s ]
SQL: SELECT * FROM `arm_shop` WHERE `deleted` IS NULL AND `status` = 'published' ORDER BY rand() LIMIT 1   [ RunTime:0.0013s ]
SQL: SHOW COLUMNS FROM `arm_posts` [ RunTime:0.0012s ]
SQL: SELECT * FROM `arm_posts` WHERE `deleted` IS NULL AND `status` = 'published' ORDER BY rand() LIMIT 1   [ RunTime:0.0005s ]
SQL: SHOW COLUMNS FROM `arm_active` [ RunTime:0.0004s ]
SQL: SHOW COLUMNS FROM `arm_slide` [ RunTime:0.0011s ]
SQL: SHOW COLUMNS FROM `arm_p_cbanner` [ RunTime:0.0011s ]
SQL: SHOW COLUMNS FROM `arm_introduce` [ RunTime:0.0022s ]
SQL: SHOW COLUMNS FROM `arm_community_image` [ RunTime:0.0022s ]
SQL: SHOW COLUMNS FROM `arm_street_history` [ RunTime:0.0004s ]
SQL: SHOW COLUMNS FROM `arm_shop` [ RunTime:0.0004s ]
SQL: SHOW COLUMNS FROM `arm_posts` [ RunTime:0.0004s ]
SQL: SHOW COLUMNS FROM `arm_news` [ RunTime:0.0003s ]
SQL: SHOW COLUMNS FROM `arm_media` [ RunTime:0.0003s ]
SQL: SHOW COLUMNS FROM `arm_media2` [ RunTime:0.0004s ]
SQL: SHOW COLUMNS FROM `arm_culture_heritage` [ RunTime:0.0022s ]
SQL: SHOW COLUMNS FROM `arm_links` [ RunTime:0.0011s ]
SQL: SELECT * FROM `arm_slide` WHERE `deleted` IS NULL AND `status` = 'published' ORDER BY re_time desc LIMIT 4   [ RunTime:0.0003s ]
SQL: SELECT * FROM `arm_p_cbanner` WHERE `deleted` IS NULL AND `status` = 'published' ORDER BY re_time desc LIMIT 6   [ RunTime:0.0002s ]
SQL: SELECT * FROM `arm_active` WHERE `deleted` IS NULL AND `status` = 'published' ORDER BY created desc  [ RunTime:0.0003s ]
SQL: SELECT * FROM `arm_community_image` WHERE `deleted` IS NULL AND `status` = 'published' ORDER BY created desc LIMIT 10   [ RunTime:0.0002s ]
SQL: SELECT * FROM `arm_street_history` WHERE `deleted` IS NULL AND `status` = 'published' ORDER BY sort desc,created desc  [ RunTime:0.0004s ]
SQL: SELECT * FROM `arm_shop` WHERE `deleted` IS NULL AND `status` = 'published' ORDER BY created desc  [ RunTime:0.0015s ]
SQL: SELECT * FROM `arm_posts` WHERE `deleted` IS NULL AND `status` = 'published' ORDER BY created desc  [ RunTime:0.0009s ]
SQL: SELECT * FROM `arm_news` WHERE `deleted` IS NULL AND `status` = 'published' ORDER BY created desc  [ RunTime:0.0007s ]
SQL: SELECT * FROM `arm_media` WHERE `deleted` IS NULL AND `status` = 'published' ORDER BY created desc  [ RunTime:0.0002s ]
SQL: SELECT * FROM `arm_media2` WHERE `deleted` IS NULL AND `status` = 'published' ORDER BY created desc  [ RunTime:0.0002s ]
SQL: SELECT * FROM `arm_culture_heritage` WHERE `deleted` IS NULL AND `status` = 'published' ORDER BY sort desc,created desc  [ RunTime:0.0003s ]
SQL: SELECT * FROM `arm_links` WHERE `deleted` IS NULL AND `status` = 'published' ORDER BY created desc LIMIT 50   [ RunTime:0.0002s ]
INFO: [ view_parse ] --START--
INFO: [ template_filter ] --START--
INFO: Run Behavior\ContentReplaceBehavior [ RunTime:0.000303s ]
INFO: [ template_filter ] --END-- [ RunTime:0.000352s ]
NOTIC: [8] Undefined variable: shoptype /pub/www/wwwroot/www.macauonline.net/xiahuan/App/Runtime/Cache/Home/00e52909bed743ea261af4b6823297ff.php 第 381 行.
NOTIC: [8] Undefined variable: shoptype /pub/www/wwwroot/www.macauonline.net/xiahuan/App/Runtime/Cache/Home/00e52909bed743ea261af4b6823297ff.php 第 384 行.
NOTIC: [8] Undefined variable: shoptype /pub/www/wwwroot/www.macauonline.net/xiahuan/App/Runtime/Cache/Home/00e52909bed743ea261af4b6823297ff.php 第 387 行.
NOTIC: [8] Undefined variable: shoptype /pub/www/wwwroot/www.macauonline.net/xiahuan/App/Runtime/Cache/Home/00e52909bed743ea261af4b6823297ff.php 第 402 行.
NOTIC: [8] Undefined variable: shoptype /pub/www/wwwroot/www.macauonline.net/xiahuan/App/Runtime/Cache/Home/00e52909bed743ea261af4b6823297ff.php 第 408 行.
NOTIC: [8] Undefined variable: shoptype /pub/www/wwwroot/www.macauonline.net/xiahuan/App/Runtime/Cache/Home/00e52909bed743ea261af4b6823297ff.php 第 414 行.
INFO: Run Behavior\ParseTemplateBehavior [ RunTime:0.043931s ]
INFO: [ view_parse ] --END-- [ RunTime:0.043981s ]
INFO: [ view_filter ] --START--
INFO: Run Behavior\WriteHtmlCacheBehavior [ RunTime:0.002662s ]
INFO: Run Behavior\TokenBuildBehavior [ RunTime:0.002948s ]
INFO: [ view_filter ] --END-- [ RunTime:0.005668s ]
INFO: [ app_end ] --START--
INFO: Run Behavior\ShowPageTraceBehavior [ RunTime:0.002665s ]
INFO: [ app_end ] --END-- [ RunTime:0.002724s ]

[ 2022-07-27T05:06:12+08:00 ] 175.24.212.162 /xiahuan/index.php/Active/index.html
INFO: [ app_init ] --START--
INFO: Run Behavior\BuildLiteBehavior [ RunTime:0.000015s ]
INFO: [ app_init ] --END-- [ RunTime:0.000074s ]
INFO: [ app_begin ] --START--
INFO: Run Behavior\ReadHtmlCacheBehavior [ RunTime:0.001634s ]
INFO: Run Behavior\CheckLangBehavior [ RunTime:0.003775s ]
INFO: [ app_begin ] --END-- [ RunTime:0.005518s ]
SQL: SHOW COLUMNS FROM `arm_active` [ RunTime:0.0018s ]
SQL: SELECT * FROM `arm_active` WHERE `deleted` IS NULL AND `status` = 'published' ORDER BY created desc LIMIT 4   [ RunTime:0.0004s ]
SQL: SHOW COLUMNS FROM `arm_news` [ RunTime:0.0014s ]
SQL: SELECT * FROM `arm_news` WHERE `deleted` IS NULL AND `status` = 'published' ORDER BY grade desc,created desc LIMIT 4   [ RunTime:0.0005s ]
SQL: SHOW COLUMNS FROM `arm_media` [ RunTime:0.0012s ]
SQL: SELECT * FROM `arm_media` WHERE `deleted` IS NULL AND `status` = 'published' ORDER BY grade desc,created desc LIMIT 3   [ RunTime:0.0003s ]
SQL: SHOW COLUMNS FROM `arm_media2` [ RunTime:0.0013s ]
SQL: SELECT * FROM `arm_media2` WHERE `deleted` IS NULL AND `status` = 'published' ORDER BY created desc LIMIT 3   [ RunTime:0.0003s ]
SQL: SHOW COLUMNS FROM `arm_shop` [ RunTime:0.0015s ]
SQL: SELECT * FROM `arm_shop` WHERE `deleted` IS NULL AND `status` = 'published' ORDER BY grade desc,created desc LIMIT 4   [ RunTime:0.0005s ]
SQL: SHOW COLUMNS FROM `arm_street_history` [ RunTime:0.0015s ]
SQL: SELECT * FROM `arm_street_history` WHERE `deleted` IS NULL AND `status` = 'published' ORDER BY rand() LIMIT 1   [ RunTime:0.0005s ]
SQL: SELECT * FROM `arm_shop` WHERE `deleted` IS NULL AND `status` = 'published' ORDER BY rand() LIMIT 1   [ RunTime:0.0015s ]
SQL: SHOW COLUMNS FROM `arm_posts` [ RunTime:0.0013s ]
SQL: SELECT * FROM `arm_posts` WHERE `deleted` IS NULL AND `status` = 'published' ORDER BY rand() LIMIT 1   [ RunTime:0.0007s ]
SQL: SHOW COLUMNS FROM `arm_active` [ RunTime:0.0005s ]
SQL: SHOW COLUMNS FROM `arm_links` [ RunTime:0.0012s ]
SQL: SELECT COUNT(*) AS tp_count FROM `arm_active` WHERE `deleted` IS NULL AND `status` = 'published' ORDER BY created desc LIMIT 1   [ RunTime:0.0002s ]
SQL: SELECT * FROM `arm_active` WHERE `deleted` IS NULL AND `status` = 'published' ORDER BY grade desc,created desc LIMIT 0,6   [ RunTime:0.0003s ]
SQL: SELECT * FROM `arm_links` WHERE `deleted` IS NULL AND `status` = 'published' ORDER BY created desc LIMIT 50   [ RunTime:0.0002s ]
INFO: [ view_parse ] --START--
INFO: [ template_filter ] --START--
INFO: Run Behavior\ContentReplaceBehavior [ RunTime:0.000282s ]
INFO: [ template_filter ] --END-- [ RunTime:0.000337s ]
NOTIC: [8] Undefined variable: shoptype /pub/www/wwwroot/www.macauonline.net/xiahuan/App/Runtime/Cache/Home/a049dcf33b40231446b10c03ca3fb0d1.php 第 381 行.
NOTIC: [8] Undefined variable: shoptype /pub/www/wwwroot/www.macauonline.net/xiahuan/App/Runtime/Cache/Home/a049dcf33b40231446b10c03ca3fb0d1.php 第 384 行.
NOTIC: [8] Undefined variable: shoptype /pub/www/wwwroot/www.macauonline.net/xiahuan/App/Runtime/Cache/Home/a049dcf33b40231446b10c03ca3fb0d1.php 第 387 行.
NOTIC: [8] Undefined variable: shoptype /pub/www/wwwroot/www.macauonline.net/xiahuan/App/Runtime/Cache/Home/a049dcf33b40231446b10c03ca3fb0d1.php 第 402 行.
NOTIC: [8] Undefined variable: shoptype /pub/www/wwwroot/www.macauonline.net/xiahuan/App/Runtime/Cache/Home/a049dcf33b40231446b10c03ca3fb0d1.php 第 408 行.
NOTIC: [8] Undefined variable: shoptype /pub/www/wwwroot/www.macauonline.net/xiahuan/App/Runtime/Cache/Home/a049dcf33b40231446b10c03ca3fb0d1.php 第 414 行.
INFO: Run Behavior\ParseTemplateBehavior [ RunTime:0.023021s ]
INFO: [ view_parse ] --END-- [ RunTime:0.023077s ]
INFO: [ view_filter ] --START--
INFO: Run Behavior\WriteHtmlCacheBehavior [ RunTime:0.000863s ]
INFO: Run Behavior\TokenBuildBehavior [ RunTime:0.001351s ]
INFO: [ view_filter ] --END-- [ RunTime:0.002293s ]
INFO: [ app_end ] --START--
INFO: Run Behavior\ShowPageTraceBehavior [ RunTime:0.001329s ]
INFO: [ app_end ] --END-- [ RunTime:0.001384s ]

[ 2022-07-27T06:09:32+08:00 ] 175.24.212.162 /xiahuan/index.php/Active/detail/id/5.html
INFO: [ app_init ] --START--
INFO: Run Behavior\BuildLiteBehavior [ RunTime:0.000011s ]
INFO: [ app_init ] --END-- [ RunTime:0.000051s ]
INFO: [ app_begin ] --START--
INFO: Run Behavior\ReadHtmlCacheBehavior [ RunTime:0.000480s ]
INFO: Run Behavior\CheckLangBehavior [ RunTime:0.000889s ]
INFO: [ app_begin ] --END-- [ RunTime:0.001432s ]
SQL: SHOW COLUMNS FROM `arm_active` [ RunTime:0.0006s ]
SQL: SELECT * FROM `arm_active` WHERE `deleted` IS NULL AND `status` = 'published' ORDER BY created desc LIMIT 4   [ RunTime:0.0001s ]
SQL: SHOW COLUMNS FROM `arm_news` [ RunTime:0.0005s ]
SQL: SELECT * FROM `arm_news` WHERE `deleted` IS NULL AND `status` = 'published' ORDER BY grade desc,created desc LIMIT 4   [ RunTime:0.0001s ]
SQL: SHOW COLUMNS FROM `arm_media` [ RunTime:0.0005s ]
SQL: SELECT * FROM `arm_media` WHERE `deleted` IS NULL AND `status` = 'published' ORDER BY grade desc,created desc LIMIT 3   [ RunTime:0.0001s ]
SQL: SHOW COLUMNS FROM `arm_media2` [ RunTime:0.0004s ]
SQL: SELECT * FROM `arm_media2` WHERE `deleted` IS NULL AND `status` = 'published' ORDER BY created desc LIMIT 3   [ RunTime:0.0001s ]
SQL: SHOW COLUMNS FROM `arm_shop` [ RunTime:0.0005s ]
SQL: SELECT * FROM `arm_shop` WHERE `deleted` IS NULL AND `status` = 'published' ORDER BY grade desc,created desc LIMIT 4   [ RunTime:0.0001s ]
SQL: SHOW COLUMNS FROM `arm_street_history` [ RunTime:0.0005s ]
SQL: SELECT * FROM `arm_street_history` WHERE `deleted` IS NULL AND `status` = 'published' ORDER BY rand() LIMIT 1   [ RunTime:0.0004s ]
SQL: SELECT * FROM `arm_shop` WHERE `deleted` IS NULL AND `status` = 'published' ORDER BY rand() LIMIT 1   [ RunTime:0.0012s ]
SQL: SHOW COLUMNS FROM `arm_posts` [ RunTime:0.0005s ]
SQL: SELECT * FROM `arm_posts` WHERE `deleted` IS NULL AND `status` = 'published' ORDER BY rand() LIMIT 1   [ RunTime:0.0006s ]
SQL: SHOW COLUMNS FROM `arm_active` [ RunTime:0.0005s ]
SQL: SHOW COLUMNS FROM `arm_links` [ RunTime:0.0004s ]
NOTIC: [8] Undefined variable: where /pub/www/wwwroot/www.macauonline.net/xiahuan/App/Home/Controller/ActiveController.class.php 第 65 行.
SQL: SELECT * FROM `arm_links` WHERE `deleted` IS NULL ORDER BY created desc LIMIT 50   [ RunTime:0.0002s ]
SQL: SELECT * FROM `arm_active` WHERE `id` = 5 LIMIT 1   [ RunTime:0.0002s ]
SQL: SHOW COLUMNS FROM `arm_files` [ RunTime:0.0028s ]
SQL: SELECT `save_path`,`extension` FROM `arm_files` WHERE ( id=294 ) LIMIT 1   [ RunTime:0.0001s ]
SQL: SELECT `save_path`,`extension` FROM `arm_files` WHERE ( id=295 ) LIMIT 1   [ RunTime:0.0002s ]
SQL: SELECT `save_path`,`extension` FROM `arm_files` WHERE ( id=296 ) LIMIT 1   [ RunTime:0.0001s ]
SQL: SELECT `save_path`,`extension` FROM `arm_files` WHERE ( id=560 ) LIMIT 1   [ RunTime:0.0001s ]
SQL: SELECT `id`,`title` FROM `arm_active` WHERE `deleted` IS NULL AND `status` = 'published' AND `id` > '5' ORDER BY id LIMIT 1   [ RunTime:0.0002s ]
SQL: SELECT `id`,`title` FROM `arm_active` WHERE `deleted` IS NULL AND `status` = 'published' AND `id` < '5' ORDER BY id desc LIMIT 1   [ RunTime:0.0002s ]
SQL: SELECT * FROM `arm_active` WHERE `deleted` IS NULL AND `status` = 'published' ORDER BY rand() LIMIT 4   [ RunTime:0.0004s ]
INFO: [ view_parse ] --START--
INFO: [ template_filter ] --START--
INFO: Run Behavior\ContentReplaceBehavior [ RunTime:0.000345s ]
INFO: [ template_filter ] --END-- [ RunTime:0.000385s ]
NOTIC: [8] Undefined variable: shoptype /pub/www/wwwroot/www.macauonline.net/xiahuan/App/Runtime/Cache/Home/3345771ac763eb2d6c6fbc161f379a22.php 第 381 行.
NOTIC: [8] Undefined variable: shoptype /pub/www/wwwroot/www.macauonline.net/xiahuan/App/Runtime/Cache/Home/3345771ac763eb2d6c6fbc161f379a22.php 第 384 行.
NOTIC: [8] Undefined variable: shoptype /pub/www/wwwroot/www.macauonline.net/xiahuan/App/Runtime/Cache/Home/3345771ac763eb2d6c6fbc161f379a22.php 第 387 行.
NOTIC: [8] Undefined variable: shoptype /pub/www/wwwroot/www.macauonline.net/xiahuan/App/Runtime/Cache/Home/3345771ac763eb2d6c6fbc161f379a22.php 第 402 行.
NOTIC: [8] Undefined variable: shoptype /pub/www/wwwroot/www.macauonline.net/xiahuan/App/Runtime/Cache/Home/3345771ac763eb2d6c6fbc161f379a22.php 第 408 行.
NOTIC: [8] Undefined variable: shoptype /pub/www/wwwroot/www.macauonline.net/xiahuan/App/Runtime/Cache/Home/3345771ac763eb2d6c6fbc161f379a22.php 第 414 行.
NOTIC: [2] Use of undefined constant Active - assumed 'Active' (this will throw an Error in a future version of PHP) /pub/www/wwwroot/www.macauonline.net/xiahuan/App/Runtime/Cache/Home/3345771ac763eb2d6c6fbc161f379a22.php 第 799 行.
NOTIC: [2] Use of undefined constant detail - assumed 'detail' (this will throw an Error in a future version of PHP) /pub/www/wwwroot/www.macauonline.net/xiahuan/App/Runtime/Cache/Home/3345771ac763eb2d6c6fbc161f379a22.php 第 799 行.
NOTIC: [2] A non-numeric value encountered /pub/www/wwwroot/www.macauonline.net/xiahuan/App/Runtime/Cache/Home/3345771ac763eb2d6c6fbc161f379a22.php 第 799 行.
NOTIC: [2] A non-numeric value encountered /pub/www/wwwroot/www.macauonline.net/xiahuan/App/Runtime/Cache/Home/3345771ac763eb2d6c6fbc161f379a22.php 第 799 行.
NOTIC: [2] Division by zero /pub/www/wwwroot/www.macauonline.net/xiahuan/App/Runtime/Cache/Home/3345771ac763eb2d6c6fbc161f379a22.php 第 799 行.
NOTIC: [2] Use of undefined constant Active - assumed 'Active' (this will throw an Error in a future version of PHP) /pub/www/wwwroot/www.macauonline.net/xiahuan/App/Runtime/Cache/Home/3345771ac763eb2d6c6fbc161f379a22.php 第 804 行.
NOTIC: [2] Use of undefined constant detail - assumed 'detail' (this will throw an Error in a future version of PHP) /pub/www/wwwroot/www.macauonline.net/xiahuan/App/Runtime/Cache/Home/3345771ac763eb2d6c6fbc161f379a22.php 第 804 行.
NOTIC: [2] A non-numeric value encountered /pub/www/wwwroot/www.macauonline.net/xiahuan/App/Runtime/Cache/Home/3345771ac763eb2d6c6fbc161f379a22.php 第 804 行.
NOTIC: [2] A non-numeric value encountered /pub/www/wwwroot/www.macauonline.net/xiahuan/App/Runtime/Cache/Home/3345771ac763eb2d6c6fbc161f379a22.php 第 804 行.
NOTIC: [2] Division by zero /pub/www/wwwroot/www.macauonline.net/xiahuan/App/Runtime/Cache/Home/3345771ac763eb2d6c6fbc161f379a22.php 第 804 行.
NOTIC: [2] Use of undefined constant Active - assumed 'Active' (this will throw an Error in a future version of PHP) /pub/www/wwwroot/www.macauonline.net/xiahuan/App/Runtime/Cache/Home/3345771ac763eb2d6c6fbc161f379a22.php 第 823 行.
NOTIC: [2] Use of undefined constant detail - assumed 'detail' (this will throw an Error in a future version of PHP) /pub/www/wwwroot/www.macauonline.net/xiahuan/App/Runtime/Cache/Home/3345771ac763eb2d6c6fbc161f379a22.php 第 823 行.
NOTIC: [2] A non-numeric value encountered /pub/www/wwwroot/www.macauonline.net/xiahuan/App/Runtime/Cache/Home/3345771ac763eb2d6c6fbc161f379a22.php 第 823 行.
NOTIC: [2] A non-numeric value encountered /pub/www/wwwroot/www.macauonline.net/xiahuan/App/Runtime/Cache/Home/3345771ac763eb2d6c6fbc161f379a22.php 第 823 行.
NOTIC: [2] Division by zero /pub/www/wwwroot/www.macauonline.net/xiahuan/App/Runtime/Cache/Home/3345771ac763eb2d6c6fbc161f379a22.php 第 823 行.
NOTIC: [2] Use of undefined constant Active - assumed 'Active' (this will throw an Error in a future version of PHP) /pub/www/wwwroot/www.macauonline.net/xiahuan/App/Runtime/Cache/Home/3345771ac763eb2d6c6fbc161f379a22.php 第 823 行.
NOTIC: [2] Use of undefined constant detail - assumed 'detail' (this will throw an Error in a future version of PHP) /pub/www/wwwroot/www.macauonline.net/xiahuan/App/Runtime/Cache/Home/3345771ac763eb2d6c6fbc161f379a22.php 第 823 行.
NOTIC: [2] A non-numeric value encountered /pub/www/wwwroot/www.macauonline.net/xiahuan/App/Runtime/Cache/Home/3345771ac763eb2d6c6fbc161f379a22.php 第 823 行.
NOTIC: [2] A non-numeric value encountered /pub/www/wwwroot/www.macauonline.net/xiahuan/App/Runtime/Cache/Home/3345771ac763eb2d6c6fbc161f379a22.php 第 823 行.
NOTIC: [2] Division by zero /pub/www/wwwroot/www.macauonline.net/xiahuan/App/Runtime/Cache/Home/3345771ac763eb2d6c6fbc161f379a22.php 第 823 行.
NOTIC: [2] Use of undefined constant Active - assumed 'Active' (this will throw an Error in a future version of PHP) /pub/www/wwwroot/www.macauonline.net/xiahuan/App/Runtime/Cache/Home/3345771ac763eb2d6c6fbc161f379a22.php 第 823 行.
NOTIC: [2] Use of undefined constant detail - assumed 'detail' (this will throw an Error in a future version of PHP) /pub/www/wwwroot/www.macauonline.net/xiahuan/App/Runtime/Cache/Home/3345771ac763eb2d6c6fbc161f379a22.php 第 823 行.
NOTIC: [2] A non-numeric value encountered /pub/www/wwwroot/www.macauonline.net/xiahuan/App/Runtime/Cache/Home/3345771ac763eb2d6c6fbc161f379a22.php 第 823 行.
NOTIC: [2] A non-numeric value encountered /pub/www/wwwroot/www.macauonline.net/xiahuan/App/Runtime/Cache/Home/3345771ac763eb2d6c6fbc161f379a22.php 第 823 行.
NOTIC: [2] Division by zero /pub/www/wwwroot/www.macauonline.net/xiahuan/App/Runtime/Cache/Home/3345771ac763eb2d6c6fbc161f379a22.php 第 823 行.
NOTIC: [2] Use of undefined constant Active - assumed 'Active' (this will throw an Error in a future version of PHP) /pub/www/wwwroot/www.macauonline.net/xiahuan/App/Runtime/Cache/Home/3345771ac763eb2d6c6fbc161f379a22.php 第 823 行.
NOTIC: [2] Use of undefined constant detail - assumed 'detail' (this will throw an Error in a future version of PHP) /pub/www/wwwroot/www.macauonline.net/xiahuan/App/Runtime/Cache/Home/3345771ac763eb2d6c6fbc161f379a22.php 第 823 行.
NOTIC: [2] A non-numeric value encountered /pub/www/wwwroot/www.macauonline.net/xiahuan/App/Runtime/Cache/Home/3345771ac763eb2d6c6fbc161f379a22.php 第 823 行.
NOTIC: [2] A non-numeric value encountered /pub/www/wwwroot/www.macauonline.net/xiahuan/App/Runtime/Cache/Home/3345771ac763eb2d6c6fbc161f379a22.php 第 823 行.
NOTIC: [2] Division by zero /pub/www/wwwroot/www.macauonline.net/xiahuan/App/Runtime/Cache/Home/3345771ac763eb2d6c6fbc161f379a22.php 第 823 行.
INFO: Run Behavior\ParseTemplateBehavior [ RunTime:0.017552s ]
INFO: [ view_parse ] --END-- [ RunTime:0.017589s ]
INFO: [ view_filter ] --START--
INFO: Run Behavior\WriteHtmlCacheBehavior [ RunTime:0.000225s ]
INFO: Run Behavior\TokenBuildBehavior [ RunTime:0.000643s ]
INFO: [ view_filter ] --END-- [ RunTime:0.000918s ]
INFO: [ app_end ] --START--
INFO: Run Behavior\ShowPageTraceBehavior [ RunTime:0.000485s ]
INFO: [ app_end ] --END-- [ RunTime:0.000519s ]

