[ 2022-08-11T03:22:00+08:00 ] 114.119.153.106 /xiahuan/Shop/detail/id/46.html
INFO: [ app_init ] --START--
INFO: Run Behavior\BuildLiteBehavior [ RunTime:0.000016s ]
INFO: [ app_init ] --END-- [ RunTime:0.000084s ]
INFO: [ app_begin ] --START--
INFO: Run Behavior\ReadHtmlCacheBehavior [ RunTime:0.001163s ]
INFO: Run Behavior\CheckLangBehavior [ RunTime:0.001949s ]
INFO: [ app_begin ] --END-- [ RunTime:0.003216s ]
ERR: 無法載入控制器:Xiahuan

[ 2022-08-11T03:35:25+08:00 ] 114.119.153.108 /xiahuan/Shop/index/p/10.html
INFO: [ app_init ] --START--
INFO: Run Behavior\BuildLiteBehavior [ RunTime:0.000017s ]
INFO: [ app_init ] --END-- [ RunTime:0.000089s ]
INFO: [ app_begin ] --START--
INFO: Run Behavior\ReadHtmlCacheBehavior [ RunTime:0.001378s ]
INFO: Run Behavior\CheckLangBehavior [ RunTime:0.003297s ]
INFO: [ app_begin ] --END-- [ RunTime:0.004792s ]
ERR: 無法載入控制器:Xiahuan

[ 2022-08-11T03:41:09+08:00 ] 114.119.153.108 /xiahuan/Shop/detail/id/105.html
INFO: [ app_init ] --START--
INFO: Run Behavior\BuildLiteBehavior [ RunTime:0.000046s ]
INFO: [ app_init ] --END-- [ RunTime:0.000107s ]
INFO: [ app_begin ] --START--
INFO: Run Behavior\ReadHtmlCacheBehavior [ RunTime:0.000628s ]
INFO: Run Behavior\CheckLangBehavior [ RunTime:0.001543s ]
INFO: [ app_begin ] --END-- [ RunTime:0.002263s ]
ERR: 無法載入控制器:Xiahuan

[ 2022-08-11T03:46:56+08:00 ] 114.119.153.105 /xiahuan/Shop/detail/id/54.html
INFO: [ app_init ] --START--
INFO: Run Behavior\BuildLiteBehavior [ RunTime:0.000030s ]
INFO: [ app_init ] --END-- [ RunTime:0.000095s ]
INFO: [ app_begin ] --START--
INFO: Run Behavior\ReadHtmlCacheBehavior [ RunTime:0.001153s ]
INFO: Run Behavior\CheckLangBehavior [ RunTime:0.002020s ]
INFO: [ app_begin ] --END-- [ RunTime:0.003278s ]
ERR: 無法載入控制器:Xiahuan

[ 2022-08-11T03:50:38+08:00 ] 185.191.171.22 /xiahuan/Media/page_faq.html
INFO: [ app_init ] --START--
INFO: Run Behavior\BuildLiteBehavior [ RunTime:0.000014s ]
INFO: [ app_init ] --END-- [ RunTime:0.000072s ]
INFO: [ app_begin ] --START--
INFO: Run Behavior\ReadHtmlCacheBehavior [ RunTime:0.000601s ]
INFO: Run Behavior\CheckLangBehavior [ RunTime:0.002970s ]
INFO: [ app_begin ] --END-- [ RunTime:0.003674s ]
ERR: 無法載入控制器:Xiahuan

[ 2022-08-11T03:58:31+08:00 ] 114.119.153.108 /xiahuan/Shop/index/p/3.html
INFO: [ app_init ] --START--
INFO: Run Behavior\BuildLiteBehavior [ RunTime:0.000017s ]
INFO: [ app_init ] --END-- [ RunTime:0.000077s ]
INFO: [ app_begin ] --START--
INFO: Run Behavior\ReadHtmlCacheBehavior [ RunTime:0.000678s ]
INFO: Run Behavior\CheckLangBehavior [ RunTime:0.011136s ]
INFO: [ app_begin ] --END-- [ RunTime:0.011917s ]
ERR: 無法載入控制器:Xiahuan

[ 2022-08-11T04:04:20+08:00 ] 114.119.153.106 /xiahuan/Media/detail/id/22.html
INFO: [ app_init ] --START--
INFO: Run Behavior\BuildLiteBehavior [ RunTime:0.000014s ]
INFO: [ app_init ] --END-- [ RunTime:0.000077s ]
INFO: [ app_begin ] --START--
INFO: Run Behavior\ReadHtmlCacheBehavior [ RunTime:0.000464s ]
INFO: Run Behavior\CheckLangBehavior [ RunTime:0.001216s ]
INFO: [ app_begin ] --END-- [ RunTime:0.001750s ]
ERR: 無法載入控制器:Xiahuan

[ 2022-08-11T04:10:06+08:00 ] 114.119.153.108 /xiahuan/Shop/detail/id/47.html
INFO: [ app_init ] --START--
INFO: Run Behavior\BuildLiteBehavior [ RunTime:0.000015s ]
INFO: [ app_init ] --END-- [ RunTime:0.000084s ]
INFO: [ app_begin ] --START--
INFO: Run Behavior\ReadHtmlCacheBehavior [ RunTime:0.000619s ]
INFO: Run Behavior\CheckLangBehavior [ RunTime:0.001391s ]
INFO: [ app_begin ] --END-- [ RunTime:0.002103s ]
ERR: 無法載入控制器:Xiahuan

[ 2022-08-11T04:27:35+08:00 ] 114.119.153.108 /xiahuan/Shop/detail/id/125.html
INFO: [ app_init ] --START--
INFO: Run Behavior\BuildLiteBehavior [ RunTime:0.000017s ]
INFO: [ app_init ] --END-- [ RunTime:0.000085s ]
INFO: [ app_begin ] --START--
INFO: Run Behavior\ReadHtmlCacheBehavior [ RunTime:0.001958s ]
INFO: Run Behavior\CheckLangBehavior [ RunTime:0.001951s ]
INFO: [ app_begin ] --END-- [ RunTime:0.004014s ]
ERR: 無法載入控制器:Xiahuan

[ 2022-08-11T04:33:35+08:00 ] 114.119.153.106 /xiahuan/Shop/categroy/shoptype/food/p/1.html
INFO: [ app_init ] --START--
INFO: Run Behavior\BuildLiteBehavior [ RunTime:0.000016s ]
INFO: [ app_init ] --END-- [ RunTime:0.000082s ]
INFO: [ app_begin ] --START--
INFO: Run Behavior\ReadHtmlCacheBehavior [ RunTime:0.000888s ]
INFO: Run Behavior\CheckLangBehavior [ RunTime:0.005989s ]
INFO: [ app_begin ] --END-- [ RunTime:0.006977s ]
ERR: 無法載入控制器:Xiahuan

[ 2022-08-11T04:39:18+08:00 ] 114.119.152.86 /xiahuan/Shop/detail/id/32.html
INFO: [ app_init ] --START--
INFO: Run Behavior\BuildLiteBehavior [ RunTime:0.000019s ]
INFO: [ app_init ] --END-- [ RunTime:0.000084s ]
INFO: [ app_begin ] --START--
INFO: Run Behavior\ReadHtmlCacheBehavior [ RunTime:0.000595s ]
INFO: Run Behavior\CheckLangBehavior [ RunTime:0.000827s ]
INFO: [ app_begin ] --END-- [ RunTime:0.001513s ]
ERR: 無法載入控制器:Xiahuan

[ 2022-08-11T04:45:07+08:00 ] 114.119.153.108 /xiahuan/Shop/detail/id/33.html
INFO: [ app_init ] --START--
INFO: Run Behavior\BuildLiteBehavior [ RunTime:0.000018s ]
INFO: [ app_init ] --END-- [ RunTime:0.000084s ]
INFO: [ app_begin ] --START--
INFO: Run Behavior\ReadHtmlCacheBehavior [ RunTime:0.000738s ]
INFO: Run Behavior\CheckLangBehavior [ RunTime:0.000962s ]
INFO: [ app_begin ] --END-- [ RunTime:0.001874s ]
ERR: 無法載入控制器:Xiahuan

[ 2022-08-11T05:02:35+08:00 ] 114.119.153.108 /xiahuan/Shop/detail/id/39.html
INFO: [ app_init ] --START--
INFO: Run Behavior\BuildLiteBehavior [ RunTime:0.000019s ]
INFO: [ app_init ] --END-- [ RunTime:0.000093s ]
INFO: [ app_begin ] --START--
INFO: Run Behavior\ReadHtmlCacheBehavior [ RunTime:0.001336s ]
INFO: Run Behavior\CheckLangBehavior [ RunTime:0.003635s ]
INFO: [ app_begin ] --END-- [ RunTime:0.005089s ]
ERR: 無法載入控制器:Xiahuan

[ 2022-08-11T06:13:36+08:00 ] 185.191.171.23 /xiahuan/CultureHeritage/detail/id/6.html
INFO: [ app_init ] --START--
INFO: Run Behavior\BuildLiteBehavior [ RunTime:0.000019s ]
INFO: [ app_init ] --END-- [ RunTime:0.000089s ]
INFO: [ app_begin ] --START--
INFO: Run Behavior\ReadHtmlCacheBehavior [ RunTime:0.001225s ]
INFO: Run Behavior\CheckLangBehavior [ RunTime:0.002676s ]
INFO: [ app_begin ] --END-- [ RunTime:0.004011s ]
ERR: 無法載入控制器:Xiahuan

[ 2022-08-11T10:28:24+08:00 ] 114.119.152.86 /xiahuan/CultureHeritage/detail/id/3.html
INFO: [ app_init ] --START--
INFO: Run Behavior\BuildLiteBehavior [ RunTime:0.000021s ]
INFO: [ app_init ] --END-- [ RunTime:0.000105s ]
INFO: [ app_begin ] --START--
INFO: Run Behavior\ReadHtmlCacheBehavior [ RunTime:0.001220s ]
INFO: Run Behavior\CheckLangBehavior [ RunTime:0.002005s ]
INFO: [ app_begin ] --END-- [ RunTime:0.003335s ]
ERR: 無法載入控制器:Xiahuan

[ 2022-08-11T10:55:21+08:00 ] 114.119.152.86 /xiahuan/Shop/detail/id/26.html
INFO: [ app_init ] --START--
INFO: Run Behavior\BuildLiteBehavior [ RunTime:0.000016s ]
INFO: [ app_init ] --END-- [ RunTime:0.000084s ]
INFO: [ app_begin ] --START--
INFO: Run Behavior\ReadHtmlCacheBehavior [ RunTime:0.001567s ]
INFO: Run Behavior\CheckLangBehavior [ RunTime:0.004008s ]
INFO: [ app_begin ] --END-- [ RunTime:0.005683s ]
ERR: 無法載入控制器:Xiahuan

[ 2022-08-11T11:27:36+08:00 ] 185.191.171.1 /xiahuan/StreetHistory/index.html
INFO: [ app_init ] --START--
INFO: Run Behavior\BuildLiteBehavior [ RunTime:0.000013s ]
INFO: [ app_init ] --END-- [ RunTime:0.000058s ]
INFO: [ app_begin ] --START--
INFO: Run Behavior\ReadHtmlCacheBehavior [ RunTime:0.000996s ]
INFO: Run Behavior\CheckLangBehavior [ RunTime:0.002199s ]
INFO: [ app_begin ] --END-- [ RunTime:0.003281s ]
ERR: 無法載入控制器:Xiahuan

[ 2022-08-11T11:37:06+08:00 ] 114.119.153.108 /xiahuan/Shop/detail/id/34.html
INFO: [ app_init ] --START--
INFO: Run Behavior\BuildLiteBehavior [ RunTime:0.000015s ]
INFO: [ app_init ] --END-- [ RunTime:0.000069s ]
INFO: [ app_begin ] --START--
INFO: Run Behavior\ReadHtmlCacheBehavior [ RunTime:0.001097s ]
INFO: Run Behavior\CheckLangBehavior [ RunTime:0.004885s ]
INFO: [ app_begin ] --END-- [ RunTime:0.006072s ]
ERR: 無法載入控制器:Xiahuan

[ 2022-08-11T11:42:02+08:00 ] 185.191.171.42 /xiahuan/Media/portfolio.html
INFO: [ app_init ] --START--
INFO: Run Behavior\BuildLiteBehavior [ RunTime:0.000015s ]
INFO: [ app_init ] --END-- [ RunTime:0.000068s ]
INFO: [ app_begin ] --START--
INFO: Run Behavior\ReadHtmlCacheBehavior [ RunTime:0.001307s ]
INFO: Run Behavior\CheckLangBehavior [ RunTime:0.001835s ]
INFO: [ app_begin ] --END-- [ RunTime:0.003242s ]
ERR: 無法載入控制器:Xiahuan

[ 2022-08-11T12:25:47+08:00 ] 114.119.153.106 /xiahuan/Shop/detail/id/94.html
INFO: [ app_init ] --START--
INFO: Run Behavior\BuildLiteBehavior [ RunTime:0.000018s ]
INFO: [ app_init ] --END-- [ RunTime:0.000085s ]
INFO: [ app_begin ] --START--
INFO: Run Behavior\ReadHtmlCacheBehavior [ RunTime:0.001237s ]
INFO: Run Behavior\CheckLangBehavior [ RunTime:0.003584s ]
INFO: [ app_begin ] --END-- [ RunTime:0.004924s ]
ERR: 無法載入控制器:Xiahuan

[ 2022-08-11T12:31:35+08:00 ] 114.119.153.105 /xiahuan/Shop/detail/id/38.html
INFO: [ app_init ] --START--
INFO: Run Behavior\BuildLiteBehavior [ RunTime:0.000012s ]
INFO: [ app_init ] --END-- [ RunTime:0.000054s ]
INFO: [ app_begin ] --START--
INFO: Run Behavior\ReadHtmlCacheBehavior [ RunTime:0.000484s ]
INFO: Run Behavior\CheckLangBehavior [ RunTime:0.001186s ]
INFO: [ app_begin ] --END-- [ RunTime:0.001737s ]
ERR: 無法載入控制器:Xiahuan

[ 2022-08-11T12:37:26+08:00 ] 114.119.152.86 /xiahuan/News/detail/id/10.html
INFO: [ app_init ] --START--
INFO: Run Behavior\BuildLiteBehavior [ RunTime:0.000018s ]
INFO: [ app_init ] --END-- [ RunTime:0.000081s ]
INFO: [ app_begin ] --START--
INFO: Run Behavior\ReadHtmlCacheBehavior [ RunTime:0.000628s ]
INFO: Run Behavior\CheckLangBehavior [ RunTime:0.000977s ]
INFO: [ app_begin ] --END-- [ RunTime:0.001706s ]
ERR: 無法載入控制器:Xiahuan

[ 2022-08-11T12:43:28+08:00 ] 114.119.153.108 /xiahuan/Shop/detail/id/15.html
INFO: [ app_init ] --START--
INFO: Run Behavior\BuildLiteBehavior [ RunTime:0.000018s ]
INFO: [ app_init ] --END-- [ RunTime:0.000086s ]
INFO: [ app_begin ] --START--
INFO: Run Behavior\ReadHtmlCacheBehavior [ RunTime:0.001216s ]
INFO: Run Behavior\CheckLangBehavior [ RunTime:0.001420s ]
INFO: [ app_begin ] --END-- [ RunTime:0.002744s ]
ERR: 無法載入控制器:Xiahuan

[ 2022-08-11T12:49:24+08:00 ] 114.119.152.86 /xiahuan/Shop/detail/id/84.html
INFO: [ app_init ] --START--
INFO: Run Behavior\BuildLiteBehavior [ RunTime:0.000019s ]
INFO: [ app_init ] --END-- [ RunTime:0.000091s ]
INFO: [ app_begin ] --START--
INFO: Run Behavior\ReadHtmlCacheBehavior [ RunTime:0.001054s ]
INFO: Run Behavior\CheckLangBehavior [ RunTime:0.005422s ]
INFO: [ app_begin ] --END-- [ RunTime:0.006566s ]
ERR: 無法載入控制器:Xiahuan

[ 2022-08-11T13:25:58+08:00 ] 114.119.152.97 /xiahuan/Shop/detail/id/81.html
INFO: [ app_init ] --START--
INFO: Run Behavior\BuildLiteBehavior [ RunTime:0.000015s ]
INFO: [ app_init ] --END-- [ RunTime:0.000467s ]
INFO: [ app_begin ] --START--
INFO: Run Behavior\ReadHtmlCacheBehavior [ RunTime:0.001554s ]
INFO: Run Behavior\CheckLangBehavior [ RunTime:0.004827s ]
INFO: [ app_begin ] --END-- [ RunTime:0.006493s ]
ERR: 無法載入控制器:Xiahuan

[ 2022-08-11T14:30:59+08:00 ] 185.191.171.20 /xiahuan/Shop/categroy/shoptype/discount/p/1.html
INFO: [ app_init ] --START--
INFO: Run Behavior\BuildLiteBehavior [ RunTime:0.000013s ]
INFO: [ app_init ] --END-- [ RunTime:0.000060s ]
INFO: [ app_begin ] --START--
INFO: Run Behavior\ReadHtmlCacheBehavior [ RunTime:0.001056s ]
INFO: Run Behavior\CheckLangBehavior [ RunTime:0.002236s ]
INFO: [ app_begin ] --END-- [ RunTime:0.003367s ]
ERR: 無法載入控制器:Xiahuan

[ 2022-08-11T14:43:45+08:00 ] 185.191.171.22 /xiahuan/CultureHeritage/detail/id/index.html
INFO: [ app_init ] --START--
INFO: Run Behavior\BuildLiteBehavior [ RunTime:0.000021s ]
INFO: [ app_init ] --END-- [ RunTime:0.000094s ]
INFO: [ app_begin ] --START--
INFO: Run Behavior\ReadHtmlCacheBehavior [ RunTime:0.001189s ]
INFO: Run Behavior\CheckLangBehavior [ RunTime:0.002500s ]
INFO: [ app_begin ] --END-- [ RunTime:0.003798s ]
ERR: 無法載入控制器:Xiahuan

[ 2022-08-11T15:22:31+08:00 ] 185.191.171.26 /xiahuan/Shop/categroy/shoptype/discount/p/page_faq.html
INFO: [ app_init ] --START--
INFO: Run Behavior\BuildLiteBehavior [ RunTime:0.000014s ]
INFO: [ app_init ] --END-- [ RunTime:0.000069s ]
INFO: [ app_begin ] --START--
INFO: Run Behavior\ReadHtmlCacheBehavior [ RunTime:0.001051s ]
INFO: Run Behavior\CheckLangBehavior [ RunTime:0.002680s ]
INFO: [ app_begin ] --END-- [ RunTime:0.003818s ]
ERR: 無法載入控制器:Xiahuan

[ 2022-08-11T17:36:51+08:00 ] 114.119.153.105 /xiahuan/Shop/detail/id/82.html
INFO: [ app_init ] --START--
INFO: Run Behavior\BuildLiteBehavior [ RunTime:0.000022s ]
INFO: [ app_init ] --END-- [ RunTime:0.000100s ]
INFO: [ app_begin ] --START--
INFO: Run Behavior\ReadHtmlCacheBehavior [ RunTime:0.001330s ]
INFO: Run Behavior\CheckLangBehavior [ RunTime:0.003947s ]
INFO: [ app_begin ] --END-- [ RunTime:0.005387s ]
ERR: 無法載入控制器:Xiahuan

[ 2022-08-11T18:39:20+08:00 ] 136.243.228.178 /xiahuan/
INFO: [ app_init ] --START--
INFO: Run Behavior\BuildLiteBehavior [ RunTime:0.000019s ]
INFO: [ app_init ] --END-- [ RunTime:0.000092s ]
INFO: [ app_begin ] --START--
INFO: Run Behavior\ReadHtmlCacheBehavior [ RunTime:0.001218s ]
NOTIC: [8] Undefined offset: 1 /pub/www/wwwroot/www.macauonline.net/xiahuan/ThinkPHP/Library/Behavior/CheckLangBehavior.class.php 第 47 行.
NOTIC: [8192] stripos(): Non-string needles will be interpreted as strings in the future. Use an explicit chr() call to preserve the current behavior /pub/www/wwwroot/www.macauonline.net/xiahuan/ThinkPHP/Library/Behavior/CheckLangBehavior.class.php 第 50 行.
INFO: Run Behavior\CheckLangBehavior [ RunTime:0.006086s ]
INFO: [ app_begin ] --END-- [ RunTime:0.007412s ]
SQL: SHOW COLUMNS FROM `arm_active` [ RunTime:0.0064s ]
SQL: SELECT * FROM `arm_active` WHERE `deleted` IS NULL AND `status` = 'published' ORDER BY created desc LIMIT 4   [ RunTime:0.0193s ]
SQL: SHOW COLUMNS FROM `arm_news` [ RunTime:0.0030s ]
SQL: SELECT * FROM `arm_news` WHERE `deleted` IS NULL AND `status` = 'published' ORDER BY grade desc,created desc LIMIT 4   [ RunTime:0.0104s ]
SQL: SHOW COLUMNS FROM `arm_media` [ RunTime:0.0026s ]
SQL: SELECT * FROM `arm_media` WHERE `deleted` IS NULL AND `status` = 'published' ORDER BY grade desc,created desc LIMIT 3   [ RunTime:0.0159s ]
SQL: SHOW COLUMNS FROM `arm_media2` [ RunTime:0.0028s ]
SQL: SELECT * FROM `arm_media2` WHERE `deleted` IS NULL AND `status` = 'published' ORDER BY created desc LIMIT 3   [ RunTime:0.0192s ]
SQL: SHOW COLUMNS FROM `arm_shop` [ RunTime:0.0024s ]
SQL: SELECT * FROM `arm_shop` WHERE `deleted` IS NULL AND `status` = 'published' ORDER BY grade desc,created desc LIMIT 4   [ RunTime:0.0374s ]
SQL: SHOW COLUMNS FROM `arm_street_history` [ RunTime:0.0026s ]
SQL: SELECT * FROM `arm_street_history` WHERE `deleted` IS NULL AND `status` = 'published' ORDER BY rand() LIMIT 1   [ RunTime:0.0038s ]
SQL: SELECT * FROM `arm_shop` WHERE `deleted` IS NULL AND `status` = 'published' ORDER BY rand() LIMIT 1   [ RunTime:0.0017s ]
SQL: SHOW COLUMNS FROM `arm_posts` [ RunTime:0.0015s ]
SQL: SELECT * FROM `arm_posts` WHERE `deleted` IS NULL AND `status` = 'published' ORDER BY rand() LIMIT 1   [ RunTime:0.0175s ]
SQL: SHOW COLUMNS FROM `arm_active` [ RunTime:0.0006s ]
SQL: SHOW COLUMNS FROM `arm_slide` [ RunTime:0.0028s ]
SQL: SHOW COLUMNS FROM `arm_p_cbanner` [ RunTime:0.0013s ]
SQL: SHOW COLUMNS FROM `arm_introduce` [ RunTime:0.0012s ]
SQL: SHOW COLUMNS FROM `arm_community_image` [ RunTime:0.0018s ]
SQL: SHOW COLUMNS FROM `arm_street_history` [ RunTime:0.0005s ]
SQL: SHOW COLUMNS FROM `arm_shop` [ RunTime:0.0005s ]
SQL: SHOW COLUMNS FROM `arm_posts` [ RunTime:0.0005s ]
SQL: SHOW COLUMNS FROM `arm_news` [ RunTime:0.0004s ]
SQL: SHOW COLUMNS FROM `arm_media` [ RunTime:0.0004s ]
SQL: SHOW COLUMNS FROM `arm_media2` [ RunTime:0.0004s ]
SQL: SHOW COLUMNS FROM `arm_culture_heritage` [ RunTime:0.0023s ]
SQL: SHOW COLUMNS FROM `arm_links` [ RunTime:0.0015s ]
SQL: SELECT * FROM `arm_slide` WHERE `deleted` IS NULL AND `status` = 'published' ORDER BY re_time desc LIMIT 4   [ RunTime:0.0172s ]
SQL: SELECT * FROM `arm_p_cbanner` WHERE `deleted` IS NULL AND `status` = 'published' ORDER BY re_time desc LIMIT 6   [ RunTime:0.0028s ]
SQL: SELECT * FROM `arm_active` WHERE `deleted` IS NULL AND `status` = 'published' ORDER BY created desc  [ RunTime:0.0011s ]
SQL: SELECT * FROM `arm_community_image` WHERE `deleted` IS NULL AND `status` = 'published' ORDER BY created desc LIMIT 10   [ RunTime:0.0162s ]
SQL: SELECT * FROM `arm_street_history` WHERE `deleted` IS NULL AND `status` = 'published' ORDER BY sort desc,created desc  [ RunTime:0.0027s ]
SQL: SELECT * FROM `arm_shop` WHERE `deleted` IS NULL AND `status` = 'published' ORDER BY created desc  [ RunTime:0.0057s ]
SQL: SELECT * FROM `arm_posts` WHERE `deleted` IS NULL AND `status` = 'published' ORDER BY created desc  [ RunTime:0.0045s ]
SQL: SELECT * FROM `arm_news` WHERE `deleted` IS NULL AND `status` = 'published' ORDER BY created desc  [ RunTime:0.0045s ]
SQL: SELECT * FROM `arm_media` WHERE `deleted` IS NULL AND `status` = 'published' ORDER BY created desc  [ RunTime:0.0006s ]
SQL: SELECT * FROM `arm_media2` WHERE `deleted` IS NULL AND `status` = 'published' ORDER BY created desc  [ RunTime:0.0051s ]
SQL: SELECT * FROM `arm_culture_heritage` WHERE `deleted` IS NULL AND `status` = 'published' ORDER BY sort desc,created desc  [ RunTime:0.0336s ]
SQL: SELECT * FROM `arm_links` WHERE `deleted` IS NULL AND `status` = 'published' ORDER BY created desc LIMIT 50   [ RunTime:0.0185s ]
INFO: [ view_parse ] --START--
INFO: [ template_filter ] --START--
INFO: Run Behavior\ContentReplaceBehavior [ RunTime:0.000349s ]
INFO: [ template_filter ] --END-- [ RunTime:0.000433s ]
NOTIC: [8] Undefined variable: shoptype /pub/www/wwwroot/www.macauonline.net/xiahuan/App/Runtime/Cache/Home/00e52909bed743ea261af4b6823297ff.php 第 381 行.
NOTIC: [8] Undefined variable: shoptype /pub/www/wwwroot/www.macauonline.net/xiahuan/App/Runtime/Cache/Home/00e52909bed743ea261af4b6823297ff.php 第 384 行.
NOTIC: [8] Undefined variable: shoptype /pub/www/wwwroot/www.macauonline.net/xiahuan/App/Runtime/Cache/Home/00e52909bed743ea261af4b6823297ff.php 第 387 行.
NOTIC: [8] Undefined variable: shoptype /pub/www/wwwroot/www.macauonline.net/xiahuan/App/Runtime/Cache/Home/00e52909bed743ea261af4b6823297ff.php 第 402 行.
NOTIC: [8] Undefined variable: shoptype /pub/www/wwwroot/www.macauonline.net/xiahuan/App/Runtime/Cache/Home/00e52909bed743ea261af4b6823297ff.php 第 408 行.
NOTIC: [8] Undefined variable: shoptype /pub/www/wwwroot/www.macauonline.net/xiahuan/App/Runtime/Cache/Home/00e52909bed743ea261af4b6823297ff.php 第 414 行.
INFO: Run Behavior\ParseTemplateBehavior [ RunTime:0.075742s ]
INFO: [ view_parse ] --END-- [ RunTime:0.075822s ]
INFO: [ view_filter ] --START--
INFO: Run Behavior\WriteHtmlCacheBehavior [ RunTime:0.001623s ]
INFO: Run Behavior\TokenBuildBehavior [ RunTime:0.003485s ]
INFO: [ view_filter ] --END-- [ RunTime:0.005218s ]
INFO: [ app_end ] --START--
INFO: Run Behavior\ShowPageTraceBehavior [ RunTime:0.001372s ]
INFO: [ app_end ] --END-- [ RunTime:0.001439s ]

[ 2022-08-11T19:02:37+08:00 ] 114.119.152.86 /xiahuan/Shop/detail/id/28.html
INFO: [ app_init ] --START--
INFO: Run Behavior\BuildLiteBehavior [ RunTime:0.000018s ]
INFO: [ app_init ] --END-- [ RunTime:0.000092s ]
INFO: [ app_begin ] --START--
INFO: Run Behavior\ReadHtmlCacheBehavior [ RunTime:0.001272s ]
INFO: Run Behavior\CheckLangBehavior [ RunTime:0.002583s ]
INFO: [ app_begin ] --END-- [ RunTime:0.003979s ]
ERR: 無法載入控制器:Xiahuan

[ 2022-08-11T19:31:36+08:00 ] 114.119.153.108 /xiahuan/News/detail/id/18.html
INFO: [ app_init ] --START--
INFO: Run Behavior\BuildLiteBehavior [ RunTime:0.000015s ]
INFO: [ app_init ] --END-- [ RunTime:0.000083s ]
INFO: [ app_begin ] --START--
INFO: Run Behavior\ReadHtmlCacheBehavior [ RunTime:0.001291s ]
INFO: Run Behavior\CheckLangBehavior [ RunTime:0.003840s ]
INFO: [ app_begin ] --END-- [ RunTime:0.005251s ]
ERR: 無法載入控制器:Xiahuan

[ 2022-08-11T19:44:30+08:00 ] 114.119.152.86 /xiahuan/Shop/detail/id/27.html
INFO: [ app_init ] --START--
INFO: Run Behavior\BuildLiteBehavior [ RunTime:0.000019s ]
INFO: [ app_init ] --END-- [ RunTime:0.000088s ]
INFO: [ app_begin ] --START--
INFO: Run Behavior\ReadHtmlCacheBehavior [ RunTime:0.001243s ]
INFO: Run Behavior\CheckLangBehavior [ RunTime:0.004455s ]
INFO: [ app_begin ] --END-- [ RunTime:0.005810s ]
ERR: 無法載入控制器:Xiahuan

[ 2022-08-11T19:50:15+08:00 ] 114.119.152.97 /xiahuan/Shop/detail/id/124.html
INFO: [ app_init ] --START--
INFO: Run Behavior\BuildLiteBehavior [ RunTime:0.000017s ]
INFO: [ app_init ] --END-- [ RunTime:0.000085s ]
INFO: [ app_begin ] --START--
INFO: Run Behavior\ReadHtmlCacheBehavior [ RunTime:0.001305s ]
INFO: Run Behavior\CheckLangBehavior [ RunTime:0.005570s ]
INFO: [ app_begin ] --END-- [ RunTime:0.006990s ]
ERR: 無法載入控制器:Xiahuan

[ 2022-08-11T19:59:26+08:00 ] 185.191.171.4 /xiahuan/CultureHeritage/detail/id/portfolio-manual.html
INFO: [ app_init ] --START--
INFO: Run Behavior\BuildLiteBehavior [ RunTime:0.000017s ]
INFO: [ app_init ] --END-- [ RunTime:0.000086s ]
INFO: [ app_begin ] --START--
INFO: Run Behavior\ReadHtmlCacheBehavior [ RunTime:0.001225s ]
INFO: Run Behavior\CheckLangBehavior [ RunTime:0.002856s ]
INFO: [ app_begin ] --END-- [ RunTime:0.004190s ]
ERR: 無法載入控制器:Xiahuan

[ 2022-08-11T20:24:40+08:00 ] 185.191.171.20 /xiahuan/Shop/categroy/shoptype/fashion.html
INFO: [ app_init ] --START--
INFO: Run Behavior\BuildLiteBehavior [ RunTime:0.000018s ]
INFO: [ app_init ] --END-- [ RunTime:0.000084s ]
INFO: [ app_begin ] --START--
INFO: Run Behavior\ReadHtmlCacheBehavior [ RunTime:0.001256s ]
INFO: Run Behavior\CheckLangBehavior [ RunTime:0.007429s ]
INFO: [ app_begin ] --END-- [ RunTime:0.008830s ]
ERR: 無法載入控制器:Xiahuan

[ 2022-08-11T20:29:41+08:00 ] 114.119.153.105 /xiahuan/Shop/detail/id/8.html
INFO: [ app_init ] --START--
INFO: Run Behavior\BuildLiteBehavior [ RunTime:0.000017s ]
INFO: [ app_init ] --END-- [ RunTime:0.000085s ]
INFO: [ app_begin ] --START--
INFO: Run Behavior\ReadHtmlCacheBehavior [ RunTime:0.005081s ]
INFO: Run Behavior\CheckLangBehavior [ RunTime:0.005369s ]
INFO: [ app_begin ] --END-- [ RunTime:0.010562s ]
ERR: 無法載入控制器:Xiahuan

[ 2022-08-11T20:35:15+08:00 ] 114.119.153.108 /xiahuan/Shop/detail/id/113.html
INFO: [ app_init ] --START--
INFO: Run Behavior\BuildLiteBehavior [ RunTime:0.000020s ]
INFO: [ app_init ] --END-- [ RunTime:0.000068s ]
INFO: [ app_begin ] --START--
INFO: Run Behavior\ReadHtmlCacheBehavior [ RunTime:0.001141s ]
INFO: Run Behavior\CheckLangBehavior [ RunTime:0.004206s ]
INFO: [ app_begin ] --END-- [ RunTime:0.005433s ]
ERR: 無法載入控制器:Xiahuan

[ 2022-08-11T20:42:17+08:00 ] 114.119.153.105 /xiahuan/Shop/detail/id/76.html
INFO: [ app_init ] --START--
INFO: Run Behavior\BuildLiteBehavior [ RunTime:0.000017s ]
INFO: [ app_init ] --END-- [ RunTime:0.000084s ]
INFO: [ app_begin ] --START--
INFO: Run Behavior\ReadHtmlCacheBehavior [ RunTime:0.001234s ]
INFO: Run Behavior\CheckLangBehavior [ RunTime:0.002266s ]
INFO: [ app_begin ] --END-- [ RunTime:0.003619s ]
ERR: 無法載入控制器:Xiahuan

[ 2022-08-11T21:04:44+08:00 ] 114.119.152.86 /xiahuan/Shop/detail/id/77.html
INFO: [ app_init ] --START--
INFO: Run Behavior\BuildLiteBehavior [ RunTime:0.000019s ]
INFO: [ app_init ] --END-- [ RunTime:0.000083s ]
INFO: [ app_begin ] --START--
INFO: Run Behavior\ReadHtmlCacheBehavior [ RunTime:0.001209s ]
INFO: Run Behavior\CheckLangBehavior [ RunTime:0.002492s ]
INFO: [ app_begin ] --END-- [ RunTime:0.003809s ]
ERR: 無法載入控制器:Xiahuan

[ 2022-08-11T21:30:31+08:00 ] 185.191.171.25 /xiahuan/Shop/categroy/shoptype/portfolio-shop.html
INFO: [ app_init ] --START--
INFO: Run Behavior\BuildLiteBehavior [ RunTime:0.000019s ]
INFO: [ app_init ] --END-- [ RunTime:0.000130s ]
INFO: [ app_begin ] --START--
INFO: Run Behavior\ReadHtmlCacheBehavior [ RunTime:0.001524s ]
INFO: Run Behavior\CheckLangBehavior [ RunTime:0.002728s ]
INFO: [ app_begin ] --END-- [ RunTime:0.004380s ]
ERR: 無法載入控制器:Xiahuan

[ 2022-08-11T22:18:07+08:00 ] 185.191.171.36 /xiahuan/Shop/categroy/shoptype/food/p/1.html
INFO: [ app_init ] --START--
INFO: Run Behavior\BuildLiteBehavior [ RunTime:0.000527s ]
INFO: [ app_init ] --END-- [ RunTime:0.000616s ]
INFO: [ app_begin ] --START--
INFO: Run Behavior\ReadHtmlCacheBehavior [ RunTime:0.001479s ]
INFO: Run Behavior\CheckLangBehavior [ RunTime:0.003062s ]
INFO: [ app_begin ] --END-- [ RunTime:0.004676s ]
ERR: 無法載入控制器:Xiahuan

[ 2022-08-11T23:57:35+08:00 ] 185.191.171.33 /xiahuan/Shop/categroy/shoptype/portfolio.html
INFO: [ app_init ] --START--
INFO: Run Behavior\BuildLiteBehavior [ RunTime:0.000014s ]
INFO: [ app_init ] --END-- [ RunTime:0.000064s ]
INFO: [ app_begin ] --START--
INFO: Run Behavior\ReadHtmlCacheBehavior [ RunTime:0.001042s ]
INFO: Run Behavior\CheckLangBehavior [ RunTime:0.002376s ]
INFO: [ app_begin ] --END-- [ RunTime:0.003499s ]
ERR: 無法載入控制器:Xiahuan

