[ 2022-08-06T00:04:17+08:00 ] 185.191.171.39 /xiahuan/Shop/detail/id/index.html
INFO: [ app_init ] --START--
INFO: Run Behavior\BuildLiteBehavior [ RunTime:0.000017s ]
INFO: [ app_init ] --END-- [ RunTime:0.000130s ]
INFO: [ app_begin ] --START--
INFO: Run Behavior\ReadHtmlCacheBehavior [ RunTime:0.001157s ]
INFO: Run Behavior\CheckLangBehavior [ RunTime:0.004348s ]
INFO: [ app_begin ] --END-- [ RunTime:0.005611s ]
ERR: 無法載入控制器:Xiahuan

[ 2022-08-06T00:04:22+08:00 ] 185.191.171.3 /xiahuan/CultureHeritage/page_login.html
INFO: [ app_init ] --START--
INFO: Run Behavior\BuildLiteBehavior [ RunTime:0.000016s ]
INFO: [ app_init ] --END-- [ RunTime:0.000073s ]
INFO: [ app_begin ] --START--
INFO: Run Behavior\ReadHtmlCacheBehavior [ RunTime:0.000654s ]
INFO: Run Behavior\CheckLangBehavior [ RunTime:0.000941s ]
INFO: [ app_begin ] --END-- [ RunTime:0.001684s ]
ERR: 無法載入控制器:Xiahuan

[ 2022-08-06T00:09:08+08:00 ] 114.119.153.108 /xiahuan/Shop/detail/id/105.html
INFO: [ app_init ] --START--
INFO: Run Behavior\BuildLiteBehavior [ RunTime:0.000016s ]
INFO: [ app_init ] --END-- [ RunTime:0.000082s ]
INFO: [ app_begin ] --START--
INFO: Run Behavior\ReadHtmlCacheBehavior [ RunTime:0.000724s ]
INFO: Run Behavior\CheckLangBehavior [ RunTime:0.000872s ]
INFO: [ app_begin ] --END-- [ RunTime:0.001754s ]
ERR: 無法載入控制器:Xiahuan

[ 2022-08-06T00:39:06+08:00 ] 114.119.153.108 /xiahuan/News/detail/id/16.html
INFO: [ app_init ] --START--
INFO: Run Behavior\BuildLiteBehavior [ RunTime:0.000018s ]
INFO: [ app_init ] --END-- [ RunTime:0.000085s ]
INFO: [ app_begin ] --START--
INFO: Run Behavior\ReadHtmlCacheBehavior [ RunTime:0.001525s ]
INFO: Run Behavior\CheckLangBehavior [ RunTime:0.001951s ]
INFO: [ app_begin ] --END-- [ RunTime:0.003588s ]
ERR: 無法載入控制器:Xiahuan

[ 2022-08-06T01:02:15+08:00 ] 185.191.171.23 /xiahuan/Shop/detail/id/page_login.html
INFO: [ app_init ] --START--
INFO: Run Behavior\BuildLiteBehavior [ RunTime:0.000018s ]
INFO: [ app_init ] --END-- [ RunTime:0.000085s ]
INFO: [ app_begin ] --START--
INFO: Run Behavior\ReadHtmlCacheBehavior [ RunTime:0.001160s ]
INFO: Run Behavior\CheckLangBehavior [ RunTime:0.002592s ]
INFO: [ app_begin ] --END-- [ RunTime:0.003868s ]
ERR: 無法載入控制器:Xiahuan

[ 2022-08-06T01:48:19+08:00 ] 114.119.152.86 /xiahuan/Shop/detail/id/44.html
INFO: [ app_init ] --START--
INFO: Run Behavior\BuildLiteBehavior [ RunTime:0.000022s ]
INFO: [ app_init ] --END-- [ RunTime:0.000100s ]
INFO: [ app_begin ] --START--
INFO: Run Behavior\ReadHtmlCacheBehavior [ RunTime:0.001129s ]
INFO: Run Behavior\CheckLangBehavior [ RunTime:0.004271s ]
INFO: [ app_begin ] --END-- [ RunTime:0.005485s ]
ERR: 無法載入控制器:Xiahuan

[ 2022-08-06T01:54:30+08:00 ] 114.119.153.105 /xiahuan/Shop/detail/id/89.html
INFO: [ app_init ] --START--
INFO: Run Behavior\BuildLiteBehavior [ RunTime:0.000017s ]
INFO: [ app_init ] --END-- [ RunTime:0.000086s ]
INFO: [ app_begin ] --START--
INFO: Run Behavior\ReadHtmlCacheBehavior [ RunTime:0.001219s ]
INFO: Run Behavior\CheckLangBehavior [ RunTime:0.003897s ]
INFO: [ app_begin ] --END-- [ RunTime:0.005227s ]
ERR: 無法載入控制器:Xiahuan

[ 2022-08-06T02:29:02+08:00 ] 185.191.171.2 /xiahuan/Shop/detail/id/3.html
INFO: [ app_init ] --START--
INFO: Run Behavior\BuildLiteBehavior [ RunTime:0.000019s ]
INFO: [ app_init ] --END-- [ RunTime:0.000094s ]
INFO: [ app_begin ] --START--
INFO: Run Behavior\ReadHtmlCacheBehavior [ RunTime:0.001225s ]
INFO: Run Behavior\CheckLangBehavior [ RunTime:0.003352s ]
INFO: [ app_begin ] --END-- [ RunTime:0.004695s ]
ERR: 無法載入控制器:Xiahuan

[ 2022-08-06T03:26:12+08:00 ] 185.191.171.25 /xiahuan/CultureHeritage/detail/id/5.html
INFO: [ app_init ] --START--
INFO: Run Behavior\BuildLiteBehavior [ RunTime:0.000014s ]
INFO: [ app_init ] --END-- [ RunTime:0.000061s ]
INFO: [ app_begin ] --START--
INFO: Run Behavior\ReadHtmlCacheBehavior [ RunTime:0.000994s ]
INFO: Run Behavior\CheckLangBehavior [ RunTime:0.002514s ]
INFO: [ app_begin ] --END-- [ RunTime:0.003589s ]
ERR: 無法載入控制器:Xiahuan

[ 2022-08-06T06:15:10+08:00 ] 185.191.171.25 /xiahuan/Active/detail/id/8.html
INFO: [ app_init ] --START--
INFO: Run Behavior\BuildLiteBehavior [ RunTime:0.000018s ]
INFO: [ app_init ] --END-- [ RunTime:0.000081s ]
INFO: [ app_begin ] --START--
INFO: Run Behavior\ReadHtmlCacheBehavior [ RunTime:0.001157s ]
INFO: Run Behavior\CheckLangBehavior [ RunTime:0.002585s ]
INFO: [ app_begin ] --END-- [ RunTime:0.003848s ]
ERR: 無法載入控制器:Xiahuan

[ 2022-08-06T08:28:49+08:00 ] 185.191.171.4 /xiahuan/Media2/detail/id/blog.html
INFO: [ app_init ] --START--
INFO: Run Behavior\BuildLiteBehavior [ RunTime:0.000016s ]
INFO: [ app_init ] --END-- [ RunTime:0.000076s ]
INFO: [ app_begin ] --START--
INFO: Run Behavior\ReadHtmlCacheBehavior [ RunTime:0.001285s ]
INFO: Run Behavior\CheckLangBehavior [ RunTime:0.002236s ]
INFO: [ app_begin ] --END-- [ RunTime:0.003595s ]
ERR: 無法載入控制器:Xiahuan

[ 2022-08-06T08:31:02+08:00 ] 185.191.171.25 /xiahuan/Shop/index/p/6.html
INFO: [ app_init ] --START--
INFO: Run Behavior\BuildLiteBehavior [ RunTime:0.000012s ]
INFO: [ app_init ] --END-- [ RunTime:0.000055s ]
INFO: [ app_begin ] --START--
INFO: Run Behavior\ReadHtmlCacheBehavior [ RunTime:0.000429s ]
INFO: Run Behavior\CheckLangBehavior [ RunTime:0.000686s ]
INFO: [ app_begin ] --END-- [ RunTime:0.001174s ]
ERR: 無法載入控制器:Xiahuan

[ 2022-08-06T10:11:52+08:00 ] 185.191.171.15 /xiahuan/Shop/detail/id/43.html
INFO: [ app_init ] --START--
INFO: Run Behavior\BuildLiteBehavior [ RunTime:0.000016s ]
INFO: [ app_init ] --END-- [ RunTime:0.000081s ]
INFO: [ app_begin ] --START--
INFO: Run Behavior\ReadHtmlCacheBehavior [ RunTime:0.001299s ]
INFO: Run Behavior\CheckLangBehavior [ RunTime:0.002569s ]
INFO: [ app_begin ] --END-- [ RunTime:0.004019s ]
ERR: 無法載入控制器:Xiahuan

[ 2022-08-06T10:20:13+08:00 ] 185.191.171.5 /xiahuan/Active/detail/id/page_faq.html
INFO: [ app_init ] --START--
INFO: Run Behavior\BuildLiteBehavior [ RunTime:0.000014s ]
INFO: [ app_init ] --END-- [ RunTime:0.000076s ]
INFO: [ app_begin ] --START--
INFO: Run Behavior\ReadHtmlCacheBehavior [ RunTime:0.001170s ]
INFO: Run Behavior\CheckLangBehavior [ RunTime:0.002926s ]
INFO: [ app_begin ] --END-- [ RunTime:0.004197s ]
ERR: 無法載入控制器:Xiahuan

[ 2022-08-06T11:46:20+08:00 ] 185.191.171.33 /xiahuan/Active/index/p/portfolio.html
INFO: [ app_init ] --START--
INFO: Run Behavior\BuildLiteBehavior [ RunTime:0.000012s ]
INFO: [ app_init ] --END-- [ RunTime:0.000057s ]
INFO: [ app_begin ] --START--
INFO: Run Behavior\ReadHtmlCacheBehavior [ RunTime:0.001352s ]
INFO: Run Behavior\CheckLangBehavior [ RunTime:0.002349s ]
INFO: [ app_begin ] --END-- [ RunTime:0.003778s ]
ERR: 無法載入控制器:Xiahuan

[ 2022-08-06T11:46:32+08:00 ] 114.119.153.106 /xiahuan/Shop/categroy/shoptype/discount/p/1.html
INFO: [ app_init ] --START--
INFO: Run Behavior\BuildLiteBehavior [ RunTime:0.000012s ]
INFO: [ app_init ] --END-- [ RunTime:0.000055s ]
INFO: [ app_begin ] --START--
INFO: Run Behavior\ReadHtmlCacheBehavior [ RunTime:0.000465s ]
INFO: Run Behavior\CheckLangBehavior [ RunTime:0.000604s ]
INFO: [ app_begin ] --END-- [ RunTime:0.001130s ]
ERR: 無法載入控制器:Xiahuan

[ 2022-08-06T11:58:02+08:00 ] 185.191.171.24 /xiahuan/Active/detail/id/portfolio-food.html
INFO: [ app_init ] --START--
INFO: Run Behavior\BuildLiteBehavior [ RunTime:0.000011s ]
INFO: [ app_init ] --END-- [ RunTime:0.000057s ]
INFO: [ app_begin ] --START--
INFO: Run Behavior\ReadHtmlCacheBehavior [ RunTime:0.001033s ]
INFO: Run Behavior\CheckLangBehavior [ RunTime:0.002464s ]
INFO: [ app_begin ] --END-- [ RunTime:0.003574s ]
ERR: 無法載入控制器:Xiahuan

[ 2022-08-06T11:58:49+08:00 ] 185.191.171.11 /xiahuan/Media2/page_faq.html
INFO: [ app_init ] --START--
INFO: Run Behavior\BuildLiteBehavior [ RunTime:0.000014s ]
INFO: [ app_init ] --END-- [ RunTime:0.000078s ]
INFO: [ app_begin ] --START--
INFO: Run Behavior\ReadHtmlCacheBehavior [ RunTime:0.000639s ]
INFO: Run Behavior\CheckLangBehavior [ RunTime:0.000987s ]
INFO: [ app_begin ] --END-- [ RunTime:0.001722s ]
ERR: 無法載入控制器:Xiahuan

[ 2022-08-06T11:59:58+08:00 ] 185.191.171.22 /xiahuan/Active/detail/id/index.html
INFO: [ app_init ] --START--
INFO: Run Behavior\BuildLiteBehavior [ RunTime:0.000016s ]
INFO: [ app_init ] --END-- [ RunTime:0.000077s ]
INFO: [ app_begin ] --START--
INFO: Run Behavior\ReadHtmlCacheBehavior [ RunTime:0.000571s ]
INFO: Run Behavior\CheckLangBehavior [ RunTime:0.000934s ]
INFO: [ app_begin ] --END-- [ RunTime:0.001592s ]
ERR: 無法載入控制器:Xiahuan

[ 2022-08-06T12:05:15+08:00 ] 114.119.152.86 /xiahuan/Shop/detail/id/37.html
INFO: [ app_init ] --START--
INFO: Run Behavior\BuildLiteBehavior [ RunTime:0.000011s ]
INFO: [ app_init ] --END-- [ RunTime:0.000052s ]
INFO: [ app_begin ] --START--
INFO: Run Behavior\ReadHtmlCacheBehavior [ RunTime:0.000436s ]
INFO: Run Behavior\CheckLangBehavior [ RunTime:0.001535s ]
INFO: [ app_begin ] --END-- [ RunTime:0.002036s ]
ERR: 無法載入控制器:Xiahuan

[ 2022-08-06T12:25:07+08:00 ] 185.191.171.1 /xiahuan/Active/detail/id/portfolio-manual.html
INFO: [ app_init ] --START--
INFO: Run Behavior\BuildLiteBehavior [ RunTime:0.000014s ]
INFO: [ app_init ] --END-- [ RunTime:0.000093s ]
INFO: [ app_begin ] --START--
INFO: Run Behavior\ReadHtmlCacheBehavior [ RunTime:0.001147s ]
INFO: Run Behavior\CheckLangBehavior [ RunTime:0.002672s ]
INFO: [ app_begin ] --END-- [ RunTime:0.003941s ]
ERR: 無法載入控制器:Xiahuan

[ 2022-08-06T12:27:43+08:00 ] 114.119.152.86 /xiahuan/News/detail/id/17.html
INFO: [ app_init ] --START--
INFO: Run Behavior\BuildLiteBehavior [ RunTime:0.000015s ]
INFO: [ app_init ] --END-- [ RunTime:0.000080s ]
INFO: [ app_begin ] --START--
INFO: Run Behavior\ReadHtmlCacheBehavior [ RunTime:0.001588s ]
INFO: Run Behavior\CheckLangBehavior [ RunTime:0.001441s ]
INFO: [ app_begin ] --END-- [ RunTime:0.003135s ]
ERR: 無法載入控制器:Xiahuan

[ 2022-08-06T12:33:09+08:00 ] 114.119.153.106 /xiahuan/Shop/detail/id/112.html
INFO: [ app_init ] --START--
INFO: Run Behavior\BuildLiteBehavior [ RunTime:0.000013s ]
INFO: [ app_init ] --END-- [ RunTime:0.000061s ]
INFO: [ app_begin ] --START--
INFO: Run Behavior\ReadHtmlCacheBehavior [ RunTime:0.001522s ]
INFO: Run Behavior\CheckLangBehavior [ RunTime:0.001806s ]
INFO: [ app_begin ] --END-- [ RunTime:0.003407s ]
ERR: 無法載入控制器:Xiahuan

[ 2022-08-06T12:39:21+08:00 ] 114.119.153.105 /xiahuan/Media2/detail/id/54.html
INFO: [ app_init ] --START--
INFO: Run Behavior\BuildLiteBehavior [ RunTime:0.000014s ]
INFO: [ app_init ] --END-- [ RunTime:0.000072s ]
INFO: [ app_begin ] --START--
INFO: Run Behavior\ReadHtmlCacheBehavior [ RunTime:0.000629s ]
INFO: Run Behavior\CheckLangBehavior [ RunTime:0.002535s ]
INFO: [ app_begin ] --END-- [ RunTime:0.003253s ]
ERR: 無法載入控制器:Xiahuan

[ 2022-08-06T13:01:42+08:00 ] 114.119.152.97 /xiahuan/Shop/detail/id/22.html
INFO: [ app_init ] --START--
INFO: Run Behavior\BuildLiteBehavior [ RunTime:0.000023s ]
INFO: [ app_init ] --END-- [ RunTime:0.000072s ]
INFO: [ app_begin ] --START--
INFO: Run Behavior\ReadHtmlCacheBehavior [ RunTime:0.002076s ]
INFO: Run Behavior\CheckLangBehavior [ RunTime:0.002702s ]
INFO: [ app_begin ] --END-- [ RunTime:0.004862s ]
ERR: 無法載入控制器:Xiahuan

[ 2022-08-06T13:13:21+08:00 ] 185.191.171.23 /xiahuan/Media2/portfolio-manual.html
INFO: [ app_init ] --START--
INFO: Run Behavior\BuildLiteBehavior [ RunTime:0.000020s ]
INFO: [ app_init ] --END-- [ RunTime:0.000096s ]
INFO: [ app_begin ] --START--
INFO: Run Behavior\ReadHtmlCacheBehavior [ RunTime:0.003735s ]
INFO: Run Behavior\CheckLangBehavior [ RunTime:0.002603s ]
INFO: [ app_begin ] --END-- [ RunTime:0.006451s ]
ERR: 無法載入控制器:Xiahuan

[ 2022-08-06T13:45:18+08:00 ] 114.119.152.97 /xiahuan/Media/detail/id/20.html
INFO: [ app_init ] --START--
INFO: Run Behavior\BuildLiteBehavior [ RunTime:0.000015s ]
INFO: [ app_init ] --END-- [ RunTime:0.000081s ]
INFO: [ app_begin ] --START--
INFO: Run Behavior\ReadHtmlCacheBehavior [ RunTime:0.001001s ]
INFO: Run Behavior\CheckLangBehavior [ RunTime:0.001681s ]
INFO: [ app_begin ] --END-- [ RunTime:0.002774s ]
ERR: 無法載入控制器:Xiahuan

[ 2022-08-06T15:00:40+08:00 ] 185.191.171.22 /xiahuan/News/detail/id/17.html
INFO: [ app_init ] --START--
INFO: Run Behavior\BuildLiteBehavior [ RunTime:0.000013s ]
INFO: [ app_init ] --END-- [ RunTime:0.000061s ]
INFO: [ app_begin ] --START--
INFO: Run Behavior\ReadHtmlCacheBehavior [ RunTime:0.002002s ]
INFO: Run Behavior\CheckLangBehavior [ RunTime:0.002315s ]
INFO: [ app_begin ] --END-- [ RunTime:0.004391s ]
ERR: 無法載入控制器:Xiahuan

[ 2022-08-06T16:31:53+08:00 ] 185.191.171.26 /xiahuan/Shop/detail/id/portfolio-manual.html
INFO: [ app_init ] --START--
INFO: Run Behavior\BuildLiteBehavior [ RunTime:0.000018s ]
INFO: [ app_init ] --END-- [ RunTime:0.000072s ]
INFO: [ app_begin ] --START--
INFO: Run Behavior\ReadHtmlCacheBehavior [ RunTime:0.000983s ]
INFO: Run Behavior\CheckLangBehavior [ RunTime:0.002060s ]
INFO: [ app_begin ] --END-- [ RunTime:0.003126s ]
ERR: 無法載入控制器:Xiahuan

[ 2022-08-06T17:12:53+08:00 ] 185.191.171.44 /xiahuan/Shop/detail/id/2.html
INFO: [ app_init ] --START--
INFO: Run Behavior\BuildLiteBehavior [ RunTime:0.000014s ]
INFO: [ app_init ] --END-- [ RunTime:0.000066s ]
INFO: [ app_begin ] --START--
INFO: Run Behavior\ReadHtmlCacheBehavior [ RunTime:0.001009s ]
INFO: Run Behavior\CheckLangBehavior [ RunTime:0.002511s ]
INFO: [ app_begin ] --END-- [ RunTime:0.003593s ]
ERR: 無法載入控制器:Xiahuan

[ 2022-08-06T18:04:06+08:00 ] 185.191.171.43 /xiahuan/StreetHistory/detail/id/portfolio-shop.html
INFO: [ app_init ] --START--
INFO: Run Behavior\BuildLiteBehavior [ RunTime:0.000019s ]
INFO: [ app_init ] --END-- [ RunTime:0.000085s ]
INFO: [ app_begin ] --START--
INFO: Run Behavior\ReadHtmlCacheBehavior [ RunTime:0.002200s ]
INFO: Run Behavior\CheckLangBehavior [ RunTime:0.002725s ]
INFO: [ app_begin ] --END-- [ RunTime:0.005032s ]
ERR: 無法載入控制器:Xiahuan

[ 2022-08-06T18:35:21+08:00 ] 185.191.171.41 /xiahuan/Shop/categroy/shoptype/fashion/p/page_login.html
INFO: [ app_init ] --START--
INFO: Run Behavior\BuildLiteBehavior [ RunTime:0.000019s ]
INFO: [ app_init ] --END-- [ RunTime:0.000088s ]
INFO: [ app_begin ] --START--
INFO: Run Behavior\ReadHtmlCacheBehavior [ RunTime:0.001218s ]
INFO: Run Behavior\CheckLangBehavior [ RunTime:0.002632s ]
INFO: [ app_begin ] --END-- [ RunTime:0.003957s ]
ERR: 無法載入控制器:Xiahuan

[ 2022-08-06T18:44:39+08:00 ] 185.191.171.12 /xiahuan/Shop/portfolio-manual.html
INFO: [ app_init ] --START--
INFO: Run Behavior\BuildLiteBehavior [ RunTime:0.000014s ]
INFO: [ app_init ] --END-- [ RunTime:0.000080s ]
INFO: [ app_begin ] --START--
INFO: Run Behavior\ReadHtmlCacheBehavior [ RunTime:0.001149s ]
INFO: Run Behavior\CheckLangBehavior [ RunTime:0.002691s ]
INFO: [ app_begin ] --END-- [ RunTime:0.003940s ]
ERR: 無法載入控制器:Xiahuan

[ 2022-08-06T18:51:52+08:00 ] 185.191.171.40 /xiahuan/CultureHeritage/portfolio.html
INFO: [ app_init ] --START--
INFO: Run Behavior\BuildLiteBehavior [ RunTime:0.000016s ]
INFO: [ app_init ] --END-- [ RunTime:0.000086s ]
INFO: [ app_begin ] --START--
INFO: Run Behavior\ReadHtmlCacheBehavior [ RunTime:0.001191s ]
INFO: Run Behavior\CheckLangBehavior [ RunTime:0.002610s ]
INFO: [ app_begin ] --END-- [ RunTime:0.003907s ]
ERR: 無法載入控制器:Xiahuan

[ 2022-08-06T19:16:45+08:00 ] 114.119.153.106 /xiahuan/Shop/detail/id/67.html
INFO: [ app_init ] --START--
INFO: Run Behavior\BuildLiteBehavior [ RunTime:0.000019s ]
INFO: [ app_init ] --END-- [ RunTime:0.000089s ]
INFO: [ app_begin ] --START--
INFO: Run Behavior\ReadHtmlCacheBehavior [ RunTime:0.001642s ]
INFO: Run Behavior\CheckLangBehavior [ RunTime:0.001559s ]
INFO: [ app_begin ] --END-- [ RunTime:0.003299s ]
ERR: 無法載入控制器:Xiahuan

[ 2022-08-06T19:30:03+08:00 ] 114.119.152.97 /xiahuan/Shop/index.html
INFO: [ app_init ] --START--
INFO: Run Behavior\BuildLiteBehavior [ RunTime:0.000012s ]
INFO: [ app_init ] --END-- [ RunTime:0.000054s ]
INFO: [ app_begin ] --START--
INFO: Run Behavior\ReadHtmlCacheBehavior [ RunTime:0.000486s ]
INFO: Run Behavior\CheckLangBehavior [ RunTime:0.001919s ]
INFO: [ app_begin ] --END-- [ RunTime:0.002486s ]
ERR: 無法載入控制器:Xiahuan

[ 2022-08-06T19:43:15+08:00 ] 185.191.171.40 /xiahuan/Media/detail/id/portfolio-manual.html
INFO: [ app_init ] --START--
INFO: Run Behavior\BuildLiteBehavior [ RunTime:0.000013s ]
INFO: [ app_init ] --END-- [ RunTime:0.000055s ]
INFO: [ app_begin ] --START--
INFO: Run Behavior\ReadHtmlCacheBehavior [ RunTime:0.000435s ]
INFO: Run Behavior\CheckLangBehavior [ RunTime:0.001489s ]
INFO: [ app_begin ] --END-- [ RunTime:0.001988s ]
ERR: 無法載入控制器:Xiahuan

[ 2022-08-06T20:02:00+08:00 ] 114.119.153.108 /xiahuan/Shop/categroy/shoptype/discount/p/2.html
INFO: [ app_init ] --START--
INFO: Run Behavior\BuildLiteBehavior [ RunTime:0.000013s ]
INFO: [ app_init ] --END-- [ RunTime:0.000055s ]
INFO: [ app_begin ] --START--
INFO: Run Behavior\ReadHtmlCacheBehavior [ RunTime:0.000458s ]
INFO: Run Behavior\CheckLangBehavior [ RunTime:0.002464s ]
INFO: [ app_begin ] --END-- [ RunTime:0.002987s ]
ERR: 無法載入控制器:Xiahuan

[ 2022-08-06T20:08:46+08:00 ] 185.191.171.23 /xiahuan/StreetHistory/detail/id/5.html
INFO: [ app_init ] --START--
INFO: Run Behavior\BuildLiteBehavior [ RunTime:0.000016s ]
INFO: [ app_init ] --END-- [ RunTime:0.000078s ]
INFO: [ app_begin ] --START--
INFO: Run Behavior\ReadHtmlCacheBehavior [ RunTime:0.000640s ]
INFO: Run Behavior\CheckLangBehavior [ RunTime:0.001829s ]
INFO: [ app_begin ] --END-- [ RunTime:0.002567s ]
ERR: 無法載入控制器:Xiahuan

[ 2022-08-06T20:24:14+08:00 ] 114.119.152.97 /xiahuan/Active/index/p/1.html
INFO: [ app_init ] --START--
INFO: Run Behavior\BuildLiteBehavior [ RunTime:0.000018s ]
INFO: [ app_init ] --END-- [ RunTime:0.000114s ]
INFO: [ app_begin ] --START--
INFO: Run Behavior\ReadHtmlCacheBehavior [ RunTime:0.001340s ]
INFO: Run Behavior\CheckLangBehavior [ RunTime:0.001954s ]
INFO: [ app_begin ] --END-- [ RunTime:0.003397s ]
ERR: 無法載入控制器:Xiahuan

[ 2022-08-06T20:35:06+08:00 ] 114.119.152.86 /xiahuan/Shop/categroy/shoptype/fashion.html
INFO: [ app_init ] --START--
INFO: Run Behavior\BuildLiteBehavior [ RunTime:0.000012s ]
INFO: [ app_init ] --END-- [ RunTime:0.000054s ]
INFO: [ app_begin ] --START--
INFO: Run Behavior\ReadHtmlCacheBehavior [ RunTime:0.000442s ]
INFO: Run Behavior\CheckLangBehavior [ RunTime:0.000592s ]
INFO: [ app_begin ] --END-- [ RunTime:0.001094s ]
ERR: 無法載入控制器:Xiahuan

[ 2022-08-06T20:58:41+08:00 ] 114.119.153.105 /xiahuan/StreetHistory/detail/id/8.html
INFO: [ app_init ] --START--
INFO: Run Behavior\BuildLiteBehavior [ RunTime:0.000018s ]
INFO: [ app_init ] --END-- [ RunTime:0.000088s ]
INFO: [ app_begin ] --START--
INFO: Run Behavior\ReadHtmlCacheBehavior [ RunTime:0.001520s ]
INFO: Run Behavior\CheckLangBehavior [ RunTime:0.001846s ]
INFO: [ app_begin ] --END-- [ RunTime:0.003474s ]
ERR: 無法載入控制器:Xiahuan

[ 2022-08-06T21:05:04+08:00 ] 114.119.153.108 /xiahuan/Shop/detail/id/31.html
INFO: [ app_init ] --START--
INFO: Run Behavior\BuildLiteBehavior [ RunTime:0.000015s ]
INFO: [ app_init ] --END-- [ RunTime:0.000066s ]
INFO: [ app_begin ] --START--
INFO: Run Behavior\ReadHtmlCacheBehavior [ RunTime:0.001047s ]
INFO: Run Behavior\CheckLangBehavior [ RunTime:0.001166s ]
INFO: [ app_begin ] --END-- [ RunTime:0.002286s ]
ERR: 無法載入控制器:Xiahuan

[ 2022-08-06T21:15:15+08:00 ] 114.119.153.105 /xiahuan/Shop/detail/id/111.html
INFO: [ app_init ] --START--
INFO: Run Behavior\BuildLiteBehavior [ RunTime:0.000019s ]
INFO: [ app_init ] --END-- [ RunTime:0.000094s ]
INFO: [ app_begin ] --START--
INFO: Run Behavior\ReadHtmlCacheBehavior [ RunTime:0.001245s ]
INFO: Run Behavior\CheckLangBehavior [ RunTime:0.002051s ]
INFO: [ app_begin ] --END-- [ RunTime:0.003412s ]
ERR: 無法載入控制器:Xiahuan

[ 2022-08-06T21:32:14+08:00 ] 114.119.153.105 /xiahuan/Shop/detail/id/108.html
INFO: [ app_init ] --START--
INFO: Run Behavior\BuildLiteBehavior [ RunTime:0.000016s ]
INFO: [ app_init ] --END-- [ RunTime:0.000066s ]
INFO: [ app_begin ] --START--
INFO: Run Behavior\ReadHtmlCacheBehavior [ RunTime:0.001170s ]
INFO: Run Behavior\CheckLangBehavior [ RunTime:0.001861s ]
INFO: [ app_begin ] --END-- [ RunTime:0.003109s ]
ERR: 無法載入控制器:Xiahuan

[ 2022-08-06T21:58:11+08:00 ] 185.191.171.38 /xiahuan/Shop/categroy/shoptype/fashion/p/portfolio.html
INFO: [ app_init ] --START--
INFO: Run Behavior\BuildLiteBehavior [ RunTime:0.000017s ]
INFO: [ app_init ] --END-- [ RunTime:0.000084s ]
INFO: [ app_begin ] --START--
INFO: Run Behavior\ReadHtmlCacheBehavior [ RunTime:0.001239s ]
INFO: Run Behavior\CheckLangBehavior [ RunTime:0.002672s ]
INFO: [ app_begin ] --END-- [ RunTime:0.004021s ]
ERR: 無法載入控制器:Xiahuan

[ 2022-08-06T22:53:45+08:00 ] 185.191.171.1 /xiahuan/Posts/detail/id/7.html
INFO: [ app_init ] --START--
INFO: Run Behavior\BuildLiteBehavior [ RunTime:0.000027s ]
INFO: [ app_init ] --END-- [ RunTime:0.000094s ]
INFO: [ app_begin ] --START--
INFO: Run Behavior\ReadHtmlCacheBehavior [ RunTime:0.001190s ]
INFO: Run Behavior\CheckLangBehavior [ RunTime:0.002675s ]
INFO: [ app_begin ] --END-- [ RunTime:0.003970s ]
ERR: 無法載入控制器:Xiahuan

[ 2022-08-06T23:58:55+08:00 ] 185.191.171.5 /xiahuan/News/detail/id/11.html
INFO: [ app_init ] --START--
INFO: Run Behavior\BuildLiteBehavior [ RunTime:0.000014s ]
INFO: [ app_init ] --END-- [ RunTime:0.000062s ]
INFO: [ app_begin ] --START--
INFO: Run Behavior\ReadHtmlCacheBehavior [ RunTime:0.001122s ]
INFO: Run Behavior\CheckLangBehavior [ RunTime:0.002454s ]
INFO: [ app_begin ] --END-- [ RunTime:0.003660s ]
ERR: 無法載入控制器:Xiahuan

