[ 2022-08-09T01:34:45+08:00 ] 185.191.171.38 /xiahuan/Shop/categroy/shoptype/food/p/portfolio.html
INFO: [ app_init ] --START--
INFO: Run Behavior\BuildLiteBehavior [ RunTime:0.000013s ]
INFO: [ app_init ] --END-- [ RunTime:0.000061s ]
INFO: [ app_begin ] --START--
INFO: Run Behavior\ReadHtmlCacheBehavior [ RunTime:0.000997s ]
INFO: Run Behavior\CheckLangBehavior [ RunTime:0.002243s ]
INFO: [ app_begin ] --END-- [ RunTime:0.003322s ]
ERR: 無法載入控制器:Xiahuan

[ 2022-08-09T01:37:38+08:00 ] 185.191.171.26 /xiahuan/Shop/categroy/shoptype/food/p/portfolio-shop.html
INFO: [ app_init ] --START--
INFO: Run Behavior\BuildLiteBehavior [ RunTime:0.000019s ]
INFO: [ app_init ] --END-- [ RunTime:0.000092s ]
INFO: [ app_begin ] --START--
INFO: Run Behavior\ReadHtmlCacheBehavior [ RunTime:0.001202s ]
INFO: Run Behavior\CheckLangBehavior [ RunTime:0.002043s ]
INFO: [ app_begin ] --END-- [ RunTime:0.003338s ]
ERR: 無法載入控制器:Xiahuan

[ 2022-08-09T02:11:06+08:00 ] 114.119.153.108 /xiahuan/Shop/detail/id/119.html
INFO: [ app_init ] --START--
INFO: Run Behavior\BuildLiteBehavior [ RunTime:0.000017s ]
INFO: [ app_init ] --END-- [ RunTime:0.000100s ]
INFO: [ app_begin ] --START--
INFO: Run Behavior\ReadHtmlCacheBehavior [ RunTime:0.001102s ]
INFO: Run Behavior\CheckLangBehavior [ RunTime:0.002587s ]
INFO: [ app_begin ] --END-- [ RunTime:0.003773s ]
ERR: 無法載入控制器:Xiahuan

[ 2022-08-09T02:22:01+08:00 ] 185.191.171.5 /xiahuan/Shop/categroy/shoptype/fashion/p/page_login.html
INFO: [ app_init ] --START--
INFO: Run Behavior\BuildLiteBehavior [ RunTime:0.000019s ]
INFO: [ app_init ] --END-- [ RunTime:0.000087s ]
INFO: [ app_begin ] --START--
INFO: Run Behavior\ReadHtmlCacheBehavior [ RunTime:0.001697s ]
INFO: Run Behavior\CheckLangBehavior [ RunTime:0.003754s ]
INFO: [ app_begin ] --END-- [ RunTime:0.005613s ]
ERR: 無法載入控制器:Xiahuan

[ 2022-08-09T02:31:36+08:00 ] 114.119.153.108 /xiahuan/Shop/detail/id/96.html
INFO: [ app_init ] --START--
INFO: Run Behavior\BuildLiteBehavior [ RunTime:0.000011s ]
INFO: [ app_init ] --END-- [ RunTime:0.000056s ]
INFO: [ app_begin ] --START--
INFO: Run Behavior\ReadHtmlCacheBehavior [ RunTime:0.000487s ]
INFO: Run Behavior\CheckLangBehavior [ RunTime:0.003354s ]
INFO: [ app_begin ] --END-- [ RunTime:0.003911s ]
ERR: 無法載入控制器:Xiahuan

[ 2022-08-09T02:57:01+08:00 ] 114.119.153.106 /xiahuan/Shop/detail/id/7.html
INFO: [ app_init ] --START--
INFO: Run Behavior\BuildLiteBehavior [ RunTime:0.000018s ]
INFO: [ app_init ] --END-- [ RunTime:0.000086s ]
INFO: [ app_begin ] --START--
INFO: Run Behavior\ReadHtmlCacheBehavior [ RunTime:0.001502s ]
INFO: Run Behavior\CheckLangBehavior [ RunTime:0.012914s ]
INFO: [ app_begin ] --END-- [ RunTime:0.014545s ]
ERR: 無法載入控制器:Xiahuan

[ 2022-08-09T03:41:48+08:00 ] 185.191.171.42 /xiahuan/StreetHistory/detail/id/5.html
INFO: [ app_init ] --START--
INFO: Run Behavior\BuildLiteBehavior [ RunTime:0.000015s ]
INFO: [ app_init ] --END-- [ RunTime:0.000068s ]
INFO: [ app_begin ] --START--
INFO: Run Behavior\ReadHtmlCacheBehavior [ RunTime:0.000973s ]
INFO: Run Behavior\CheckLangBehavior [ RunTime:0.002431s ]
INFO: [ app_begin ] --END-- [ RunTime:0.003483s ]
ERR: 無法載入控制器:Xiahuan

[ 2022-08-09T03:47:52+08:00 ] 114.119.153.106 /xiahuan/Shop/index/p/11.html
INFO: [ app_init ] --START--
INFO: Run Behavior\BuildLiteBehavior [ RunTime:0.000012s ]
INFO: [ app_init ] --END-- [ RunTime:0.000062s ]
INFO: [ app_begin ] --START--
INFO: Run Behavior\ReadHtmlCacheBehavior [ RunTime:0.001012s ]
INFO: Run Behavior\CheckLangBehavior [ RunTime:0.001760s ]
INFO: [ app_begin ] --END-- [ RunTime:0.002846s ]
ERR: 無法載入控制器:Xiahuan

[ 2022-08-09T03:59:18+08:00 ] 114.119.152.86 /xiahuan/Shop/detail/id/48.html
INFO: [ app_init ] --START--
INFO: Run Behavior\BuildLiteBehavior [ RunTime:0.000018s ]
INFO: [ app_init ] --END-- [ RunTime:0.000088s ]
INFO: [ app_begin ] --START--
INFO: Run Behavior\ReadHtmlCacheBehavior [ RunTime:0.001267s ]
INFO: Run Behavior\CheckLangBehavior [ RunTime:0.005637s ]
INFO: [ app_begin ] --END-- [ RunTime:0.007010s ]
ERR: 無法載入控制器:Xiahuan

[ 2022-08-09T04:05:04+08:00 ] 114.119.152.97 /xiahuan/Shop/categroy/shoptype/food/p/4.html
INFO: [ app_init ] --START--
INFO: Run Behavior\BuildLiteBehavior [ RunTime:0.000013s ]
INFO: [ app_init ] --END-- [ RunTime:0.000061s ]
INFO: [ app_begin ] --START--
INFO: Run Behavior\ReadHtmlCacheBehavior [ RunTime:0.001086s ]
INFO: Run Behavior\CheckLangBehavior [ RunTime:0.001639s ]
INFO: [ app_begin ] --END-- [ RunTime:0.002801s ]
ERR: 無法載入控制器:Xiahuan

[ 2022-08-09T04:10:45+08:00 ] 114.119.153.106 /xiahuan/Shop/detail/id/86.html
INFO: [ app_init ] --START--
INFO: Run Behavior\BuildLiteBehavior [ RunTime:0.000020s ]
INFO: [ app_init ] --END-- [ RunTime:0.000094s ]
INFO: [ app_begin ] --START--
INFO: Run Behavior\ReadHtmlCacheBehavior [ RunTime:0.001124s ]
INFO: Run Behavior\CheckLangBehavior [ RunTime:0.002981s ]
INFO: [ app_begin ] --END-- [ RunTime:0.004219s ]
ERR: 無法載入控制器:Xiahuan

[ 2022-08-09T04:22:19+08:00 ] 114.119.153.106 /xiahuan/Shop/detail/id/9.html
INFO: [ app_init ] --START--
INFO: Run Behavior\BuildLiteBehavior [ RunTime:0.000014s ]
INFO: [ app_init ] --END-- [ RunTime:0.000065s ]
INFO: [ app_begin ] --START--
INFO: Run Behavior\ReadHtmlCacheBehavior [ RunTime:0.001006s ]
INFO: Run Behavior\CheckLangBehavior [ RunTime:0.001112s ]
INFO: [ app_begin ] --END-- [ RunTime:0.002188s ]
ERR: 無法載入控制器:Xiahuan

[ 2022-08-09T04:28:09+08:00 ] 114.119.153.105 /xiahuan/Shop/detail/id/118.html
INFO: [ app_init ] --START--
INFO: Run Behavior\BuildLiteBehavior [ RunTime:0.000014s ]
INFO: [ app_init ] --END-- [ RunTime:0.000063s ]
INFO: [ app_begin ] --START--
INFO: Run Behavior\ReadHtmlCacheBehavior [ RunTime:0.001013s ]
INFO: Run Behavior\CheckLangBehavior [ RunTime:0.001681s ]
INFO: [ app_begin ] --END-- [ RunTime:0.002767s ]
ERR: 無法載入控制器:Xiahuan

[ 2022-08-09T04:57:12+08:00 ] 114.119.152.86 /xiahuan/Shop/detail/id/18.html
INFO: [ app_init ] --START--
INFO: Run Behavior\BuildLiteBehavior [ RunTime:0.000015s ]
INFO: [ app_init ] --END-- [ RunTime:0.000078s ]
INFO: [ app_begin ] --START--
INFO: Run Behavior\ReadHtmlCacheBehavior [ RunTime:0.001249s ]
INFO: Run Behavior\CheckLangBehavior [ RunTime:0.005837s ]
INFO: [ app_begin ] --END-- [ RunTime:0.007192s ]
ERR: 無法載入控制器:Xiahuan

[ 2022-08-09T05:19:16+08:00 ] 185.191.171.26 /xiahuan/Shop/categroy/shoptype/discount/p/1.html
INFO: [ app_init ] --START--
INFO: Run Behavior\BuildLiteBehavior [ RunTime:0.000014s ]
INFO: [ app_init ] --END-- [ RunTime:0.000083s ]
INFO: [ app_begin ] --START--
INFO: Run Behavior\ReadHtmlCacheBehavior [ RunTime:0.001230s ]
INFO: Run Behavior\CheckLangBehavior [ RunTime:0.005360s ]
INFO: [ app_begin ] --END-- [ RunTime:0.006700s ]
ERR: 無法載入控制器:Xiahuan

[ 2022-08-09T05:41:54+08:00 ] 114.119.153.105 /xiahuan/Shop/detail/id/103.html
INFO: [ app_init ] --START--
INFO: Run Behavior\BuildLiteBehavior [ RunTime:0.000017s ]
INFO: [ app_init ] --END-- [ RunTime:0.000082s ]
INFO: [ app_begin ] --START--
INFO: Run Behavior\ReadHtmlCacheBehavior [ RunTime:0.001289s ]
INFO: Run Behavior\CheckLangBehavior [ RunTime:0.004678s ]
INFO: [ app_begin ] --END-- [ RunTime:0.006088s ]
ERR: 無法載入控制器:Xiahuan

[ 2022-08-09T06:49:13+08:00 ] 114.119.153.106 /xiahuan/CultureHeritage/detail/id/5.html
INFO: [ app_init ] --START--
INFO: Run Behavior\BuildLiteBehavior [ RunTime:0.000017s ]
INFO: [ app_init ] --END-- [ RunTime:0.000086s ]
INFO: [ app_begin ] --START--
INFO: Run Behavior\ReadHtmlCacheBehavior [ RunTime:0.003679s ]
INFO: Run Behavior\CheckLangBehavior [ RunTime:0.002988s ]
INFO: [ app_begin ] --END-- [ RunTime:0.006774s ]
ERR: 無法載入控制器:Xiahuan

[ 2022-08-09T06:56:37+08:00 ] 185.191.171.1 /xiahuan/Posts/detail/id/7.html
INFO: [ app_init ] --START--
INFO: Run Behavior\BuildLiteBehavior [ RunTime:0.000017s ]
INFO: [ app_init ] --END-- [ RunTime:0.000084s ]
INFO: [ app_begin ] --START--
INFO: Run Behavior\ReadHtmlCacheBehavior [ RunTime:0.001224s ]
INFO: Run Behavior\CheckLangBehavior [ RunTime:0.002348s ]
INFO: [ app_begin ] --END-- [ RunTime:0.003693s ]
ERR: 無法載入控制器:Xiahuan

[ 2022-08-09T08:38:46+08:00 ] 185.191.171.18 /xiahuan/Shop/categroy/shoptype/food/p/page_login.html
INFO: [ app_init ] --START--
INFO: Run Behavior\BuildLiteBehavior [ RunTime:0.000017s ]
INFO: [ app_init ] --END-- [ RunTime:0.000083s ]
INFO: [ app_begin ] --START--
INFO: Run Behavior\ReadHtmlCacheBehavior [ RunTime:0.001171s ]
INFO: Run Behavior\CheckLangBehavior [ RunTime:0.002590s ]
INFO: [ app_begin ] --END-- [ RunTime:0.003868s ]
ERR: 無法載入控制器:Xiahuan

[ 2022-08-09T10:43:07+08:00 ] 185.191.171.10 /xiahuan/CultureHeritage/detail/id/portfolio-manual.html
INFO: [ app_init ] --START--
INFO: Run Behavior\BuildLiteBehavior [ RunTime:0.000018s ]
INFO: [ app_init ] --END-- [ RunTime:0.000079s ]
INFO: [ app_begin ] --START--
INFO: Run Behavior\ReadHtmlCacheBehavior [ RunTime:0.001050s ]
INFO: Run Behavior\CheckLangBehavior [ RunTime:0.002428s ]
INFO: [ app_begin ] --END-- [ RunTime:0.003558s ]
ERR: 無法載入控制器:Xiahuan

[ 2022-08-09T10:45:59+08:00 ] 185.191.171.19 /xiahuan/Shop/categroy/shoptype/fashion.html
INFO: [ app_init ] --START--
INFO: Run Behavior\BuildLiteBehavior [ RunTime:0.000017s ]
INFO: [ app_init ] --END-- [ RunTime:0.000087s ]
INFO: [ app_begin ] --START--
INFO: Run Behavior\ReadHtmlCacheBehavior [ RunTime:0.000635s ]
INFO: Run Behavior\CheckLangBehavior [ RunTime:0.000970s ]
INFO: [ app_begin ] --END-- [ RunTime:0.001711s ]
ERR: 無法載入控制器:Xiahuan

[ 2022-08-09T10:58:53+08:00 ] 114.119.153.105 /xiahuan/Shop/detail/id/55.html
INFO: [ app_init ] --START--
INFO: Run Behavior\BuildLiteBehavior [ RunTime:0.000014s ]
INFO: [ app_init ] --END-- [ RunTime:0.000055s ]
INFO: [ app_begin ] --START--
INFO: Run Behavior\ReadHtmlCacheBehavior [ RunTime:0.000456s ]
INFO: Run Behavior\CheckLangBehavior [ RunTime:0.002367s ]
INFO: [ app_begin ] --END-- [ RunTime:0.002889s ]
ERR: 無法載入控制器:Xiahuan

[ 2022-08-09T11:20:22+08:00 ] 114.119.152.86 /xiahuan/Shop/detail/id/79.html
INFO: [ app_init ] --START--
INFO: Run Behavior\BuildLiteBehavior [ RunTime:0.000021s ]
INFO: [ app_init ] --END-- [ RunTime:0.000878s ]
INFO: [ app_begin ] --START--
INFO: Run Behavior\ReadHtmlCacheBehavior [ RunTime:0.001225s ]
INFO: Run Behavior\CheckLangBehavior [ RunTime:0.002403s ]
INFO: [ app_begin ] --END-- [ RunTime:0.003736s ]
ERR: 無法載入控制器:Xiahuan

[ 2022-08-09T11:26:30+08:00 ] 114.119.153.106 /xiahuan/News/detail/id/7.html
INFO: [ app_init ] --START--
INFO: Run Behavior\BuildLiteBehavior [ RunTime:0.000014s ]
INFO: [ app_init ] --END-- [ RunTime:0.000072s ]
INFO: [ app_begin ] --START--
INFO: Run Behavior\ReadHtmlCacheBehavior [ RunTime:0.000990s ]
INFO: Run Behavior\CheckLangBehavior [ RunTime:0.003300s ]
INFO: [ app_begin ] --END-- [ RunTime:0.004363s ]
ERR: 無法載入控制器:Xiahuan

[ 2022-08-09T11:32:29+08:00 ] 114.119.153.105 /xiahuan/Active/detail/id/7.html
INFO: [ app_init ] --START--
INFO: Run Behavior\BuildLiteBehavior [ RunTime:0.000015s ]
INFO: [ app_init ] --END-- [ RunTime:0.000067s ]
INFO: [ app_begin ] --START--
INFO: Run Behavior\ReadHtmlCacheBehavior [ RunTime:0.000470s ]
INFO: Run Behavior\CheckLangBehavior [ RunTime:0.000615s ]
INFO: [ app_begin ] --END-- [ RunTime:0.001152s ]
ERR: 無法載入控制器:Xiahuan

[ 2022-08-09T11:38:29+08:00 ] 114.119.152.97 /xiahuan/Shop/detail/id/53.html
INFO: [ app_init ] --START--
INFO: Run Behavior\BuildLiteBehavior [ RunTime:0.000017s ]
INFO: [ app_init ] --END-- [ RunTime:0.000081s ]
INFO: [ app_begin ] --START--
INFO: Run Behavior\ReadHtmlCacheBehavior [ RunTime:0.000754s ]
INFO: Run Behavior\CheckLangBehavior [ RunTime:0.006905s ]
INFO: [ app_begin ] --END-- [ RunTime:0.007791s ]
ERR: 無法載入控制器:Xiahuan

[ 2022-08-09T12:06:52+08:00 ] 114.119.152.86 /xiahuan/Shop/detail/id/10.html
INFO: [ app_init ] --START--
INFO: Run Behavior\BuildLiteBehavior [ RunTime:0.000016s ]
INFO: [ app_init ] --END-- [ RunTime:0.000087s ]
INFO: [ app_begin ] --START--
INFO: Run Behavior\ReadHtmlCacheBehavior [ RunTime:0.001323s ]
INFO: Run Behavior\CheckLangBehavior [ RunTime:0.003490s ]
INFO: [ app_begin ] --END-- [ RunTime:0.004923s ]
ERR: 無法載入控制器:Xiahuan

[ 2022-08-09T12:12:41+08:00 ] 114.119.153.108 /xiahuan/Shop/detail/id/122.html
INFO: [ app_init ] --START--
INFO: Run Behavior\BuildLiteBehavior [ RunTime:0.000021s ]
INFO: [ app_init ] --END-- [ RunTime:0.000090s ]
INFO: [ app_begin ] --START--
INFO: Run Behavior\ReadHtmlCacheBehavior [ RunTime:0.000662s ]
INFO: Run Behavior\CheckLangBehavior [ RunTime:0.002868s ]
INFO: [ app_begin ] --END-- [ RunTime:0.003625s ]
ERR: 無法載入控制器:Xiahuan

[ 2022-08-09T12:55:23+08:00 ] 185.191.171.34 /xiahuan/Shop/categroy/shoptype/food/p/portfolio-food.html
INFO: [ app_init ] --START--
INFO: Run Behavior\BuildLiteBehavior [ RunTime:0.000014s ]
INFO: [ app_init ] --END-- [ RunTime:0.000067s ]
INFO: [ app_begin ] --START--
INFO: Run Behavior\ReadHtmlCacheBehavior [ RunTime:0.002072s ]
INFO: Run Behavior\CheckLangBehavior [ RunTime:0.003071s ]
INFO: [ app_begin ] --END-- [ RunTime:0.005233s ]
ERR: 無法載入控制器:Xiahuan

[ 2022-08-09T14:31:52+08:00 ] 185.191.171.17 /xiahuan/CultureHeritage/detail/id/portfolio-food.html
INFO: [ app_init ] --START--
INFO: Run Behavior\BuildLiteBehavior [ RunTime:0.000015s ]
INFO: [ app_init ] --END-- [ RunTime:0.000079s ]
INFO: [ app_begin ] --START--
INFO: Run Behavior\ReadHtmlCacheBehavior [ RunTime:0.001219s ]
INFO: Run Behavior\CheckLangBehavior [ RunTime:0.002540s ]
INFO: [ app_begin ] --END-- [ RunTime:0.003868s ]
ERR: 無法載入控制器:Xiahuan

[ 2022-08-09T14:38:43+08:00 ] 114.119.153.105 /xiahuan/Shop/detail/id/128.html
INFO: [ app_init ] --START--
INFO: Run Behavior\BuildLiteBehavior [ RunTime:0.000015s ]
INFO: [ app_init ] --END-- [ RunTime:0.000079s ]
INFO: [ app_begin ] --START--
INFO: Run Behavior\ReadHtmlCacheBehavior [ RunTime:0.002890s ]
INFO: Run Behavior\CheckLangBehavior [ RunTime:0.002915s ]
INFO: [ app_begin ] --END-- [ RunTime:0.005916s ]
ERR: 無法載入控制器:Xiahuan

[ 2022-08-09T14:41:16+08:00 ] 185.191.171.42 /xiahuan/Shop/categroy/shoptype/blog.html
INFO: [ app_init ] --START--
INFO: Run Behavior\BuildLiteBehavior [ RunTime:0.000016s ]
INFO: [ app_init ] --END-- [ RunTime:0.000078s ]
INFO: [ app_begin ] --START--
INFO: Run Behavior\ReadHtmlCacheBehavior [ RunTime:0.000594s ]
INFO: Run Behavior\CheckLangBehavior [ RunTime:0.001900s ]
INFO: [ app_begin ] --END-- [ RunTime:0.002589s ]
ERR: 無法載入控制器:Xiahuan

[ 2022-08-09T16:16:57+08:00 ] 114.119.153.108 /xiahuan/Shop/detail/id/68.html
INFO: [ app_init ] --START--
INFO: Run Behavior\BuildLiteBehavior [ RunTime:0.000017s ]
INFO: [ app_init ] --END-- [ RunTime:0.000082s ]
INFO: [ app_begin ] --START--
INFO: Run Behavior\ReadHtmlCacheBehavior [ RunTime:0.001206s ]
INFO: Run Behavior\CheckLangBehavior [ RunTime:0.002512s ]
INFO: [ app_begin ] --END-- [ RunTime:0.003836s ]
ERR: 無法載入控制器:Xiahuan

[ 2022-08-09T16:33:33+08:00 ] 114.119.153.106 /xiahuan/Shop/detail/id/99.html
INFO: [ app_init ] --START--
INFO: Run Behavior\BuildLiteBehavior [ RunTime:0.000014s ]
INFO: [ app_init ] --END-- [ RunTime:0.000062s ]
INFO: [ app_begin ] --START--
INFO: Run Behavior\ReadHtmlCacheBehavior [ RunTime:0.001703s ]
INFO: Run Behavior\CheckLangBehavior [ RunTime:0.001769s ]
INFO: [ app_begin ] --END-- [ RunTime:0.003551s ]
ERR: 無法載入控制器:Xiahuan

[ 2022-08-09T16:35:38+08:00 ] 185.191.171.4 /xiahuan/Shop/categroy/shoptype/page_login.html
INFO: [ app_init ] --START--
INFO: Run Behavior\BuildLiteBehavior [ RunTime:0.000011s ]
INFO: [ app_init ] --END-- [ RunTime:0.000053s ]
INFO: [ app_begin ] --START--
INFO: Run Behavior\ReadHtmlCacheBehavior [ RunTime:0.000432s ]
INFO: Run Behavior\CheckLangBehavior [ RunTime:0.002708s ]
INFO: [ app_begin ] --END-- [ RunTime:0.003205s ]
ERR: 無法載入控制器:Xiahuan

[ 2022-08-09T21:41:37+08:00 ] 185.191.171.1 /xiahuan/CultureHeritage/detail/id/blog.html
INFO: [ app_init ] --START--
INFO: Run Behavior\BuildLiteBehavior [ RunTime:0.000013s ]
INFO: [ app_init ] --END-- [ RunTime:0.000062s ]
INFO: [ app_begin ] --START--
INFO: Run Behavior\ReadHtmlCacheBehavior [ RunTime:0.001004s ]
INFO: Run Behavior\CheckLangBehavior [ RunTime:0.002283s ]
INFO: [ app_begin ] --END-- [ RunTime:0.003374s ]
ERR: 無法載入控制器:Xiahuan

[ 2022-08-09T23:31:37+08:00 ] 185.191.171.44 /xiahuan/CultureHeritage/detail/id/portfolio.html
INFO: [ app_init ] --START--
INFO: Run Behavior\BuildLiteBehavior [ RunTime:0.000017s ]
INFO: [ app_init ] --END-- [ RunTime:0.000085s ]
INFO: [ app_begin ] --START--
INFO: Run Behavior\ReadHtmlCacheBehavior [ RunTime:0.001243s ]
INFO: Run Behavior\CheckLangBehavior [ RunTime:0.002622s ]
INFO: [ app_begin ] --END-- [ RunTime:0.003970s ]
ERR: 無法載入控制器:Xiahuan

[ 2022-08-09T23:42:40+08:00 ] 114.119.152.97 /xiahuan/Shop/detail/id/127.html
INFO: [ app_init ] --START--
INFO: Run Behavior\BuildLiteBehavior [ RunTime:0.000011s ]
INFO: [ app_init ] --END-- [ RunTime:0.000056s ]
INFO: [ app_begin ] --START--
INFO: Run Behavior\ReadHtmlCacheBehavior [ RunTime:0.001025s ]
INFO: Run Behavior\CheckLangBehavior [ RunTime:0.001921s ]
INFO: [ app_begin ] --END-- [ RunTime:0.003051s ]
ERR: 無法載入控制器:Xiahuan

[ 2022-08-09T23:45:36+08:00 ] 185.191.171.7 /xiahuan/Media/portfolio-shop.html
INFO: [ app_init ] --START--
INFO: Run Behavior\BuildLiteBehavior [ RunTime:0.000015s ]
INFO: [ app_init ] --END-- [ RunTime:0.000073s ]
INFO: [ app_begin ] --START--
INFO: Run Behavior\ReadHtmlCacheBehavior [ RunTime:0.000662s ]
INFO: Run Behavior\CheckLangBehavior [ RunTime:0.001756s ]
INFO: [ app_begin ] --END-- [ RunTime:0.002529s ]
ERR: 無法載入控制器:Xiahuan

[ 2022-08-09T23:54:11+08:00 ] 114.119.153.105 /xiahuan/Shop/detail/id/90.html
INFO: [ app_init ] --START--
INFO: Run Behavior\BuildLiteBehavior [ RunTime:0.000016s ]
INFO: [ app_init ] --END-- [ RunTime:0.000078s ]
INFO: [ app_begin ] --START--
INFO: Run Behavior\ReadHtmlCacheBehavior [ RunTime:0.001140s ]
INFO: Run Behavior\CheckLangBehavior [ RunTime:0.003789s ]
INFO: [ app_begin ] --END-- [ RunTime:0.005036s ]
ERR: 無法載入控制器:Xiahuan

