[ 2022-08-15T00:04:52+08:00 ] 114.119.153.108 /xiahuan/Shop/detail/id/53.html
INFO: [ app_init ] --START--
INFO: Run Behavior\BuildLiteBehavior [ RunTime:0.000015s ]
INFO: [ app_init ] --END-- [ RunTime:0.000066s ]
INFO: [ app_begin ] --START--
INFO: Run Behavior\ReadHtmlCacheBehavior [ RunTime:0.001351s ]
INFO: Run Behavior\CheckLangBehavior [ RunTime:0.002238s ]
INFO: [ app_begin ] --END-- [ RunTime:0.003672s ]
ERR: 無法載入控制器:Xiahuan

[ 2022-08-15T00:34:48+08:00 ] 114.119.153.108 /xiahuan/Shop/index/p/5.html
INFO: [ app_init ] --START--
INFO: Run Behavior\BuildLiteBehavior [ RunTime:0.000017s ]
INFO: [ app_init ] --END-- [ RunTime:0.000086s ]
INFO: [ app_begin ] --START--
INFO: Run Behavior\ReadHtmlCacheBehavior [ RunTime:0.001171s ]
INFO: Run Behavior\CheckLangBehavior [ RunTime:0.003740s ]
INFO: [ app_begin ] --END-- [ RunTime:0.005055s ]
ERR: 無法載入控制器:Xiahuan

[ 2022-08-15T00:45:52+08:00 ] 114.119.152.97 /xiahuan/Shop/detail/id/57.html
INFO: [ app_init ] --START--
INFO: Run Behavior\BuildLiteBehavior [ RunTime:0.000020s ]
INFO: [ app_init ] --END-- [ RunTime:0.000090s ]
INFO: [ app_begin ] --START--
INFO: Run Behavior\ReadHtmlCacheBehavior [ RunTime:0.001185s ]
INFO: Run Behavior\CheckLangBehavior [ RunTime:0.003100s ]
INFO: [ app_begin ] --END-- [ RunTime:0.004395s ]
ERR: 無法載入控制器:Xiahuan

[ 2022-08-15T00:56:59+08:00 ] 114.119.153.105 /xiahuan/Posts/detail/id/7.html
INFO: [ app_init ] --START--
INFO: Run Behavior\BuildLiteBehavior [ RunTime:0.000014s ]
INFO: [ app_init ] --END-- [ RunTime:0.000065s ]
INFO: [ app_begin ] --START--
INFO: Run Behavior\ReadHtmlCacheBehavior [ RunTime:0.000958s ]
INFO: Run Behavior\CheckLangBehavior [ RunTime:0.001677s ]
INFO: [ app_begin ] --END-- [ RunTime:0.002707s ]
ERR: 無法載入控制器:Xiahuan

[ 2022-08-15T01:46:04+08:00 ] 114.119.153.106 /xiahuan/News/detail/id/9.html
INFO: [ app_init ] --START--
INFO: Run Behavior\BuildLiteBehavior [ RunTime:0.000017s ]
INFO: [ app_init ] --END-- [ RunTime:0.000083s ]
INFO: [ app_begin ] --START--
INFO: Run Behavior\ReadHtmlCacheBehavior [ RunTime:0.001181s ]
INFO: Run Behavior\CheckLangBehavior [ RunTime:0.004863s ]
INFO: [ app_begin ] --END-- [ RunTime:0.006150s ]
ERR: 無法載入控制器:Xiahuan

[ 2022-08-15T01:56:58+08:00 ] 185.191.171.44 /xiahuan/CultureHeritage/detail/id/3.html
INFO: [ app_init ] --START--
INFO: Run Behavior\BuildLiteBehavior [ RunTime:0.000018s ]
INFO: [ app_init ] --END-- [ RunTime:0.000095s ]
INFO: [ app_begin ] --START--
INFO: Run Behavior\ReadHtmlCacheBehavior [ RunTime:0.001141s ]
INFO: Run Behavior\CheckLangBehavior [ RunTime:0.003111s ]
INFO: [ app_begin ] --END-- [ RunTime:0.004361s ]
ERR: 無法載入控制器:Xiahuan

[ 2022-08-15T04:21:10+08:00 ] 185.191.171.24 /xiahuan/StreetHistory/portfolio-food.html
INFO: [ app_init ] --START--
INFO: Run Behavior\BuildLiteBehavior [ RunTime:0.000015s ]
INFO: [ app_init ] --END-- [ RunTime:0.000066s ]
INFO: [ app_begin ] --START--
INFO: Run Behavior\ReadHtmlCacheBehavior [ RunTime:0.000979s ]
INFO: Run Behavior\CheckLangBehavior [ RunTime:0.002167s ]
INFO: [ app_begin ] --END-- [ RunTime:0.003227s ]
ERR: 無法載入控制器:Xiahuan

[ 2022-08-15T05:47:43+08:00 ] 185.191.171.13 /xiahuan/Active/page_login.html
INFO: [ app_init ] --START--
INFO: Run Behavior\BuildLiteBehavior [ RunTime:0.000020s ]
INFO: [ app_init ] --END-- [ RunTime:0.000105s ]
INFO: [ app_begin ] --START--
INFO: Run Behavior\ReadHtmlCacheBehavior [ RunTime:0.001253s ]
INFO: Run Behavior\CheckLangBehavior [ RunTime:0.002775s ]
INFO: [ app_begin ] --END-- [ RunTime:0.004145s ]
ERR: 無法載入控制器:Xiahuan

[ 2022-08-15T06:34:39+08:00 ] 185.191.171.34 /xiahuan/StreetHistory/detail/id/6.html
INFO: [ app_init ] --START--
INFO: Run Behavior\BuildLiteBehavior [ RunTime:0.000018s ]
INFO: [ app_init ] --END-- [ RunTime:0.000086s ]
INFO: [ app_begin ] --START--
INFO: Run Behavior\ReadHtmlCacheBehavior [ RunTime:0.001210s ]
INFO: Run Behavior\CheckLangBehavior [ RunTime:0.002784s ]
INFO: [ app_begin ] --END-- [ RunTime:0.004101s ]
ERR: 無法載入控制器:Xiahuan

[ 2022-08-15T07:08:09+08:00 ] 185.191.171.9 /xiahuan/Shop/categroy/shoptype/discount/p/index.html
INFO: [ app_init ] --START--
INFO: Run Behavior\BuildLiteBehavior [ RunTime:0.000013s ]
INFO: [ app_init ] --END-- [ RunTime:0.000060s ]
INFO: [ app_begin ] --START--
INFO: Run Behavior\ReadHtmlCacheBehavior [ RunTime:0.000986s ]
INFO: Run Behavior\CheckLangBehavior [ RunTime:0.002329s ]
INFO: [ app_begin ] --END-- [ RunTime:0.003389s ]
ERR: 無法載入控制器:Xiahuan

[ 2022-08-15T08:44:33+08:00 ] 185.191.171.17 /xiahuan/Active/page_faq.html
INFO: [ app_init ] --START--
INFO: Run Behavior\BuildLiteBehavior [ RunTime:0.000011s ]
INFO: [ app_init ] --END-- [ RunTime:0.000058s ]
INFO: [ app_begin ] --START--
INFO: Run Behavior\ReadHtmlCacheBehavior [ RunTime:0.001949s ]
INFO: Run Behavior\CheckLangBehavior [ RunTime:0.002632s ]
INFO: [ app_begin ] --END-- [ RunTime:0.004665s ]
ERR: 無法載入控制器:Xiahuan

[ 2022-08-15T09:15:57+08:00 ] 185.191.171.12 /xiahuan/Active/portfolio.html
INFO: [ app_init ] --START--
INFO: Run Behavior\BuildLiteBehavior [ RunTime:0.000017s ]
INFO: [ app_init ] --END-- [ RunTime:0.000084s ]
INFO: [ app_begin ] --START--
INFO: Run Behavior\ReadHtmlCacheBehavior [ RunTime:0.001199s ]
INFO: Run Behavior\CheckLangBehavior [ RunTime:0.002652s ]
INFO: [ app_begin ] --END-- [ RunTime:0.003954s ]
ERR: 無法載入控制器:Xiahuan

[ 2022-08-15T11:36:50+08:00 ] 114.119.152.86 /xiahuan/News/detail/id/16.html
INFO: [ app_init ] --START--
INFO: Run Behavior\BuildLiteBehavior [ RunTime:0.000014s ]
INFO: [ app_init ] --END-- [ RunTime:0.000060s ]
INFO: [ app_begin ] --START--
INFO: Run Behavior\ReadHtmlCacheBehavior [ RunTime:0.001056s ]
INFO: Run Behavior\CheckLangBehavior [ RunTime:0.005516s ]
INFO: [ app_begin ] --END-- [ RunTime:0.006650s ]
ERR: 無法載入控制器:Xiahuan

[ 2022-08-15T11:45:35+08:00 ] 114.119.153.105 /xiahuan/Shop/detail/id/50.html
INFO: [ app_init ] --START--
INFO: Run Behavior\BuildLiteBehavior [ RunTime:0.000018s ]
INFO: [ app_init ] --END-- [ RunTime:0.001914s ]
INFO: [ app_begin ] --START--
INFO: Run Behavior\ReadHtmlCacheBehavior [ RunTime:0.001156s ]
INFO: Run Behavior\CheckLangBehavior [ RunTime:0.001957s ]
INFO: [ app_begin ] --END-- [ RunTime:0.003212s ]
ERR: 無法載入控制器:Xiahuan

[ 2022-08-15T11:46:33+08:00 ] 185.191.171.7 /xiahuan/News/index.html
INFO: [ app_init ] --START--
INFO: Run Behavior\BuildLiteBehavior [ RunTime:0.000017s ]
INFO: [ app_init ] --END-- [ RunTime:0.000087s ]
INFO: [ app_begin ] --START--
INFO: Run Behavior\ReadHtmlCacheBehavior [ RunTime:0.000655s ]
INFO: Run Behavior\CheckLangBehavior [ RunTime:0.001665s ]
INFO: [ app_begin ] --END-- [ RunTime:0.002438s ]
ERR: 無法載入控制器:Xiahuan

[ 2022-08-15T13:38:27+08:00 ] 173.252.111.4 /xiahuan/
INFO: [ app_init ] --START--
INFO: Run Behavior\BuildLiteBehavior [ RunTime:0.000014s ]
INFO: [ app_init ] --END-- [ RunTime:0.000080s ]
INFO: [ app_begin ] --START--
INFO: Run Behavior\ReadHtmlCacheBehavior [ RunTime:0.001632s ]
INFO: Run Behavior\CheckLangBehavior [ RunTime:0.002560s ]
INFO: [ app_begin ] --END-- [ RunTime:0.004294s ]
SQL: SHOW COLUMNS FROM `arm_active` [ RunTime:0.0057s ]
SQL: SELECT * FROM `arm_active` WHERE `deleted` IS NULL AND `status` = 'published' ORDER BY created desc LIMIT 4   [ RunTime:0.0029s ]
SQL: SHOW COLUMNS FROM `arm_news` [ RunTime:0.0029s ]
SQL: SELECT * FROM `arm_news` WHERE `deleted` IS NULL AND `status` = 'published' ORDER BY grade desc,created desc LIMIT 4   [ RunTime:0.0136s ]
SQL: SHOW COLUMNS FROM `arm_media` [ RunTime:0.0017s ]
SQL: SELECT * FROM `arm_media` WHERE `deleted` IS NULL AND `status` = 'published' ORDER BY grade desc,created desc LIMIT 3   [ RunTime:0.0059s ]
SQL: SHOW COLUMNS FROM `arm_media2` [ RunTime:0.0038s ]
SQL: SELECT * FROM `arm_media2` WHERE `deleted` IS NULL AND `status` = 'published' ORDER BY created desc LIMIT 3   [ RunTime:0.0077s ]
SQL: SHOW COLUMNS FROM `arm_shop` [ RunTime:0.0019s ]
SQL: SELECT * FROM `arm_shop` WHERE `deleted` IS NULL AND `status` = 'published' ORDER BY grade desc,created desc LIMIT 4   [ RunTime:0.0140s ]
SQL: SHOW COLUMNS FROM `arm_street_history` [ RunTime:0.0029s ]
SQL: SELECT * FROM `arm_street_history` WHERE `deleted` IS NULL AND `status` = 'published' ORDER BY rand() LIMIT 1   [ RunTime:0.0090s ]
SQL: SELECT * FROM `arm_shop` WHERE `deleted` IS NULL AND `status` = 'published' ORDER BY rand() LIMIT 1   [ RunTime:0.0012s ]
SQL: SHOW COLUMNS FROM `arm_posts` [ RunTime:0.0012s ]
SQL: SELECT * FROM `arm_posts` WHERE `deleted` IS NULL AND `status` = 'published' ORDER BY rand() LIMIT 1   [ RunTime:0.0167s ]
SQL: SHOW COLUMNS FROM `arm_active` [ RunTime:0.0004s ]
SQL: SHOW COLUMNS FROM `arm_slide` [ RunTime:0.0017s ]
SQL: SHOW COLUMNS FROM `arm_p_cbanner` [ RunTime:0.0017s ]
SQL: SHOW COLUMNS FROM `arm_introduce` [ RunTime:0.0022s ]
SQL: SHOW COLUMNS FROM `arm_community_image` [ RunTime:0.0013s ]
SQL: SHOW COLUMNS FROM `arm_street_history` [ RunTime:0.0005s ]
SQL: SHOW COLUMNS FROM `arm_shop` [ RunTime:0.0005s ]
SQL: SHOW COLUMNS FROM `arm_posts` [ RunTime:0.0005s ]
SQL: SHOW COLUMNS FROM `arm_news` [ RunTime:0.0004s ]
SQL: SHOW COLUMNS FROM `arm_media` [ RunTime:0.0004s ]
SQL: SHOW COLUMNS FROM `arm_media2` [ RunTime:0.0004s ]
SQL: SHOW COLUMNS FROM `arm_culture_heritage` [ RunTime:0.0018s ]
SQL: SHOW COLUMNS FROM `arm_links` [ RunTime:0.0010s ]
SQL: SELECT * FROM `arm_slide` WHERE `deleted` IS NULL AND `status` = 'published' ORDER BY re_time desc LIMIT 4   [ RunTime:0.0041s ]
SQL: SELECT * FROM `arm_p_cbanner` WHERE `deleted` IS NULL AND `status` = 'published' ORDER BY re_time desc LIMIT 6   [ RunTime:0.0048s ]
SQL: SELECT * FROM `arm_active` WHERE `deleted` IS NULL AND `status` = 'published' ORDER BY created desc  [ RunTime:0.0003s ]
SQL: SELECT * FROM `arm_community_image` WHERE `deleted` IS NULL AND `status` = 'published' ORDER BY created desc LIMIT 10   [ RunTime:0.0049s ]
SQL: SELECT * FROM `arm_street_history` WHERE `deleted` IS NULL AND `status` = 'published' ORDER BY sort desc,created desc  [ RunTime:0.0004s ]
SQL: SELECT * FROM `arm_shop` WHERE `deleted` IS NULL AND `status` = 'published' ORDER BY created desc  [ RunTime:0.0038s ]
SQL: SELECT * FROM `arm_posts` WHERE `deleted` IS NULL AND `status` = 'published' ORDER BY created desc  [ RunTime:0.0006s ]
SQL: SELECT * FROM `arm_news` WHERE `deleted` IS NULL AND `status` = 'published' ORDER BY created desc  [ RunTime:0.0025s ]
SQL: SELECT * FROM `arm_media` WHERE `deleted` IS NULL AND `status` = 'published' ORDER BY created desc  [ RunTime:0.0002s ]
SQL: SELECT * FROM `arm_media2` WHERE `deleted` IS NULL AND `status` = 'published' ORDER BY created desc  [ RunTime:0.0005s ]
SQL: SELECT * FROM `arm_culture_heritage` WHERE `deleted` IS NULL AND `status` = 'published' ORDER BY sort desc,created desc  [ RunTime:0.0160s ]
SQL: SELECT * FROM `arm_links` WHERE `deleted` IS NULL AND `status` = 'published' ORDER BY created desc LIMIT 50   [ RunTime:0.0071s ]
INFO: [ view_parse ] --START--
INFO: [ template_filter ] --START--
INFO: Run Behavior\ContentReplaceBehavior [ RunTime:0.000318s ]
INFO: [ template_filter ] --END-- [ RunTime:0.000372s ]
NOTIC: [8] Undefined variable: shoptype /pub/www/wwwroot/www.macauonline.net/xiahuan/App/Runtime/Cache/Home/00e52909bed743ea261af4b6823297ff.php 第 381 行.
NOTIC: [8] Undefined variable: shoptype /pub/www/wwwroot/www.macauonline.net/xiahuan/App/Runtime/Cache/Home/00e52909bed743ea261af4b6823297ff.php 第 384 行.
NOTIC: [8] Undefined variable: shoptype /pub/www/wwwroot/www.macauonline.net/xiahuan/App/Runtime/Cache/Home/00e52909bed743ea261af4b6823297ff.php 第 387 行.
NOTIC: [8] Undefined variable: shoptype /pub/www/wwwroot/www.macauonline.net/xiahuan/App/Runtime/Cache/Home/00e52909bed743ea261af4b6823297ff.php 第 402 行.
NOTIC: [8] Undefined variable: shoptype /pub/www/wwwroot/www.macauonline.net/xiahuan/App/Runtime/Cache/Home/00e52909bed743ea261af4b6823297ff.php 第 408 行.
NOTIC: [8] Undefined variable: shoptype /pub/www/wwwroot/www.macauonline.net/xiahuan/App/Runtime/Cache/Home/00e52909bed743ea261af4b6823297ff.php 第 414 行.
INFO: Run Behavior\ParseTemplateBehavior [ RunTime:0.051052s ]
INFO: [ view_parse ] --END-- [ RunTime:0.051111s ]
INFO: [ view_filter ] --START--
INFO: Run Behavior\WriteHtmlCacheBehavior [ RunTime:0.001193s ]
INFO: Run Behavior\TokenBuildBehavior [ RunTime:0.002725s ]
INFO: [ view_filter ] --END-- [ RunTime:0.004013s ]
INFO: [ app_end ] --START--
INFO: Run Behavior\ShowPageTraceBehavior [ RunTime:0.001209s ]
INFO: [ app_end ] --END-- [ RunTime:0.001270s ]

[ 2022-08-15T15:11:26+08:00 ] 185.191.171.33 /xiahuan/Shop/detail/id/8.html
INFO: [ app_init ] --START--
INFO: Run Behavior\BuildLiteBehavior [ RunTime:0.000014s ]
INFO: [ app_init ] --END-- [ RunTime:0.000080s ]
INFO: [ app_begin ] --START--
INFO: Run Behavior\ReadHtmlCacheBehavior [ RunTime:0.002440s ]
INFO: Run Behavior\CheckLangBehavior [ RunTime:0.002595s ]
INFO: [ app_begin ] --END-- [ RunTime:0.005111s ]
ERR: 無法載入控制器:Xiahuan

[ 2022-08-15T16:58:43+08:00 ] 185.191.171.1 /xiahuan/StreetHistory/portfolio-manual.html
INFO: [ app_init ] --START--
INFO: Run Behavior\BuildLiteBehavior [ RunTime:0.000014s ]
INFO: [ app_init ] --END-- [ RunTime:0.000077s ]
INFO: [ app_begin ] --START--
INFO: Run Behavior\ReadHtmlCacheBehavior [ RunTime:0.001276s ]
INFO: Run Behavior\CheckLangBehavior [ RunTime:0.002813s ]
INFO: [ app_begin ] --END-- [ RunTime:0.004165s ]
ERR: 無法載入控制器:Xiahuan

[ 2022-08-15T17:20:21+08:00 ] 219.131.243.9 /xiahuan/
INFO: [ app_init ] --START--
INFO: Run Behavior\BuildLiteBehavior [ RunTime:0.000017s ]
INFO: [ app_init ] --END-- [ RunTime:0.000082s ]
INFO: [ app_begin ] --START--
INFO: Run Behavior\ReadHtmlCacheBehavior [ RunTime:0.001306s ]
INFO: Run Behavior\CheckLangBehavior [ RunTime:0.003491s ]
INFO: [ app_begin ] --END-- [ RunTime:0.004906s ]
SQL: SHOW COLUMNS FROM `arm_active` [ RunTime:0.0055s ]
SQL: SELECT * FROM `arm_active` WHERE `deleted` IS NULL AND `status` = 'published' ORDER BY created desc LIMIT 4   [ RunTime:0.0001s ]
SQL: SHOW COLUMNS FROM `arm_news` [ RunTime:0.0034s ]
SQL: SELECT * FROM `arm_news` WHERE `deleted` IS NULL AND `status` = 'published' ORDER BY grade desc,created desc LIMIT 4   [ RunTime:0.0068s ]
SQL: SHOW COLUMNS FROM `arm_media` [ RunTime:0.0025s ]
SQL: SELECT * FROM `arm_media` WHERE `deleted` IS NULL AND `status` = 'published' ORDER BY grade desc,created desc LIMIT 3   [ RunTime:0.0001s ]
SQL: SHOW COLUMNS FROM `arm_media2` [ RunTime:0.0016s ]
SQL: SELECT * FROM `arm_media2` WHERE `deleted` IS NULL AND `status` = 'published' ORDER BY created desc LIMIT 3   [ RunTime:0.0010s ]
SQL: SHOW COLUMNS FROM `arm_shop` [ RunTime:0.0017s ]
SQL: SELECT * FROM `arm_shop` WHERE `deleted` IS NULL AND `status` = 'published' ORDER BY grade desc,created desc LIMIT 4   [ RunTime:0.0001s ]
SQL: SHOW COLUMNS FROM `arm_street_history` [ RunTime:0.0029s ]
SQL: SELECT * FROM `arm_street_history` WHERE `deleted` IS NULL AND `status` = 'published' ORDER BY rand() LIMIT 1   [ RunTime:0.0156s ]
SQL: SELECT * FROM `arm_shop` WHERE `deleted` IS NULL AND `status` = 'published' ORDER BY rand() LIMIT 1   [ RunTime:0.0165s ]
SQL: SHOW COLUMNS FROM `arm_posts` [ RunTime:0.0019s ]
SQL: SELECT * FROM `arm_posts` WHERE `deleted` IS NULL AND `status` = 'published' ORDER BY rand() LIMIT 1   [ RunTime:0.0120s ]
SQL: SHOW COLUMNS FROM `arm_active` [ RunTime:0.0005s ]
SQL: SHOW COLUMNS FROM `arm_slide` [ RunTime:0.0024s ]
SQL: SHOW COLUMNS FROM `arm_p_cbanner` [ RunTime:0.0012s ]
SQL: SHOW COLUMNS FROM `arm_introduce` [ RunTime:0.0019s ]
SQL: SHOW COLUMNS FROM `arm_community_image` [ RunTime:0.0017s ]
SQL: SHOW COLUMNS FROM `arm_street_history` [ RunTime:0.0005s ]
SQL: SHOW COLUMNS FROM `arm_shop` [ RunTime:0.0005s ]
SQL: SHOW COLUMNS FROM `arm_posts` [ RunTime:0.0005s ]
SQL: SHOW COLUMNS FROM `arm_news` [ RunTime:0.0004s ]
SQL: SHOW COLUMNS FROM `arm_media` [ RunTime:0.0005s ]
SQL: SHOW COLUMNS FROM `arm_media2` [ RunTime:0.0005s ]
SQL: SHOW COLUMNS FROM `arm_culture_heritage` [ RunTime:0.0021s ]
SQL: SHOW COLUMNS FROM `arm_links` [ RunTime:0.0013s ]
SQL: SELECT * FROM `arm_slide` WHERE `deleted` IS NULL AND `status` = 'published' ORDER BY re_time desc LIMIT 4   [ RunTime:0.0001s ]
SQL: SELECT * FROM `arm_p_cbanner` WHERE `deleted` IS NULL AND `status` = 'published' ORDER BY re_time desc LIMIT 6   [ RunTime:0.0001s ]
SQL: SELECT * FROM `arm_active` WHERE `deleted` IS NULL AND `status` = 'published' ORDER BY created desc  [ RunTime:0.0007s ]
SQL: SELECT * FROM `arm_community_image` WHERE `deleted` IS NULL AND `status` = 'published' ORDER BY created desc LIMIT 10   [ RunTime:0.0001s ]
SQL: SELECT * FROM `arm_street_history` WHERE `deleted` IS NULL AND `status` = 'published' ORDER BY sort desc,created desc  [ RunTime:0.0001s ]
SQL: SELECT * FROM `arm_shop` WHERE `deleted` IS NULL AND `status` = 'published' ORDER BY created desc  [ RunTime:0.0038s ]
SQL: SELECT * FROM `arm_posts` WHERE `deleted` IS NULL AND `status` = 'published' ORDER BY created desc  [ RunTime:0.0020s ]
SQL: SELECT * FROM `arm_news` WHERE `deleted` IS NULL AND `status` = 'published' ORDER BY created desc  [ RunTime:0.0013s ]
SQL: SELECT * FROM `arm_media` WHERE `deleted` IS NULL AND `status` = 'published' ORDER BY created desc  [ RunTime:0.0001s ]
SQL: SELECT * FROM `arm_media2` WHERE `deleted` IS NULL AND `status` = 'published' ORDER BY created desc  [ RunTime:0.0001s ]
SQL: SELECT * FROM `arm_culture_heritage` WHERE `deleted` IS NULL AND `status` = 'published' ORDER BY sort desc,created desc  [ RunTime:0.0007s ]
SQL: SELECT * FROM `arm_links` WHERE `deleted` IS NULL AND `status` = 'published' ORDER BY created desc LIMIT 50   [ RunTime:0.0001s ]
INFO: [ view_parse ] --START--
INFO: [ template_filter ] --START--
INFO: Run Behavior\ContentReplaceBehavior [ RunTime:0.000359s ]
INFO: [ template_filter ] --END-- [ RunTime:0.000438s ]
NOTIC: [8] Undefined variable: shoptype /pub/www/wwwroot/www.macauonline.net/xiahuan/App/Runtime/Cache/Home/00e52909bed743ea261af4b6823297ff.php 第 381 行.
NOTIC: [8] Undefined variable: shoptype /pub/www/wwwroot/www.macauonline.net/xiahuan/App/Runtime/Cache/Home/00e52909bed743ea261af4b6823297ff.php 第 384 行.
NOTIC: [8] Undefined variable: shoptype /pub/www/wwwroot/www.macauonline.net/xiahuan/App/Runtime/Cache/Home/00e52909bed743ea261af4b6823297ff.php 第 387 行.
NOTIC: [8] Undefined variable: shoptype /pub/www/wwwroot/www.macauonline.net/xiahuan/App/Runtime/Cache/Home/00e52909bed743ea261af4b6823297ff.php 第 402 行.
NOTIC: [8] Undefined variable: shoptype /pub/www/wwwroot/www.macauonline.net/xiahuan/App/Runtime/Cache/Home/00e52909bed743ea261af4b6823297ff.php 第 408 行.
NOTIC: [8] Undefined variable: shoptype /pub/www/wwwroot/www.macauonline.net/xiahuan/App/Runtime/Cache/Home/00e52909bed743ea261af4b6823297ff.php 第 414 行.
INFO: Run Behavior\ParseTemplateBehavior [ RunTime:0.060332s ]
INFO: [ view_parse ] --END-- [ RunTime:0.060459s ]
INFO: [ view_filter ] --START--
INFO: Run Behavior\WriteHtmlCacheBehavior [ RunTime:0.001037s ]
INFO: Run Behavior\TokenBuildBehavior [ RunTime:0.003305s ]
INFO: [ view_filter ] --END-- [ RunTime:0.004454s ]
INFO: [ app_end ] --START--
INFO: Run Behavior\ShowPageTraceBehavior [ RunTime:0.001210s ]
INFO: [ app_end ] --END-- [ RunTime:0.001274s ]

[ 2022-08-15T17:52:04+08:00 ] 185.191.171.22 /xiahuan/Shop/categroy/shoptype/discount/p/portfolio.html
INFO: [ app_init ] --START--
INFO: Run Behavior\BuildLiteBehavior [ RunTime:0.000015s ]
INFO: [ app_init ] --END-- [ RunTime:0.000078s ]
INFO: [ app_begin ] --START--
INFO: Run Behavior\ReadHtmlCacheBehavior [ RunTime:0.001189s ]
INFO: Run Behavior\CheckLangBehavior [ RunTime:0.003704s ]
INFO: [ app_begin ] --END-- [ RunTime:0.005012s ]
ERR: 無法載入控制器:Xiahuan

[ 2022-08-15T18:52:12+08:00 ] 185.191.171.42 /xiahuan/Shop/index.html
INFO: [ app_init ] --START--
INFO: Run Behavior\BuildLiteBehavior [ RunTime:0.000016s ]
INFO: [ app_init ] --END-- [ RunTime:0.000088s ]
INFO: [ app_begin ] --START--
INFO: Run Behavior\ReadHtmlCacheBehavior [ RunTime:0.001323s ]
INFO: Run Behavior\CheckLangBehavior [ RunTime:0.002855s ]
INFO: [ app_begin ] --END-- [ RunTime:0.004294s ]
ERR: 無法載入控制器:Xiahuan

[ 2022-08-15T19:05:27+08:00 ] 185.191.171.15 /xiahuan/Active/portfolio-food.html
INFO: [ app_init ] --START--
INFO: Run Behavior\BuildLiteBehavior [ RunTime:0.000016s ]
INFO: [ app_init ] --END-- [ RunTime:0.000081s ]
INFO: [ app_begin ] --START--
INFO: Run Behavior\ReadHtmlCacheBehavior [ RunTime:0.001689s ]
INFO: Run Behavior\CheckLangBehavior [ RunTime:0.002774s ]
INFO: [ app_begin ] --END-- [ RunTime:0.004583s ]
ERR: 無法載入控制器:Xiahuan

[ 2022-08-15T19:10:53+08:00 ] 185.191.171.6 /xiahuan/Index/portfolio-shop.html
INFO: [ app_init ] --START--
INFO: Run Behavior\BuildLiteBehavior [ RunTime:0.000018s ]
INFO: [ app_init ] --END-- [ RunTime:0.000084s ]
INFO: [ app_begin ] --START--
INFO: Run Behavior\ReadHtmlCacheBehavior [ RunTime:0.001174s ]
INFO: Run Behavior\CheckLangBehavior [ RunTime:0.004084s ]
INFO: [ app_begin ] --END-- [ RunTime:0.005368s ]
ERR: 無法載入控制器:Xiahuan

[ 2022-08-15T19:54:03+08:00 ] 114.119.153.105 /xiahuan/Shop/detail/id/21.html
INFO: [ app_init ] --START--
INFO: Run Behavior\BuildLiteBehavior [ RunTime:0.000012s ]
INFO: [ app_init ] --END-- [ RunTime:0.000062s ]
INFO: [ app_begin ] --START--
INFO: Run Behavior\ReadHtmlCacheBehavior [ RunTime:0.001291s ]
INFO: Run Behavior\CheckLangBehavior [ RunTime:0.002355s ]
INFO: [ app_begin ] --END-- [ RunTime:0.003732s ]
ERR: 無法載入控制器:Xiahuan

[ 2022-08-15T20:28:46+08:00 ] 114.119.153.105 /xiahuan/StreetHistory/detail/id/8.html
INFO: [ app_init ] --START--
INFO: Run Behavior\BuildLiteBehavior [ RunTime:0.000016s ]
INFO: [ app_init ] --END-- [ RunTime:0.000082s ]
INFO: [ app_begin ] --START--
INFO: Run Behavior\ReadHtmlCacheBehavior [ RunTime:0.001253s ]
INFO: Run Behavior\CheckLangBehavior [ RunTime:0.002000s ]
INFO: [ app_begin ] --END-- [ RunTime:0.003366s ]
ERR: 無法載入控制器:Xiahuan

[ 2022-08-15T20:34:11+08:00 ] 114.119.153.106 /xiahuan/Active/detail/id/4.html
INFO: [ app_init ] --START--
INFO: Run Behavior\BuildLiteBehavior [ RunTime:0.000015s ]
INFO: [ app_init ] --END-- [ RunTime:0.000091s ]
INFO: [ app_begin ] --START--
INFO: Run Behavior\ReadHtmlCacheBehavior [ RunTime:0.001411s ]
INFO: Run Behavior\CheckLangBehavior [ RunTime:0.006156s ]
INFO: [ app_begin ] --END-- [ RunTime:0.007680s ]
ERR: 無法載入控制器:Xiahuan

[ 2022-08-15T20:41:19+08:00 ] 114.119.153.106 /xiahuan/Shop/detail/id/88.html
INFO: [ app_init ] --START--
INFO: Run Behavior\BuildLiteBehavior [ RunTime:0.000011s ]
INFO: [ app_init ] --END-- [ RunTime:0.000058s ]
INFO: [ app_begin ] --START--
INFO: Run Behavior\ReadHtmlCacheBehavior [ RunTime:0.000808s ]
INFO: Run Behavior\CheckLangBehavior [ RunTime:0.005082s ]
INFO: [ app_begin ] --END-- [ RunTime:0.006029s ]
ERR: 無法載入控制器:Xiahuan

