[ 2022-08-14T00:08:31+08:00 ] 185.191.171.8 /xiahuan/Shop/categroy/shoptype/discount/p/page_faq.html
INFO: [ app_init ] --START--
INFO: Run Behavior\BuildLiteBehavior [ RunTime:0.000017s ]
INFO: [ app_init ] --END-- [ RunTime:0.000080s ]
INFO: [ app_begin ] --START--
INFO: Run Behavior\ReadHtmlCacheBehavior [ RunTime:0.001501s ]
INFO: Run Behavior\CheckLangBehavior [ RunTime:0.016737s ]
INFO: [ app_begin ] --END-- [ RunTime:0.018361s ]
ERR: 無法載入控制器:Xiahuan

[ 2022-08-14T00:24:12+08:00 ] 114.119.153.105 /xiahuan/Shop/categroy/shoptype/fashion/p/1.html
INFO: [ app_init ] --START--
INFO: Run Behavior\BuildLiteBehavior [ RunTime:0.000017s ]
INFO: [ app_init ] --END-- [ RunTime:0.000085s ]
INFO: [ app_begin ] --START--
INFO: Run Behavior\ReadHtmlCacheBehavior [ RunTime:0.001185s ]
INFO: Run Behavior\CheckLangBehavior [ RunTime:0.002115s ]
INFO: [ app_begin ] --END-- [ RunTime:0.003409s ]
ERR: 無法載入控制器:Xiahuan

[ 2022-08-14T00:36:21+08:00 ] 114.119.152.97 /xiahuan/Shop/detail/id/89.html
INFO: [ app_init ] --START--
INFO: Run Behavior\BuildLiteBehavior [ RunTime:0.000016s ]
INFO: [ app_init ] --END-- [ RunTime:0.000086s ]
INFO: [ app_begin ] --START--
INFO: Run Behavior\ReadHtmlCacheBehavior [ RunTime:0.001139s ]
INFO: Run Behavior\CheckLangBehavior [ RunTime:0.005572s ]
INFO: [ app_begin ] --END-- [ RunTime:0.006817s ]
ERR: 無法載入控制器:Xiahuan

[ 2022-08-14T00:50:55+08:00 ] 114.119.153.106 /xiahuan/Shop/detail/id/110.html
INFO: [ app_init ] --START--
INFO: Run Behavior\BuildLiteBehavior [ RunTime:0.000018s ]
INFO: [ app_init ] --END-- [ RunTime:0.000085s ]
INFO: [ app_begin ] --START--
INFO: Run Behavior\ReadHtmlCacheBehavior [ RunTime:0.001127s ]
INFO: Run Behavior\CheckLangBehavior [ RunTime:0.002226s ]
INFO: [ app_begin ] --END-- [ RunTime:0.003456s ]
ERR: 無法載入控制器:Xiahuan

[ 2022-08-14T01:02:11+08:00 ] 114.119.153.105 /xiahuan/News/detail/id/17.html
INFO: [ app_init ] --START--
INFO: Run Behavior\BuildLiteBehavior [ RunTime:0.000015s ]
INFO: [ app_init ] --END-- [ RunTime:0.000064s ]
INFO: [ app_begin ] --START--
INFO: Run Behavior\ReadHtmlCacheBehavior [ RunTime:0.005255s ]
INFO: Run Behavior\CheckLangBehavior [ RunTime:0.003082s ]
INFO: [ app_begin ] --END-- [ RunTime:0.008438s ]
ERR: 無法載入控制器:Xiahuan

[ 2022-08-14T01:24:46+08:00 ] 114.119.152.97 /xiahuan/Shop/detail/id/13.html
INFO: [ app_init ] --START--
INFO: Run Behavior\BuildLiteBehavior [ RunTime:0.000020s ]
INFO: [ app_init ] --END-- [ RunTime:0.000110s ]
INFO: [ app_begin ] --START--
INFO: Run Behavior\ReadHtmlCacheBehavior [ RunTime:0.000968s ]
INFO: Run Behavior\CheckLangBehavior [ RunTime:0.002388s ]
INFO: [ app_begin ] --END-- [ RunTime:0.003451s ]
ERR: 無法載入控制器:Xiahuan

[ 2022-08-14T01:30:22+08:00 ] 114.119.153.105 /xiahuan/Shop/detail/id/85.html
INFO: [ app_init ] --START--
INFO: Run Behavior\BuildLiteBehavior [ RunTime:0.000016s ]
INFO: [ app_init ] --END-- [ RunTime:0.000067s ]
INFO: [ app_begin ] --START--
INFO: Run Behavior\ReadHtmlCacheBehavior [ RunTime:0.001018s ]
INFO: Run Behavior\CheckLangBehavior [ RunTime:0.003802s ]
INFO: [ app_begin ] --END-- [ RunTime:0.004912s ]
ERR: 無法載入控制器:Xiahuan

[ 2022-08-14T02:18:35+08:00 ] 114.119.152.97 /xiahuan/Shop/detail/id/2.html
INFO: [ app_init ] --START--
INFO: Run Behavior\BuildLiteBehavior [ RunTime:0.000013s ]
INFO: [ app_init ] --END-- [ RunTime:0.000076s ]
INFO: [ app_begin ] --START--
INFO: Run Behavior\ReadHtmlCacheBehavior [ RunTime:0.001140s ]
INFO: Run Behavior\CheckLangBehavior [ RunTime:0.005594s ]
INFO: [ app_begin ] --END-- [ RunTime:0.006818s ]
ERR: 無法載入控制器:Xiahuan

[ 2022-08-14T03:36:41+08:00 ] 185.191.171.7 /xiahuan/CultureHeritage/detail/id/2.html
INFO: [ app_init ] --START--
INFO: Run Behavior\BuildLiteBehavior [ RunTime:0.000012s ]
INFO: [ app_init ] --END-- [ RunTime:0.000057s ]
INFO: [ app_begin ] --START--
INFO: Run Behavior\ReadHtmlCacheBehavior [ RunTime:0.001043s ]
INFO: Run Behavior\CheckLangBehavior [ RunTime:0.002136s ]
INFO: [ app_begin ] --END-- [ RunTime:0.003250s ]
ERR: 無法載入控制器:Xiahuan

[ 2022-08-14T05:45:02+08:00 ] 185.191.171.14 /xiahuan/Shop/categroy/shoptype/portfolio-shop.html
INFO: [ app_init ] --START--
INFO: Run Behavior\BuildLiteBehavior [ RunTime:0.000013s ]
INFO: [ app_init ] --END-- [ RunTime:0.000060s ]
INFO: [ app_begin ] --START--
INFO: Run Behavior\ReadHtmlCacheBehavior [ RunTime:0.000961s ]
INFO: Run Behavior\CheckLangBehavior [ RunTime:0.002236s ]
INFO: [ app_begin ] --END-- [ RunTime:0.003266s ]
ERR: 無法載入控制器:Xiahuan

[ 2022-08-14T05:53:54+08:00 ] 185.191.171.1 /xiahuan/Active/portfolio-manual.html
INFO: [ app_init ] --START--
INFO: Run Behavior\BuildLiteBehavior [ RunTime:0.000015s ]
INFO: [ app_init ] --END-- [ RunTime:0.000065s ]
INFO: [ app_begin ] --START--
INFO: Run Behavior\ReadHtmlCacheBehavior [ RunTime:0.000511s ]
INFO: Run Behavior\CheckLangBehavior [ RunTime:0.000665s ]
INFO: [ app_begin ] --END-- [ RunTime:0.001239s ]
ERR: 無法載入控制器:Xiahuan

[ 2022-08-14T07:33:12+08:00 ] 114.119.153.105 /xiahuan/StreetHistory/detail/id/4.html
INFO: [ app_init ] --START--
INFO: Run Behavior\BuildLiteBehavior [ RunTime:0.000018s ]
INFO: [ app_init ] --END-- [ RunTime:0.000087s ]
INFO: [ app_begin ] --START--
INFO: Run Behavior\ReadHtmlCacheBehavior [ RunTime:0.001171s ]
INFO: Run Behavior\CheckLangBehavior [ RunTime:0.002675s ]
INFO: [ app_begin ] --END-- [ RunTime:0.003951s ]
ERR: 無法載入控制器:Xiahuan

[ 2022-08-14T07:35:45+08:00 ] 185.191.171.10 /xiahuan/Shop/categroy/shoptype/food/p/1.html
INFO: [ app_init ] --START--
INFO: Run Behavior\BuildLiteBehavior [ RunTime:0.000016s ]
INFO: [ app_init ] --END-- [ RunTime:0.000072s ]
INFO: [ app_begin ] --START--
INFO: Run Behavior\ReadHtmlCacheBehavior [ RunTime:0.001217s ]
INFO: Run Behavior\CheckLangBehavior [ RunTime:0.003247s ]
INFO: [ app_begin ] --END-- [ RunTime:0.004582s ]
ERR: 無法載入控制器:Xiahuan

[ 2022-08-14T07:53:39+08:00 ] 114.119.152.86 /xiahuan/StreetHistory/detail/id/1.html
INFO: [ app_init ] --START--
INFO: Run Behavior\BuildLiteBehavior [ RunTime:0.000013s ]
INFO: [ app_init ] --END-- [ RunTime:0.000063s ]
INFO: [ app_begin ] --START--
INFO: Run Behavior\ReadHtmlCacheBehavior [ RunTime:0.001052s ]
INFO: Run Behavior\CheckLangBehavior [ RunTime:0.004393s ]
INFO: [ app_begin ] --END-- [ RunTime:0.005533s ]
ERR: 無法載入控制器:Xiahuan

[ 2022-08-14T07:59:39+08:00 ] 114.119.153.105 /xiahuan/Shop/detail/id/103.html
INFO: [ app_init ] --START--
INFO: Run Behavior\BuildLiteBehavior [ RunTime:0.000014s ]
INFO: [ app_init ] --END-- [ RunTime:0.000067s ]
INFO: [ app_begin ] --START--
INFO: Run Behavior\ReadHtmlCacheBehavior [ RunTime:0.000478s ]
INFO: Run Behavior\CheckLangBehavior [ RunTime:0.006621s ]
INFO: [ app_begin ] --END-- [ RunTime:0.007185s ]
ERR: 無法載入控制器:Xiahuan

[ 2022-08-14T10:35:53+08:00 ] 185.191.171.23 /xiahuan/Active/blog.html
INFO: [ app_init ] --START--
INFO: Run Behavior\BuildLiteBehavior [ RunTime:0.000020s ]
INFO: [ app_init ] --END-- [ RunTime:0.000108s ]
INFO: [ app_begin ] --START--
INFO: Run Behavior\ReadHtmlCacheBehavior [ RunTime:0.001205s ]
INFO: Run Behavior\CheckLangBehavior [ RunTime:0.002462s ]
INFO: [ app_begin ] --END-- [ RunTime:0.003770s ]
ERR: 無法載入控制器:Xiahuan

[ 2022-08-14T11:03:42+08:00 ] 185.191.171.26 /xiahuan/Shop/categroy/shoptype/fashion/p/2.html
INFO: [ app_init ] --START--
INFO: Run Behavior\BuildLiteBehavior [ RunTime:0.000014s ]
INFO: [ app_init ] --END-- [ RunTime:0.000065s ]
INFO: [ app_begin ] --START--
INFO: Run Behavior\ReadHtmlCacheBehavior [ RunTime:0.000935s ]
INFO: Run Behavior\CheckLangBehavior [ RunTime:0.002513s ]
INFO: [ app_begin ] --END-- [ RunTime:0.003526s ]
ERR: 無法載入控制器:Xiahuan

[ 2022-08-14T13:09:53+08:00 ] 185.191.171.45 /xiahuan/Posts/detail/id/8.html
INFO: [ app_init ] --START--
INFO: Run Behavior\BuildLiteBehavior [ RunTime:0.000013s ]
INFO: [ app_init ] --END-- [ RunTime:0.000060s ]
INFO: [ app_begin ] --START--
INFO: Run Behavior\ReadHtmlCacheBehavior [ RunTime:0.001013s ]
INFO: Run Behavior\CheckLangBehavior [ RunTime:0.002938s ]
INFO: [ app_begin ] --END-- [ RunTime:0.004025s ]
ERR: 無法載入控制器:Xiahuan

[ 2022-08-14T15:06:18+08:00 ] 185.191.171.4 /xiahuan/Shop/detail/id/7.html
INFO: [ app_init ] --START--
INFO: Run Behavior\BuildLiteBehavior [ RunTime:0.000019s ]
INFO: [ app_init ] --END-- [ RunTime:0.000096s ]
INFO: [ app_begin ] --START--
INFO: Run Behavior\ReadHtmlCacheBehavior [ RunTime:0.005899s ]
INFO: Run Behavior\CheckLangBehavior [ RunTime:0.005561s ]
INFO: [ app_begin ] --END-- [ RunTime:0.011626s ]
ERR: 無法載入控制器:Xiahuan

[ 2022-08-14T16:03:27+08:00 ] 114.119.152.97 /xiahuan/Shop/detail/id/31.html
INFO: [ app_init ] --START--
INFO: Run Behavior\BuildLiteBehavior [ RunTime:0.000023s ]
INFO: [ app_init ] --END-- [ RunTime:0.015078s ]
INFO: [ app_begin ] --START--
INFO: Run Behavior\ReadHtmlCacheBehavior [ RunTime:0.001594s ]
INFO: Run Behavior\CheckLangBehavior [ RunTime:0.007558s ]
INFO: [ app_begin ] --END-- [ RunTime:0.009296s ]
ERR: 無法載入控制器:Xiahuan

[ 2022-08-14T16:14:08+08:00 ] 114.119.152.86 /xiahuan/StreetHistory/detail/id/4.html
INFO: [ app_init ] --START--
INFO: Run Behavior\BuildLiteBehavior [ RunTime:0.000014s ]
INFO: [ app_init ] --END-- [ RunTime:0.000062s ]
INFO: [ app_begin ] --START--
INFO: Run Behavior\ReadHtmlCacheBehavior [ RunTime:0.003474s ]
INFO: Run Behavior\CheckLangBehavior [ RunTime:0.001717s ]
INFO: [ app_begin ] --END-- [ RunTime:0.005275s ]
ERR: 無法載入控制器:Xiahuan

[ 2022-08-14T16:30:08+08:00 ] 114.119.152.97 /xiahuan/Posts/detail/id/5.html
INFO: [ app_init ] --START--
INFO: Run Behavior\BuildLiteBehavior [ RunTime:0.000016s ]
INFO: [ app_init ] --END-- [ RunTime:0.000067s ]
INFO: [ app_begin ] --START--
INFO: Run Behavior\ReadHtmlCacheBehavior [ RunTime:0.000979s ]
INFO: Run Behavior\CheckLangBehavior [ RunTime:0.004277s ]
INFO: [ app_begin ] --END-- [ RunTime:0.005333s ]
ERR: 無法載入控制器:Xiahuan

[ 2022-08-14T16:35:28+08:00 ] 114.119.153.108 /xiahuan/Shop/detail/id/44.html
INFO: [ app_init ] --START--
INFO: Run Behavior\BuildLiteBehavior [ RunTime:0.000015s ]
INFO: [ app_init ] --END-- [ RunTime:0.000069s ]
INFO: [ app_begin ] --START--
INFO: Run Behavior\ReadHtmlCacheBehavior [ RunTime:0.001014s ]
INFO: Run Behavior\CheckLangBehavior [ RunTime:0.003815s ]
INFO: [ app_begin ] --END-- [ RunTime:0.004910s ]
ERR: 無法載入控制器:Xiahuan

[ 2022-08-14T16:40:46+08:00 ] 114.119.153.108 /xiahuan/Shop/detail/id/115.html
INFO: [ app_init ] --START--
INFO: Run Behavior\BuildLiteBehavior [ RunTime:0.000022s ]
INFO: [ app_init ] --END-- [ RunTime:0.000077s ]
INFO: [ app_begin ] --START--
INFO: Run Behavior\ReadHtmlCacheBehavior [ RunTime:0.000900s ]
INFO: Run Behavior\CheckLangBehavior [ RunTime:0.002130s ]
INFO: [ app_begin ] --END-- [ RunTime:0.003103s ]
ERR: 無法載入控制器:Xiahuan

[ 2022-08-14T16:46:06+08:00 ] 114.119.152.97 /xiahuan/Shop/detail/id/70.html
INFO: [ app_init ] --START--
INFO: Run Behavior\BuildLiteBehavior [ RunTime:0.000015s ]
INFO: [ app_init ] --END-- [ RunTime:0.000079s ]
INFO: [ app_begin ] --START--
INFO: Run Behavior\ReadHtmlCacheBehavior [ RunTime:0.001337s ]
INFO: Run Behavior\CheckLangBehavior [ RunTime:0.001471s ]
INFO: [ app_begin ] --END-- [ RunTime:0.002903s ]
ERR: 無法載入控制器:Xiahuan

[ 2022-08-14T17:07:33+08:00 ] 114.119.152.86 /xiahuan/Shop/categroy/shoptype/food.html
INFO: [ app_init ] --START--
INFO: Run Behavior\BuildLiteBehavior [ RunTime:0.000017s ]
INFO: [ app_init ] --END-- [ RunTime:0.000088s ]
INFO: [ app_begin ] --START--
INFO: Run Behavior\ReadHtmlCacheBehavior [ RunTime:0.001398s ]
INFO: Run Behavior\CheckLangBehavior [ RunTime:0.002412s ]
INFO: [ app_begin ] --END-- [ RunTime:0.003907s ]
ERR: 無法載入控制器:Xiahuan

[ 2022-08-14T17:12:55+08:00 ] 114.119.153.108 /xiahuan/Shop/detail/id/29.html
INFO: [ app_init ] --START--
INFO: Run Behavior\BuildLiteBehavior [ RunTime:0.000016s ]
INFO: [ app_init ] --END-- [ RunTime:0.000075s ]
INFO: [ app_begin ] --START--
INFO: Run Behavior\ReadHtmlCacheBehavior [ RunTime:0.000596s ]
INFO: Run Behavior\CheckLangBehavior [ RunTime:0.003369s ]
INFO: [ app_begin ] --END-- [ RunTime:0.004058s ]
ERR: 無法載入控制器:Xiahuan

[ 2022-08-14T17:23:19+08:00 ] 114.119.153.108 /xiahuan/Shop/index/p/6.html
INFO: [ app_init ] --START--
INFO: Run Behavior\BuildLiteBehavior [ RunTime:0.000016s ]
INFO: [ app_init ] --END-- [ RunTime:0.000075s ]
INFO: [ app_begin ] --START--
INFO: Run Behavior\ReadHtmlCacheBehavior [ RunTime:0.000603s ]
INFO: Run Behavior\CheckLangBehavior [ RunTime:0.000843s ]
INFO: [ app_begin ] --END-- [ RunTime:0.001553s ]
ERR: 無法載入控制器:Xiahuan

[ 2022-08-14T20:36:46+08:00 ] 185.191.171.35 /xiahuan/Index/blog.html
INFO: [ app_init ] --START--
INFO: Run Behavior\BuildLiteBehavior [ RunTime:0.000016s ]
INFO: [ app_init ] --END-- [ RunTime:0.000080s ]
INFO: [ app_begin ] --START--
INFO: Run Behavior\ReadHtmlCacheBehavior [ RunTime:0.001189s ]
INFO: Run Behavior\CheckLangBehavior [ RunTime:0.002697s ]
INFO: [ app_begin ] --END-- [ RunTime:0.003991s ]
ERR: 無法載入控制器:Xiahuan

[ 2022-08-14T21:15:50+08:00 ] 185.191.171.24 /xiahuan/StreetHistory/portfolio.html
INFO: [ app_init ] --START--
INFO: Run Behavior\BuildLiteBehavior [ RunTime:0.000016s ]
INFO: [ app_init ] --END-- [ RunTime:0.000119s ]
INFO: [ app_begin ] --START--
INFO: Run Behavior\ReadHtmlCacheBehavior [ RunTime:0.001158s ]
INFO: Run Behavior\CheckLangBehavior [ RunTime:0.002548s ]
INFO: [ app_begin ] --END-- [ RunTime:0.003814s ]
ERR: 無法載入控制器:Xiahuan

[ 2022-08-14T23:22:08+08:00 ] 114.119.153.108 /xiahuan/Media/index.html
INFO: [ app_init ] --START--
INFO: Run Behavior\BuildLiteBehavior [ RunTime:0.000017s ]
INFO: [ app_init ] --END-- [ RunTime:0.000086s ]
INFO: [ app_begin ] --START--
INFO: Run Behavior\ReadHtmlCacheBehavior [ RunTime:0.001269s ]
INFO: Run Behavior\CheckLangBehavior [ RunTime:0.003398s ]
INFO: [ app_begin ] --END-- [ RunTime:0.004788s ]
ERR: 無法載入控制器:Xiahuan

