[ 2022-07-23T17:35:54+08:00 ] 173.252.111.7 /xiahuan/
INFO: [ app_init ] --START--
INFO: Run Behavior\BuildLiteBehavior [ RunTime:0.000015s ]
INFO: [ app_init ] --END-- [ RunTime:0.000072s ]
INFO: [ app_begin ] --START--
INFO: Run Behavior\ReadHtmlCacheBehavior [ RunTime:0.001274s ]
INFO: Run Behavior\CheckLangBehavior [ RunTime:0.002437s ]
INFO: [ app_begin ] --END-- [ RunTime:0.003808s ]
SQL: SHOW COLUMNS FROM `arm_active` [ RunTime:0.0033s ]
SQL: SELECT * FROM `arm_active` WHERE `deleted` IS NULL AND `status` = 'published' ORDER BY created desc LIMIT 4   [ RunTime:0.0017s ]
SQL: SHOW COLUMNS FROM `arm_news` [ RunTime:0.0018s ]
SQL: SELECT * FROM `arm_news` WHERE `deleted` IS NULL AND `status` = 'published' ORDER BY grade desc,created desc LIMIT 4   [ RunTime:0.0071s ]
SQL: SHOW COLUMNS FROM `arm_media` [ RunTime:0.0012s ]
SQL: SELECT * FROM `arm_media` WHERE `deleted` IS NULL AND `status` = 'published' ORDER BY grade desc,created desc LIMIT 3   [ RunTime:0.0002s ]
SQL: SHOW COLUMNS FROM `arm_media2` [ RunTime:0.0012s ]
SQL: SELECT * FROM `arm_media2` WHERE `deleted` IS NULL AND `status` = 'published' ORDER BY created desc LIMIT 3   [ RunTime:0.0012s ]
SQL: SHOW COLUMNS FROM `arm_shop` [ RunTime:0.0014s ]
SQL: SELECT * FROM `arm_shop` WHERE `deleted` IS NULL AND `status` = 'published' ORDER BY grade desc,created desc LIMIT 4   [ RunTime:0.0034s ]
SQL: SHOW COLUMNS FROM `arm_street_history` [ RunTime:0.0023s ]
SQL: SELECT * FROM `arm_street_history` WHERE `deleted` IS NULL AND `status` = 'published' ORDER BY rand() LIMIT 1   [ RunTime:0.0011s ]
SQL: SELECT * FROM `arm_shop` WHERE `deleted` IS NULL AND `status` = 'published' ORDER BY rand() LIMIT 1   [ RunTime:0.0011s ]
SQL: SHOW COLUMNS FROM `arm_posts` [ RunTime:0.0014s ]
SQL: SELECT * FROM `arm_posts` WHERE `deleted` IS NULL AND `status` = 'published' ORDER BY rand() LIMIT 1   [ RunTime:0.0016s ]
SQL: SHOW COLUMNS FROM `arm_active` [ RunTime:0.0004s ]
SQL: SHOW COLUMNS FROM `arm_slide` [ RunTime:0.0010s ]
SQL: SHOW COLUMNS FROM `arm_p_cbanner` [ RunTime:0.0010s ]
SQL: SHOW COLUMNS FROM `arm_introduce` [ RunTime:0.0010s ]
SQL: SHOW COLUMNS FROM `arm_community_image` [ RunTime:0.0010s ]
SQL: SHOW COLUMNS FROM `arm_street_history` [ RunTime:0.0004s ]
SQL: SHOW COLUMNS FROM `arm_shop` [ RunTime:0.0004s ]
SQL: SHOW COLUMNS FROM `arm_posts` [ RunTime:0.0003s ]
SQL: SHOW COLUMNS FROM `arm_news` [ RunTime:0.0003s ]
SQL: SHOW COLUMNS FROM `arm_media` [ RunTime:0.0003s ]
SQL: SHOW COLUMNS FROM `arm_media2` [ RunTime:0.0003s ]
SQL: SHOW COLUMNS FROM `arm_culture_heritage` [ RunTime:0.0013s ]
SQL: SHOW COLUMNS FROM `arm_links` [ RunTime:0.0010s ]
SQL: SELECT * FROM `arm_slide` WHERE `deleted` IS NULL AND `status` = 'published' ORDER BY re_time desc LIMIT 4   [ RunTime:0.0010s ]
SQL: SELECT * FROM `arm_p_cbanner` WHERE `deleted` IS NULL AND `status` = 'published' ORDER BY re_time desc LIMIT 6   [ RunTime:0.0002s ]
SQL: SELECT * FROM `arm_active` WHERE `deleted` IS NULL AND `status` = 'published' ORDER BY created desc  [ RunTime:0.0003s ]
SQL: SELECT * FROM `arm_community_image` WHERE `deleted` IS NULL AND `status` = 'published' ORDER BY created desc LIMIT 10   [ RunTime:0.0009s ]
SQL: SELECT * FROM `arm_street_history` WHERE `deleted` IS NULL AND `status` = 'published' ORDER BY sort desc,created desc  [ RunTime:0.0004s ]
SQL: SELECT * FROM `arm_shop` WHERE `deleted` IS NULL AND `status` = 'published' ORDER BY created desc  [ RunTime:0.0014s ]
SQL: SELECT * FROM `arm_posts` WHERE `deleted` IS NULL AND `status` = 'published' ORDER BY created desc  [ RunTime:0.0005s ]
SQL: SELECT * FROM `arm_news` WHERE `deleted` IS NULL AND `status` = 'published' ORDER BY created desc  [ RunTime:0.0014s ]
SQL: SELECT * FROM `arm_media` WHERE `deleted` IS NULL AND `status` = 'published' ORDER BY created desc  [ RunTime:0.0002s ]
SQL: SELECT * FROM `arm_media2` WHERE `deleted` IS NULL AND `status` = 'published' ORDER BY created desc  [ RunTime:0.0006s ]
SQL: SELECT * FROM `arm_culture_heritage` WHERE `deleted` IS NULL AND `status` = 'published' ORDER BY sort desc,created desc  [ RunTime:0.0015s ]
SQL: SELECT * FROM `arm_links` WHERE `deleted` IS NULL AND `status` = 'published' ORDER BY created desc LIMIT 50   [ RunTime:0.0016s ]
INFO: [ view_parse ] --START--
INFO: [ template_filter ] --START--
INFO: Run Behavior\ContentReplaceBehavior [ RunTime:0.000300s ]
INFO: [ template_filter ] --END-- [ RunTime:0.000340s ]
NOTIC: [8] Undefined variable: shoptype /pub/www/wwwroot/www.macauonline.net/xiahuan/App/Runtime/Cache/Home/00e52909bed743ea261af4b6823297ff.php 第 381 行.
NOTIC: [8] Undefined variable: shoptype /pub/www/wwwroot/www.macauonline.net/xiahuan/App/Runtime/Cache/Home/00e52909bed743ea261af4b6823297ff.php 第 384 行.
NOTIC: [8] Undefined variable: shoptype /pub/www/wwwroot/www.macauonline.net/xiahuan/App/Runtime/Cache/Home/00e52909bed743ea261af4b6823297ff.php 第 387 行.
NOTIC: [8] Undefined variable: shoptype /pub/www/wwwroot/www.macauonline.net/xiahuan/App/Runtime/Cache/Home/00e52909bed743ea261af4b6823297ff.php 第 402 行.
NOTIC: [8] Undefined variable: shoptype /pub/www/wwwroot/www.macauonline.net/xiahuan/App/Runtime/Cache/Home/00e52909bed743ea261af4b6823297ff.php 第 408 行.
NOTIC: [8] Undefined variable: shoptype /pub/www/wwwroot/www.macauonline.net/xiahuan/App/Runtime/Cache/Home/00e52909bed743ea261af4b6823297ff.php 第 414 行.
INFO: Run Behavior\ParseTemplateBehavior [ RunTime:0.024962s ]
INFO: [ view_parse ] --END-- [ RunTime:0.025002s ]
INFO: [ view_filter ] --START--
INFO: Run Behavior\WriteHtmlCacheBehavior [ RunTime:0.000930s ]
INFO: Run Behavior\TokenBuildBehavior [ RunTime:0.001825s ]
INFO: [ view_filter ] --END-- [ RunTime:0.002813s ]
INFO: [ app_end ] --START--
INFO: Run Behavior\ShowPageTraceBehavior [ RunTime:0.001088s ]
INFO: [ app_end ] --END-- [ RunTime:0.001127s ]

