[ 2022-08-03T00:07:25+08:00 ] 114.119.153.106 /xiahuan/Active/detail/id/5.html
INFO: [ app_init ] --START--
INFO: Run Behavior\BuildLiteBehavior [ RunTime:0.000014s ]
INFO: [ app_init ] --END-- [ RunTime:0.000074s ]
INFO: [ app_begin ] --START--
INFO: Run Behavior\ReadHtmlCacheBehavior [ RunTime:0.000558s ]
INFO: Run Behavior\CheckLangBehavior [ RunTime:0.000781s ]
INFO: [ app_begin ] --END-- [ RunTime:0.001417s ]
ERR: 無法載入控制器:Xiahuan

[ 2022-08-03T00:31:36+08:00 ] 185.191.171.12 /xiahuan/Posts/detail/id/index.html
INFO: [ app_init ] --START--
INFO: Run Behavior\BuildLiteBehavior [ RunTime:0.000014s ]
INFO: [ app_init ] --END-- [ RunTime:0.000059s ]
INFO: [ app_begin ] --START--
INFO: Run Behavior\ReadHtmlCacheBehavior [ RunTime:0.000917s ]
INFO: Run Behavior\CheckLangBehavior [ RunTime:0.002262s ]
INFO: [ app_begin ] --END-- [ RunTime:0.003248s ]
ERR: 無法載入控制器:Xiahuan

[ 2022-08-03T00:41:06+08:00 ] 114.119.152.97 /xiahuan/Shop/detail/id/86.html
INFO: [ app_init ] --START--
INFO: Run Behavior\BuildLiteBehavior [ RunTime:0.000015s ]
INFO: [ app_init ] --END-- [ RunTime:0.000127s ]
INFO: [ app_begin ] --START--
INFO: Run Behavior\ReadHtmlCacheBehavior [ RunTime:0.000784s ]
INFO: Run Behavior\CheckLangBehavior [ RunTime:0.000977s ]
INFO: [ app_begin ] --END-- [ RunTime:0.001855s ]
ERR: 無法載入控制器:Xiahuan

[ 2022-08-03T00:58:01+08:00 ] 114.119.153.105 /xiahuan/Shop/detail/id/7.html
INFO: [ app_init ] --START--
INFO: Run Behavior\BuildLiteBehavior [ RunTime:0.000013s ]
INFO: [ app_init ] --END-- [ RunTime:0.000057s ]
INFO: [ app_begin ] --START--
INFO: Run Behavior\ReadHtmlCacheBehavior [ RunTime:0.000431s ]
INFO: Run Behavior\CheckLangBehavior [ RunTime:0.000627s ]
INFO: [ app_begin ] --END-- [ RunTime:0.001116s ]
ERR: 無法載入控制器:Xiahuan

[ 2022-08-03T01:07:35+08:00 ] 185.191.171.26 /xiahuan/News/detail/id/portfolio-manual.html
INFO: [ app_init ] --START--
INFO: Run Behavior\BuildLiteBehavior [ RunTime:0.000013s ]
INFO: [ app_init ] --END-- [ RunTime:0.000073s ]
INFO: [ app_begin ] --START--
INFO: Run Behavior\ReadHtmlCacheBehavior [ RunTime:0.000596s ]
INFO: Run Behavior\CheckLangBehavior [ RunTime:0.000999s ]
INFO: [ app_begin ] --END-- [ RunTime:0.001685s ]
ERR: 無法載入控制器:Xiahuan

[ 2022-08-03T01:17:23+08:00 ] 114.119.152.97 /xiahuan/News/detail/id/7.html
INFO: [ app_init ] --START--
INFO: Run Behavior\BuildLiteBehavior [ RunTime:0.000015s ]
INFO: [ app_init ] --END-- [ RunTime:0.000076s ]
INFO: [ app_begin ] --START--
INFO: Run Behavior\ReadHtmlCacheBehavior [ RunTime:0.000610s ]
INFO: Run Behavior\CheckLangBehavior [ RunTime:0.000779s ]
INFO: [ app_begin ] --END-- [ RunTime:0.001464s ]
ERR: 無法載入控制器:Xiahuan

[ 2022-08-03T01:30:11+08:00 ] 114.119.152.97 /xiahuan/Posts/detail/id/2.html
INFO: [ app_init ] --START--
INFO: Run Behavior\BuildLiteBehavior [ RunTime:0.000011s ]
INFO: [ app_init ] --END-- [ RunTime:0.000053s ]
INFO: [ app_begin ] --START--
INFO: Run Behavior\ReadHtmlCacheBehavior [ RunTime:0.000443s ]
INFO: Run Behavior\CheckLangBehavior [ RunTime:0.000596s ]
INFO: [ app_begin ] --END-- [ RunTime:0.001105s ]
ERR: 無法載入控制器:Xiahuan

[ 2022-08-03T01:35:52+08:00 ] 114.119.153.105 /xiahuan/Shop/detail/id/38.html
INFO: [ app_init ] --START--
INFO: Run Behavior\BuildLiteBehavior [ RunTime:0.000012s ]
INFO: [ app_init ] --END-- [ RunTime:0.000054s ]
INFO: [ app_begin ] --START--
INFO: Run Behavior\ReadHtmlCacheBehavior [ RunTime:0.000434s ]
INFO: Run Behavior\CheckLangBehavior [ RunTime:0.000574s ]
INFO: [ app_begin ] --END-- [ RunTime:0.001066s ]
ERR: 無法載入控制器:Xiahuan

[ 2022-08-03T01:40:55+08:00 ] 185.191.171.26 /xiahuan/Posts/detail/id/page_login.html
INFO: [ app_init ] --START--
INFO: Run Behavior\BuildLiteBehavior [ RunTime:0.000011s ]
INFO: [ app_init ] --END-- [ RunTime:0.000050s ]
INFO: [ app_begin ] --START--
INFO: Run Behavior\ReadHtmlCacheBehavior [ RunTime:0.000433s ]
INFO: Run Behavior\CheckLangBehavior [ RunTime:0.000651s ]
INFO: [ app_begin ] --END-- [ RunTime:0.001142s ]
ERR: 無法載入控制器:Xiahuan

[ 2022-08-03T01:52:24+08:00 ] 114.119.152.86 /xiahuan/Shop/detail/id/90.html
INFO: [ app_init ] --START--
INFO: Run Behavior\BuildLiteBehavior [ RunTime:0.000012s ]
INFO: [ app_init ] --END-- [ RunTime:0.000057s ]
INFO: [ app_begin ] --START--
INFO: Run Behavior\ReadHtmlCacheBehavior [ RunTime:0.000461s ]
INFO: Run Behavior\CheckLangBehavior [ RunTime:0.000612s ]
INFO: [ app_begin ] --END-- [ RunTime:0.001138s ]
ERR: 無法載入控制器:Xiahuan

[ 2022-08-03T02:54:44+08:00 ] 185.191.171.24 /xiahuan/Active/index/p/portfolio-food.html
INFO: [ app_init ] --START--
INFO: Run Behavior\BuildLiteBehavior [ RunTime:0.000015s ]
INFO: [ app_init ] --END-- [ RunTime:0.000079s ]
INFO: [ app_begin ] --START--
INFO: Run Behavior\ReadHtmlCacheBehavior [ RunTime:0.001968s ]
INFO: Run Behavior\CheckLangBehavior [ RunTime:0.004092s ]
INFO: [ app_begin ] --END-- [ RunTime:0.006176s ]
ERR: 無法載入控制器:Xiahuan

[ 2022-08-03T03:35:14+08:00 ] 185.191.171.3 /xiahuan/Posts/detail/id/5.html
INFO: [ app_init ] --START--
INFO: Run Behavior\BuildLiteBehavior [ RunTime:0.000013s ]
INFO: [ app_init ] --END-- [ RunTime:0.000064s ]
INFO: [ app_begin ] --START--
INFO: Run Behavior\ReadHtmlCacheBehavior [ RunTime:0.001407s ]
INFO: Run Behavior\CheckLangBehavior [ RunTime:0.004029s ]
INFO: [ app_begin ] --END-- [ RunTime:0.005544s ]
ERR: 無法載入控制器:Xiahuan

[ 2022-08-03T04:06:27+08:00 ] 185.191.171.9 /xiahuan/StreetHistory/detail/id/1.html
INFO: [ app_init ] --START--
INFO: Run Behavior\BuildLiteBehavior [ RunTime:0.000016s ]
INFO: [ app_init ] --END-- [ RunTime:0.000070s ]
INFO: [ app_begin ] --START--
INFO: Run Behavior\ReadHtmlCacheBehavior [ RunTime:0.000571s ]
INFO: Run Behavior\CheckLangBehavior [ RunTime:0.000892s ]
INFO: [ app_begin ] --END-- [ RunTime:0.001540s ]
ERR: 無法載入控制器:Xiahuan

[ 2022-08-03T04:08:48+08:00 ] 185.191.171.40 /xiahuan/Media/detail/id/page_faq.html
INFO: [ app_init ] --START--
INFO: Run Behavior\BuildLiteBehavior [ RunTime:0.000010s ]
INFO: [ app_init ] --END-- [ RunTime:0.000050s ]
INFO: [ app_begin ] --START--
INFO: Run Behavior\ReadHtmlCacheBehavior [ RunTime:0.000425s ]
INFO: Run Behavior\CheckLangBehavior [ RunTime:0.000695s ]
INFO: [ app_begin ] --END-- [ RunTime:0.001181s ]
ERR: 無法載入控制器:Xiahuan

[ 2022-08-03T04:17:48+08:00 ] 114.119.152.97 /xiahuan/Shop/detail/id/117.html
INFO: [ app_init ] --START--
INFO: Run Behavior\BuildLiteBehavior [ RunTime:0.000011s ]
INFO: [ app_init ] --END-- [ RunTime:0.000051s ]
INFO: [ app_begin ] --START--
INFO: Run Behavior\ReadHtmlCacheBehavior [ RunTime:0.000429s ]
INFO: Run Behavior\CheckLangBehavior [ RunTime:0.000618s ]
INFO: [ app_begin ] --END-- [ RunTime:0.001107s ]
ERR: 無法載入控制器:Xiahuan

[ 2022-08-03T04:42:53+08:00 ] 185.191.171.11 /xiahuan/StreetHistory/detail/id/page_faq.html
INFO: [ app_init ] --START--
INFO: Run Behavior\BuildLiteBehavior [ RunTime:0.000018s ]
INFO: [ app_init ] --END-- [ RunTime:0.000086s ]
INFO: [ app_begin ] --START--
INFO: Run Behavior\ReadHtmlCacheBehavior [ RunTime:0.001229s ]
INFO: Run Behavior\CheckLangBehavior [ RunTime:0.002629s ]
INFO: [ app_begin ] --END-- [ RunTime:0.003970s ]
ERR: 無法載入控制器:Xiahuan

[ 2022-08-03T04:44:05+08:00 ] 185.191.171.35 /xiahuan/Shop/categroy/shoptype/fashion/p/1.html
INFO: [ app_init ] --START--
INFO: Run Behavior\BuildLiteBehavior [ RunTime:0.000016s ]
INFO: [ app_init ] --END-- [ RunTime:0.000073s ]
INFO: [ app_begin ] --START--
INFO: Run Behavior\ReadHtmlCacheBehavior [ RunTime:0.000611s ]
INFO: Run Behavior\CheckLangBehavior [ RunTime:0.000910s ]
INFO: [ app_begin ] --END-- [ RunTime:0.001609s ]
ERR: 無法載入控制器:Xiahuan

[ 2022-08-03T05:04:42+08:00 ] 185.191.171.34 /xiahuan/Posts/detail/id/1.html
INFO: [ app_init ] --START--
INFO: Run Behavior\BuildLiteBehavior [ RunTime:0.000015s ]
INFO: [ app_init ] --END-- [ RunTime:0.000077s ]
INFO: [ app_begin ] --START--
INFO: Run Behavior\ReadHtmlCacheBehavior [ RunTime:0.000611s ]
INFO: Run Behavior\CheckLangBehavior [ RunTime:0.000982s ]
INFO: [ app_begin ] --END-- [ RunTime:0.001690s ]
ERR: 無法載入控制器:Xiahuan

[ 2022-08-03T05:37:13+08:00 ] 185.191.171.14 /xiahuan/Posts/detail/id/2.html
INFO: [ app_init ] --START--
INFO: Run Behavior\BuildLiteBehavior [ RunTime:0.000012s ]
INFO: [ app_init ] --END-- [ RunTime:0.000054s ]
INFO: [ app_begin ] --START--
INFO: Run Behavior\ReadHtmlCacheBehavior [ RunTime:0.000427s ]
INFO: Run Behavior\CheckLangBehavior [ RunTime:0.000648s ]
INFO: [ app_begin ] --END-- [ RunTime:0.001131s ]
ERR: 無法載入控制器:Xiahuan

[ 2022-08-03T06:05:51+08:00 ] 185.191.171.7 /xiahuan/Media2/detail/id/portfolio-manual.html
INFO: [ app_init ] --START--
INFO: Run Behavior\BuildLiteBehavior [ RunTime:0.000013s ]
INFO: [ app_init ] --END-- [ RunTime:0.000054s ]
INFO: [ app_begin ] --START--
INFO: Run Behavior\ReadHtmlCacheBehavior [ RunTime:0.000477s ]
INFO: Run Behavior\CheckLangBehavior [ RunTime:0.000711s ]
INFO: [ app_begin ] --END-- [ RunTime:0.001282s ]
ERR: 無法載入控制器:Xiahuan

[ 2022-08-03T06:18:07+08:00 ] 185.191.171.8 /xiahuan/Media2/detail/id/portfolio-shop.html
INFO: [ app_init ] --START--
INFO: Run Behavior\BuildLiteBehavior [ RunTime:0.000016s ]
INFO: [ app_init ] --END-- [ RunTime:0.000081s ]
INFO: [ app_begin ] --START--
INFO: Run Behavior\ReadHtmlCacheBehavior [ RunTime:0.001245s ]
INFO: Run Behavior\CheckLangBehavior [ RunTime:0.003112s ]
INFO: [ app_begin ] --END-- [ RunTime:0.004491s ]
ERR: 無法載入控制器:Xiahuan

[ 2022-08-03T06:44:33+08:00 ] 114.119.153.106 /xiahuan/Media/index.html
INFO: [ app_init ] --START--
INFO: Run Behavior\BuildLiteBehavior [ RunTime:0.000012s ]
INFO: [ app_init ] --END-- [ RunTime:0.000054s ]
INFO: [ app_begin ] --START--
INFO: Run Behavior\ReadHtmlCacheBehavior [ RunTime:0.000429s ]
INFO: Run Behavior\CheckLangBehavior [ RunTime:0.000578s ]
INFO: [ app_begin ] --END-- [ RunTime:0.001062s ]
ERR: 無法載入控制器:Xiahuan

[ 2022-08-03T06:52:15+08:00 ] 185.191.171.40 /xiahuan/Media2/detail/id/index.html
INFO: [ app_init ] --START--
INFO: Run Behavior\BuildLiteBehavior [ RunTime:0.000012s ]
INFO: [ app_init ] --END-- [ RunTime:0.000053s ]
INFO: [ app_begin ] --START--
INFO: Run Behavior\ReadHtmlCacheBehavior [ RunTime:0.000432s ]
INFO: Run Behavior\CheckLangBehavior [ RunTime:0.000657s ]
INFO: [ app_begin ] --END-- [ RunTime:0.001146s ]
ERR: 無法載入控制器:Xiahuan

[ 2022-08-03T06:53:49+08:00 ] 185.191.171.15 /xiahuan/CultureHeritage/portfolio-shop.html
INFO: [ app_init ] --START--
INFO: Run Behavior\BuildLiteBehavior [ RunTime:0.000011s ]
INFO: [ app_init ] --END-- [ RunTime:0.000053s ]
INFO: [ app_begin ] --START--
INFO: Run Behavior\ReadHtmlCacheBehavior [ RunTime:0.000428s ]
INFO: Run Behavior\CheckLangBehavior [ RunTime:0.000679s ]
INFO: [ app_begin ] --END-- [ RunTime:0.001166s ]
ERR: 無法載入控制器:Xiahuan

[ 2022-08-03T07:05:48+08:00 ] 114.119.153.105 /xiahuan/Shop/detail/id/9.html
INFO: [ app_init ] --START--
INFO: Run Behavior\BuildLiteBehavior [ RunTime:0.000014s ]
INFO: [ app_init ] --END-- [ RunTime:0.000057s ]
INFO: [ app_begin ] --START--
INFO: Run Behavior\ReadHtmlCacheBehavior [ RunTime:0.000435s ]
INFO: Run Behavior\CheckLangBehavior [ RunTime:0.000574s ]
INFO: [ app_begin ] --END-- [ RunTime:0.001063s ]
ERR: 無法載入控制器:Xiahuan

[ 2022-08-03T07:16:10+08:00 ] 114.119.152.86 /xiahuan/Shop/detail/id/15.html
INFO: [ app_init ] --START--
INFO: Run Behavior\BuildLiteBehavior [ RunTime:0.000016s ]
INFO: [ app_init ] --END-- [ RunTime:0.000086s ]
INFO: [ app_begin ] --START--
INFO: Run Behavior\ReadHtmlCacheBehavior [ RunTime:0.001173s ]
INFO: Run Behavior\CheckLangBehavior [ RunTime:0.005158s ]
INFO: [ app_begin ] --END-- [ RunTime:0.006446s ]
ERR: 無法載入控制器:Xiahuan

[ 2022-08-03T07:22:03+08:00 ] 114.119.153.108 /xiahuan/Shop/detail/id/69.html
INFO: [ app_init ] --START--
INFO: Run Behavior\BuildLiteBehavior [ RunTime:0.000017s ]
INFO: [ app_init ] --END-- [ RunTime:0.000081s ]
INFO: [ app_begin ] --START--
INFO: Run Behavior\ReadHtmlCacheBehavior [ RunTime:0.000635s ]
INFO: Run Behavior\CheckLangBehavior [ RunTime:0.000882s ]
INFO: [ app_begin ] --END-- [ RunTime:0.001602s ]
ERR: 無法載入控制器:Xiahuan

[ 2022-08-03T07:28:00+08:00 ] 185.191.171.37 /xiahuan/Media/detail/id/portfolio-shop.html
INFO: [ app_init ] --START--
INFO: Run Behavior\BuildLiteBehavior [ RunTime:0.000013s ]
INFO: [ app_init ] --END-- [ RunTime:0.000054s ]
INFO: [ app_begin ] --START--
INFO: Run Behavior\ReadHtmlCacheBehavior [ RunTime:0.000436s ]
INFO: Run Behavior\CheckLangBehavior [ RunTime:0.002475s ]
INFO: [ app_begin ] --END-- [ RunTime:0.002981s ]
ERR: 無法載入控制器:Xiahuan

[ 2022-08-03T07:51:36+08:00 ] 114.119.153.108 /xiahuan/Shop/detail/id/43.html
INFO: [ app_init ] --START--
INFO: Run Behavior\BuildLiteBehavior [ RunTime:0.000015s ]
INFO: [ app_init ] --END-- [ RunTime:0.000103s ]
INFO: [ app_begin ] --START--
INFO: Run Behavior\ReadHtmlCacheBehavior [ RunTime:0.001307s ]
INFO: Run Behavior\CheckLangBehavior [ RunTime:0.003843s ]
INFO: [ app_begin ] --END-- [ RunTime:0.005247s ]
ERR: 無法載入控制器:Xiahuan

[ 2022-08-03T08:11:30+08:00 ] 185.191.171.17 /xiahuan/Posts/detail/id/portfolio-shop.html
INFO: [ app_init ] --START--
INFO: Run Behavior\BuildLiteBehavior [ RunTime:0.000012s ]
INFO: [ app_init ] --END-- [ RunTime:0.000061s ]
INFO: [ app_begin ] --START--
INFO: Run Behavior\ReadHtmlCacheBehavior [ RunTime:0.000966s ]
INFO: Run Behavior\CheckLangBehavior [ RunTime:0.002741s ]
INFO: [ app_begin ] --END-- [ RunTime:0.003780s ]
ERR: 無法載入控制器:Xiahuan

[ 2022-08-03T08:12:51+08:00 ] 114.119.153.108 /xiahuan/Shop/detail/id/75.html
INFO: [ app_init ] --START--
INFO: Run Behavior\BuildLiteBehavior [ RunTime:0.000012s ]
INFO: [ app_init ] --END-- [ RunTime:0.000054s ]
INFO: [ app_begin ] --START--
INFO: Run Behavior\ReadHtmlCacheBehavior [ RunTime:0.000438s ]
INFO: Run Behavior\CheckLangBehavior [ RunTime:0.000619s ]
INFO: [ app_begin ] --END-- [ RunTime:0.001116s ]
ERR: 無法載入控制器:Xiahuan

[ 2022-08-03T08:14:13+08:00 ] 185.191.171.4 /xiahuan/Shop/portfolio-shop.html
INFO: [ app_init ] --START--
INFO: Run Behavior\BuildLiteBehavior [ RunTime:0.000011s ]
INFO: [ app_init ] --END-- [ RunTime:0.000050s ]
INFO: [ app_begin ] --START--
INFO: Run Behavior\ReadHtmlCacheBehavior [ RunTime:0.000471s ]
INFO: Run Behavior\CheckLangBehavior [ RunTime:0.000714s ]
INFO: [ app_begin ] --END-- [ RunTime:0.001251s ]
ERR: 無法載入控制器:Xiahuan

[ 2022-08-03T10:00:00+08:00 ] 185.191.171.35 /xiahuan/Active/index/p/page_login.html
INFO: [ app_init ] --START--
INFO: Run Behavior\BuildLiteBehavior [ RunTime:0.000017s ]
INFO: [ app_init ] --END-- [ RunTime:0.000087s ]
INFO: [ app_begin ] --START--
INFO: Run Behavior\ReadHtmlCacheBehavior [ RunTime:0.001164s ]
INFO: Run Behavior\CheckLangBehavior [ RunTime:0.002699s ]
INFO: [ app_begin ] --END-- [ RunTime:0.003972s ]
ERR: 無法載入控制器:Xiahuan

[ 2022-08-03T10:07:54+08:00 ] 185.191.171.11 /xiahuan/News/detail/id/portfolio-shop.html
INFO: [ app_init ] --START--
INFO: Run Behavior\BuildLiteBehavior [ RunTime:0.000011s ]
INFO: [ app_init ] --END-- [ RunTime:0.000054s ]
INFO: [ app_begin ] --START--
INFO: Run Behavior\ReadHtmlCacheBehavior [ RunTime:0.000437s ]
INFO: Run Behavior\CheckLangBehavior [ RunTime:0.000652s ]
INFO: [ app_begin ] --END-- [ RunTime:0.001149s ]
ERR: 無法載入控制器:Xiahuan

[ 2022-08-03T10:19:53+08:00 ] 114.119.152.97 /xiahuan/Media/detail/id/21.html
INFO: [ app_init ] --START--
INFO: Run Behavior\BuildLiteBehavior [ RunTime:0.000012s ]
INFO: [ app_init ] --END-- [ RunTime:0.000052s ]
INFO: [ app_begin ] --START--
INFO: Run Behavior\ReadHtmlCacheBehavior [ RunTime:0.000449s ]
INFO: Run Behavior\CheckLangBehavior [ RunTime:0.000653s ]
INFO: [ app_begin ] --END-- [ RunTime:0.001164s ]
ERR: 無法載入控制器:Xiahuan

[ 2022-08-03T11:01:37+08:00 ] 114.119.152.97 /xiahuan/Shop/detail/id/79.html
INFO: [ app_init ] --START--
INFO: Run Behavior\BuildLiteBehavior [ RunTime:0.000013s ]
INFO: [ app_init ] --END-- [ RunTime:0.000063s ]
INFO: [ app_begin ] --START--
INFO: Run Behavior\ReadHtmlCacheBehavior [ RunTime:0.001022s ]
INFO: Run Behavior\CheckLangBehavior [ RunTime:0.001716s ]
INFO: [ app_begin ] --END-- [ RunTime:0.002815s ]
ERR: 無法載入控制器:Xiahuan

[ 2022-08-03T12:12:03+08:00 ] 114.119.153.108 /xiahuan/Shop/detail/id/48.html
INFO: [ app_init ] --START--
INFO: Run Behavior\BuildLiteBehavior [ RunTime:0.000015s ]
INFO: [ app_init ] --END-- [ RunTime:0.000066s ]
INFO: [ app_begin ] --START--
INFO: Run Behavior\ReadHtmlCacheBehavior [ RunTime:0.001937s ]
INFO: Run Behavior\CheckLangBehavior [ RunTime:0.002176s ]
INFO: [ app_begin ] --END-- [ RunTime:0.004191s ]
ERR: 無法載入控制器:Xiahuan

[ 2022-08-03T12:17:18+08:00 ] 185.191.171.18 /xiahuan/Shop/index/p/blog.html
INFO: [ app_init ] --START--
INFO: Run Behavior\BuildLiteBehavior [ RunTime:0.000012s ]
INFO: [ app_init ] --END-- [ RunTime:0.000054s ]
INFO: [ app_begin ] --START--
INFO: Run Behavior\ReadHtmlCacheBehavior [ RunTime:0.000432s ]
INFO: Run Behavior\CheckLangBehavior [ RunTime:0.001382s ]
INFO: [ app_begin ] --END-- [ RunTime:0.001877s ]
ERR: 無法載入控制器:Xiahuan

[ 2022-08-03T14:08:20+08:00 ] 185.191.171.24 /xiahuan/Shop/index/p/4.html
INFO: [ app_init ] --START--
INFO: Run Behavior\BuildLiteBehavior [ RunTime:0.000012s ]
INFO: [ app_init ] --END-- [ RunTime:0.000059s ]
INFO: [ app_begin ] --START--
INFO: Run Behavior\ReadHtmlCacheBehavior [ RunTime:0.000995s ]
INFO: Run Behavior\CheckLangBehavior [ RunTime:0.002739s ]
INFO: [ app_begin ] --END-- [ RunTime:0.003827s ]
ERR: 無法載入控制器:Xiahuan

[ 2022-08-03T15:00:36+08:00 ] 114.119.152.86 /xiahuan/Shop/detail/id/55.html
INFO: [ app_init ] --START--
INFO: Run Behavior\BuildLiteBehavior [ RunTime:0.000016s ]
INFO: [ app_init ] --END-- [ RunTime:0.000136s ]
INFO: [ app_begin ] --START--
INFO: Run Behavior\ReadHtmlCacheBehavior [ RunTime:0.004434s ]
INFO: Run Behavior\CheckLangBehavior [ RunTime:0.043684s ]
INFO: [ app_begin ] --END-- [ RunTime:0.048254s ]
ERR: 無法載入控制器:Xiahuan

[ 2022-08-03T15:17:46+08:00 ] 114.119.153.108 /xiahuan/Shop/detail/id/13.html
INFO: [ app_init ] --START--
INFO: Run Behavior\BuildLiteBehavior [ RunTime:0.000016s ]
INFO: [ app_init ] --END-- [ RunTime:0.000083s ]
INFO: [ app_begin ] --START--
INFO: Run Behavior\ReadHtmlCacheBehavior [ RunTime:0.020346s ]
INFO: Run Behavior\CheckLangBehavior [ RunTime:0.043763s ]
INFO: [ app_begin ] --END-- [ RunTime:0.064248s ]
ERR: 無法載入控制器:Xiahuan

[ 2022-08-03T15:22:38+08:00 ] 114.119.152.97 /xiahuan/Shop/detail/id/81.html
INFO: [ app_init ] --START--
INFO: Run Behavior\BuildLiteBehavior [ RunTime:0.000015s ]
INFO: [ app_init ] --END-- [ RunTime:0.000090s ]
INFO: [ app_begin ] --START--
INFO: Run Behavior\ReadHtmlCacheBehavior [ RunTime:0.003662s ]
INFO: Run Behavior\CheckLangBehavior [ RunTime:0.018816s ]
INFO: [ app_begin ] --END-- [ RunTime:0.022619s ]
ERR: 無法載入控制器:Xiahuan

[ 2022-08-03T15:41:29+08:00 ] 185.191.171.25 /xiahuan/Active/detail/id/blog.html
INFO: [ app_init ] --START--
INFO: Run Behavior\BuildLiteBehavior [ RunTime:0.000013s ]
INFO: [ app_init ] --END-- [ RunTime:0.000066s ]
INFO: [ app_begin ] --START--
INFO: Run Behavior\ReadHtmlCacheBehavior [ RunTime:0.001057s ]
INFO: Run Behavior\CheckLangBehavior [ RunTime:0.003761s ]
INFO: [ app_begin ] --END-- [ RunTime:0.004895s ]
ERR: 無法載入控制器:Xiahuan

[ 2022-08-03T16:18:38+08:00 ] 185.191.171.26 /xiahuan/Shop/blog.html
INFO: [ app_init ] --START--
INFO: Run Behavior\BuildLiteBehavior [ RunTime:0.000015s ]
INFO: [ app_init ] --END-- [ RunTime:0.000081s ]
INFO: [ app_begin ] --START--
INFO: Run Behavior\ReadHtmlCacheBehavior [ RunTime:0.001396s ]
INFO: Run Behavior\CheckLangBehavior [ RunTime:0.006692s ]
INFO: [ app_begin ] --END-- [ RunTime:0.008201s ]
ERR: 無法載入控制器:Xiahuan

[ 2022-08-03T16:28:06+08:00 ] 185.191.171.3 /xiahuan/Active/index/p/portfolio-manual.html
INFO: [ app_init ] --START--
INFO: Run Behavior\BuildLiteBehavior [ RunTime:0.000013s ]
INFO: [ app_init ] --END-- [ RunTime:0.000054s ]
INFO: [ app_begin ] --START--
INFO: Run Behavior\ReadHtmlCacheBehavior [ RunTime:0.000449s ]
INFO: Run Behavior\CheckLangBehavior [ RunTime:0.000655s ]
INFO: [ app_begin ] --END-- [ RunTime:0.001163s ]
ERR: 無法載入控制器:Xiahuan

[ 2022-08-03T16:43:27+08:00 ] 185.191.171.20 /xiahuan/Active/detail/id/page_login.html
INFO: [ app_init ] --START--
INFO: Run Behavior\BuildLiteBehavior [ RunTime:0.000017s ]
INFO: [ app_init ] --END-- [ RunTime:0.000078s ]
INFO: [ app_begin ] --START--
INFO: Run Behavior\ReadHtmlCacheBehavior [ RunTime:0.000610s ]
INFO: Run Behavior\CheckLangBehavior [ RunTime:0.000956s ]
INFO: [ app_begin ] --END-- [ RunTime:0.001658s ]
ERR: 無法載入控制器:Xiahuan

[ 2022-08-03T17:00:57+08:00 ] 114.119.153.105 /xiahuan/Shop/detail/id/96.html
INFO: [ app_init ] --START--
INFO: Run Behavior\BuildLiteBehavior [ RunTime:0.000014s ]
INFO: [ app_init ] --END-- [ RunTime:0.000072s ]
INFO: [ app_begin ] --START--
INFO: Run Behavior\ReadHtmlCacheBehavior [ RunTime:0.000593s ]
INFO: Run Behavior\CheckLangBehavior [ RunTime:0.000902s ]
INFO: [ app_begin ] --END-- [ RunTime:0.001582s ]
ERR: 無法載入控制器:Xiahuan

[ 2022-08-03T17:04:56+08:00 ] 185.191.171.22 /xiahuan/StreetHistory/detail/id/index.html
INFO: [ app_init ] --START--
INFO: Run Behavior\BuildLiteBehavior [ RunTime:0.000014s ]
INFO: [ app_init ] --END-- [ RunTime:0.000071s ]
INFO: [ app_begin ] --START--
INFO: Run Behavior\ReadHtmlCacheBehavior [ RunTime:0.000584s ]
INFO: Run Behavior\CheckLangBehavior [ RunTime:0.000890s ]
INFO: [ app_begin ] --END-- [ RunTime:0.001554s ]
ERR: 無法載入控制器:Xiahuan

[ 2022-08-03T17:07:15+08:00 ] 114.119.153.108 /xiahuan/Shop/detail/id/118.html
INFO: [ app_init ] --START--
INFO: Run Behavior\BuildLiteBehavior [ RunTime:0.000014s ]
INFO: [ app_init ] --END-- [ RunTime:0.000078s ]
INFO: [ app_begin ] --START--
INFO: Run Behavior\ReadHtmlCacheBehavior [ RunTime:0.000651s ]
INFO: Run Behavior\CheckLangBehavior [ RunTime:0.000890s ]
INFO: [ app_begin ] --END-- [ RunTime:0.001626s ]
ERR: 無法載入控制器:Xiahuan

[ 2022-08-03T17:11:04+08:00 ] 185.191.171.43 /xiahuan/News/detail/id/page_faq.html
INFO: [ app_init ] --START--
INFO: Run Behavior\BuildLiteBehavior [ RunTime:0.000011s ]
INFO: [ app_init ] --END-- [ RunTime:0.000055s ]
INFO: [ app_begin ] --START--
INFO: Run Behavior\ReadHtmlCacheBehavior [ RunTime:0.000619s ]
INFO: Run Behavior\CheckLangBehavior [ RunTime:0.000810s ]
INFO: [ app_begin ] --END-- [ RunTime:0.001502s ]
ERR: 無法載入控制器:Xiahuan

[ 2022-08-03T17:40:19+08:00 ] 114.119.153.108 /xiahuan/Shop/detail/id/23.html
INFO: [ app_init ] --START--
INFO: Run Behavior\BuildLiteBehavior [ RunTime:0.000011s ]
INFO: [ app_init ] --END-- [ RunTime:0.000054s ]
INFO: [ app_begin ] --START--
INFO: Run Behavior\ReadHtmlCacheBehavior [ RunTime:0.000441s ]
INFO: Run Behavior\CheckLangBehavior [ RunTime:0.000724s ]
INFO: [ app_begin ] --END-- [ RunTime:0.001240s ]
ERR: 無法載入控制器:Xiahuan

[ 2022-08-03T18:29:16+08:00 ] 185.191.171.21 /xiahuan/CultureHeritage/detail/id/5.html
INFO: [ app_init ] --START--
INFO: Run Behavior\BuildLiteBehavior [ RunTime:0.000014s ]
INFO: [ app_init ] --END-- [ RunTime:0.000060s ]
INFO: [ app_begin ] --START--
INFO: Run Behavior\ReadHtmlCacheBehavior [ RunTime:0.000931s ]
INFO: Run Behavior\CheckLangBehavior [ RunTime:0.002262s ]
INFO: [ app_begin ] --END-- [ RunTime:0.003265s ]
ERR: 無法載入控制器:Xiahuan

[ 2022-08-03T18:30:32+08:00 ] 114.119.153.108 /xiahuan/Shop/detail/id/76.html
INFO: [ app_init ] --START--
INFO: Run Behavior\BuildLiteBehavior [ RunTime:0.000016s ]
INFO: [ app_init ] --END-- [ RunTime:0.000082s ]
INFO: [ app_begin ] --START--
INFO: Run Behavior\ReadHtmlCacheBehavior [ RunTime:0.000600s ]
INFO: Run Behavior\CheckLangBehavior [ RunTime:0.000969s ]
INFO: [ app_begin ] --END-- [ RunTime:0.001661s ]
ERR: 無法載入控制器:Xiahuan

[ 2022-08-03T18:39:16+08:00 ] 185.191.171.12 /xiahuan/Shop/detail/id/3.html
INFO: [ app_init ] --START--
INFO: Run Behavior\BuildLiteBehavior [ RunTime:0.000015s ]
INFO: [ app_init ] --END-- [ RunTime:0.000077s ]
INFO: [ app_begin ] --START--
INFO: Run Behavior\ReadHtmlCacheBehavior [ RunTime:0.000610s ]
INFO: Run Behavior\CheckLangBehavior [ RunTime:0.000977s ]
INFO: [ app_begin ] --END-- [ RunTime:0.001681s ]
ERR: 無法載入控制器:Xiahuan

[ 2022-08-03T19:41:37+08:00 ] 114.119.153.105 /xiahuan/Shop/categroy/shoptype/food/p/4.html
INFO: [ app_init ] --START--
INFO: Run Behavior\BuildLiteBehavior [ RunTime:0.000013s ]
INFO: [ app_init ] --END-- [ RunTime:0.000061s ]
INFO: [ app_begin ] --START--
INFO: Run Behavior\ReadHtmlCacheBehavior [ RunTime:0.001939s ]
INFO: Run Behavior\CheckLangBehavior [ RunTime:0.001772s ]
INFO: [ app_begin ] --END-- [ RunTime:0.003785s ]
ERR: 無法載入控制器:Xiahuan

[ 2022-08-03T21:16:22+08:00 ] 185.191.171.44 /xiahuan/Shop/index/p/3.html
INFO: [ app_init ] --START--
INFO: Run Behavior\BuildLiteBehavior [ RunTime:0.000016s ]
INFO: [ app_init ] --END-- [ RunTime:0.000079s ]
INFO: [ app_begin ] --START--
INFO: Run Behavior\ReadHtmlCacheBehavior [ RunTime:0.001255s ]
INFO: Run Behavior\CheckLangBehavior [ RunTime:0.002908s ]
INFO: [ app_begin ] --END-- [ RunTime:0.004277s ]
ERR: 無法載入控制器:Xiahuan

[ 2022-08-03T21:25:59+08:00 ] 185.191.171.41 /xiahuan/Media2/page_login.html
INFO: [ app_init ] --START--
INFO: Run Behavior\BuildLiteBehavior [ RunTime:0.000010s ]
INFO: [ app_init ] --END-- [ RunTime:0.000051s ]
INFO: [ app_begin ] --START--
INFO: Run Behavior\ReadHtmlCacheBehavior [ RunTime:0.000433s ]
INFO: Run Behavior\CheckLangBehavior [ RunTime:0.000651s ]
INFO: [ app_begin ] --END-- [ RunTime:0.001144s ]
ERR: 無法載入控制器:Xiahuan

[ 2022-08-03T23:31:41+08:00 ] 185.191.171.34 /xiahuan/StreetHistory/detail/id/portfolio-food.html
INFO: [ app_init ] --START--
INFO: Run Behavior\BuildLiteBehavior [ RunTime:0.000016s ]
INFO: [ app_init ] --END-- [ RunTime:0.000084s ]
INFO: [ app_begin ] --START--
INFO: Run Behavior\ReadHtmlCacheBehavior [ RunTime:0.001249s ]
INFO: Run Behavior\CheckLangBehavior [ RunTime:0.002857s ]
INFO: [ app_begin ] --END-- [ RunTime:0.004218s ]
ERR: 無法載入控制器:Xiahuan

