[ 2022-08-01T00:01:10+08:00 ] 114.119.152.86 /xiahuan/Shop/detail/id/122.html
INFO: [ app_init ] --START--
INFO: Run Behavior\BuildLiteBehavior [ RunTime:0.000011s ]
INFO: [ app_init ] --END-- [ RunTime:0.000052s ]
INFO: [ app_begin ] --START--
INFO: Run Behavior\ReadHtmlCacheBehavior [ RunTime:0.000449s ]
INFO: Run Behavior\CheckLangBehavior [ RunTime:0.002914s ]
INFO: [ app_begin ] --END-- [ RunTime:0.003429s ]
ERR: 無法載入控制器:Xiahuan

[ 2022-08-01T00:16:18+08:00 ] 114.119.153.105 /xiahuan/Posts/detail/id/6.html
INFO: [ app_init ] --START--
INFO: Run Behavior\BuildLiteBehavior [ RunTime:0.000016s ]
INFO: [ app_init ] --END-- [ RunTime:0.000075s ]
INFO: [ app_begin ] --START--
INFO: Run Behavior\ReadHtmlCacheBehavior [ RunTime:0.000506s ]
INFO: Run Behavior\CheckLangBehavior [ RunTime:0.001709s ]
INFO: [ app_begin ] --END-- [ RunTime:0.002287s ]
ERR: 無法載入控制器:Xiahuan

[ 2022-08-01T00:28:34+08:00 ] 114.119.152.86 /xiahuan/Shop/detail/id/114.html
INFO: [ app_init ] --START--
INFO: Run Behavior\BuildLiteBehavior [ RunTime:0.000012s ]
INFO: [ app_init ] --END-- [ RunTime:0.000055s ]
INFO: [ app_begin ] --START--
INFO: Run Behavior\ReadHtmlCacheBehavior [ RunTime:0.000435s ]
INFO: Run Behavior\CheckLangBehavior [ RunTime:0.002160s ]
INFO: [ app_begin ] --END-- [ RunTime:0.002656s ]
ERR: 無法載入控制器:Xiahuan

[ 2022-08-01T00:57:37+08:00 ] 114.119.153.105 /xiahuan/Shop/detail/id/111.html
INFO: [ app_init ] --START--
INFO: Run Behavior\BuildLiteBehavior [ RunTime:0.000013s ]
INFO: [ app_init ] --END-- [ RunTime:0.000059s ]
INFO: [ app_begin ] --START--
INFO: Run Behavior\ReadHtmlCacheBehavior [ RunTime:0.000933s ]
INFO: Run Behavior\CheckLangBehavior [ RunTime:0.001614s ]
INFO: [ app_begin ] --END-- [ RunTime:0.002616s ]
ERR: 無法載入控制器:Xiahuan

[ 2022-08-01T00:59:54+08:00 ] 185.191.171.22 /xiahuan/Shop/portfolio-shop.html
INFO: [ app_init ] --START--
INFO: Run Behavior\BuildLiteBehavior [ RunTime:0.000016s ]
INFO: [ app_init ] --END-- [ RunTime:0.000074s ]
INFO: [ app_begin ] --START--
INFO: Run Behavior\ReadHtmlCacheBehavior [ RunTime:0.000623s ]
INFO: Run Behavior\CheckLangBehavior [ RunTime:0.001892s ]
INFO: [ app_begin ] --END-- [ RunTime:0.002605s ]
ERR: 無法載入控制器:Xiahuan

[ 2022-08-01T01:37:31+08:00 ] 114.119.152.86 /xiahuan/Shop/detail/id/14.html
INFO: [ app_init ] --START--
INFO: Run Behavior\BuildLiteBehavior [ RunTime:0.000015s ]
INFO: [ app_init ] --END-- [ RunTime:0.000073s ]
INFO: [ app_begin ] --START--
INFO: Run Behavior\ReadHtmlCacheBehavior [ RunTime:0.000687s ]
INFO: Run Behavior\CheckLangBehavior [ RunTime:0.000871s ]
INFO: [ app_begin ] --END-- [ RunTime:0.001662s ]
ERR: 無法載入控制器:Xiahuan

[ 2022-08-01T01:54:59+08:00 ] 185.191.171.4 /xiahuan/Posts/detail/id/portfolio-shop.html
INFO: [ app_init ] --START--
INFO: Run Behavior\BuildLiteBehavior [ RunTime:0.000012s ]
INFO: [ app_init ] --END-- [ RunTime:0.000050s ]
INFO: [ app_begin ] --START--
INFO: Run Behavior\ReadHtmlCacheBehavior [ RunTime:0.000437s ]
INFO: Run Behavior\CheckLangBehavior [ RunTime:0.001458s ]
INFO: [ app_begin ] --END-- [ RunTime:0.001956s ]
ERR: 無法載入控制器:Xiahuan

[ 2022-08-01T02:20:55+08:00 ] 185.191.171.6 /xiahuan/Shop/detail/id/4.html
INFO: [ app_init ] --START--
INFO: Run Behavior\BuildLiteBehavior [ RunTime:0.000016s ]
INFO: [ app_init ] --END-- [ RunTime:0.000081s ]
INFO: [ app_begin ] --START--
INFO: Run Behavior\ReadHtmlCacheBehavior [ RunTime:0.001723s ]
INFO: Run Behavior\CheckLangBehavior [ RunTime:0.002936s ]
INFO: [ app_begin ] --END-- [ RunTime:0.004770s ]
ERR: 無法載入控制器:Xiahuan

[ 2022-08-01T02:32:45+08:00 ] 114.119.153.106 /xiahuan/Posts/detail/id/3.html
INFO: [ app_init ] --START--
INFO: Run Behavior\BuildLiteBehavior [ RunTime:0.000011s ]
INFO: [ app_init ] --END-- [ RunTime:0.000052s ]
INFO: [ app_begin ] --START--
INFO: Run Behavior\ReadHtmlCacheBehavior [ RunTime:0.000434s ]
INFO: Run Behavior\CheckLangBehavior [ RunTime:0.000589s ]
INFO: [ app_begin ] --END-- [ RunTime:0.001083s ]
ERR: 無法載入控制器:Xiahuan

[ 2022-08-01T02:50:45+08:00 ] 185.191.171.5 /xiahuan/Active/index/p/page_login.html
INFO: [ app_init ] --START--
INFO: Run Behavior\BuildLiteBehavior [ RunTime:0.000014s ]
INFO: [ app_init ] --END-- [ RunTime:0.000062s ]
INFO: [ app_begin ] --START--
INFO: Run Behavior\ReadHtmlCacheBehavior [ RunTime:0.000933s ]
INFO: Run Behavior\CheckLangBehavior [ RunTime:0.001949s ]
INFO: [ app_begin ] --END-- [ RunTime:0.002959s ]
ERR: 無法載入控制器:Xiahuan

[ 2022-08-01T03:29:28+08:00 ] 185.191.171.39 /xiahuan/Active/detail/id/7.html
INFO: [ app_init ] --START--
INFO: Run Behavior\BuildLiteBehavior [ RunTime:0.000016s ]
INFO: [ app_init ] --END-- [ RunTime:0.000076s ]
INFO: [ app_begin ] --START--
INFO: Run Behavior\ReadHtmlCacheBehavior [ RunTime:0.000988s ]
INFO: Run Behavior\CheckLangBehavior [ RunTime:0.002986s ]
INFO: [ app_begin ] --END-- [ RunTime:0.004055s ]
ERR: 無法載入控制器:Xiahuan

[ 2022-08-01T03:31:35+08:00 ] 114.119.153.104 /xiahuan/Shop/detail/id/110.html
INFO: [ app_init ] --START--
INFO: Run Behavior\BuildLiteBehavior [ RunTime:0.000019s ]
INFO: [ app_init ] --END-- [ RunTime:0.000089s ]
INFO: [ app_begin ] --START--
INFO: Run Behavior\ReadHtmlCacheBehavior [ RunTime:0.000617s ]
INFO: Run Behavior\CheckLangBehavior [ RunTime:0.000846s ]
INFO: [ app_begin ] --END-- [ RunTime:0.001561s ]
ERR: 無法載入控制器:Xiahuan

[ 2022-08-01T04:47:40+08:00 ] 185.191.171.44 /xiahuan/Shop/index/p/10.html
INFO: [ app_init ] --START--
INFO: Run Behavior\BuildLiteBehavior [ RunTime:0.000016s ]
INFO: [ app_init ] --END-- [ RunTime:0.000064s ]
INFO: [ app_begin ] --START--
INFO: Run Behavior\ReadHtmlCacheBehavior [ RunTime:0.000892s ]
INFO: Run Behavior\CheckLangBehavior [ RunTime:0.002068s ]
INFO: [ app_begin ] --END-- [ RunTime:0.003029s ]
ERR: 無法載入控制器:Xiahuan

[ 2022-08-01T05:06:28+08:00 ] 114.119.153.104 /xiahuan/News/detail/id/12.html
INFO: [ app_init ] --START--
INFO: Run Behavior\BuildLiteBehavior [ RunTime:0.000014s ]
INFO: [ app_init ] --END-- [ RunTime:0.000059s ]
INFO: [ app_begin ] --START--
INFO: Run Behavior\ReadHtmlCacheBehavior [ RunTime:0.000998s ]
INFO: Run Behavior\CheckLangBehavior [ RunTime:0.001128s ]
INFO: [ app_begin ] --END-- [ RunTime:0.002199s ]
ERR: 無法載入控制器:Xiahuan

[ 2022-08-01T05:13:50+08:00 ] 185.191.171.1 /xiahuan/Shop/index/p/blog.html
INFO: [ app_init ] --START--
INFO: Run Behavior\BuildLiteBehavior [ RunTime:0.000011s ]
INFO: [ app_init ] --END-- [ RunTime:0.000050s ]
INFO: [ app_begin ] --START--
INFO: Run Behavior\ReadHtmlCacheBehavior [ RunTime:0.000434s ]
INFO: Run Behavior\CheckLangBehavior [ RunTime:0.001600s ]
INFO: [ app_begin ] --END-- [ RunTime:0.002097s ]
ERR: 無法載入控制器:Xiahuan

[ 2022-08-01T06:55:47+08:00 ] 114.119.152.97 /xiahuan/Shop/detail/id/20.html
INFO: [ app_init ] --START--
INFO: Run Behavior\BuildLiteBehavior [ RunTime:0.000014s ]
INFO: [ app_init ] --END-- [ RunTime:0.000062s ]
INFO: [ app_begin ] --START--
INFO: Run Behavior\ReadHtmlCacheBehavior [ RunTime:0.001160s ]
INFO: Run Behavior\CheckLangBehavior [ RunTime:0.001996s ]
INFO: [ app_begin ] --END-- [ RunTime:0.003232s ]
ERR: 無法載入控制器:Xiahuan

[ 2022-08-01T07:02:55+08:00 ] 114.119.153.108 /xiahuan/Shop/categroy/shoptype/discount/p/1.html
INFO: [ app_init ] --START--
INFO: Run Behavior\BuildLiteBehavior [ RunTime:0.000014s ]
INFO: [ app_init ] --END-- [ RunTime:0.000075s ]
INFO: [ app_begin ] --START--
INFO: Run Behavior\ReadHtmlCacheBehavior [ RunTime:0.000638s ]
INFO: Run Behavior\CheckLangBehavior [ RunTime:0.002611s ]
INFO: [ app_begin ] --END-- [ RunTime:0.003344s ]
ERR: 無法載入控制器:Xiahuan

[ 2022-08-01T07:56:51+08:00 ] 114.119.153.106 /xiahuan/Shop/detail/id/59.html
INFO: [ app_init ] --START--
INFO: Run Behavior\BuildLiteBehavior [ RunTime:0.000014s ]
INFO: [ app_init ] --END-- [ RunTime:0.000063s ]
INFO: [ app_begin ] --START--
INFO: Run Behavior\ReadHtmlCacheBehavior [ RunTime:0.001024s ]
INFO: Run Behavior\CheckLangBehavior [ RunTime:0.002245s ]
INFO: [ app_begin ] --END-- [ RunTime:0.003352s ]
ERR: 無法載入控制器:Xiahuan

[ 2022-08-01T08:00:52+08:00 ] 185.191.171.2 /xiahuan/News/detail/id/portfolio.html
INFO: [ app_init ] --START--
INFO: Run Behavior\BuildLiteBehavior [ RunTime:0.000012s ]
INFO: [ app_init ] --END-- [ RunTime:0.000050s ]
INFO: [ app_begin ] --START--
INFO: Run Behavior\ReadHtmlCacheBehavior [ RunTime:0.000454s ]
INFO: Run Behavior\CheckLangBehavior [ RunTime:0.001475s ]
INFO: [ app_begin ] --END-- [ RunTime:0.001998s ]
ERR: 無法載入控制器:Xiahuan

[ 2022-08-01T08:02:43+08:00 ] 114.119.152.86 /xiahuan/News/detail/id/11.html
INFO: [ app_init ] --START--
INFO: Run Behavior\BuildLiteBehavior [ RunTime:0.000013s ]
INFO: [ app_init ] --END-- [ RunTime:0.000071s ]
INFO: [ app_begin ] --START--
INFO: Run Behavior\ReadHtmlCacheBehavior [ RunTime:0.000556s ]
INFO: Run Behavior\CheckLangBehavior [ RunTime:0.000634s ]
INFO: [ app_begin ] --END-- [ RunTime:0.001268s ]
ERR: 無法載入控制器:Xiahuan

[ 2022-08-01T08:21:15+08:00 ] 114.119.153.106 /xiahuan/Shop/detail/id/67.html
INFO: [ app_init ] --START--
INFO: Run Behavior\BuildLiteBehavior [ RunTime:0.000017s ]
INFO: [ app_init ] --END-- [ RunTime:0.000093s ]
INFO: [ app_begin ] --START--
INFO: Run Behavior\ReadHtmlCacheBehavior [ RunTime:0.001260s ]
INFO: Run Behavior\CheckLangBehavior [ RunTime:0.001752s ]
INFO: [ app_begin ] --END-- [ RunTime:0.003107s ]
ERR: 無法載入控制器:Xiahuan

[ 2022-08-01T08:36:35+08:00 ] 185.191.171.19 /xiahuan/Active/detail/id/blog.html
INFO: [ app_init ] --START--
INFO: Run Behavior\BuildLiteBehavior [ RunTime:0.000013s ]
INFO: [ app_init ] --END-- [ RunTime:0.000054s ]
INFO: [ app_begin ] --START--
INFO: Run Behavior\ReadHtmlCacheBehavior [ RunTime:0.001135s ]
INFO: Run Behavior\CheckLangBehavior [ RunTime:0.001644s ]
INFO: [ app_begin ] --END-- [ RunTime:0.002845s ]
ERR: 無法載入控制器:Xiahuan

[ 2022-08-01T09:00:27+08:00 ] 114.119.153.104 /xiahuan/Shop/index/p/11.html
INFO: [ app_init ] --START--
INFO: Run Behavior\BuildLiteBehavior [ RunTime:0.000013s ]
INFO: [ app_init ] --END-- [ RunTime:0.000064s ]
INFO: [ app_begin ] --START--
INFO: Run Behavior\ReadHtmlCacheBehavior [ RunTime:0.001063s ]
INFO: Run Behavior\CheckLangBehavior [ RunTime:0.002222s ]
INFO: [ app_begin ] --END-- [ RunTime:0.003359s ]
ERR: 無法載入控制器:Xiahuan

[ 2022-08-01T09:39:04+08:00 ] 185.191.171.19 /xiahuan/StreetHistory/detail/id/index.html
INFO: [ app_init ] --START--
INFO: Run Behavior\BuildLiteBehavior [ RunTime:0.000015s ]
INFO: [ app_init ] --END-- [ RunTime:0.000067s ]
INFO: [ app_begin ] --START--
INFO: Run Behavior\ReadHtmlCacheBehavior [ RunTime:0.000995s ]
INFO: Run Behavior\CheckLangBehavior [ RunTime:0.002315s ]
INFO: [ app_begin ] --END-- [ RunTime:0.003389s ]
ERR: 無法載入控制器:Xiahuan

[ 2022-08-01T09:44:02+08:00 ] 114.119.153.104 /xiahuan/Active/index/p/1.html
INFO: [ app_init ] --START--
INFO: Run Behavior\BuildLiteBehavior [ RunTime:0.000012s ]
INFO: [ app_init ] --END-- [ RunTime:0.000054s ]
INFO: [ app_begin ] --START--
INFO: Run Behavior\ReadHtmlCacheBehavior [ RunTime:0.000458s ]
INFO: Run Behavior\CheckLangBehavior [ RunTime:0.000613s ]
INFO: [ app_begin ] --END-- [ RunTime:0.001131s ]
ERR: 無法載入控制器:Xiahuan

[ 2022-08-01T09:49:39+08:00 ] 114.119.152.86 /xiahuan/Shop/detail/id/64.html
INFO: [ app_init ] --START--
INFO: Run Behavior\BuildLiteBehavior [ RunTime:0.000012s ]
INFO: [ app_init ] --END-- [ RunTime:0.000055s ]
INFO: [ app_begin ] --START--
INFO: Run Behavior\ReadHtmlCacheBehavior [ RunTime:0.000450s ]
INFO: Run Behavior\CheckLangBehavior [ RunTime:0.001191s ]
INFO: [ app_begin ] --END-- [ RunTime:0.001711s ]
ERR: 無法載入控制器:Xiahuan

[ 2022-08-01T10:06:05+08:00 ] 185.191.171.43 /xiahuan/News/detail/id/page_faq.html
INFO: [ app_init ] --START--
INFO: Run Behavior\BuildLiteBehavior [ RunTime:0.000014s ]
INFO: [ app_init ] --END-- [ RunTime:0.000061s ]
INFO: [ app_begin ] --START--
INFO: Run Behavior\ReadHtmlCacheBehavior [ RunTime:0.001429s ]
INFO: Run Behavior\CheckLangBehavior [ RunTime:0.002344s ]
INFO: [ app_begin ] --END-- [ RunTime:0.003844s ]
ERR: 無法載入控制器:Xiahuan

[ 2022-08-01T10:06:06+08:00 ] 219.131.240.191 /xiahuan/
INFO: [ app_init ] --START--
INFO: Run Behavior\BuildLiteBehavior [ RunTime:0.000012s ]
INFO: [ app_init ] --END-- [ RunTime:0.000054s ]
INFO: [ app_begin ] --START--
INFO: Run Behavior\ReadHtmlCacheBehavior [ RunTime:0.000438s ]
INFO: Run Behavior\CheckLangBehavior [ RunTime:0.000710s ]
INFO: [ app_begin ] --END-- [ RunTime:0.001203s ]
SQL: SHOW COLUMNS FROM `arm_active` [ RunTime:0.0029s ]
SQL: SELECT * FROM `arm_active` WHERE `deleted` IS NULL AND `status` = 'published' ORDER BY created desc LIMIT 4   [ RunTime:0.0004s ]
SQL: SHOW COLUMNS FROM `arm_news` [ RunTime:0.0011s ]
SQL: SELECT * FROM `arm_news` WHERE `deleted` IS NULL AND `status` = 'published' ORDER BY grade desc,created desc LIMIT 4   [ RunTime:0.0082s ]
SQL: SHOW COLUMNS FROM `arm_media` [ RunTime:0.0011s ]
SQL: SELECT * FROM `arm_media` WHERE `deleted` IS NULL AND `status` = 'published' ORDER BY grade desc,created desc LIMIT 3   [ RunTime:0.0015s ]
SQL: SHOW COLUMNS FROM `arm_media2` [ RunTime:0.0010s ]
SQL: SELECT * FROM `arm_media2` WHERE `deleted` IS NULL AND `status` = 'published' ORDER BY created desc LIMIT 3   [ RunTime:0.0008s ]
SQL: SHOW COLUMNS FROM `arm_shop` [ RunTime:0.0013s ]
SQL: SELECT * FROM `arm_shop` WHERE `deleted` IS NULL AND `status` = 'published' ORDER BY grade desc,created desc LIMIT 4   [ RunTime:0.0280s ]
SQL: SHOW COLUMNS FROM `arm_street_history` [ RunTime:0.0012s ]
SQL: SELECT * FROM `arm_street_history` WHERE `deleted` IS NULL AND `status` = 'published' ORDER BY rand() LIMIT 1   [ RunTime:0.0021s ]
SQL: SELECT * FROM `arm_shop` WHERE `deleted` IS NULL AND `status` = 'published' ORDER BY rand() LIMIT 1   [ RunTime:0.0011s ]
SQL: SHOW COLUMNS FROM `arm_posts` [ RunTime:0.0011s ]
SQL: SELECT * FROM `arm_posts` WHERE `deleted` IS NULL AND `status` = 'published' ORDER BY rand() LIMIT 1   [ RunTime:0.0079s ]
SQL: SHOW COLUMNS FROM `arm_active` [ RunTime:0.0004s ]
SQL: SHOW COLUMNS FROM `arm_slide` [ RunTime:0.0011s ]
SQL: SHOW COLUMNS FROM `arm_p_cbanner` [ RunTime:0.0015s ]
SQL: SHOW COLUMNS FROM `arm_introduce` [ RunTime:0.0010s ]
SQL: SHOW COLUMNS FROM `arm_community_image` [ RunTime:0.0016s ]
SQL: SHOW COLUMNS FROM `arm_street_history` [ RunTime:0.0003s ]
SQL: SHOW COLUMNS FROM `arm_shop` [ RunTime:0.0003s ]
SQL: SHOW COLUMNS FROM `arm_posts` [ RunTime:0.0003s ]
SQL: SHOW COLUMNS FROM `arm_news` [ RunTime:0.0003s ]
SQL: SHOW COLUMNS FROM `arm_media` [ RunTime:0.0003s ]
SQL: SHOW COLUMNS FROM `arm_media2` [ RunTime:0.0003s ]
SQL: SHOW COLUMNS FROM `arm_culture_heritage` [ RunTime:0.0010s ]
SQL: SHOW COLUMNS FROM `arm_links` [ RunTime:0.0010s ]
SQL: SELECT * FROM `arm_slide` WHERE `deleted` IS NULL AND `status` = 'published' ORDER BY re_time desc LIMIT 4   [ RunTime:0.0004s ]
SQL: SELECT * FROM `arm_p_cbanner` WHERE `deleted` IS NULL AND `status` = 'published' ORDER BY re_time desc LIMIT 6   [ RunTime:0.0012s ]
SQL: SELECT * FROM `arm_active` WHERE `deleted` IS NULL AND `status` = 'published' ORDER BY created desc  [ RunTime:0.0003s ]
SQL: SELECT * FROM `arm_community_image` WHERE `deleted` IS NULL AND `status` = 'published' ORDER BY created desc LIMIT 10   [ RunTime:0.0011s ]
SQL: SELECT * FROM `arm_street_history` WHERE `deleted` IS NULL AND `status` = 'published' ORDER BY sort desc,created desc  [ RunTime:0.0005s ]
SQL: SELECT * FROM `arm_shop` WHERE `deleted` IS NULL AND `status` = 'published' ORDER BY created desc  [ RunTime:0.0016s ]
SQL: SELECT * FROM `arm_posts` WHERE `deleted` IS NULL AND `status` = 'published' ORDER BY created desc  [ RunTime:0.0016s ]
SQL: SELECT * FROM `arm_news` WHERE `deleted` IS NULL AND `status` = 'published' ORDER BY created desc  [ RunTime:0.0006s ]
SQL: SELECT * FROM `arm_media` WHERE `deleted` IS NULL AND `status` = 'published' ORDER BY created desc  [ RunTime:0.0002s ]
SQL: SELECT * FROM `arm_media2` WHERE `deleted` IS NULL AND `status` = 'published' ORDER BY created desc  [ RunTime:0.0002s ]
SQL: SELECT * FROM `arm_culture_heritage` WHERE `deleted` IS NULL AND `status` = 'published' ORDER BY sort desc,created desc  [ RunTime:0.0049s ]
SQL: SELECT * FROM `arm_links` WHERE `deleted` IS NULL AND `status` = 'published' ORDER BY created desc LIMIT 50   [ RunTime:0.0002s ]
INFO: [ view_parse ] --START--
INFO: [ template_filter ] --START--
INFO: Run Behavior\ContentReplaceBehavior [ RunTime:0.000301s ]
INFO: [ template_filter ] --END-- [ RunTime:0.000341s ]
NOTIC: [8] Undefined variable: shoptype /pub/www/wwwroot/www.macauonline.net/xiahuan/App/Runtime/Cache/Home/00e52909bed743ea261af4b6823297ff.php 第 381 行.
NOTIC: [8] Undefined variable: shoptype /pub/www/wwwroot/www.macauonline.net/xiahuan/App/Runtime/Cache/Home/00e52909bed743ea261af4b6823297ff.php 第 384 行.
NOTIC: [8] Undefined variable: shoptype /pub/www/wwwroot/www.macauonline.net/xiahuan/App/Runtime/Cache/Home/00e52909bed743ea261af4b6823297ff.php 第 387 行.
NOTIC: [8] Undefined variable: shoptype /pub/www/wwwroot/www.macauonline.net/xiahuan/App/Runtime/Cache/Home/00e52909bed743ea261af4b6823297ff.php 第 402 行.
NOTIC: [8] Undefined variable: shoptype /pub/www/wwwroot/www.macauonline.net/xiahuan/App/Runtime/Cache/Home/00e52909bed743ea261af4b6823297ff.php 第 408 行.
NOTIC: [8] Undefined variable: shoptype /pub/www/wwwroot/www.macauonline.net/xiahuan/App/Runtime/Cache/Home/00e52909bed743ea261af4b6823297ff.php 第 414 行.
INFO: Run Behavior\ParseTemplateBehavior [ RunTime:0.024460s ]
INFO: [ view_parse ] --END-- [ RunTime:0.024499s ]
INFO: [ view_filter ] --START--
INFO: Run Behavior\WriteHtmlCacheBehavior [ RunTime:0.000886s ]
INFO: Run Behavior\TokenBuildBehavior [ RunTime:0.001903s ]
INFO: [ view_filter ] --END-- [ RunTime:0.002849s ]
INFO: [ app_end ] --START--
INFO: Run Behavior\ShowPageTraceBehavior [ RunTime:0.002981s ]
INFO: [ app_end ] --END-- [ RunTime:0.003041s ]

[ 2022-08-01T10:28:57+08:00 ] 114.119.153.108 /xiahuan/Shop/detail/id/25.html
INFO: [ app_init ] --START--
INFO: Run Behavior\BuildLiteBehavior [ RunTime:0.000015s ]
INFO: [ app_init ] --END-- [ RunTime:0.000072s ]
INFO: [ app_begin ] --START--
INFO: Run Behavior\ReadHtmlCacheBehavior [ RunTime:0.001241s ]
INFO: Run Behavior\CheckLangBehavior [ RunTime:0.003988s ]
INFO: [ app_begin ] --END-- [ RunTime:0.005346s ]
ERR: 無法載入控制器:Xiahuan

[ 2022-08-01T10:49:52+08:00 ] 185.191.171.4 /xiahuan/News/detail/id/19.html
INFO: [ app_init ] --START--
INFO: Run Behavior\BuildLiteBehavior [ RunTime:0.000011s ]
INFO: [ app_init ] --END-- [ RunTime:0.000055s ]
INFO: [ app_begin ] --START--
INFO: Run Behavior\ReadHtmlCacheBehavior [ RunTime:0.001004s ]
INFO: Run Behavior\CheckLangBehavior [ RunTime:0.001867s ]
INFO: [ app_begin ] --END-- [ RunTime:0.002941s ]
ERR: 無法載入控制器:Xiahuan

[ 2022-08-01T10:50:23+08:00 ] 114.119.152.97 /xiahuan/Shop/detail/id/5.html
INFO: [ app_init ] --START--
INFO: Run Behavior\BuildLiteBehavior [ RunTime:0.000015s ]
INFO: [ app_init ] --END-- [ RunTime:0.000075s ]
INFO: [ app_begin ] --START--
INFO: Run Behavior\ReadHtmlCacheBehavior [ RunTime:0.000619s ]
INFO: Run Behavior\CheckLangBehavior [ RunTime:0.000866s ]
INFO: [ app_begin ] --END-- [ RunTime:0.001581s ]
ERR: 無法載入控制器:Xiahuan

[ 2022-08-01T11:16:20+08:00 ] 114.119.153.106 /xiahuan/Shop/detail/id/106.html
INFO: [ app_init ] --START--
INFO: Run Behavior\BuildLiteBehavior [ RunTime:0.000016s ]
INFO: [ app_init ] --END-- [ RunTime:0.000065s ]
INFO: [ app_begin ] --START--
INFO: Run Behavior\ReadHtmlCacheBehavior [ RunTime:0.001108s ]
INFO: Run Behavior\CheckLangBehavior [ RunTime:0.002135s ]
INFO: [ app_begin ] --END-- [ RunTime:0.003316s ]
ERR: 無法載入控制器:Xiahuan

[ 2022-08-01T12:33:48+08:00 ] 185.191.171.7 /xiahuan/Active/index/p/page_faq.html
INFO: [ app_init ] --START--
INFO: Run Behavior\BuildLiteBehavior [ RunTime:0.000015s ]
INFO: [ app_init ] --END-- [ RunTime:0.000065s ]
INFO: [ app_begin ] --START--
INFO: Run Behavior\ReadHtmlCacheBehavior [ RunTime:0.000975s ]
INFO: Run Behavior\CheckLangBehavior [ RunTime:0.002306s ]
INFO: [ app_begin ] --END-- [ RunTime:0.003359s ]
ERR: 無法載入控制器:Xiahuan

[ 2022-08-01T12:42:19+08:00 ] 114.119.153.108 /xiahuan/Shop/detail/id/63.html
INFO: [ app_init ] --START--
INFO: Run Behavior\BuildLiteBehavior [ RunTime:0.000012s ]
INFO: [ app_init ] --END-- [ RunTime:0.000054s ]
INFO: [ app_begin ] --START--
INFO: Run Behavior\ReadHtmlCacheBehavior [ RunTime:0.000480s ]
INFO: Run Behavior\CheckLangBehavior [ RunTime:0.000597s ]
INFO: [ app_begin ] --END-- [ RunTime:0.001138s ]
ERR: 無法載入控制器:Xiahuan

[ 2022-08-01T12:53:52+08:00 ] 114.119.152.86 /xiahuan/Shop/detail/id/40.html
INFO: [ app_init ] --START--
INFO: Run Behavior\BuildLiteBehavior [ RunTime:0.000013s ]
INFO: [ app_init ] --END-- [ RunTime:0.000061s ]
INFO: [ app_begin ] --START--
INFO: Run Behavior\ReadHtmlCacheBehavior [ RunTime:0.001005s ]
INFO: Run Behavior\CheckLangBehavior [ RunTime:0.002823s ]
INFO: [ app_begin ] --END-- [ RunTime:0.003907s ]
ERR: 無法載入控制器:Xiahuan

[ 2022-08-01T12:59:52+08:00 ] 185.191.171.8 /xiahuan/Shop/index/p/index.html
INFO: [ app_init ] --START--
INFO: Run Behavior\BuildLiteBehavior [ RunTime:0.000024s ]
INFO: [ app_init ] --END-- [ RunTime:0.000121s ]
INFO: [ app_begin ] --START--
INFO: Run Behavior\ReadHtmlCacheBehavior [ RunTime:0.000474s ]
INFO: Run Behavior\CheckLangBehavior [ RunTime:0.004100s ]
INFO: [ app_begin ] --END-- [ RunTime:0.004641s ]
ERR: 無法載入控制器:Xiahuan

[ 2022-08-01T13:56:20+08:00 ] 185.191.171.10 /xiahuan/Shop/index/p/3.html
INFO: [ app_init ] --START--
INFO: Run Behavior\BuildLiteBehavior [ RunTime:0.000014s ]
INFO: [ app_init ] --END-- [ RunTime:0.000067s ]
INFO: [ app_begin ] --START--
INFO: Run Behavior\ReadHtmlCacheBehavior [ RunTime:0.001059s ]
INFO: Run Behavior\CheckLangBehavior [ RunTime:0.002131s ]
INFO: [ app_begin ] --END-- [ RunTime:0.003260s ]
ERR: 無法載入控制器:Xiahuan

[ 2022-08-01T15:30:08+08:00 ] 185.191.171.44 /xiahuan/Shop/portfolio-food.html
INFO: [ app_init ] --START--
INFO: Run Behavior\BuildLiteBehavior [ RunTime:0.000015s ]
INFO: [ app_init ] --END-- [ RunTime:0.000130s ]
INFO: [ app_begin ] --START--
INFO: Run Behavior\ReadHtmlCacheBehavior [ RunTime:0.001546s ]
INFO: Run Behavior\CheckLangBehavior [ RunTime:0.006475s ]
INFO: [ app_begin ] --END-- [ RunTime:0.008147s ]
ERR: 無法載入控制器:Xiahuan

[ 2022-08-01T16:04:39+08:00 ] 185.191.171.3 /xiahuan/Shop/index/p/portfolio.html
INFO: [ app_init ] --START--
INFO: Run Behavior\BuildLiteBehavior [ RunTime:0.000013s ]
INFO: [ app_init ] --END-- [ RunTime:0.000065s ]
INFO: [ app_begin ] --START--
INFO: Run Behavior\ReadHtmlCacheBehavior [ RunTime:0.002548s ]
INFO: Run Behavior\CheckLangBehavior [ RunTime:0.004519s ]
INFO: [ app_begin ] --END-- [ RunTime:0.007187s ]
ERR: 無法載入控制器:Xiahuan

[ 2022-08-01T17:13:00+08:00 ] 185.191.171.7 /xiahuan/Shop/index/p/portfolio-food.html
INFO: [ app_init ] --START--
INFO: Run Behavior\BuildLiteBehavior [ RunTime:0.000016s ]
INFO: [ app_init ] --END-- [ RunTime:0.000076s ]
INFO: [ app_begin ] --START--
INFO: Run Behavior\ReadHtmlCacheBehavior [ RunTime:0.001250s ]
INFO: Run Behavior\CheckLangBehavior [ RunTime:0.004300s ]
INFO: [ app_begin ] --END-- [ RunTime:0.005655s ]
ERR: 無法載入控制器:Xiahuan

[ 2022-08-01T17:15:39+08:00 ] 185.191.171.45 /xiahuan/CultureHeritage/index.html
INFO: [ app_init ] --START--
INFO: Run Behavior\BuildLiteBehavior [ RunTime:0.000011s ]
INFO: [ app_init ] --END-- [ RunTime:0.000050s ]
INFO: [ app_begin ] --START--
INFO: Run Behavior\ReadHtmlCacheBehavior [ RunTime:0.000460s ]
INFO: Run Behavior\CheckLangBehavior [ RunTime:0.000660s ]
INFO: [ app_begin ] --END-- [ RunTime:0.001179s ]
ERR: 無法載入控制器:Xiahuan

[ 2022-08-01T18:15:24+08:00 ] 185.191.171.18 /xiahuan/Posts/detail/id/portfolio.html
INFO: [ app_init ] --START--
INFO: Run Behavior\BuildLiteBehavior [ RunTime:0.000015s ]
INFO: [ app_init ] --END-- [ RunTime:0.000067s ]
INFO: [ app_begin ] --START--
INFO: Run Behavior\ReadHtmlCacheBehavior [ RunTime:0.000601s ]
INFO: Run Behavior\CheckLangBehavior [ RunTime:0.000951s ]
INFO: [ app_begin ] --END-- [ RunTime:0.001648s ]
ERR: 無法載入控制器:Xiahuan

[ 2022-08-01T18:21:41+08:00 ] 185.191.171.4 /xiahuan/Posts/detail/id/blog.html
INFO: [ app_init ] --START--
INFO: Run Behavior\BuildLiteBehavior [ RunTime:0.000012s ]
INFO: [ app_init ] --END-- [ RunTime:0.000061s ]
INFO: [ app_begin ] --START--
INFO: Run Behavior\ReadHtmlCacheBehavior [ RunTime:0.000433s ]
INFO: Run Behavior\CheckLangBehavior [ RunTime:0.000655s ]
INFO: [ app_begin ] --END-- [ RunTime:0.001144s ]
ERR: 無法載入控制器:Xiahuan

[ 2022-08-01T19:35:12+08:00 ] 114.119.152.97 /xiahuan/Shop/detail/id/28.html
INFO: [ app_init ] --START--
INFO: Run Behavior\BuildLiteBehavior [ RunTime:0.000013s ]
INFO: [ app_init ] --END-- [ RunTime:0.000059s ]
INFO: [ app_begin ] --START--
INFO: Run Behavior\ReadHtmlCacheBehavior [ RunTime:0.001036s ]
INFO: Run Behavior\CheckLangBehavior [ RunTime:0.002060s ]
INFO: [ app_begin ] --END-- [ RunTime:0.003166s ]
ERR: 無法載入控制器:Xiahuan

[ 2022-08-01T19:51:50+08:00 ] 114.119.152.97 /xiahuan/Shop/categroy/shoptype/fashion.html
INFO: [ app_init ] --START--
INFO: Run Behavior\BuildLiteBehavior [ RunTime:0.000015s ]
INFO: [ app_init ] --END-- [ RunTime:0.000080s ]
INFO: [ app_begin ] --START--
INFO: Run Behavior\ReadHtmlCacheBehavior [ RunTime:0.001093s ]
INFO: Run Behavior\CheckLangBehavior [ RunTime:0.001140s ]
INFO: [ app_begin ] --END-- [ RunTime:0.002311s ]
ERR: 無法載入控制器:Xiahuan

[ 2022-08-01T19:57:18+08:00 ] 114.119.153.106 /xiahuan/Active/detail/id/6.html
INFO: [ app_init ] --START--
INFO: Run Behavior\BuildLiteBehavior [ RunTime:0.000013s ]
INFO: [ app_init ] --END-- [ RunTime:0.000103s ]
INFO: [ app_begin ] --START--
INFO: Run Behavior\ReadHtmlCacheBehavior [ RunTime:0.000629s ]
INFO: Run Behavior\CheckLangBehavior [ RunTime:0.002536s ]
INFO: [ app_begin ] --END-- [ RunTime:0.003253s ]
ERR: 無法載入控制器:Xiahuan

[ 2022-08-01T20:08:30+08:00 ] 114.119.152.86 /xiahuan/Shop/categroy/shoptype/discount/p/2.html
INFO: [ app_init ] --START--
INFO: Run Behavior\BuildLiteBehavior [ RunTime:0.000012s ]
INFO: [ app_init ] --END-- [ RunTime:0.000054s ]
INFO: [ app_begin ] --START--
INFO: Run Behavior\ReadHtmlCacheBehavior [ RunTime:0.000448s ]
INFO: Run Behavior\CheckLangBehavior [ RunTime:0.001161s ]
INFO: [ app_begin ] --END-- [ RunTime:0.001672s ]
ERR: 無法載入控制器:Xiahuan

[ 2022-08-01T20:19:31+08:00 ] 114.119.152.97 /xiahuan/Shop/detail/id/51.html
INFO: [ app_init ] --START--
INFO: Run Behavior\BuildLiteBehavior [ RunTime:0.000016s ]
INFO: [ app_init ] --END-- [ RunTime:0.000071s ]
INFO: [ app_begin ] --START--
INFO: Run Behavior\ReadHtmlCacheBehavior [ RunTime:0.000582s ]
INFO: Run Behavior\CheckLangBehavior [ RunTime:0.000858s ]
INFO: [ app_begin ] --END-- [ RunTime:0.001527s ]
ERR: 無法載入控制器:Xiahuan

[ 2022-08-01T20:41:49+08:00 ] 114.119.153.106 /xiahuan/Shop/categroy/shoptype/fashion/p/3.html
INFO: [ app_init ] --START--
INFO: Run Behavior\BuildLiteBehavior [ RunTime:0.000012s ]
INFO: [ app_init ] --END-- [ RunTime:0.000051s ]
INFO: [ app_begin ] --START--
INFO: Run Behavior\ReadHtmlCacheBehavior [ RunTime:0.000446s ]
INFO: Run Behavior\CheckLangBehavior [ RunTime:0.001610s ]
INFO: [ app_begin ] --END-- [ RunTime:0.002124s ]
ERR: 無法載入控制器:Xiahuan

[ 2022-08-01T20:53:00+08:00 ] 114.119.153.106 /xiahuan/Shop/detail/id/83.html
INFO: [ app_init ] --START--
INFO: Run Behavior\BuildLiteBehavior [ RunTime:0.000016s ]
INFO: [ app_init ] --END-- [ RunTime:0.000072s ]
INFO: [ app_begin ] --START--
INFO: Run Behavior\ReadHtmlCacheBehavior [ RunTime:0.000601s ]
INFO: Run Behavior\CheckLangBehavior [ RunTime:0.000814s ]
INFO: [ app_begin ] --END-- [ RunTime:0.001500s ]
ERR: 無法載入控制器:Xiahuan

[ 2022-08-01T21:04:12+08:00 ] 114.119.153.105 /xiahuan/Shop/detail/id/35.html
INFO: [ app_init ] --START--
INFO: Run Behavior\BuildLiteBehavior [ RunTime:0.000016s ]
INFO: [ app_init ] --END-- [ RunTime:0.000076s ]
INFO: [ app_begin ] --START--
INFO: Run Behavior\ReadHtmlCacheBehavior [ RunTime:0.000597s ]
INFO: Run Behavior\CheckLangBehavior [ RunTime:0.000821s ]
INFO: [ app_begin ] --END-- [ RunTime:0.001514s ]
ERR: 無法載入控制器:Xiahuan

[ 2022-08-01T21:29:33+08:00 ] 114.119.152.86 /xiahuan/Shop/detail/id/102.html
INFO: [ app_init ] --START--
INFO: Run Behavior\BuildLiteBehavior [ RunTime:0.000013s ]
INFO: [ app_init ] --END-- [ RunTime:0.000064s ]
INFO: [ app_begin ] --START--
INFO: Run Behavior\ReadHtmlCacheBehavior [ RunTime:0.000929s ]
INFO: Run Behavior\CheckLangBehavior [ RunTime:0.001726s ]
INFO: [ app_begin ] --END-- [ RunTime:0.002722s ]
ERR: 無法載入控制器:Xiahuan

[ 2022-08-01T21:33:23+08:00 ] 185.191.171.25 /xiahuan/News/detail/id/blog.html
INFO: [ app_init ] --START--
INFO: Run Behavior\BuildLiteBehavior [ RunTime:0.000015s ]
INFO: [ app_init ] --END-- [ RunTime:0.000090s ]
INFO: [ app_begin ] --START--
INFO: Run Behavior\ReadHtmlCacheBehavior [ RunTime:0.000915s ]
INFO: Run Behavior\CheckLangBehavior [ RunTime:0.001723s ]
INFO: [ app_begin ] --END-- [ RunTime:0.002721s ]
ERR: 無法載入控制器:Xiahuan

[ 2022-08-01T21:54:54+08:00 ] 185.191.171.12 /xiahuan/Active/index/p/index.html
INFO: [ app_init ] --START--
INFO: Run Behavior\BuildLiteBehavior [ RunTime:0.000012s ]
INFO: [ app_init ] --END-- [ RunTime:0.000060s ]
INFO: [ app_begin ] --START--
INFO: Run Behavior\ReadHtmlCacheBehavior [ RunTime:0.001400s ]
INFO: Run Behavior\CheckLangBehavior [ RunTime:0.002158s ]
INFO: [ app_begin ] --END-- [ RunTime:0.003631s ]
ERR: 無法載入控制器:Xiahuan

[ 2022-08-01T22:00:24+08:00 ] 185.191.171.25 /xiahuan/Posts/detail/id/portfolio-food.html
INFO: [ app_init ] --START--
INFO: Run Behavior\BuildLiteBehavior [ RunTime:0.000012s ]
INFO: [ app_init ] --END-- [ RunTime:0.000052s ]
INFO: [ app_begin ] --START--
INFO: Run Behavior\ReadHtmlCacheBehavior [ RunTime:0.000477s ]
INFO: Run Behavior\CheckLangBehavior [ RunTime:0.000684s ]
INFO: [ app_begin ] --END-- [ RunTime:0.001225s ]
ERR: 無法載入控制器:Xiahuan

[ 2022-08-01T22:05:34+08:00 ] 185.191.171.14 /xiahuan/Media2/index.html
INFO: [ app_init ] --START--
INFO: Run Behavior\BuildLiteBehavior [ RunTime:0.000012s ]
INFO: [ app_init ] --END-- [ RunTime:0.000055s ]
INFO: [ app_begin ] --START--
INFO: Run Behavior\ReadHtmlCacheBehavior [ RunTime:0.000443s ]
INFO: Run Behavior\CheckLangBehavior [ RunTime:0.000664s ]
INFO: [ app_begin ] --END-- [ RunTime:0.001162s ]
ERR: 無法載入控制器:Xiahuan

[ 2022-08-01T22:10:37+08:00 ] 185.191.171.15 /xiahuan/Shop/page_faq.html
INFO: [ app_init ] --START--
INFO: Run Behavior\BuildLiteBehavior [ RunTime:0.000012s ]
INFO: [ app_init ] --END-- [ RunTime:0.000055s ]
INFO: [ app_begin ] --START--
INFO: Run Behavior\ReadHtmlCacheBehavior [ RunTime:0.000442s ]
INFO: Run Behavior\CheckLangBehavior [ RunTime:0.000697s ]
INFO: [ app_begin ] --END-- [ RunTime:0.001201s ]
ERR: 無法載入控制器:Xiahuan

[ 2022-08-01T23:29:54+08:00 ] 185.191.171.17 /xiahuan/StreetHistory/detail/id/7.html
INFO: [ app_init ] --START--
INFO: Run Behavior\BuildLiteBehavior [ RunTime:0.000018s ]
INFO: [ app_init ] --END-- [ RunTime:0.000091s ]
INFO: [ app_begin ] --START--
INFO: Run Behavior\ReadHtmlCacheBehavior [ RunTime:0.001332s ]
INFO: Run Behavior\CheckLangBehavior [ RunTime:0.003635s ]
INFO: [ app_begin ] --END-- [ RunTime:0.005085s ]
ERR: 無法載入控制器:Xiahuan

