[ 2022-07-29T10:48:53+08:00 ] 219.131.240.191 /xiahuan/index.php/api/lists?type=activity
INFO: [ app_init ] --START--
INFO: Run Behavior\BuildLiteBehavior [ RunTime:0.000015s ]
INFO: [ app_init ] --END-- [ RunTime:0.000079s ]
INFO: [ app_begin ] --START--
INFO: Run Behavior\ReadHtmlCacheBehavior [ RunTime:0.000659s ]
INFO: Run Behavior\CheckLangBehavior [ RunTime:0.001066s ]
INFO: [ app_begin ] --END-- [ RunTime:0.001831s ]
SQL: SHOW COLUMNS FROM `arm_active` [ RunTime:0.0007s ]
SQL: SHOW COLUMNS FROM `arm_shop` [ RunTime:0.0006s ]
SQL: SHOW COLUMNS FROM `arm_posts` [ RunTime:0.0005s ]
SQL: SHOW COLUMNS FROM `arm_news` [ RunTime:0.0005s ]
SQL: SHOW COLUMNS FROM `arm_street_history` [ RunTime:0.0005s ]
SQL: SHOW COLUMNS FROM `arm_slide` [ RunTime:0.0004s ]
SQL: SHOW COLUMNS FROM `arm_culture_heritage` [ RunTime:0.0005s ]
SQL: SELECT * FROM `arm_active` WHERE `deleted` IS NULL AND `status` = 'published' ORDER BY created desc  [ RunTime:0.0001s ]
SQL: SELECT * FROM `arm_news` WHERE `deleted` IS NULL AND `status` = 'published' ORDER BY created desc  [ RunTime:0.0002s ]

[ 2022-07-29T10:48:59+08:00 ] 219.131.240.191 /xiahuan/index.php/api/banner
INFO: [ app_init ] --START--
INFO: Run Behavior\BuildLiteBehavior [ RunTime:0.000013s ]
INFO: [ app_init ] --END-- [ RunTime:0.000075s ]
INFO: [ app_begin ] --START--
INFO: Run Behavior\ReadHtmlCacheBehavior [ RunTime:0.000596s ]
INFO: Run Behavior\CheckLangBehavior [ RunTime:0.006364s ]
INFO: [ app_begin ] --END-- [ RunTime:0.007050s ]
SQL: SHOW COLUMNS FROM `arm_active` [ RunTime:0.0006s ]
SQL: SHOW COLUMNS FROM `arm_shop` [ RunTime:0.0006s ]
SQL: SHOW COLUMNS FROM `arm_posts` [ RunTime:0.0006s ]
SQL: SHOW COLUMNS FROM `arm_news` [ RunTime:0.0005s ]
SQL: SHOW COLUMNS FROM `arm_street_history` [ RunTime:0.0006s ]
SQL: SHOW COLUMNS FROM `arm_slide` [ RunTime:0.0005s ]
SQL: SHOW COLUMNS FROM `arm_culture_heritage` [ RunTime:0.0004s ]
ERR: 參數錯誤或者未定義:id

[ 2022-07-29T10:49:06+08:00 ] 219.131.240.191 /xiahuan/index.php/api/banner?id=1
INFO: [ app_init ] --START--
INFO: Run Behavior\BuildLiteBehavior [ RunTime:0.000016s ]
INFO: [ app_init ] --END-- [ RunTime:0.000075s ]
INFO: [ app_begin ] --START--
INFO: Run Behavior\ReadHtmlCacheBehavior [ RunTime:0.000610s ]
INFO: Run Behavior\CheckLangBehavior [ RunTime:0.000991s ]
INFO: [ app_begin ] --END-- [ RunTime:0.001688s ]
SQL: SHOW COLUMNS FROM `arm_active` [ RunTime:0.0007s ]
SQL: SHOW COLUMNS FROM `arm_shop` [ RunTime:0.0006s ]
SQL: SHOW COLUMNS FROM `arm_posts` [ RunTime:0.0005s ]
SQL: SHOW COLUMNS FROM `arm_news` [ RunTime:0.0005s ]
SQL: SHOW COLUMNS FROM `arm_street_history` [ RunTime:0.0005s ]
SQL: SHOW COLUMNS FROM `arm_slide` [ RunTime:0.0004s ]
SQL: SHOW COLUMNS FROM `arm_culture_heritage` [ RunTime:0.0004s ]
SQL: SELECT * FROM `arm_slide` WHERE `id` = 1 LIMIT 1   [ RunTime:0.0002s ]

[ 2022-07-29T10:49:27+08:00 ] 219.131.240.191 /xiahuan/index.php/api/banner?id=1
INFO: [ app_init ] --START--
INFO: Run Behavior\BuildLiteBehavior [ RunTime:0.000016s ]
INFO: [ app_init ] --END-- [ RunTime:0.000075s ]
INFO: [ app_begin ] --START--
INFO: Run Behavior\ReadHtmlCacheBehavior [ RunTime:0.000624s ]
INFO: Run Behavior\CheckLangBehavior [ RunTime:0.004259s ]
INFO: [ app_begin ] --END-- [ RunTime:0.004974s ]
SQL: SHOW COLUMNS FROM `arm_active` [ RunTime:0.0007s ]
SQL: SHOW COLUMNS FROM `arm_shop` [ RunTime:0.0006s ]
SQL: SHOW COLUMNS FROM `arm_posts` [ RunTime:0.0006s ]
SQL: SHOW COLUMNS FROM `arm_news` [ RunTime:0.0006s ]
SQL: SHOW COLUMNS FROM `arm_street_history` [ RunTime:0.0102s ]
SQL: SHOW COLUMNS FROM `arm_slide` [ RunTime:0.0005s ]
SQL: SHOW COLUMNS FROM `arm_culture_heritage` [ RunTime:0.0006s ]
SQL: SELECT * FROM `arm_slide` WHERE `id` = 1 LIMIT 1   [ RunTime:0.0001s ]

[ 2022-07-29T10:52:26+08:00 ] 219.131.240.191 /xiahuan/index.php/api/banner?id=
INFO: [ app_init ] --START--
INFO: Run Behavior\BuildLiteBehavior [ RunTime:0.000011s ]
INFO: [ app_init ] --END-- [ RunTime:0.000051s ]
INFO: [ app_begin ] --START--
INFO: Run Behavior\ReadHtmlCacheBehavior [ RunTime:0.000445s ]
INFO: Run Behavior\CheckLangBehavior [ RunTime:0.000681s ]
INFO: [ app_begin ] --END-- [ RunTime:0.001185s ]
SQL: SHOW COLUMNS FROM `arm_active` [ RunTime:0.0006s ]
SQL: SHOW COLUMNS FROM `arm_shop` [ RunTime:0.0005s ]
SQL: SHOW COLUMNS FROM `arm_posts` [ RunTime:0.0005s ]
SQL: SHOW COLUMNS FROM `arm_news` [ RunTime:0.0004s ]
SQL: SHOW COLUMNS FROM `arm_street_history` [ RunTime:0.0004s ]
SQL: SHOW COLUMNS FROM `arm_slide` [ RunTime:0.0003s ]
SQL: SHOW COLUMNS FROM `arm_culture_heritage` [ RunTime:0.0005s ]
SQL: SELECT * FROM `arm_slide` WHERE `id` = 0 LIMIT 1   [ RunTime:0.0002s ]
NOTIC: [8] Trying to access array offset on value of type null /pub/www/wwwroot/www.macauonline.net/xiahuan/App/WechatApi/Controller/ApiController.class.php 第 329 行.

[ 2022-07-29T10:52:31+08:00 ] 219.131.240.191 /xiahuan/index.php/api/banner?id=2
INFO: [ app_init ] --START--
INFO: Run Behavior\BuildLiteBehavior [ RunTime:0.000010s ]
INFO: [ app_init ] --END-- [ RunTime:0.000050s ]
INFO: [ app_begin ] --START--
INFO: Run Behavior\ReadHtmlCacheBehavior [ RunTime:0.000477s ]
INFO: Run Behavior\CheckLangBehavior [ RunTime:0.000680s ]
INFO: [ app_begin ] --END-- [ RunTime:0.001214s ]
SQL: SHOW COLUMNS FROM `arm_active` [ RunTime:0.0005s ]
SQL: SHOW COLUMNS FROM `arm_shop` [ RunTime:0.0004s ]
SQL: SHOW COLUMNS FROM `arm_posts` [ RunTime:0.0004s ]
SQL: SHOW COLUMNS FROM `arm_news` [ RunTime:0.0003s ]
SQL: SHOW COLUMNS FROM `arm_street_history` [ RunTime:0.0003s ]
SQL: SHOW COLUMNS FROM `arm_slide` [ RunTime:0.0004s ]
SQL: SHOW COLUMNS FROM `arm_culture_heritage` [ RunTime:0.0004s ]
SQL: SELECT * FROM `arm_slide` WHERE `id` = 2 LIMIT 1   [ RunTime:0.0002s ]

[ 2022-07-29T10:52:34+08:00 ] 219.131.240.191 /xiahuan/index.php/api/banner?id=3
INFO: [ app_init ] --START--
INFO: Run Behavior\BuildLiteBehavior [ RunTime:0.000014s ]
INFO: [ app_init ] --END-- [ RunTime:0.000066s ]
INFO: [ app_begin ] --START--
INFO: Run Behavior\ReadHtmlCacheBehavior [ RunTime:0.000477s ]
INFO: Run Behavior\CheckLangBehavior [ RunTime:0.000722s ]
INFO: [ app_begin ] --END-- [ RunTime:0.001260s ]
SQL: SHOW COLUMNS FROM `arm_active` [ RunTime:0.0006s ]
SQL: SHOW COLUMNS FROM `arm_shop` [ RunTime:0.0005s ]
SQL: SHOW COLUMNS FROM `arm_posts` [ RunTime:0.0004s ]
SQL: SHOW COLUMNS FROM `arm_news` [ RunTime:0.0003s ]
SQL: SHOW COLUMNS FROM `arm_street_history` [ RunTime:0.0004s ]
SQL: SHOW COLUMNS FROM `arm_slide` [ RunTime:0.0003s ]
SQL: SHOW COLUMNS FROM `arm_culture_heritage` [ RunTime:0.0004s ]
SQL: SELECT * FROM `arm_slide` WHERE `id` = 3 LIMIT 1   [ RunTime:0.0002s ]

[ 2022-07-29T10:52:38+08:00 ] 219.131.240.191 /xiahuan/index.php/api/banner?id=4
INFO: [ app_init ] --START--
INFO: Run Behavior\BuildLiteBehavior [ RunTime:0.000010s ]
INFO: [ app_init ] --END-- [ RunTime:0.000049s ]
INFO: [ app_begin ] --START--
INFO: Run Behavior\ReadHtmlCacheBehavior [ RunTime:0.000432s ]
INFO: Run Behavior\CheckLangBehavior [ RunTime:0.000664s ]
INFO: [ app_begin ] --END-- [ RunTime:0.001150s ]
SQL: SHOW COLUMNS FROM `arm_active` [ RunTime:0.0005s ]
SQL: SHOW COLUMNS FROM `arm_shop` [ RunTime:0.0004s ]
SQL: SHOW COLUMNS FROM `arm_posts` [ RunTime:0.0004s ]
SQL: SHOW COLUMNS FROM `arm_news` [ RunTime:0.0004s ]
SQL: SHOW COLUMNS FROM `arm_street_history` [ RunTime:0.0004s ]
SQL: SHOW COLUMNS FROM `arm_slide` [ RunTime:0.0003s ]
SQL: SHOW COLUMNS FROM `arm_culture_heritage` [ RunTime:0.0004s ]
SQL: SELECT * FROM `arm_slide` WHERE `id` = 4 LIMIT 1   [ RunTime:0.0002s ]

[ 2022-07-29T10:53:29+08:00 ] 219.131.240.191 /xiahuan/index.php/api/banner?id=$
INFO: [ app_init ] --START--
INFO: Run Behavior\BuildLiteBehavior [ RunTime:0.000011s ]
INFO: [ app_init ] --END-- [ RunTime:0.000051s ]
INFO: [ app_begin ] --START--
INFO: Run Behavior\ReadHtmlCacheBehavior [ RunTime:0.000442s ]
INFO: Run Behavior\CheckLangBehavior [ RunTime:0.000673s ]
INFO: [ app_begin ] --END-- [ RunTime:0.001169s ]
SQL: SHOW COLUMNS FROM `arm_active` [ RunTime:0.0004s ]
SQL: SHOW COLUMNS FROM `arm_shop` [ RunTime:0.0003s ]
SQL: SHOW COLUMNS FROM `arm_posts` [ RunTime:0.0003s ]
SQL: SHOW COLUMNS FROM `arm_news` [ RunTime:0.0003s ]
SQL: SHOW COLUMNS FROM `arm_street_history` [ RunTime:0.0003s ]
SQL: SHOW COLUMNS FROM `arm_slide` [ RunTime:0.0002s ]
SQL: SHOW COLUMNS FROM `arm_culture_heritage` [ RunTime:0.0003s ]
SQL: SELECT * FROM `arm_slide` WHERE `id` = 0 LIMIT 1   [ RunTime:0.0001s ]
NOTIC: [8] Trying to access array offset on value of type null /pub/www/wwwroot/www.macauonline.net/xiahuan/App/WechatApi/Controller/ApiController.class.php 第 329 行.

[ 2022-07-29T10:53:33+08:00 ] 219.131.240.191 /xiahuan/index.php/api/banner?id=$id
INFO: [ app_init ] --START--
INFO: Run Behavior\BuildLiteBehavior [ RunTime:0.000010s ]
INFO: [ app_init ] --END-- [ RunTime:0.000051s ]
INFO: [ app_begin ] --START--
INFO: Run Behavior\ReadHtmlCacheBehavior [ RunTime:0.000463s ]
INFO: Run Behavior\CheckLangBehavior [ RunTime:0.000685s ]
INFO: [ app_begin ] --END-- [ RunTime:0.001207s ]
SQL: SHOW COLUMNS FROM `arm_active` [ RunTime:0.0006s ]
SQL: SHOW COLUMNS FROM `arm_shop` [ RunTime:0.0005s ]
SQL: SHOW COLUMNS FROM `arm_posts` [ RunTime:0.0004s ]
SQL: SHOW COLUMNS FROM `arm_news` [ RunTime:0.0004s ]
SQL: SHOW COLUMNS FROM `arm_street_history` [ RunTime:0.0004s ]
SQL: SHOW COLUMNS FROM `arm_slide` [ RunTime:0.0004s ]
SQL: SHOW COLUMNS FROM `arm_culture_heritage` [ RunTime:0.0003s ]
SQL: SELECT * FROM `arm_slide` WHERE `id` = 0 LIMIT 1   [ RunTime:0.0001s ]
NOTIC: [8] Trying to access array offset on value of type null /pub/www/wwwroot/www.macauonline.net/xiahuan/App/WechatApi/Controller/ApiController.class.php 第 329 行.

[ 2022-07-29T10:53:37+08:00 ] 219.131.240.191 /xiahuan/index.php/api/banner?id=
INFO: [ app_init ] --START--
INFO: Run Behavior\BuildLiteBehavior [ RunTime:0.000010s ]
INFO: [ app_init ] --END-- [ RunTime:0.000050s ]
INFO: [ app_begin ] --START--
INFO: Run Behavior\ReadHtmlCacheBehavior [ RunTime:0.000436s ]
INFO: Run Behavior\CheckLangBehavior [ RunTime:0.000689s ]
INFO: [ app_begin ] --END-- [ RunTime:0.001181s ]
SQL: SHOW COLUMNS FROM `arm_active` [ RunTime:0.0004s ]
SQL: SHOW COLUMNS FROM `arm_shop` [ RunTime:0.0003s ]
SQL: SHOW COLUMNS FROM `arm_posts` [ RunTime:0.0003s ]
SQL: SHOW COLUMNS FROM `arm_news` [ RunTime:0.0003s ]
SQL: SHOW COLUMNS FROM `arm_street_history` [ RunTime:0.0003s ]
SQL: SHOW COLUMNS FROM `arm_slide` [ RunTime:0.0002s ]
SQL: SHOW COLUMNS FROM `arm_culture_heritage` [ RunTime:0.0002s ]
SQL: SELECT * FROM `arm_slide` WHERE `id` = 0 LIMIT 1   [ RunTime:0.0001s ]
NOTIC: [8] Trying to access array offset on value of type null /pub/www/wwwroot/www.macauonline.net/xiahuan/App/WechatApi/Controller/ApiController.class.php 第 329 行.

[ 2022-07-29T11:01:09+08:00 ] 61.151.207.117 /xiahuan/index.php/api/banner?id=
INFO: [ app_init ] --START--
INFO: Run Behavior\BuildLiteBehavior [ RunTime:0.000012s ]
INFO: [ app_init ] --END-- [ RunTime:0.000053s ]
INFO: [ app_begin ] --START--
INFO: Run Behavior\ReadHtmlCacheBehavior [ RunTime:0.000442s ]
INFO: Run Behavior\CheckLangBehavior [ RunTime:0.000698s ]
INFO: [ app_begin ] --END-- [ RunTime:0.001195s ]
SQL: SHOW COLUMNS FROM `arm_active` [ RunTime:0.0007s ]
SQL: SHOW COLUMNS FROM `arm_shop` [ RunTime:0.0005s ]
SQL: SHOW COLUMNS FROM `arm_posts` [ RunTime:0.0005s ]
SQL: SHOW COLUMNS FROM `arm_news` [ RunTime:0.0004s ]
SQL: SHOW COLUMNS FROM `arm_street_history` [ RunTime:0.0005s ]
SQL: SHOW COLUMNS FROM `arm_slide` [ RunTime:0.0003s ]
SQL: SHOW COLUMNS FROM `arm_culture_heritage` [ RunTime:0.0004s ]
SQL: SELECT * FROM `arm_slide` WHERE `id` = 0 LIMIT 1   [ RunTime:0.0001s ]
NOTIC: [8] Trying to access array offset on value of type null /pub/www/wwwroot/www.macauonline.net/xiahuan/App/WechatApi/Controller/ApiController.class.php 第 329 行.

[ 2022-07-29T11:13:35+08:00 ] 219.131.240.191 /xiahuan/index.php/api/banner?id=
INFO: [ app_init ] --START--
INFO: Run Behavior\BuildLiteBehavior [ RunTime:0.000011s ]
INFO: [ app_init ] --END-- [ RunTime:0.000052s ]
INFO: [ app_begin ] --START--
INFO: Run Behavior\ReadHtmlCacheBehavior [ RunTime:0.000445s ]
INFO: Run Behavior\CheckLangBehavior [ RunTime:0.000722s ]
INFO: [ app_begin ] --END-- [ RunTime:0.001229s ]
SQL: SHOW COLUMNS FROM `arm_active` [ RunTime:0.0006s ]
SQL: SHOW COLUMNS FROM `arm_shop` [ RunTime:0.0005s ]
SQL: SHOW COLUMNS FROM `arm_posts` [ RunTime:0.0004s ]
SQL: SHOW COLUMNS FROM `arm_news` [ RunTime:0.0004s ]
SQL: SHOW COLUMNS FROM `arm_street_history` [ RunTime:0.0004s ]
SQL: SHOW COLUMNS FROM `arm_slide` [ RunTime:0.0003s ]
SQL: SHOW COLUMNS FROM `arm_culture_heritage` [ RunTime:0.0004s ]
SQL: SELECT * FROM `arm_slide` WHERE `id` = 0 LIMIT 1   [ RunTime:0.0001s ]
NOTIC: [8] Trying to access array offset on value of type null /pub/www/wwwroot/www.macauonline.net/xiahuan/App/WechatApi/Controller/ApiController.class.php 第 329 行.

[ 2022-07-29T11:13:40+08:00 ] 219.131.240.191 /xiahuan/index.php/api/banner?id=10
INFO: [ app_init ] --START--
INFO: Run Behavior\BuildLiteBehavior [ RunTime:0.000013s ]
INFO: [ app_init ] --END-- [ RunTime:0.000074s ]
INFO: [ app_begin ] --START--
INFO: Run Behavior\ReadHtmlCacheBehavior [ RunTime:0.000627s ]
INFO: Run Behavior\CheckLangBehavior [ RunTime:0.001009s ]
INFO: [ app_begin ] --END-- [ RunTime:0.001730s ]
SQL: SHOW COLUMNS FROM `arm_active` [ RunTime:0.0008s ]
SQL: SHOW COLUMNS FROM `arm_shop` [ RunTime:0.0008s ]
SQL: SHOW COLUMNS FROM `arm_posts` [ RunTime:0.0006s ]
SQL: SHOW COLUMNS FROM `arm_news` [ RunTime:0.0006s ]
SQL: SHOW COLUMNS FROM `arm_street_history` [ RunTime:0.0006s ]
SQL: SHOW COLUMNS FROM `arm_slide` [ RunTime:0.0005s ]
SQL: SHOW COLUMNS FROM `arm_culture_heritage` [ RunTime:0.0006s ]
SQL: SELECT * FROM `arm_slide` WHERE `id` = 10 LIMIT 1   [ RunTime:0.0004s ]

[ 2022-07-29T11:14:41+08:00 ] 219.131.240.191 /xiahuan/index.php/api/banner?id=10
INFO: [ app_init ] --START--
INFO: Run Behavior\BuildLiteBehavior [ RunTime:0.000010s ]
INFO: [ app_init ] --END-- [ RunTime:0.000047s ]
INFO: [ app_begin ] --START--
INFO: Run Behavior\ReadHtmlCacheBehavior [ RunTime:0.000434s ]
INFO: Run Behavior\CheckLangBehavior [ RunTime:0.000689s ]
INFO: [ app_begin ] --END-- [ RunTime:0.001180s ]
SQL: SHOW COLUMNS FROM `arm_active` [ RunTime:0.0005s ]
SQL: SHOW COLUMNS FROM `arm_shop` [ RunTime:0.0005s ]
SQL: SHOW COLUMNS FROM `arm_posts` [ RunTime:0.0005s ]
SQL: SHOW COLUMNS FROM `arm_news` [ RunTime:0.0004s ]
SQL: SHOW COLUMNS FROM `arm_street_history` [ RunTime:0.0004s ]
SQL: SHOW COLUMNS FROM `arm_slide` [ RunTime:0.0003s ]
SQL: SHOW COLUMNS FROM `arm_culture_heritage` [ RunTime:0.0004s ]
SQL: SELECT * FROM `arm_slide` WHERE `id` = 10 LIMIT 1   [ RunTime:0.0001s ]

[ 2022-07-29T11:14:41+08:00 ] 219.131.240.191 /xiahuan/index.php/api/lists?type=post&page=1
INFO: [ app_init ] --START--
INFO: Run Behavior\BuildLiteBehavior [ RunTime:0.000012s ]
INFO: [ app_init ] --END-- [ RunTime:0.000067s ]
INFO: [ app_begin ] --START--
INFO: Run Behavior\ReadHtmlCacheBehavior [ RunTime:0.000605s ]
INFO: Run Behavior\CheckLangBehavior [ RunTime:0.000948s ]
INFO: [ app_begin ] --END-- [ RunTime:0.001639s ]
SQL: SHOW COLUMNS FROM `arm_active` [ RunTime:0.0004s ]
SQL: SHOW COLUMNS FROM `arm_shop` [ RunTime:0.0004s ]
SQL: SHOW COLUMNS FROM `arm_posts` [ RunTime:0.0004s ]
SQL: SHOW COLUMNS FROM `arm_news` [ RunTime:0.0003s ]
SQL: SHOW COLUMNS FROM `arm_street_history` [ RunTime:0.0004s ]
SQL: SHOW COLUMNS FROM `arm_slide` [ RunTime:0.0003s ]
SQL: SHOW COLUMNS FROM `arm_culture_heritage` [ RunTime:0.0003s ]
SQL: SELECT * FROM `arm_posts` WHERE `deleted` IS NULL AND `status` = 'published' ORDER BY created desc  [ RunTime:0.0002s ]
SQL: SELECT * FROM `arm_street_history` WHERE `deleted` IS NULL AND `status` = 'published' ORDER BY created desc  [ RunTime:0.0003s ]

[ 2022-07-29T11:14:43+08:00 ] 219.131.240.191 /xiahuan/index.php/api/lists?type=activity
INFO: [ app_init ] --START--
INFO: Run Behavior\BuildLiteBehavior [ RunTime:0.000015s ]
INFO: [ app_init ] --END-- [ RunTime:0.000072s ]
INFO: [ app_begin ] --START--
INFO: Run Behavior\ReadHtmlCacheBehavior [ RunTime:0.000597s ]
INFO: Run Behavior\CheckLangBehavior [ RunTime:0.000968s ]
INFO: [ app_begin ] --END-- [ RunTime:0.001654s ]
SQL: SHOW COLUMNS FROM `arm_active` [ RunTime:0.0007s ]
SQL: SHOW COLUMNS FROM `arm_shop` [ RunTime:0.0006s ]
SQL: SHOW COLUMNS FROM `arm_posts` [ RunTime:0.0005s ]
SQL: SHOW COLUMNS FROM `arm_news` [ RunTime:0.0005s ]
SQL: SHOW COLUMNS FROM `arm_street_history` [ RunTime:0.0006s ]
SQL: SHOW COLUMNS FROM `arm_slide` [ RunTime:0.0004s ]
SQL: SHOW COLUMNS FROM `arm_culture_heritage` [ RunTime:0.0004s ]
SQL: SELECT * FROM `arm_active` WHERE `deleted` IS NULL AND `status` = 'published' ORDER BY created desc  [ RunTime:0.0001s ]
SQL: SELECT * FROM `arm_news` WHERE `deleted` IS NULL AND `status` = 'published' ORDER BY created desc  [ RunTime:0.0002s ]

[ 2022-07-29T11:14:43+08:00 ] 219.131.240.191 /xiahuan/index.php/api/banner?id=6
INFO: [ app_init ] --START--
INFO: Run Behavior\BuildLiteBehavior [ RunTime:0.000012s ]
INFO: [ app_init ] --END-- [ RunTime:0.000064s ]
INFO: [ app_begin ] --START--
INFO: Run Behavior\ReadHtmlCacheBehavior [ RunTime:0.000594s ]
INFO: Run Behavior\CheckLangBehavior [ RunTime:0.000966s ]
INFO: [ app_begin ] --END-- [ RunTime:0.001649s ]
SQL: SHOW COLUMNS FROM `arm_active` [ RunTime:0.0005s ]
SQL: SHOW COLUMNS FROM `arm_shop` [ RunTime:0.0005s ]
SQL: SHOW COLUMNS FROM `arm_posts` [ RunTime:0.0005s ]
SQL: SHOW COLUMNS FROM `arm_news` [ RunTime:0.0005s ]
SQL: SHOW COLUMNS FROM `arm_street_history` [ RunTime:0.0006s ]
SQL: SHOW COLUMNS FROM `arm_slide` [ RunTime:0.0004s ]
SQL: SHOW COLUMNS FROM `arm_culture_heritage` [ RunTime:0.0004s ]
SQL: SELECT * FROM `arm_slide` WHERE `id` = 6 LIMIT 1   [ RunTime:0.0003s ]

[ 2022-07-29T11:14:49+08:00 ] 219.131.240.191 /xiahuan/index.php/api/banner?id=7
INFO: [ app_init ] --START--
INFO: Run Behavior\BuildLiteBehavior [ RunTime:0.000013s ]
INFO: [ app_init ] --END-- [ RunTime:0.000071s ]
INFO: [ app_begin ] --START--
INFO: Run Behavior\ReadHtmlCacheBehavior [ RunTime:0.000629s ]
INFO: Run Behavior\CheckLangBehavior [ RunTime:0.001012s ]
INFO: [ app_begin ] --END-- [ RunTime:0.001727s ]
SQL: SHOW COLUMNS FROM `arm_active` [ RunTime:0.0006s ]
SQL: SHOW COLUMNS FROM `arm_shop` [ RunTime:0.0006s ]
SQL: SHOW COLUMNS FROM `arm_posts` [ RunTime:0.0005s ]
SQL: SHOW COLUMNS FROM `arm_news` [ RunTime:0.0004s ]
SQL: SHOW COLUMNS FROM `arm_street_history` [ RunTime:0.0005s ]
SQL: SHOW COLUMNS FROM `arm_slide` [ RunTime:0.0004s ]
SQL: SHOW COLUMNS FROM `arm_culture_heritage` [ RunTime:0.0004s ]
SQL: SELECT * FROM `arm_slide` WHERE `id` = 7 LIMIT 1   [ RunTime:0.0002s ]

[ 2022-07-29T11:14:49+08:00 ] 219.131.240.191 /xiahuan/index.php/api/lists?type=post
INFO: [ app_init ] --START--
INFO: Run Behavior\BuildLiteBehavior [ RunTime:0.000013s ]
INFO: [ app_init ] --END-- [ RunTime:0.000074s ]
INFO: [ app_begin ] --START--
INFO: Run Behavior\ReadHtmlCacheBehavior [ RunTime:0.000657s ]
INFO: Run Behavior\CheckLangBehavior [ RunTime:0.001013s ]
INFO: [ app_begin ] --END-- [ RunTime:0.001768s ]
SQL: SHOW COLUMNS FROM `arm_active` [ RunTime:0.0008s ]
SQL: SHOW COLUMNS FROM `arm_shop` [ RunTime:0.0007s ]
SQL: SHOW COLUMNS FROM `arm_posts` [ RunTime:0.0005s ]
SQL: SHOW COLUMNS FROM `arm_news` [ RunTime:0.0004s ]
SQL: SHOW COLUMNS FROM `arm_street_history` [ RunTime:0.0006s ]
SQL: SHOW COLUMNS FROM `arm_slide` [ RunTime:0.0005s ]
SQL: SHOW COLUMNS FROM `arm_culture_heritage` [ RunTime:0.0005s ]
SQL: SELECT * FROM `arm_posts` WHERE `deleted` IS NULL AND `status` = 'published' ORDER BY created desc  [ RunTime:0.0002s ]
SQL: SELECT * FROM `arm_street_history` WHERE `deleted` IS NULL AND `status` = 'published' ORDER BY created desc  [ RunTime:0.0001s ]

[ 2022-07-29T11:14:49+08:00 ] 219.131.240.191 /xiahuan/index.php/api/banner?id=9
INFO: [ app_init ] --START--
INFO: Run Behavior\BuildLiteBehavior [ RunTime:0.000014s ]
INFO: [ app_init ] --END-- [ RunTime:0.000065s ]
INFO: [ app_begin ] --START--
INFO: Run Behavior\ReadHtmlCacheBehavior [ RunTime:0.000607s ]
INFO: Run Behavior\CheckLangBehavior [ RunTime:0.000978s ]
INFO: [ app_begin ] --END-- [ RunTime:0.001670s ]
SQL: SHOW COLUMNS FROM `arm_active` [ RunTime:0.0006s ]
SQL: SHOW COLUMNS FROM `arm_shop` [ RunTime:0.0006s ]
SQL: SHOW COLUMNS FROM `arm_posts` [ RunTime:0.0006s ]
SQL: SHOW COLUMNS FROM `arm_news` [ RunTime:0.0005s ]
SQL: SHOW COLUMNS FROM `arm_street_history` [ RunTime:0.0006s ]
SQL: SHOW COLUMNS FROM `arm_slide` [ RunTime:0.0004s ]
SQL: SHOW COLUMNS FROM `arm_culture_heritage` [ RunTime:0.0006s ]
SQL: SELECT * FROM `arm_slide` WHERE `id` = 9 LIMIT 1   [ RunTime:0.0002s ]

[ 2022-07-29T11:14:49+08:00 ] 219.131.240.191 /xiahuan/index.php/api/lists?type=culture&page=1
INFO: [ app_init ] --START--
INFO: Run Behavior\BuildLiteBehavior [ RunTime:0.000012s ]
INFO: [ app_init ] --END-- [ RunTime:0.000068s ]
INFO: [ app_begin ] --START--
INFO: Run Behavior\ReadHtmlCacheBehavior [ RunTime:0.000625s ]
INFO: Run Behavior\CheckLangBehavior [ RunTime:0.000995s ]
INFO: [ app_begin ] --END-- [ RunTime:0.001711s ]
SQL: SHOW COLUMNS FROM `arm_active` [ RunTime:0.0007s ]
SQL: SHOW COLUMNS FROM `arm_shop` [ RunTime:0.0006s ]
SQL: SHOW COLUMNS FROM `arm_posts` [ RunTime:0.0007s ]
SQL: SHOW COLUMNS FROM `arm_news` [ RunTime:0.0005s ]
SQL: SHOW COLUMNS FROM `arm_street_history` [ RunTime:0.0005s ]
SQL: SHOW COLUMNS FROM `arm_slide` [ RunTime:0.0004s ]
SQL: SHOW COLUMNS FROM `arm_culture_heritage` [ RunTime:0.0005s ]
SQL: SELECT COUNT(*) AS tp_count FROM `arm_culture_heritage` WHERE `deleted` IS NULL AND `status` = 'published' LIMIT 1   [ RunTime:0.0004s ]
SQL: SELECT * FROM `arm_culture_heritage` WHERE `deleted` IS NULL AND `status` = 'published' ORDER BY created desc LIMIT 0,10   [ RunTime:0.0004s ]

[ 2022-07-29T11:14:52+08:00 ] 219.131.240.191 /xiahuan/index.php/api/lists?type=shop&page=1
INFO: [ app_init ] --START--
INFO: Run Behavior\BuildLiteBehavior [ RunTime:0.000010s ]
INFO: [ app_init ] --END-- [ RunTime:0.000048s ]
INFO: [ app_begin ] --START--
INFO: Run Behavior\ReadHtmlCacheBehavior [ RunTime:0.000473s ]
INFO: Run Behavior\CheckLangBehavior [ RunTime:0.000974s ]
INFO: [ app_begin ] --END-- [ RunTime:0.001622s ]
SQL: SHOW COLUMNS FROM `arm_active` [ RunTime:0.0007s ]
SQL: SHOW COLUMNS FROM `arm_shop` [ RunTime:0.0006s ]
SQL: SHOW COLUMNS FROM `arm_posts` [ RunTime:0.0007s ]
SQL: SHOW COLUMNS FROM `arm_news` [ RunTime:0.0006s ]
SQL: SHOW COLUMNS FROM `arm_street_history` [ RunTime:0.0006s ]
SQL: SHOW COLUMNS FROM `arm_slide` [ RunTime:0.0005s ]
SQL: SHOW COLUMNS FROM `arm_culture_heritage` [ RunTime:0.0005s ]
SQL: SELECT COUNT(*) AS tp_count FROM `arm_shop` WHERE `deleted` IS NULL AND `status` = 'published' LIMIT 1   [ RunTime:0.0005s ]
SQL: SELECT * FROM `arm_shop` WHERE `deleted` IS NULL AND `status` = 'published' ORDER BY created desc LIMIT 0,10   [ RunTime:0.0007s ]

[ 2022-07-29T11:14:52+08:00 ] 219.131.240.191 /xiahuan/index.php/api/lists?type=shop
INFO: [ app_init ] --START--
INFO: Run Behavior\BuildLiteBehavior [ RunTime:0.000012s ]
INFO: [ app_init ] --END-- [ RunTime:0.000069s ]
INFO: [ app_begin ] --START--
INFO: Run Behavior\ReadHtmlCacheBehavior [ RunTime:0.004559s ]
INFO: Run Behavior\CheckLangBehavior [ RunTime:0.000952s ]
INFO: [ app_begin ] --END-- [ RunTime:0.005598s ]
SQL: SHOW COLUMNS FROM `arm_active` [ RunTime:0.0005s ]
SQL: SHOW COLUMNS FROM `arm_shop` [ RunTime:0.0006s ]
SQL: SHOW COLUMNS FROM `arm_posts` [ RunTime:0.0005s ]
SQL: SHOW COLUMNS FROM `arm_news` [ RunTime:0.0004s ]
SQL: SHOW COLUMNS FROM `arm_street_history` [ RunTime:0.0005s ]
SQL: SHOW COLUMNS FROM `arm_slide` [ RunTime:0.0004s ]
SQL: SHOW COLUMNS FROM `arm_culture_heritage` [ RunTime:0.0005s ]
SQL: SELECT COUNT(*) AS tp_count FROM `arm_shop` WHERE `deleted` IS NULL AND `status` = 'published' LIMIT 1   [ RunTime:0.0001s ]
SQL: SELECT * FROM `arm_shop` WHERE `deleted` IS NULL AND `status` = 'published' ORDER BY created desc LIMIT 0,10   [ RunTime:0.0001s ]

[ 2022-07-29T11:14:52+08:00 ] 219.131.240.191 /xiahuan/index.php/api/banner?id=8
INFO: [ app_init ] --START--
INFO: Run Behavior\BuildLiteBehavior [ RunTime:0.000014s ]
INFO: [ app_init ] --END-- [ RunTime:0.000071s ]
INFO: [ app_begin ] --START--
INFO: Run Behavior\ReadHtmlCacheBehavior [ RunTime:0.000604s ]
INFO: Run Behavior\CheckLangBehavior [ RunTime:0.000942s ]
INFO: [ app_begin ] --END-- [ RunTime:0.001625s ]
SQL: SHOW COLUMNS FROM `arm_active` [ RunTime:0.0004s ]
SQL: SHOW COLUMNS FROM `arm_shop` [ RunTime:0.0004s ]
SQL: SHOW COLUMNS FROM `arm_posts` [ RunTime:0.0003s ]
SQL: SHOW COLUMNS FROM `arm_news` [ RunTime:0.0004s ]
SQL: SHOW COLUMNS FROM `arm_street_history` [ RunTime:0.0004s ]
SQL: SHOW COLUMNS FROM `arm_slide` [ RunTime:0.0003s ]
SQL: SHOW COLUMNS FROM `arm_culture_heritage` [ RunTime:0.0003s ]
SQL: SELECT * FROM `arm_slide` WHERE `id` = 8 LIMIT 1   [ RunTime:0.0002s ]

[ 2022-07-29T11:15:04+08:00 ] 219.131.240.191 /xiahuan/index.php/api/lists?type=shop&page=2
INFO: [ app_init ] --START--
INFO: Run Behavior\BuildLiteBehavior [ RunTime:0.000011s ]
INFO: [ app_init ] --END-- [ RunTime:0.000050s ]
INFO: [ app_begin ] --START--
INFO: Run Behavior\ReadHtmlCacheBehavior [ RunTime:0.000438s ]
INFO: Run Behavior\CheckLangBehavior [ RunTime:0.000683s ]
INFO: [ app_begin ] --END-- [ RunTime:0.001182s ]
SQL: SHOW COLUMNS FROM `arm_active` [ RunTime:0.0005s ]
SQL: SHOW COLUMNS FROM `arm_shop` [ RunTime:0.0005s ]
SQL: SHOW COLUMNS FROM `arm_posts` [ RunTime:0.0004s ]
SQL: SHOW COLUMNS FROM `arm_news` [ RunTime:0.0003s ]
SQL: SHOW COLUMNS FROM `arm_street_history` [ RunTime:0.0004s ]
SQL: SHOW COLUMNS FROM `arm_slide` [ RunTime:0.0003s ]
SQL: SHOW COLUMNS FROM `arm_culture_heritage` [ RunTime:0.0003s ]
SQL: SELECT COUNT(*) AS tp_count FROM `arm_shop` WHERE `deleted` IS NULL AND `status` = 'published' LIMIT 1   [ RunTime:0.0001s ]
SQL: SELECT * FROM `arm_shop` WHERE `deleted` IS NULL AND `status` = 'published' ORDER BY created desc LIMIT 0,10   [ RunTime:0.0001s ]

[ 2022-07-29T11:15:41+08:00 ] 219.131.240.191 /xiahuan/index.php/api/banner?id=10
INFO: [ app_init ] --START--
INFO: Run Behavior\BuildLiteBehavior [ RunTime:0.000010s ]
INFO: [ app_init ] --END-- [ RunTime:0.000051s ]
INFO: [ app_begin ] --START--
INFO: Run Behavior\ReadHtmlCacheBehavior [ RunTime:0.000437s ]
INFO: Run Behavior\CheckLangBehavior [ RunTime:0.000662s ]
INFO: [ app_begin ] --END-- [ RunTime:0.001154s ]
SQL: SHOW COLUMNS FROM `arm_active` [ RunTime:0.0005s ]
SQL: SHOW COLUMNS FROM `arm_shop` [ RunTime:0.0004s ]
SQL: SHOW COLUMNS FROM `arm_posts` [ RunTime:0.0004s ]
SQL: SHOW COLUMNS FROM `arm_news` [ RunTime:0.0003s ]
SQL: SHOW COLUMNS FROM `arm_street_history` [ RunTime:0.0004s ]
SQL: SHOW COLUMNS FROM `arm_slide` [ RunTime:0.0003s ]
SQL: SHOW COLUMNS FROM `arm_culture_heritage` [ RunTime:0.0003s ]
SQL: SELECT * FROM `arm_slide` WHERE `id` = 10 LIMIT 1   [ RunTime:0.0001s ]

[ 2022-07-29T11:15:41+08:00 ] 219.131.240.191 /xiahuan/index.php/api/lists?type=post&page=1
INFO: [ app_init ] --START--
INFO: Run Behavior\BuildLiteBehavior [ RunTime:0.000013s ]
INFO: [ app_init ] --END-- [ RunTime:0.000066s ]
INFO: [ app_begin ] --START--
INFO: Run Behavior\ReadHtmlCacheBehavior [ RunTime:0.000599s ]
INFO: Run Behavior\CheckLangBehavior [ RunTime:0.000931s ]
INFO: [ app_begin ] --END-- [ RunTime:0.001611s ]
SQL: SHOW COLUMNS FROM `arm_active` [ RunTime:0.0005s ]
SQL: SHOW COLUMNS FROM `arm_shop` [ RunTime:0.0004s ]
SQL: SHOW COLUMNS FROM `arm_posts` [ RunTime:0.0003s ]
SQL: SHOW COLUMNS FROM `arm_news` [ RunTime:0.0003s ]
SQL: SHOW COLUMNS FROM `arm_street_history` [ RunTime:0.0003s ]
SQL: SHOW COLUMNS FROM `arm_slide` [ RunTime:0.0002s ]
SQL: SHOW COLUMNS FROM `arm_culture_heritage` [ RunTime:0.0003s ]
SQL: SELECT * FROM `arm_posts` WHERE `deleted` IS NULL AND `status` = 'published' ORDER BY created desc  [ RunTime:0.0002s ]
SQL: SELECT * FROM `arm_street_history` WHERE `deleted` IS NULL AND `status` = 'published' ORDER BY created desc  [ RunTime:0.0001s ]

[ 2022-07-29T11:16:29+08:00 ] 219.131.240.191 /xiahuan/index.php/api/banner?id=10
INFO: [ app_init ] --START--
INFO: Run Behavior\BuildLiteBehavior [ RunTime:0.000010s ]
INFO: [ app_init ] --END-- [ RunTime:0.000051s ]
INFO: [ app_begin ] --START--
INFO: Run Behavior\ReadHtmlCacheBehavior [ RunTime:0.000481s ]
INFO: Run Behavior\CheckLangBehavior [ RunTime:0.000670s ]
INFO: [ app_begin ] --END-- [ RunTime:0.001211s ]
SQL: SHOW COLUMNS FROM `arm_active` [ RunTime:0.0006s ]
SQL: SHOW COLUMNS FROM `arm_shop` [ RunTime:0.0005s ]
SQL: SHOW COLUMNS FROM `arm_posts` [ RunTime:0.0004s ]
SQL: SHOW COLUMNS FROM `arm_news` [ RunTime:0.0004s ]
SQL: SHOW COLUMNS FROM `arm_street_history` [ RunTime:0.0004s ]
SQL: SHOW COLUMNS FROM `arm_slide` [ RunTime:0.0003s ]
SQL: SHOW COLUMNS FROM `arm_culture_heritage` [ RunTime:0.0004s ]
SQL: SELECT * FROM `arm_slide` WHERE `id` = 10 LIMIT 1   [ RunTime:0.0001s ]

[ 2022-07-29T11:16:29+08:00 ] 219.131.240.191 /xiahuan/index.php/api/lists?type=post&page=1
INFO: [ app_init ] --START--
INFO: Run Behavior\BuildLiteBehavior [ RunTime:0.000013s ]
INFO: [ app_init ] --END-- [ RunTime:0.000070s ]
INFO: [ app_begin ] --START--
INFO: Run Behavior\ReadHtmlCacheBehavior [ RunTime:0.000601s ]
INFO: Run Behavior\CheckLangBehavior [ RunTime:0.000990s ]
INFO: [ app_begin ] --END-- [ RunTime:0.001682s ]
SQL: SHOW COLUMNS FROM `arm_active` [ RunTime:0.0007s ]
SQL: SHOW COLUMNS FROM `arm_shop` [ RunTime:0.0005s ]
SQL: SHOW COLUMNS FROM `arm_posts` [ RunTime:0.0005s ]
SQL: SHOW COLUMNS FROM `arm_news` [ RunTime:0.0004s ]
SQL: SHOW COLUMNS FROM `arm_street_history` [ RunTime:0.0004s ]
SQL: SHOW COLUMNS FROM `arm_slide` [ RunTime:0.0003s ]
SQL: SHOW COLUMNS FROM `arm_culture_heritage` [ RunTime:0.0004s ]
SQL: SELECT * FROM `arm_posts` WHERE `deleted` IS NULL AND `status` = 'published' ORDER BY created desc  [ RunTime:0.0002s ]
SQL: SELECT * FROM `arm_street_history` WHERE `deleted` IS NULL AND `status` = 'published' ORDER BY created desc  [ RunTime:0.0001s ]

[ 2022-07-29T11:16:32+08:00 ] 219.131.240.191 /xiahuan/index.php/api/banner?id=6
INFO: [ app_init ] --START--
INFO: Run Behavior\BuildLiteBehavior [ RunTime:0.000014s ]
INFO: [ app_init ] --END-- [ RunTime:0.000069s ]
INFO: [ app_begin ] --START--
INFO: Run Behavior\ReadHtmlCacheBehavior [ RunTime:0.000577s ]
INFO: Run Behavior\CheckLangBehavior [ RunTime:0.000992s ]
INFO: [ app_begin ] --END-- [ RunTime:0.001653s ]
SQL: SHOW COLUMNS FROM `arm_active` [ RunTime:0.0005s ]
SQL: SHOW COLUMNS FROM `arm_shop` [ RunTime:0.0005s ]
SQL: SHOW COLUMNS FROM `arm_posts` [ RunTime:0.0005s ]
SQL: SHOW COLUMNS FROM `arm_news` [ RunTime:0.0004s ]
SQL: SHOW COLUMNS FROM `arm_street_history` [ RunTime:0.0004s ]
SQL: SHOW COLUMNS FROM `arm_slide` [ RunTime:0.0003s ]
SQL: SHOW COLUMNS FROM `arm_culture_heritage` [ RunTime:0.0004s ]
SQL: SELECT * FROM `arm_slide` WHERE `id` = 6 LIMIT 1   [ RunTime:0.0001s ]

[ 2022-07-29T11:16:32+08:00 ] 219.131.240.191 /xiahuan/index.php/api/lists?type=activity
INFO: [ app_init ] --START--
INFO: Run Behavior\BuildLiteBehavior [ RunTime:0.000015s ]
INFO: [ app_init ] --END-- [ RunTime:0.000072s ]
INFO: [ app_begin ] --START--
INFO: Run Behavior\ReadHtmlCacheBehavior [ RunTime:0.000639s ]
INFO: Run Behavior\CheckLangBehavior [ RunTime:0.000971s ]
INFO: [ app_begin ] --END-- [ RunTime:0.001688s ]
SQL: SHOW COLUMNS FROM `arm_active` [ RunTime:0.0006s ]
SQL: SHOW COLUMNS FROM `arm_shop` [ RunTime:0.0005s ]
SQL: SHOW COLUMNS FROM `arm_posts` [ RunTime:0.0004s ]
SQL: SHOW COLUMNS FROM `arm_news` [ RunTime:0.0004s ]
SQL: SHOW COLUMNS FROM `arm_street_history` [ RunTime:0.0004s ]
SQL: SHOW COLUMNS FROM `arm_slide` [ RunTime:0.0003s ]
SQL: SHOW COLUMNS FROM `arm_culture_heritage` [ RunTime:0.0004s ]
SQL: SELECT * FROM `arm_active` WHERE `deleted` IS NULL AND `status` = 'published' ORDER BY created desc  [ RunTime:0.0001s ]
SQL: SELECT * FROM `arm_news` WHERE `deleted` IS NULL AND `status` = 'published' ORDER BY created desc  [ RunTime:0.0002s ]

[ 2022-07-29T15:07:48+08:00 ] 219.131.240.191 /xiahuan/index.php/api/lists?type=post&page=1
INFO: [ app_init ] --START--
INFO: Run Behavior\BuildLiteBehavior [ RunTime:0.000014s ]
INFO: [ app_init ] --END-- [ RunTime:0.000079s ]
INFO: [ app_begin ] --START--
INFO: Run Behavior\ReadHtmlCacheBehavior [ RunTime:0.001428s ]
INFO: Run Behavior\CheckLangBehavior [ RunTime:0.002432s ]
INFO: [ app_begin ] --END-- [ RunTime:0.003959s ]
SQL: SHOW COLUMNS FROM `arm_active` [ RunTime:0.0021s ]
SQL: SHOW COLUMNS FROM `arm_shop` [ RunTime:0.0013s ]
SQL: SHOW COLUMNS FROM `arm_posts` [ RunTime:0.0020s ]
SQL: SHOW COLUMNS FROM `arm_news` [ RunTime:0.0016s ]
SQL: SHOW COLUMNS FROM `arm_street_history` [ RunTime:0.0020s ]
SQL: SHOW COLUMNS FROM `arm_slide` [ RunTime:0.0012s ]
SQL: SHOW COLUMNS FROM `arm_culture_heritage` [ RunTime:0.0018s ]
SQL: SELECT * FROM `arm_posts` WHERE `deleted` IS NULL AND `status` = 'published' ORDER BY created desc  [ RunTime:0.0009s ]
SQL: SELECT * FROM `arm_street_history` WHERE `deleted` IS NULL AND `status` = 'published' ORDER BY created desc  [ RunTime:0.0007s ]

[ 2022-07-29T15:07:48+08:00 ] 219.131.240.191 /xiahuan/index.php/api/banner?id=10
INFO: [ app_init ] --START--
INFO: Run Behavior\BuildLiteBehavior [ RunTime:0.000015s ]
INFO: [ app_init ] --END-- [ RunTime:0.000078s ]
INFO: [ app_begin ] --START--
INFO: Run Behavior\ReadHtmlCacheBehavior [ RunTime:0.001431s ]
INFO: Run Behavior\CheckLangBehavior [ RunTime:0.002399s ]
INFO: [ app_begin ] --END-- [ RunTime:0.003922s ]
SQL: SHOW COLUMNS FROM `arm_active` [ RunTime:0.0014s ]
SQL: SHOW COLUMNS FROM `arm_shop` [ RunTime:0.0012s ]
SQL: SHOW COLUMNS FROM `arm_posts` [ RunTime:0.0020s ]
SQL: SHOW COLUMNS FROM `arm_news` [ RunTime:0.0016s ]
SQL: SHOW COLUMNS FROM `arm_street_history` [ RunTime:0.0020s ]
SQL: SHOW COLUMNS FROM `arm_slide` [ RunTime:0.0012s ]
SQL: SHOW COLUMNS FROM `arm_culture_heritage` [ RunTime:0.0017s ]
SQL: SELECT * FROM `arm_slide` WHERE `id` = 10 LIMIT 1   [ RunTime:0.0002s ]

[ 2022-07-29T15:07:49+08:00 ] 219.131.240.191 /xiahuan/index.php/api/banner?id=6
INFO: [ app_init ] --START--
INFO: Run Behavior\BuildLiteBehavior [ RunTime:0.000014s ]
INFO: [ app_init ] --END-- [ RunTime:0.000067s ]
INFO: [ app_begin ] --START--
INFO: Run Behavior\ReadHtmlCacheBehavior [ RunTime:0.000655s ]
INFO: Run Behavior\CheckLangBehavior [ RunTime:0.001038s ]
INFO: [ app_begin ] --END-- [ RunTime:0.001785s ]
SQL: SHOW COLUMNS FROM `arm_active` [ RunTime:0.0006s ]
SQL: SHOW COLUMNS FROM `arm_shop` [ RunTime:0.0004s ]
SQL: SHOW COLUMNS FROM `arm_posts` [ RunTime:0.0006s ]
SQL: SHOW COLUMNS FROM `arm_news` [ RunTime:0.0004s ]
SQL: SHOW COLUMNS FROM `arm_street_history` [ RunTime:0.0004s ]
SQL: SHOW COLUMNS FROM `arm_slide` [ RunTime:0.0003s ]
SQL: SHOW COLUMNS FROM `arm_culture_heritage` [ RunTime:0.0003s ]
SQL: SELECT * FROM `arm_slide` WHERE `id` = 6 LIMIT 1   [ RunTime:0.0008s ]

[ 2022-07-29T15:07:49+08:00 ] 219.131.240.191 /xiahuan/index.php/api/lists?type=activity
INFO: [ app_init ] --START--
INFO: Run Behavior\BuildLiteBehavior [ RunTime:0.000014s ]
INFO: [ app_init ] --END-- [ RunTime:0.000073s ]
INFO: [ app_begin ] --START--
INFO: Run Behavior\ReadHtmlCacheBehavior [ RunTime:0.000601s ]
INFO: Run Behavior\CheckLangBehavior [ RunTime:0.000968s ]
INFO: [ app_begin ] --END-- [ RunTime:0.001654s ]
SQL: SHOW COLUMNS FROM `arm_active` [ RunTime:0.0006s ]
SQL: SHOW COLUMNS FROM `arm_shop` [ RunTime:0.0006s ]
SQL: SHOW COLUMNS FROM `arm_posts` [ RunTime:0.0006s ]
SQL: SHOW COLUMNS FROM `arm_news` [ RunTime:0.0006s ]
SQL: SHOW COLUMNS FROM `arm_street_history` [ RunTime:0.0004s ]
SQL: SHOW COLUMNS FROM `arm_slide` [ RunTime:0.0004s ]
SQL: SHOW COLUMNS FROM `arm_culture_heritage` [ RunTime:0.0004s ]
SQL: SELECT * FROM `arm_active` WHERE `deleted` IS NULL AND `status` = 'published' ORDER BY created desc  [ RunTime:0.0008s ]
SQL: SELECT * FROM `arm_news` WHERE `deleted` IS NULL AND `status` = 'published' ORDER BY created desc  [ RunTime:0.0029s ]

[ 2022-07-29T15:08:01+08:00 ] 219.131.240.191 /xiahuan/index.php/api/detail?type=activity&id=23
INFO: [ app_init ] --START--
INFO: Run Behavior\BuildLiteBehavior [ RunTime:0.000015s ]
INFO: [ app_init ] --END-- [ RunTime:0.000071s ]
INFO: [ app_begin ] --START--
INFO: Run Behavior\ReadHtmlCacheBehavior [ RunTime:0.000581s ]
INFO: Run Behavior\CheckLangBehavior [ RunTime:0.000712s ]
INFO: [ app_begin ] --END-- [ RunTime:0.001365s ]
SQL: SHOW COLUMNS FROM `arm_active` [ RunTime:0.0005s ]
SQL: SHOW COLUMNS FROM `arm_shop` [ RunTime:0.0004s ]
SQL: SHOW COLUMNS FROM `arm_posts` [ RunTime:0.0004s ]
SQL: SHOW COLUMNS FROM `arm_news` [ RunTime:0.0003s ]
SQL: SHOW COLUMNS FROM `arm_street_history` [ RunTime:0.0003s ]
SQL: SHOW COLUMNS FROM `arm_slide` [ RunTime:0.0003s ]
SQL: SHOW COLUMNS FROM `arm_culture_heritage` [ RunTime:0.0004s ]
SQL: SELECT * FROM `arm_active` WHERE `id` = 23 LIMIT 1   [ RunTime:0.0002s ]
SQL: SHOW COLUMNS FROM `arm_files` [ RunTime:0.0014s ]
SQL: SELECT `save_path`,`extension` FROM `arm_files` WHERE ( id=610 ) LIMIT 1   [ RunTime:0.0003s ]

[ 2022-07-29T15:08:07+08:00 ] 219.131.240.191 /xiahuan/index.php/api/banner?id=7
INFO: [ app_init ] --START--
INFO: Run Behavior\BuildLiteBehavior [ RunTime:0.000012s ]
INFO: [ app_init ] --END-- [ RunTime:0.000052s ]
INFO: [ app_begin ] --START--
INFO: Run Behavior\ReadHtmlCacheBehavior [ RunTime:0.000436s ]
INFO: Run Behavior\CheckLangBehavior [ RunTime:0.000666s ]
INFO: [ app_begin ] --END-- [ RunTime:0.001157s ]
SQL: SHOW COLUMNS FROM `arm_active` [ RunTime:0.0005s ]
SQL: SHOW COLUMNS FROM `arm_shop` [ RunTime:0.0005s ]
SQL: SHOW COLUMNS FROM `arm_posts` [ RunTime:0.0004s ]
SQL: SHOW COLUMNS FROM `arm_news` [ RunTime:0.0003s ]
SQL: SHOW COLUMNS FROM `arm_street_history` [ RunTime:0.0004s ]
SQL: SHOW COLUMNS FROM `arm_slide` [ RunTime:0.0003s ]
SQL: SHOW COLUMNS FROM `arm_culture_heritage` [ RunTime:0.0004s ]
SQL: SELECT * FROM `arm_slide` WHERE `id` = 7 LIMIT 1   [ RunTime:0.0003s ]

[ 2022-07-29T15:08:07+08:00 ] 219.131.240.191 /xiahuan/index.php/api/lists?type=post
INFO: [ app_init ] --START--
INFO: Run Behavior\BuildLiteBehavior [ RunTime:0.000014s ]
INFO: [ app_init ] --END-- [ RunTime:0.000066s ]
INFO: [ app_begin ] --START--
INFO: Run Behavior\ReadHtmlCacheBehavior [ RunTime:0.000605s ]
INFO: Run Behavior\CheckLangBehavior [ RunTime:0.000956s ]
INFO: [ app_begin ] --END-- [ RunTime:0.001653s ]
SQL: SHOW COLUMNS FROM `arm_active` [ RunTime:0.0005s ]
SQL: SHOW COLUMNS FROM `arm_shop` [ RunTime:0.0005s ]
SQL: SHOW COLUMNS FROM `arm_posts` [ RunTime:0.0005s ]
SQL: SHOW COLUMNS FROM `arm_news` [ RunTime:0.0004s ]
SQL: SHOW COLUMNS FROM `arm_street_history` [ RunTime:0.0005s ]
SQL: SHOW COLUMNS FROM `arm_slide` [ RunTime:0.0004s ]
SQL: SHOW COLUMNS FROM `arm_culture_heritage` [ RunTime:0.0004s ]
SQL: SELECT * FROM `arm_posts` WHERE `deleted` IS NULL AND `status` = 'published' ORDER BY created desc  [ RunTime:0.0001s ]
SQL: SELECT * FROM `arm_street_history` WHERE `deleted` IS NULL AND `status` = 'published' ORDER BY created desc  [ RunTime:0.0001s ]

[ 2022-07-29T15:08:07+08:00 ] 219.131.240.191 /xiahuan/index.php/api/banner?id=9
INFO: [ app_init ] --START--
INFO: Run Behavior\BuildLiteBehavior [ RunTime:0.000014s ]
INFO: [ app_init ] --END-- [ RunTime:0.000069s ]
INFO: [ app_begin ] --START--
INFO: Run Behavior\ReadHtmlCacheBehavior [ RunTime:0.000541s ]
INFO: Run Behavior\CheckLangBehavior [ RunTime:0.001013s ]
INFO: [ app_begin ] --END-- [ RunTime:0.001632s ]
SQL: SHOW COLUMNS FROM `arm_active` [ RunTime:0.0006s ]
SQL: SHOW COLUMNS FROM `arm_shop` [ RunTime:0.0004s ]
SQL: SHOW COLUMNS FROM `arm_posts` [ RunTime:0.0004s ]
SQL: SHOW COLUMNS FROM `arm_news` [ RunTime:0.0004s ]
SQL: SHOW COLUMNS FROM `arm_street_history` [ RunTime:0.0004s ]
SQL: SHOW COLUMNS FROM `arm_slide` [ RunTime:0.0003s ]
SQL: SHOW COLUMNS FROM `arm_culture_heritage` [ RunTime:0.0004s ]
SQL: SELECT * FROM `arm_slide` WHERE `id` = 9 LIMIT 1   [ RunTime:0.0002s ]

[ 2022-07-29T15:08:07+08:00 ] 219.131.240.191 /xiahuan/index.php/api/lists?type=culture&page=1
INFO: [ app_init ] --START--
INFO: Run Behavior\BuildLiteBehavior [ RunTime:0.000014s ]
INFO: [ app_init ] --END-- [ RunTime:0.000069s ]
INFO: [ app_begin ] --START--
INFO: Run Behavior\ReadHtmlCacheBehavior [ RunTime:0.000623s ]
INFO: Run Behavior\CheckLangBehavior [ RunTime:0.001024s ]
INFO: [ app_begin ] --END-- [ RunTime:0.001730s ]
SQL: SHOW COLUMNS FROM `arm_active` [ RunTime:0.0006s ]
SQL: SHOW COLUMNS FROM `arm_shop` [ RunTime:0.0004s ]
SQL: SHOW COLUMNS FROM `arm_posts` [ RunTime:0.0004s ]
SQL: SHOW COLUMNS FROM `arm_news` [ RunTime:0.0004s ]
SQL: SHOW COLUMNS FROM `arm_street_history` [ RunTime:0.0004s ]
SQL: SHOW COLUMNS FROM `arm_slide` [ RunTime:0.0003s ]
SQL: SHOW COLUMNS FROM `arm_culture_heritage` [ RunTime:0.0004s ]
SQL: SELECT COUNT(*) AS tp_count FROM `arm_culture_heritage` WHERE `deleted` IS NULL AND `status` = 'published' LIMIT 1   [ RunTime:0.0003s ]
SQL: SELECT * FROM `arm_culture_heritage` WHERE `deleted` IS NULL AND `status` = 'published' ORDER BY created desc LIMIT 0,10   [ RunTime:0.0005s ]

[ 2022-07-29T15:08:14+08:00 ] 219.131.240.191 /xiahuan/index.php/api/detail?type=post&id=13
INFO: [ app_init ] --START--
INFO: Run Behavior\BuildLiteBehavior [ RunTime:0.000010s ]
INFO: [ app_init ] --END-- [ RunTime:0.000051s ]
INFO: [ app_begin ] --START--
INFO: Run Behavior\ReadHtmlCacheBehavior [ RunTime:0.000446s ]
INFO: Run Behavior\CheckLangBehavior [ RunTime:0.000665s ]
INFO: [ app_begin ] --END-- [ RunTime:0.001167s ]
SQL: SHOW COLUMNS FROM `arm_active` [ RunTime:0.0005s ]
SQL: SHOW COLUMNS FROM `arm_shop` [ RunTime:0.0004s ]
SQL: SHOW COLUMNS FROM `arm_posts` [ RunTime:0.0003s ]
SQL: SHOW COLUMNS FROM `arm_news` [ RunTime:0.0003s ]
SQL: SHOW COLUMNS FROM `arm_street_history` [ RunTime:0.0003s ]
SQL: SHOW COLUMNS FROM `arm_slide` [ RunTime:0.0002s ]
SQL: SHOW COLUMNS FROM `arm_culture_heritage` [ RunTime:0.0003s ]
SQL: SELECT * FROM `arm_posts` WHERE `id` = 13 LIMIT 1   [ RunTime:0.0007s ]

[ 2022-07-29T15:08:23+08:00 ] 219.131.240.191 /xiahuan/index.php/api/banner?id=8
INFO: [ app_init ] --START--
INFO: Run Behavior\BuildLiteBehavior [ RunTime:0.000015s ]
INFO: [ app_init ] --END-- [ RunTime:0.000071s ]
INFO: [ app_begin ] --START--
INFO: Run Behavior\ReadHtmlCacheBehavior [ RunTime:0.000626s ]
INFO: Run Behavior\CheckLangBehavior [ RunTime:0.001022s ]
INFO: [ app_begin ] --END-- [ RunTime:0.001740s ]
SQL: SHOW COLUMNS FROM `arm_active` [ RunTime:0.0006s ]
SQL: SHOW COLUMNS FROM `arm_shop` [ RunTime:0.0005s ]
SQL: SHOW COLUMNS FROM `arm_posts` [ RunTime:0.0005s ]
SQL: SHOW COLUMNS FROM `arm_news` [ RunTime:0.0004s ]
SQL: SHOW COLUMNS FROM `arm_street_history` [ RunTime:0.0004s ]
SQL: SHOW COLUMNS FROM `arm_slide` [ RunTime:0.0004s ]
SQL: SHOW COLUMNS FROM `arm_culture_heritage` [ RunTime:0.0004s ]
SQL: SELECT * FROM `arm_slide` WHERE `id` = 8 LIMIT 1   [ RunTime:0.0008s ]

[ 2022-07-29T15:08:23+08:00 ] 219.131.240.191 /xiahuan/index.php/api/lists?type=shop
INFO: [ app_init ] --START--
INFO: Run Behavior\BuildLiteBehavior [ RunTime:0.000015s ]
INFO: [ app_init ] --END-- [ RunTime:0.000074s ]
INFO: [ app_begin ] --START--
INFO: Run Behavior\ReadHtmlCacheBehavior [ RunTime:0.000634s ]
INFO: Run Behavior\CheckLangBehavior [ RunTime:0.001014s ]
INFO: [ app_begin ] --END-- [ RunTime:0.001745s ]
SQL: SHOW COLUMNS FROM `arm_active` [ RunTime:0.0007s ]
SQL: SHOW COLUMNS FROM `arm_shop` [ RunTime:0.0006s ]
SQL: SHOW COLUMNS FROM `arm_posts` [ RunTime:0.0006s ]
SQL: SHOW COLUMNS FROM `arm_news` [ RunTime:0.0005s ]
SQL: SHOW COLUMNS FROM `arm_street_history` [ RunTime:0.0006s ]
SQL: SHOW COLUMNS FROM `arm_slide` [ RunTime:0.0004s ]
SQL: SHOW COLUMNS FROM `arm_culture_heritage` [ RunTime:0.0005s ]
SQL: SELECT COUNT(*) AS tp_count FROM `arm_shop` WHERE `deleted` IS NULL AND `status` = 'published' LIMIT 1   [ RunTime:0.0003s ]
SQL: SELECT * FROM `arm_shop` WHERE `deleted` IS NULL AND `status` = 'published' ORDER BY created desc LIMIT 0,10   [ RunTime:0.0012s ]

[ 2022-07-29T15:08:23+08:00 ] 219.131.240.191 /xiahuan/index.php/api/lists?type=shop&page=1
INFO: [ app_init ] --START--
INFO: Run Behavior\BuildLiteBehavior [ RunTime:0.000014s ]
INFO: [ app_init ] --END-- [ RunTime:0.000067s ]
INFO: [ app_begin ] --START--
INFO: Run Behavior\ReadHtmlCacheBehavior [ RunTime:0.000589s ]
INFO: Run Behavior\CheckLangBehavior [ RunTime:0.000948s ]
INFO: [ app_begin ] --END-- [ RunTime:0.001624s ]
SQL: SHOW COLUMNS FROM `arm_active` [ RunTime:0.0006s ]
SQL: SHOW COLUMNS FROM `arm_shop` [ RunTime:0.0006s ]
SQL: SHOW COLUMNS FROM `arm_posts` [ RunTime:0.0005s ]
SQL: SHOW COLUMNS FROM `arm_news` [ RunTime:0.0004s ]
SQL: SHOW COLUMNS FROM `arm_street_history` [ RunTime:0.0005s ]
SQL: SHOW COLUMNS FROM `arm_slide` [ RunTime:0.0003s ]
SQL: SHOW COLUMNS FROM `arm_culture_heritage` [ RunTime:0.0004s ]
SQL: SELECT COUNT(*) AS tp_count FROM `arm_shop` WHERE `deleted` IS NULL AND `status` = 'published' LIMIT 1   [ RunTime:0.0001s ]
SQL: SELECT * FROM `arm_shop` WHERE `deleted` IS NULL AND `status` = 'published' ORDER BY created desc LIMIT 0,10   [ RunTime:0.0001s ]

[ 2022-07-29T15:08:29+08:00 ] 219.131.240.191 /xiahuan/index.php/api/lists?type=shop&page=2
INFO: [ app_init ] --START--
INFO: Run Behavior\BuildLiteBehavior [ RunTime:0.000013s ]
INFO: [ app_init ] --END-- [ RunTime:0.000075s ]
INFO: [ app_begin ] --START--
INFO: Run Behavior\ReadHtmlCacheBehavior [ RunTime:0.000656s ]
INFO: Run Behavior\CheckLangBehavior [ RunTime:0.000999s ]
INFO: [ app_begin ] --END-- [ RunTime:0.001746s ]
SQL: SHOW COLUMNS FROM `arm_active` [ RunTime:0.0007s ]
SQL: SHOW COLUMNS FROM `arm_shop` [ RunTime:0.0005s ]
SQL: SHOW COLUMNS FROM `arm_posts` [ RunTime:0.0005s ]
SQL: SHOW COLUMNS FROM `arm_news` [ RunTime:0.0004s ]
SQL: SHOW COLUMNS FROM `arm_street_history` [ RunTime:0.0005s ]
SQL: SHOW COLUMNS FROM `arm_slide` [ RunTime:0.0003s ]
SQL: SHOW COLUMNS FROM `arm_culture_heritage` [ RunTime:0.0004s ]
SQL: SELECT COUNT(*) AS tp_count FROM `arm_shop` WHERE `deleted` IS NULL AND `status` = 'published' LIMIT 1   [ RunTime:0.0001s ]
SQL: SELECT * FROM `arm_shop` WHERE `deleted` IS NULL AND `status` = 'published' ORDER BY created desc LIMIT 0,10   [ RunTime:0.0001s ]

[ 2022-07-29T15:08:35+08:00 ] 219.131.240.191 /xiahuan/index.php/api/detail?type=shop&id=128
INFO: [ app_init ] --START--
INFO: Run Behavior\BuildLiteBehavior [ RunTime:0.000016s ]
INFO: [ app_init ] --END-- [ RunTime:0.000081s ]
INFO: [ app_begin ] --START--
INFO: Run Behavior\ReadHtmlCacheBehavior [ RunTime:0.000622s ]
INFO: Run Behavior\CheckLangBehavior [ RunTime:0.018301s ]
INFO: [ app_begin ] --END-- [ RunTime:0.019018s ]
SQL: SHOW COLUMNS FROM `arm_active` [ RunTime:0.0006s ]
SQL: SHOW COLUMNS FROM `arm_shop` [ RunTime:0.0006s ]
SQL: SHOW COLUMNS FROM `arm_posts` [ RunTime:0.0006s ]
SQL: SHOW COLUMNS FROM `arm_news` [ RunTime:0.0005s ]
SQL: SHOW COLUMNS FROM `arm_street_history` [ RunTime:0.0005s ]
SQL: SHOW COLUMNS FROM `arm_slide` [ RunTime:0.0004s ]
SQL: SHOW COLUMNS FROM `arm_culture_heritage` [ RunTime:0.0005s ]
SQL: SELECT * FROM `arm_shop` WHERE `id` = 128 LIMIT 1   [ RunTime:0.0004s ]

[ 2022-07-29T15:08:55+08:00 ] 219.131.240.191 /xiahuan/index.php/api/detail?type=shop&id=126
INFO: [ app_init ] --START--
INFO: Run Behavior\BuildLiteBehavior [ RunTime:0.000014s ]
INFO: [ app_init ] --END-- [ RunTime:0.000074s ]
INFO: [ app_begin ] --START--
INFO: Run Behavior\ReadHtmlCacheBehavior [ RunTime:0.000651s ]
INFO: Run Behavior\CheckLangBehavior [ RunTime:0.001004s ]
INFO: [ app_begin ] --END-- [ RunTime:0.001746s ]
SQL: SHOW COLUMNS FROM `arm_active` [ RunTime:0.0006s ]
SQL: SHOW COLUMNS FROM `arm_shop` [ RunTime:0.0006s ]
SQL: SHOW COLUMNS FROM `arm_posts` [ RunTime:0.0005s ]
SQL: SHOW COLUMNS FROM `arm_news` [ RunTime:0.0004s ]
SQL: SHOW COLUMNS FROM `arm_street_history` [ RunTime:0.0005s ]
SQL: SHOW COLUMNS FROM `arm_slide` [ RunTime:0.0004s ]
SQL: SHOW COLUMNS FROM `arm_culture_heritage` [ RunTime:0.0005s ]
SQL: SELECT * FROM `arm_shop` WHERE `id` = 126 LIMIT 1   [ RunTime:0.0003s ]

[ 2022-07-29T15:09:03+08:00 ] 219.131.240.191 /xiahuan/index.php/api/banner?id=12
INFO: [ app_init ] --START--
INFO: Run Behavior\BuildLiteBehavior [ RunTime:0.000014s ]
INFO: [ app_init ] --END-- [ RunTime:0.000069s ]
INFO: [ app_begin ] --START--
INFO: Run Behavior\ReadHtmlCacheBehavior [ RunTime:0.000663s ]
INFO: Run Behavior\CheckLangBehavior [ RunTime:0.000947s ]
INFO: [ app_begin ] --END-- [ RunTime:0.001697s ]
SQL: SHOW COLUMNS FROM `arm_active` [ RunTime:0.0007s ]
SQL: SHOW COLUMNS FROM `arm_shop` [ RunTime:0.0005s ]
SQL: SHOW COLUMNS FROM `arm_posts` [ RunTime:0.0005s ]
SQL: SHOW COLUMNS FROM `arm_news` [ RunTime:0.0004s ]
SQL: SHOW COLUMNS FROM `arm_street_history` [ RunTime:0.0004s ]
SQL: SHOW COLUMNS FROM `arm_slide` [ RunTime:0.0003s ]
SQL: SHOW COLUMNS FROM `arm_culture_heritage` [ RunTime:0.0004s ]
SQL: SELECT * FROM `arm_slide` WHERE `id` = 12 LIMIT 1   [ RunTime:0.0003s ]

[ 2022-07-29T15:10:37+08:00 ] 219.131.240.191 /xiahuan/index.php/api/banner?id=10
INFO: [ app_init ] --START--
INFO: Run Behavior\BuildLiteBehavior [ RunTime:0.000013s ]
INFO: [ app_init ] --END-- [ RunTime:0.000071s ]
INFO: [ app_begin ] --START--
INFO: Run Behavior\ReadHtmlCacheBehavior [ RunTime:0.000605s ]
INFO: Run Behavior\CheckLangBehavior [ RunTime:0.000952s ]
INFO: [ app_begin ] --END-- [ RunTime:0.001646s ]
SQL: SHOW COLUMNS FROM `arm_active` [ RunTime:0.0008s ]
SQL: SHOW COLUMNS FROM `arm_shop` [ RunTime:0.0006s ]
SQL: SHOW COLUMNS FROM `arm_posts` [ RunTime:0.0006s ]
SQL: SHOW COLUMNS FROM `arm_news` [ RunTime:0.0005s ]
SQL: SHOW COLUMNS FROM `arm_street_history` [ RunTime:0.0005s ]
SQL: SHOW COLUMNS FROM `arm_slide` [ RunTime:0.0005s ]
SQL: SHOW COLUMNS FROM `arm_culture_heritage` [ RunTime:0.0004s ]
SQL: SELECT * FROM `arm_slide` WHERE `id` = 10 LIMIT 1   [ RunTime:0.0001s ]

[ 2022-07-29T15:10:37+08:00 ] 219.131.240.191 /xiahuan/index.php/api/lists?type=post&page=1
INFO: [ app_init ] --START--
INFO: Run Behavior\BuildLiteBehavior [ RunTime:0.000012s ]
INFO: [ app_init ] --END-- [ RunTime:0.000068s ]
INFO: [ app_begin ] --START--
INFO: Run Behavior\ReadHtmlCacheBehavior [ RunTime:0.000648s ]
INFO: Run Behavior\CheckLangBehavior [ RunTime:0.001045s ]
INFO: [ app_begin ] --END-- [ RunTime:0.001784s ]
SQL: SHOW COLUMNS FROM `arm_active` [ RunTime:0.0006s ]
SQL: SHOW COLUMNS FROM `arm_shop` [ RunTime:0.0006s ]
SQL: SHOW COLUMNS FROM `arm_posts` [ RunTime:0.0005s ]
SQL: SHOW COLUMNS FROM `arm_news` [ RunTime:0.0004s ]
SQL: SHOW COLUMNS FROM `arm_street_history` [ RunTime:0.0005s ]
SQL: SHOW COLUMNS FROM `arm_slide` [ RunTime:0.0004s ]
SQL: SHOW COLUMNS FROM `arm_culture_heritage` [ RunTime:0.0004s ]
SQL: SELECT * FROM `arm_posts` WHERE `deleted` IS NULL AND `status` = 'published' ORDER BY created desc  [ RunTime:0.0002s ]
SQL: SELECT * FROM `arm_street_history` WHERE `deleted` IS NULL AND `status` = 'published' ORDER BY created desc  [ RunTime:0.0002s ]

[ 2022-07-29T15:10:38+08:00 ] 219.131.240.191 /xiahuan/index.php/api/lists?type=activity
INFO: [ app_init ] --START--
INFO: Run Behavior\BuildLiteBehavior [ RunTime:0.000014s ]
INFO: [ app_init ] --END-- [ RunTime:0.000073s ]
INFO: [ app_begin ] --START--
INFO: Run Behavior\ReadHtmlCacheBehavior [ RunTime:0.000635s ]
INFO: Run Behavior\CheckLangBehavior [ RunTime:0.000981s ]
INFO: [ app_begin ] --END-- [ RunTime:0.001709s ]
SQL: SHOW COLUMNS FROM `arm_active` [ RunTime:0.0007s ]
SQL: SHOW COLUMNS FROM `arm_shop` [ RunTime:0.0006s ]
SQL: SHOW COLUMNS FROM `arm_posts` [ RunTime:0.0005s ]
SQL: SHOW COLUMNS FROM `arm_news` [ RunTime:0.0005s ]
SQL: SHOW COLUMNS FROM `arm_street_history` [ RunTime:0.0005s ]
SQL: SHOW COLUMNS FROM `arm_slide` [ RunTime:0.0004s ]
SQL: SHOW COLUMNS FROM `arm_culture_heritage` [ RunTime:0.0005s ]
SQL: SELECT * FROM `arm_active` WHERE `deleted` IS NULL AND `status` = 'published' ORDER BY created desc  [ RunTime:0.0001s ]
SQL: SELECT * FROM `arm_news` WHERE `deleted` IS NULL AND `status` = 'published' ORDER BY created desc  [ RunTime:0.0002s ]

[ 2022-07-29T15:10:38+08:00 ] 219.131.240.191 /xiahuan/index.php/api/banner?id=6
INFO: [ app_init ] --START--
INFO: Run Behavior\BuildLiteBehavior [ RunTime:0.000013s ]
INFO: [ app_init ] --END-- [ RunTime:0.000069s ]
INFO: [ app_begin ] --START--
INFO: Run Behavior\ReadHtmlCacheBehavior [ RunTime:0.000614s ]
INFO: Run Behavior\CheckLangBehavior [ RunTime:0.000682s ]
INFO: [ app_begin ] --END-- [ RunTime:0.001373s ]
SQL: SHOW COLUMNS FROM `arm_active` [ RunTime:0.0005s ]
SQL: SHOW COLUMNS FROM `arm_shop` [ RunTime:0.0006s ]
SQL: SHOW COLUMNS FROM `arm_posts` [ RunTime:0.0005s ]
SQL: SHOW COLUMNS FROM `arm_news` [ RunTime:0.0007s ]
SQL: SHOW COLUMNS FROM `arm_street_history` [ RunTime:0.0005s ]
SQL: SHOW COLUMNS FROM `arm_slide` [ RunTime:0.0004s ]
SQL: SHOW COLUMNS FROM `arm_culture_heritage` [ RunTime:0.0005s ]
SQL: SELECT * FROM `arm_slide` WHERE `id` = 6 LIMIT 1   [ RunTime:0.0001s ]

[ 2022-07-29T15:25:32+08:00 ] 219.131.240.191 /xiahuan/index.php/api/lists?type=activity
INFO: [ app_init ] --START--
INFO: Run Behavior\BuildLiteBehavior [ RunTime:0.000014s ]
INFO: [ app_init ] --END-- [ RunTime:0.000066s ]
INFO: [ app_begin ] --START--
INFO: Run Behavior\ReadHtmlCacheBehavior [ RunTime:0.000588s ]
INFO: Run Behavior\CheckLangBehavior [ RunTime:0.000937s ]
INFO: [ app_begin ] --END-- [ RunTime:0.001606s ]
SQL: SHOW COLUMNS FROM `arm_active` [ RunTime:0.0007s ]
SQL: SHOW COLUMNS FROM `arm_shop` [ RunTime:0.0006s ]
SQL: SHOW COLUMNS FROM `arm_posts` [ RunTime:0.0005s ]
SQL: SHOW COLUMNS FROM `arm_news` [ RunTime:0.0005s ]
SQL: SHOW COLUMNS FROM `arm_street_history` [ RunTime:0.0005s ]
SQL: SHOW COLUMNS FROM `arm_slide` [ RunTime:0.0004s ]
SQL: SHOW COLUMNS FROM `arm_culture_heritage` [ RunTime:0.0005s ]
SQL: SELECT * FROM `arm_active` WHERE `deleted` IS NULL AND `status` = 'published' ORDER BY created desc  [ RunTime:0.0001s ]
SQL: SELECT * FROM `arm_news` WHERE `deleted` IS NULL AND `status` = 'published' ORDER BY created desc  [ RunTime:0.0002s ]

[ 2022-07-29T15:25:32+08:00 ] 219.131.240.191 /xiahuan/index.php/api/banner?id=6
INFO: [ app_init ] --START--
INFO: Run Behavior\BuildLiteBehavior [ RunTime:0.000013s ]
INFO: [ app_init ] --END-- [ RunTime:0.000064s ]
INFO: [ app_begin ] --START--
INFO: Run Behavior\ReadHtmlCacheBehavior [ RunTime:0.000597s ]
INFO: Run Behavior\CheckLangBehavior [ RunTime:0.000956s ]
INFO: [ app_begin ] --END-- [ RunTime:0.001634s ]
SQL: SHOW COLUMNS FROM `arm_active` [ RunTime:0.0007s ]
SQL: SHOW COLUMNS FROM `arm_shop` [ RunTime:0.0006s ]
SQL: SHOW COLUMNS FROM `arm_posts` [ RunTime:0.0005s ]
SQL: SHOW COLUMNS FROM `arm_news` [ RunTime:0.0004s ]
SQL: SHOW COLUMNS FROM `arm_street_history` [ RunTime:0.0006s ]
SQL: SHOW COLUMNS FROM `arm_slide` [ RunTime:0.0005s ]
SQL: SHOW COLUMNS FROM `arm_culture_heritage` [ RunTime:0.0006s ]
SQL: SELECT * FROM `arm_slide` WHERE `id` = 6 LIMIT 1   [ RunTime:0.0001s ]

[ 2022-07-29T15:25:35+08:00 ] 219.131.240.191 /xiahuan/index.php/api/banner?id=10
INFO: [ app_init ] --START--
INFO: Run Behavior\BuildLiteBehavior [ RunTime:0.000015s ]
INFO: [ app_init ] --END-- [ RunTime:0.000075s ]
INFO: [ app_begin ] --START--
INFO: Run Behavior\ReadHtmlCacheBehavior [ RunTime:0.000610s ]
INFO: Run Behavior\CheckLangBehavior [ RunTime:0.005344s ]
INFO: [ app_begin ] --END-- [ RunTime:0.006034s ]
SQL: SHOW COLUMNS FROM `arm_active` [ RunTime:0.0005s ]
SQL: SHOW COLUMNS FROM `arm_shop` [ RunTime:0.0005s ]
SQL: SHOW COLUMNS FROM `arm_posts` [ RunTime:0.0005s ]
SQL: SHOW COLUMNS FROM `arm_news` [ RunTime:0.0004s ]
SQL: SHOW COLUMNS FROM `arm_street_history` [ RunTime:0.0005s ]
SQL: SHOW COLUMNS FROM `arm_slide` [ RunTime:0.0004s ]
SQL: SHOW COLUMNS FROM `arm_culture_heritage` [ RunTime:0.0005s ]
SQL: SELECT * FROM `arm_slide` WHERE `id` = 10 LIMIT 1   [ RunTime:0.0002s ]

[ 2022-07-29T15:25:35+08:00 ] 219.131.240.191 /xiahuan/index.php/api/lists?type=post&page=1
INFO: [ app_init ] --START--
INFO: Run Behavior\BuildLiteBehavior [ RunTime:0.000014s ]
INFO: [ app_init ] --END-- [ RunTime:0.000066s ]
INFO: [ app_begin ] --START--
INFO: Run Behavior\ReadHtmlCacheBehavior [ RunTime:0.000603s ]
INFO: Run Behavior\CheckLangBehavior [ RunTime:0.001485s ]
INFO: [ app_begin ] --END-- [ RunTime:0.002175s ]
SQL: SHOW COLUMNS FROM `arm_active` [ RunTime:0.0007s ]
SQL: SHOW COLUMNS FROM `arm_shop` [ RunTime:0.0005s ]
SQL: SHOW COLUMNS FROM `arm_posts` [ RunTime:0.0005s ]
SQL: SHOW COLUMNS FROM `arm_news` [ RunTime:0.0005s ]
SQL: SHOW COLUMNS FROM `arm_street_history` [ RunTime:0.0006s ]
SQL: SHOW COLUMNS FROM `arm_slide` [ RunTime:0.0005s ]
SQL: SHOW COLUMNS FROM `arm_culture_heritage` [ RunTime:0.0006s ]
SQL: SELECT * FROM `arm_posts` WHERE `deleted` IS NULL AND `status` = 'published' ORDER BY created desc  [ RunTime:0.0002s ]
SQL: SELECT * FROM `arm_street_history` WHERE `deleted` IS NULL AND `status` = 'published' ORDER BY created desc  [ RunTime:0.0001s ]

[ 2022-07-29T15:25:37+08:00 ] 219.131.240.191 /xiahuan/index.php/api/lists?type=post
INFO: [ app_init ] --START--
INFO: Run Behavior\BuildLiteBehavior [ RunTime:0.000014s ]
INFO: [ app_init ] --END-- [ RunTime:0.000075s ]
INFO: [ app_begin ] --START--
INFO: Run Behavior\ReadHtmlCacheBehavior [ RunTime:0.000623s ]
INFO: Run Behavior\CheckLangBehavior [ RunTime:0.000989s ]
INFO: [ app_begin ] --END-- [ RunTime:0.001702s ]
SQL: SHOW COLUMNS FROM `arm_active` [ RunTime:0.0008s ]
SQL: SHOW COLUMNS FROM `arm_shop` [ RunTime:0.0006s ]
SQL: SHOW COLUMNS FROM `arm_posts` [ RunTime:0.0006s ]
SQL: SHOW COLUMNS FROM `arm_news` [ RunTime:0.0005s ]
SQL: SHOW COLUMNS FROM `arm_street_history` [ RunTime:0.0006s ]
SQL: SHOW COLUMNS FROM `arm_slide` [ RunTime:0.0004s ]
SQL: SHOW COLUMNS FROM `arm_culture_heritage` [ RunTime:0.0005s ]
SQL: SELECT * FROM `arm_posts` WHERE `deleted` IS NULL AND `status` = 'published' ORDER BY created desc  [ RunTime:0.0002s ]
SQL: SELECT * FROM `arm_street_history` WHERE `deleted` IS NULL AND `status` = 'published' ORDER BY created desc  [ RunTime:0.0001s ]

[ 2022-07-29T15:25:37+08:00 ] 219.131.240.191 /xiahuan/index.php/api/lists?type=culture&page=1
INFO: [ app_init ] --START--
INFO: Run Behavior\BuildLiteBehavior [ RunTime:0.000013s ]
INFO: [ app_init ] --END-- [ RunTime:0.000068s ]
INFO: [ app_begin ] --START--
INFO: Run Behavior\ReadHtmlCacheBehavior [ RunTime:0.000583s ]
INFO: Run Behavior\CheckLangBehavior [ RunTime:0.000955s ]
INFO: [ app_begin ] --END-- [ RunTime:0.001622s ]
SQL: SHOW COLUMNS FROM `arm_active` [ RunTime:0.0008s ]
SQL: SHOW COLUMNS FROM `arm_shop` [ RunTime:0.0005s ]
SQL: SHOW COLUMNS FROM `arm_posts` [ RunTime:0.0005s ]
SQL: SHOW COLUMNS FROM `arm_news` [ RunTime:0.0005s ]
SQL: SHOW COLUMNS FROM `arm_street_history` [ RunTime:0.0005s ]
SQL: SHOW COLUMNS FROM `arm_slide` [ RunTime:0.0004s ]
SQL: SHOW COLUMNS FROM `arm_culture_heritage` [ RunTime:0.0004s ]
SQL: SELECT COUNT(*) AS tp_count FROM `arm_culture_heritage` WHERE `deleted` IS NULL AND `status` = 'published' LIMIT 1   [ RunTime:0.0001s ]
SQL: SELECT * FROM `arm_culture_heritage` WHERE `deleted` IS NULL AND `status` = 'published' ORDER BY created desc LIMIT 0,10   [ RunTime:0.0002s ]

[ 2022-07-29T15:25:37+08:00 ] 219.131.240.191 /xiahuan/index.php/api/banner?id=7
INFO: [ app_init ] --START--
INFO: Run Behavior\BuildLiteBehavior [ RunTime:0.000013s ]
INFO: [ app_init ] --END-- [ RunTime:0.000071s ]
INFO: [ app_begin ] --START--
INFO: Run Behavior\ReadHtmlCacheBehavior [ RunTime:0.000677s ]
INFO: Run Behavior\CheckLangBehavior [ RunTime:0.001000s ]
INFO: [ app_begin ] --END-- [ RunTime:0.001782s ]
SQL: SHOW COLUMNS FROM `arm_active` [ RunTime:0.0008s ]
SQL: SHOW COLUMNS FROM `arm_shop` [ RunTime:0.0008s ]
SQL: SHOW COLUMNS FROM `arm_posts` [ RunTime:0.0006s ]
SQL: SHOW COLUMNS FROM `arm_news` [ RunTime:0.0005s ]
SQL: SHOW COLUMNS FROM `arm_street_history` [ RunTime:0.0005s ]
SQL: SHOW COLUMNS FROM `arm_slide` [ RunTime:0.0004s ]
SQL: SHOW COLUMNS FROM `arm_culture_heritage` [ RunTime:0.0005s ]
SQL: SELECT * FROM `arm_slide` WHERE `id` = 7 LIMIT 1   [ RunTime:0.0001s ]

[ 2022-07-29T15:25:37+08:00 ] 219.131.240.191 /xiahuan/index.php/api/banner?id=9
INFO: [ app_init ] --START--
INFO: Run Behavior\BuildLiteBehavior [ RunTime:0.000015s ]
INFO: [ app_init ] --END-- [ RunTime:0.000073s ]
INFO: [ app_begin ] --START--
INFO: Run Behavior\ReadHtmlCacheBehavior [ RunTime:0.000629s ]
INFO: Run Behavior\CheckLangBehavior [ RunTime:0.013065s ]
INFO: [ app_begin ] --END-- [ RunTime:0.013788s ]
SQL: SHOW COLUMNS FROM `arm_active` [ RunTime:0.0005s ]
SQL: SHOW COLUMNS FROM `arm_shop` [ RunTime:0.0005s ]
SQL: SHOW COLUMNS FROM `arm_posts` [ RunTime:0.0005s ]
SQL: SHOW COLUMNS FROM `arm_news` [ RunTime:0.0004s ]
SQL: SHOW COLUMNS FROM `arm_street_history` [ RunTime:0.0005s ]
SQL: SHOW COLUMNS FROM `arm_slide` [ RunTime:0.0004s ]
SQL: SHOW COLUMNS FROM `arm_culture_heritage` [ RunTime:0.0004s ]
SQL: SELECT * FROM `arm_slide` WHERE `id` = 9 LIMIT 1   [ RunTime:0.0001s ]

[ 2022-07-29T15:26:47+08:00 ] 219.131.240.191 /xiahuan/index.php/api/banner?id=10
INFO: [ app_init ] --START--
INFO: Run Behavior\BuildLiteBehavior [ RunTime:0.000015s ]
INFO: [ app_init ] --END-- [ RunTime:0.000073s ]
INFO: [ app_begin ] --START--
INFO: Run Behavior\ReadHtmlCacheBehavior [ RunTime:0.014657s ]
INFO: Run Behavior\CheckLangBehavior [ RunTime:0.000916s ]
INFO: [ app_begin ] --END-- [ RunTime:0.015670s ]
SQL: SHOW COLUMNS FROM `arm_active` [ RunTime:0.0006s ]
SQL: SHOW COLUMNS FROM `arm_shop` [ RunTime:0.0005s ]
SQL: SHOW COLUMNS FROM `arm_posts` [ RunTime:0.0005s ]
SQL: SHOW COLUMNS FROM `arm_news` [ RunTime:0.0004s ]
SQL: SHOW COLUMNS FROM `arm_street_history` [ RunTime:0.0005s ]
SQL: SHOW COLUMNS FROM `arm_slide` [ RunTime:0.0003s ]
SQL: SHOW COLUMNS FROM `arm_culture_heritage` [ RunTime:0.0004s ]
SQL: SELECT * FROM `arm_slide` WHERE `id` = 10 LIMIT 1   [ RunTime:0.0001s ]

[ 2022-07-29T15:26:47+08:00 ] 219.131.240.191 /xiahuan/index.php/api/lists?type=post&page=1
INFO: [ app_init ] --START--
INFO: Run Behavior\BuildLiteBehavior [ RunTime:0.000015s ]
INFO: [ app_init ] --END-- [ RunTime:0.000071s ]
INFO: [ app_begin ] --START--
INFO: Run Behavior\ReadHtmlCacheBehavior [ RunTime:0.010677s ]
INFO: Run Behavior\CheckLangBehavior [ RunTime:0.000950s ]
INFO: [ app_begin ] --END-- [ RunTime:0.011718s ]
SQL: SHOW COLUMNS FROM `arm_active` [ RunTime:0.0006s ]
SQL: SHOW COLUMNS FROM `arm_shop` [ RunTime:0.0005s ]
SQL: SHOW COLUMNS FROM `arm_posts` [ RunTime:0.0005s ]
SQL: SHOW COLUMNS FROM `arm_news` [ RunTime:0.0004s ]
SQL: SHOW COLUMNS FROM `arm_street_history` [ RunTime:0.0004s ]
SQL: SHOW COLUMNS FROM `arm_slide` [ RunTime:0.0003s ]
SQL: SHOW COLUMNS FROM `arm_culture_heritage` [ RunTime:0.0004s ]
SQL: SELECT * FROM `arm_posts` WHERE `deleted` IS NULL AND `status` = 'published' ORDER BY created desc  [ RunTime:0.0002s ]
SQL: SELECT * FROM `arm_street_history` WHERE `deleted` IS NULL AND `status` = 'published' ORDER BY created desc  [ RunTime:0.0001s ]

[ 2022-07-29T15:26:51+08:00 ] 219.131.240.191 /xiahuan/index.php/api/banner?id=6
INFO: [ app_init ] --START--
INFO: Run Behavior\BuildLiteBehavior [ RunTime:0.000016s ]
INFO: [ app_init ] --END-- [ RunTime:0.000074s ]
INFO: [ app_begin ] --START--
INFO: Run Behavior\ReadHtmlCacheBehavior [ RunTime:0.000705s ]
INFO: Run Behavior\CheckLangBehavior [ RunTime:0.001057s ]
INFO: [ app_begin ] --END-- [ RunTime:0.013907s ]
SQL: SHOW COLUMNS FROM `arm_active` [ RunTime:0.0006s ]
SQL: SHOW COLUMNS FROM `arm_shop` [ RunTime:0.0005s ]
SQL: SHOW COLUMNS FROM `arm_posts` [ RunTime:0.0005s ]
SQL: SHOW COLUMNS FROM `arm_news` [ RunTime:0.0004s ]
SQL: SHOW COLUMNS FROM `arm_street_history` [ RunTime:0.0004s ]
SQL: SHOW COLUMNS FROM `arm_slide` [ RunTime:0.0004s ]
SQL: SHOW COLUMNS FROM `arm_culture_heritage` [ RunTime:0.0004s ]
SQL: SELECT * FROM `arm_slide` WHERE `id` = 6 LIMIT 1   [ RunTime:0.0001s ]

[ 2022-07-29T15:26:51+08:00 ] 219.131.240.191 /xiahuan/index.php/api/lists?type=activity
INFO: [ app_init ] --START--
INFO: Run Behavior\BuildLiteBehavior [ RunTime:0.000016s ]
INFO: [ app_init ] --END-- [ RunTime:0.000075s ]
INFO: [ app_begin ] --START--
INFO: Run Behavior\ReadHtmlCacheBehavior [ RunTime:0.000716s ]
INFO: Run Behavior\CheckLangBehavior [ RunTime:0.000974s ]
INFO: [ app_begin ] --END-- [ RunTime:0.001785s ]
SQL: SHOW COLUMNS FROM `arm_active` [ RunTime:0.0012s ]
SQL: SHOW COLUMNS FROM `arm_shop` [ RunTime:0.0017s ]
SQL: SHOW COLUMNS FROM `arm_posts` [ RunTime:0.0006s ]
SQL: SHOW COLUMNS FROM `arm_news` [ RunTime:0.0006s ]
SQL: SHOW COLUMNS FROM `arm_street_history` [ RunTime:0.0037s ]
SQL: SHOW COLUMNS FROM `arm_slide` [ RunTime:0.0005s ]
SQL: SHOW COLUMNS FROM `arm_culture_heritage` [ RunTime:0.0016s ]
SQL: SELECT * FROM `arm_active` WHERE `deleted` IS NULL AND `status` = 'published' ORDER BY created desc  [ RunTime:0.0006s ]
SQL: SELECT * FROM `arm_news` WHERE `deleted` IS NULL AND `status` = 'published' ORDER BY created desc  [ RunTime:0.0008s ]

[ 2022-07-29T15:27:14+08:00 ] 219.131.240.191 /xiahuan/index.php/api/detail?type=activity&id=7
INFO: [ app_init ] --START--
INFO: Run Behavior\BuildLiteBehavior [ RunTime:0.000014s ]
INFO: [ app_init ] --END-- [ RunTime:0.000070s ]
INFO: [ app_begin ] --START--
INFO: Run Behavior\ReadHtmlCacheBehavior [ RunTime:0.000578s ]
INFO: Run Behavior\CheckLangBehavior [ RunTime:0.000927s ]
INFO: [ app_begin ] --END-- [ RunTime:0.001591s ]
SQL: SHOW COLUMNS FROM `arm_active` [ RunTime:0.0007s ]
SQL: SHOW COLUMNS FROM `arm_shop` [ RunTime:0.0005s ]
SQL: SHOW COLUMNS FROM `arm_posts` [ RunTime:0.0005s ]
SQL: SHOW COLUMNS FROM `arm_news` [ RunTime:0.0005s ]
SQL: SHOW COLUMNS FROM `arm_street_history` [ RunTime:0.0005s ]
SQL: SHOW COLUMNS FROM `arm_slide` [ RunTime:0.0004s ]
SQL: SHOW COLUMNS FROM `arm_culture_heritage` [ RunTime:0.0004s ]
SQL: SELECT * FROM `arm_active` WHERE `id` = 7 LIMIT 1   [ RunTime:0.0009s ]
SQL: SHOW COLUMNS FROM `arm_files` [ RunTime:0.0005s ]
SQL: SELECT `save_path`,`extension` FROM `arm_files` WHERE ( id=245 ) LIMIT 1   [ RunTime:0.0003s ]
SQL: SELECT `save_path`,`extension` FROM `arm_files` WHERE ( id=246 ) LIMIT 1   [ RunTime:0.0006s ]
SQL: SELECT `save_path`,`extension` FROM `arm_files` WHERE ( id=596 ) LIMIT 1   [ RunTime:0.0002s ]

[ 2022-07-29T15:27:18+08:00 ] 219.131.240.191 /xiahuan/index.php/api/banner?id=7
INFO: [ app_init ] --START--
INFO: Run Behavior\BuildLiteBehavior [ RunTime:0.000014s ]
INFO: [ app_init ] --END-- [ RunTime:0.000071s ]
INFO: [ app_begin ] --START--
INFO: Run Behavior\ReadHtmlCacheBehavior [ RunTime:0.007011s ]
INFO: Run Behavior\CheckLangBehavior [ RunTime:0.000953s ]
INFO: [ app_begin ] --END-- [ RunTime:0.008056s ]
SQL: SHOW COLUMNS FROM `arm_active` [ RunTime:0.0006s ]
SQL: SHOW COLUMNS FROM `arm_shop` [ RunTime:0.0005s ]
SQL: SHOW COLUMNS FROM `arm_posts` [ RunTime:0.0005s ]
SQL: SHOW COLUMNS FROM `arm_news` [ RunTime:0.0004s ]
SQL: SHOW COLUMNS FROM `arm_street_history` [ RunTime:0.0007s ]
SQL: SHOW COLUMNS FROM `arm_slide` [ RunTime:0.0085s ]
SQL: SHOW COLUMNS FROM `arm_culture_heritage` [ RunTime:0.0004s ]
SQL: SELECT * FROM `arm_slide` WHERE `id` = 7 LIMIT 1   [ RunTime:0.0001s ]

[ 2022-07-29T15:27:18+08:00 ] 219.131.240.191 /xiahuan/index.php/api/lists?type=post
INFO: [ app_init ] --START--
INFO: Run Behavior\BuildLiteBehavior [ RunTime:0.000013s ]
INFO: [ app_init ] --END-- [ RunTime:0.000067s ]
INFO: [ app_begin ] --START--
INFO: Run Behavior\ReadHtmlCacheBehavior [ RunTime:0.000725s ]
INFO: Run Behavior\CheckLangBehavior [ RunTime:0.001112s ]
INFO: [ app_begin ] --END-- [ RunTime:0.001937s ]
SQL: SHOW COLUMNS FROM `arm_active` [ RunTime:0.0005s ]
SQL: SHOW COLUMNS FROM `arm_shop` [ RunTime:0.0006s ]
SQL: SHOW COLUMNS FROM `arm_posts` [ RunTime:0.0074s ]
SQL: SHOW COLUMNS FROM `arm_news` [ RunTime:0.0005s ]
SQL: SHOW COLUMNS FROM `arm_street_history` [ RunTime:0.0007s ]
SQL: SHOW COLUMNS FROM `arm_slide` [ RunTime:0.0004s ]
SQL: SHOW COLUMNS FROM `arm_culture_heritage` [ RunTime:0.0004s ]
SQL: SELECT * FROM `arm_posts` WHERE `deleted` IS NULL AND `status` = 'published' ORDER BY created desc  [ RunTime:0.0002s ]
SQL: SELECT * FROM `arm_street_history` WHERE `deleted` IS NULL AND `status` = 'published' ORDER BY created desc  [ RunTime:0.0001s ]

[ 2022-07-29T15:27:18+08:00 ] 219.131.240.191 /xiahuan/index.php/api/banner?id=9
INFO: [ app_init ] --START--
INFO: Run Behavior\BuildLiteBehavior [ RunTime:0.000016s ]
INFO: [ app_init ] --END-- [ RunTime:0.000077s ]
INFO: [ app_begin ] --START--
INFO: Run Behavior\ReadHtmlCacheBehavior [ RunTime:0.000599s ]
INFO: Run Behavior\CheckLangBehavior [ RunTime:0.000966s ]
INFO: [ app_begin ] --END-- [ RunTime:0.001651s ]
SQL: SHOW COLUMNS FROM `arm_active` [ RunTime:0.0006s ]
SQL: SHOW COLUMNS FROM `arm_shop` [ RunTime:0.0005s ]
SQL: SHOW COLUMNS FROM `arm_posts` [ RunTime:0.0005s ]
SQL: SHOW COLUMNS FROM `arm_news` [ RunTime:0.0004s ]
SQL: SHOW COLUMNS FROM `arm_street_history` [ RunTime:0.0005s ]
SQL: SHOW COLUMNS FROM `arm_slide` [ RunTime:0.0003s ]
SQL: SHOW COLUMNS FROM `arm_culture_heritage` [ RunTime:0.0030s ]
SQL: SELECT * FROM `arm_slide` WHERE `id` = 9 LIMIT 1   [ RunTime:0.0001s ]

[ 2022-07-29T15:27:18+08:00 ] 219.131.240.191 /xiahuan/index.php/api/lists?type=culture&page=1
INFO: [ app_init ] --START--
INFO: Run Behavior\BuildLiteBehavior [ RunTime:0.000013s ]
INFO: [ app_init ] --END-- [ RunTime:0.000065s ]
INFO: [ app_begin ] --START--
INFO: Run Behavior\ReadHtmlCacheBehavior [ RunTime:0.000610s ]
INFO: Run Behavior\CheckLangBehavior [ RunTime:0.008992s ]
INFO: [ app_begin ] --END-- [ RunTime:0.009696s ]
SQL: SHOW COLUMNS FROM `arm_active` [ RunTime:0.0006s ]
SQL: SHOW COLUMNS FROM `arm_shop` [ RunTime:0.0005s ]
SQL: SHOW COLUMNS FROM `arm_posts` [ RunTime:0.0005s ]
SQL: SHOW COLUMNS FROM `arm_news` [ RunTime:0.0005s ]
SQL: SHOW COLUMNS FROM `arm_street_history` [ RunTime:0.0005s ]
SQL: SHOW COLUMNS FROM `arm_slide` [ RunTime:0.0003s ]
SQL: SHOW COLUMNS FROM `arm_culture_heritage` [ RunTime:0.0004s ]
SQL: SELECT COUNT(*) AS tp_count FROM `arm_culture_heritage` WHERE `deleted` IS NULL AND `status` = 'published' LIMIT 1   [ RunTime:0.0001s ]
SQL: SELECT * FROM `arm_culture_heritage` WHERE `deleted` IS NULL AND `status` = 'published' ORDER BY created desc LIMIT 0,10   [ RunTime:0.0001s ]

[ 2022-07-29T15:27:21+08:00 ] 219.131.240.191 /xiahuan/index.php/api/detail?type=culture&id=6
INFO: [ app_init ] --START--
INFO: Run Behavior\BuildLiteBehavior [ RunTime:0.000015s ]
INFO: [ app_init ] --END-- [ RunTime:0.000069s ]
INFO: [ app_begin ] --START--
INFO: Run Behavior\ReadHtmlCacheBehavior [ RunTime:0.002805s ]
INFO: Run Behavior\CheckLangBehavior [ RunTime:0.002253s ]
INFO: [ app_begin ] --END-- [ RunTime:0.005169s ]
SQL: SHOW COLUMNS FROM `arm_active` [ RunTime:0.0007s ]
SQL: SHOW COLUMNS FROM `arm_shop` [ RunTime:0.0018s ]
SQL: SHOW COLUMNS FROM `arm_posts` [ RunTime:0.0011s ]
SQL: SHOW COLUMNS FROM `arm_news` [ RunTime:0.0015s ]
SQL: SHOW COLUMNS FROM `arm_street_history` [ RunTime:0.0008s ]
SQL: SHOW COLUMNS FROM `arm_slide` [ RunTime:0.0008s ]
SQL: SHOW COLUMNS FROM `arm_culture_heritage` [ RunTime:0.0026s ]
SQL: SELECT * FROM `arm_culture_heritage` WHERE `id` = 6 LIMIT 1   [ RunTime:0.0011s ]

[ 2022-07-29T15:27:27+08:00 ] 219.131.240.191 /xiahuan/index.php/api/lists?type=shop&page=1
INFO: [ app_init ] --START--
INFO: Run Behavior\BuildLiteBehavior [ RunTime:0.000017s ]
INFO: [ app_init ] --END-- [ RunTime:0.000093s ]
INFO: [ app_begin ] --START--
INFO: Run Behavior\ReadHtmlCacheBehavior [ RunTime:0.000672s ]
INFO: Run Behavior\CheckLangBehavior [ RunTime:0.001023s ]
INFO: [ app_begin ] --END-- [ RunTime:0.001793s ]
SQL: SHOW COLUMNS FROM `arm_active` [ RunTime:0.0007s ]
SQL: SHOW COLUMNS FROM `arm_shop` [ RunTime:0.0006s ]
SQL: SHOW COLUMNS FROM `arm_posts` [ RunTime:0.0005s ]
SQL: SHOW COLUMNS FROM `arm_news` [ RunTime:0.0004s ]
SQL: SHOW COLUMNS FROM `arm_street_history` [ RunTime:0.0005s ]
SQL: SHOW COLUMNS FROM `arm_slide` [ RunTime:0.0004s ]
SQL: SHOW COLUMNS FROM `arm_culture_heritage` [ RunTime:0.0004s ]
SQL: SELECT COUNT(*) AS tp_count FROM `arm_shop` WHERE `deleted` IS NULL AND `status` = 'published' LIMIT 1   [ RunTime:0.0024s ]
SQL: SELECT * FROM `arm_shop` WHERE `deleted` IS NULL AND `status` = 'published' ORDER BY created desc LIMIT 0,10   [ RunTime:0.0023s ]

[ 2022-07-29T15:27:27+08:00 ] 219.131.240.191 /xiahuan/index.php/api/lists?type=shop
INFO: [ app_init ] --START--
INFO: Run Behavior\BuildLiteBehavior [ RunTime:0.000015s ]
INFO: [ app_init ] --END-- [ RunTime:0.000076s ]
INFO: [ app_begin ] --START--
INFO: Run Behavior\ReadHtmlCacheBehavior [ RunTime:0.000617s ]
INFO: Run Behavior\CheckLangBehavior [ RunTime:0.000905s ]
INFO: [ app_begin ] --END-- [ RunTime:0.001607s ]
SQL: SHOW COLUMNS FROM `arm_active` [ RunTime:0.0006s ]
SQL: SHOW COLUMNS FROM `arm_shop` [ RunTime:0.0005s ]
SQL: SHOW COLUMNS FROM `arm_posts` [ RunTime:0.0005s ]
SQL: SHOW COLUMNS FROM `arm_news` [ RunTime:0.0005s ]
SQL: SHOW COLUMNS FROM `arm_street_history` [ RunTime:0.0006s ]
SQL: SHOW COLUMNS FROM `arm_slide` [ RunTime:0.0005s ]
SQL: SHOW COLUMNS FROM `arm_culture_heritage` [ RunTime:0.0006s ]
SQL: SELECT COUNT(*) AS tp_count FROM `arm_shop` WHERE `deleted` IS NULL AND `status` = 'published' LIMIT 1   [ RunTime:0.0001s ]
SQL: SELECT * FROM `arm_shop` WHERE `deleted` IS NULL AND `status` = 'published' ORDER BY created desc LIMIT 0,10   [ RunTime:0.0001s ]

[ 2022-07-29T15:27:27+08:00 ] 219.131.240.191 /xiahuan/index.php/api/banner?id=8
INFO: [ app_init ] --START--
INFO: Run Behavior\BuildLiteBehavior [ RunTime:0.000014s ]
INFO: [ app_init ] --END-- [ RunTime:0.000070s ]
INFO: [ app_begin ] --START--
INFO: Run Behavior\ReadHtmlCacheBehavior [ RunTime:0.000625s ]
INFO: Run Behavior\CheckLangBehavior [ RunTime:0.000928s ]
INFO: [ app_begin ] --END-- [ RunTime:0.001644s ]
SQL: SHOW COLUMNS FROM `arm_active` [ RunTime:0.0005s ]
SQL: SHOW COLUMNS FROM `arm_shop` [ RunTime:0.0005s ]
SQL: SHOW COLUMNS FROM `arm_posts` [ RunTime:0.0005s ]
SQL: SHOW COLUMNS FROM `arm_news` [ RunTime:0.0004s ]
SQL: SHOW COLUMNS FROM `arm_street_history` [ RunTime:0.0005s ]
SQL: SHOW COLUMNS FROM `arm_slide` [ RunTime:0.0003s ]
SQL: SHOW COLUMNS FROM `arm_culture_heritage` [ RunTime:0.0004s ]
SQL: SELECT * FROM `arm_slide` WHERE `id` = 8 LIMIT 1   [ RunTime:0.0039s ]

[ 2022-07-29T15:27:29+08:00 ] 219.131.240.191 /xiahuan/index.php/api/detail?type=shop&id=128
INFO: [ app_init ] --START--
INFO: Run Behavior\BuildLiteBehavior [ RunTime:0.000013s ]
INFO: [ app_init ] --END-- [ RunTime:0.000071s ]
INFO: [ app_begin ] --START--
INFO: Run Behavior\ReadHtmlCacheBehavior [ RunTime:0.000621s ]
INFO: Run Behavior\CheckLangBehavior [ RunTime:0.000957s ]
INFO: [ app_begin ] --END-- [ RunTime:0.001666s ]
SQL: SHOW COLUMNS FROM `arm_active` [ RunTime:0.0007s ]
SQL: SHOW COLUMNS FROM `arm_shop` [ RunTime:0.0006s ]
SQL: SHOW COLUMNS FROM `arm_posts` [ RunTime:0.0005s ]
SQL: SHOW COLUMNS FROM `arm_news` [ RunTime:0.0005s ]
SQL: SHOW COLUMNS FROM `arm_street_history` [ RunTime:0.0007s ]
SQL: SHOW COLUMNS FROM `arm_slide` [ RunTime:0.0004s ]
SQL: SHOW COLUMNS FROM `arm_culture_heritage` [ RunTime:0.0006s ]
SQL: SELECT * FROM `arm_shop` WHERE `id` = 128 LIMIT 1   [ RunTime:0.0001s ]

[ 2022-07-29T15:30:37+08:00 ] 219.131.240.191 /xiahuan/index.php/api/lists?type=post&page=1
INFO: [ app_init ] --START--
INFO: Run Behavior\BuildLiteBehavior [ RunTime:0.000013s ]
INFO: [ app_init ] --END-- [ RunTime:0.000119s ]
INFO: [ app_begin ] --START--
INFO: Run Behavior\ReadHtmlCacheBehavior [ RunTime:0.000684s ]
INFO: Run Behavior\CheckLangBehavior [ RunTime:0.001124s ]
INFO: [ app_begin ] --END-- [ RunTime:0.001892s ]
SQL: SHOW COLUMNS FROM `arm_active` [ RunTime:0.0012s ]
SQL: SHOW COLUMNS FROM `arm_shop` [ RunTime:0.0007s ]
SQL: SHOW COLUMNS FROM `arm_posts` [ RunTime:0.0006s ]
SQL: SHOW COLUMNS FROM `arm_news` [ RunTime:0.0004s ]
SQL: SHOW COLUMNS FROM `arm_street_history` [ RunTime:0.0004s ]
SQL: SHOW COLUMNS FROM `arm_slide` [ RunTime:0.0006s ]
SQL: SHOW COLUMNS FROM `arm_culture_heritage` [ RunTime:0.0006s ]
SQL: SELECT * FROM `arm_posts` WHERE `deleted` IS NULL AND `status` = 'published' ORDER BY created desc  [ RunTime:0.0002s ]
SQL: SELECT * FROM `arm_street_history` WHERE `deleted` IS NULL AND `status` = 'published' ORDER BY created desc  [ RunTime:0.0001s ]

[ 2022-07-29T15:30:37+08:00 ] 219.131.240.191 /xiahuan/index.php/api/banner?id=10
INFO: [ app_init ] --START--
INFO: Run Behavior\BuildLiteBehavior [ RunTime:0.000013s ]
INFO: [ app_init ] --END-- [ RunTime:0.000066s ]
INFO: [ app_begin ] --START--
INFO: Run Behavior\ReadHtmlCacheBehavior [ RunTime:0.000665s ]
INFO: Run Behavior\CheckLangBehavior [ RunTime:0.000955s ]
INFO: [ app_begin ] --END-- [ RunTime:0.001711s ]
SQL: SHOW COLUMNS FROM `arm_active` [ RunTime:0.0007s ]
SQL: SHOW COLUMNS FROM `arm_shop` [ RunTime:0.0008s ]
SQL: SHOW COLUMNS FROM `arm_posts` [ RunTime:0.0006s ]
SQL: SHOW COLUMNS FROM `arm_news` [ RunTime:0.0005s ]
SQL: SHOW COLUMNS FROM `arm_street_history` [ RunTime:0.0008s ]
SQL: SHOW COLUMNS FROM `arm_slide` [ RunTime:0.0004s ]
SQL: SHOW COLUMNS FROM `arm_culture_heritage` [ RunTime:0.0005s ]
SQL: SELECT * FROM `arm_slide` WHERE `id` = 10 LIMIT 1   [ RunTime:0.0001s ]

[ 2022-07-29T15:32:09+08:00 ] 219.131.240.191 /xiahuan/index.php/api/banner?id=10
INFO: [ app_init ] --START--
INFO: Run Behavior\BuildLiteBehavior [ RunTime:0.000015s ]
INFO: [ app_init ] --END-- [ RunTime:0.000084s ]
INFO: [ app_begin ] --START--
INFO: Run Behavior\ReadHtmlCacheBehavior [ RunTime:0.000679s ]
INFO: Run Behavior\CheckLangBehavior [ RunTime:0.000967s ]
INFO: [ app_begin ] --END-- [ RunTime:0.001744s ]
SQL: SHOW COLUMNS FROM `arm_active` [ RunTime:0.0007s ]
SQL: SHOW COLUMNS FROM `arm_shop` [ RunTime:0.0006s ]
SQL: SHOW COLUMNS FROM `arm_posts` [ RunTime:0.0005s ]
SQL: SHOW COLUMNS FROM `arm_news` [ RunTime:0.0005s ]
SQL: SHOW COLUMNS FROM `arm_street_history` [ RunTime:0.0005s ]
SQL: SHOW COLUMNS FROM `arm_slide` [ RunTime:0.0004s ]
SQL: SHOW COLUMNS FROM `arm_culture_heritage` [ RunTime:0.0004s ]
SQL: SELECT * FROM `arm_slide` WHERE `id` = 10 LIMIT 1   [ RunTime:0.0003s ]

[ 2022-07-29T15:32:09+08:00 ] 219.131.240.191 /xiahuan/index.php/api/lists?type=post&page=1
INFO: [ app_init ] --START--
INFO: Run Behavior\BuildLiteBehavior [ RunTime:0.000014s ]
INFO: [ app_init ] --END-- [ RunTime:0.000078s ]
INFO: [ app_begin ] --START--
INFO: Run Behavior\ReadHtmlCacheBehavior [ RunTime:0.000644s ]
INFO: Run Behavior\CheckLangBehavior [ RunTime:0.000998s ]
INFO: [ app_begin ] --END-- [ RunTime:0.001736s ]
SQL: SHOW COLUMNS FROM `arm_active` [ RunTime:0.0005s ]
SQL: SHOW COLUMNS FROM `arm_shop` [ RunTime:0.0006s ]
SQL: SHOW COLUMNS FROM `arm_posts` [ RunTime:0.0005s ]
SQL: SHOW COLUMNS FROM `arm_news` [ RunTime:0.0004s ]
SQL: SHOW COLUMNS FROM `arm_street_history` [ RunTime:0.0005s ]
SQL: SHOW COLUMNS FROM `arm_slide` [ RunTime:0.0004s ]
SQL: SHOW COLUMNS FROM `arm_culture_heritage` [ RunTime:0.0004s ]
SQL: SELECT * FROM `arm_posts` WHERE `deleted` IS NULL AND `status` = 'published' ORDER BY created desc  [ RunTime:0.0002s ]
SQL: SELECT * FROM `arm_street_history` WHERE `deleted` IS NULL AND `status` = 'published' ORDER BY created desc  [ RunTime:0.0001s ]

[ 2022-07-29T15:35:33+08:00 ] 219.131.240.191 /xiahuan/index.php/api/banner?id=10
INFO: [ app_init ] --START--
INFO: Run Behavior\BuildLiteBehavior [ RunTime:0.000013s ]
INFO: [ app_init ] --END-- [ RunTime:0.000074s ]
INFO: [ app_begin ] --START--
INFO: Run Behavior\ReadHtmlCacheBehavior [ RunTime:0.000594s ]
INFO: Run Behavior\CheckLangBehavior [ RunTime:0.000960s ]
INFO: [ app_begin ] --END-- [ RunTime:0.001639s ]
SQL: SHOW COLUMNS FROM `arm_active` [ RunTime:0.0006s ]
SQL: SHOW COLUMNS FROM `arm_shop` [ RunTime:0.0006s ]
SQL: SHOW COLUMNS FROM `arm_posts` [ RunTime:0.0006s ]
SQL: SHOW COLUMNS FROM `arm_news` [ RunTime:0.0005s ]
SQL: SHOW COLUMNS FROM `arm_street_history` [ RunTime:0.0006s ]
SQL: SHOW COLUMNS FROM `arm_slide` [ RunTime:0.0003s ]
SQL: SHOW COLUMNS FROM `arm_culture_heritage` [ RunTime:0.0005s ]
SQL: SELECT * FROM `arm_slide` WHERE `id` = 10 LIMIT 1   [ RunTime:0.0001s ]

[ 2022-07-29T15:35:33+08:00 ] 219.131.240.191 /xiahuan/index.php/api/lists?type=post&page=1
INFO: [ app_init ] --START--
INFO: Run Behavior\BuildLiteBehavior [ RunTime:0.000014s ]
INFO: [ app_init ] --END-- [ RunTime:0.000070s ]
INFO: [ app_begin ] --START--
INFO: Run Behavior\ReadHtmlCacheBehavior [ RunTime:0.000654s ]
INFO: Run Behavior\CheckLangBehavior [ RunTime:0.000974s ]
INFO: [ app_begin ] --END-- [ RunTime:0.001717s ]
SQL: SHOW COLUMNS FROM `arm_active` [ RunTime:0.0006s ]
SQL: SHOW COLUMNS FROM `arm_shop` [ RunTime:0.0005s ]
SQL: SHOW COLUMNS FROM `arm_posts` [ RunTime:0.0009s ]
SQL: SHOW COLUMNS FROM `arm_news` [ RunTime:0.0006s ]
SQL: SHOW COLUMNS FROM `arm_street_history` [ RunTime:0.0006s ]
SQL: SHOW COLUMNS FROM `arm_slide` [ RunTime:0.0005s ]
SQL: SHOW COLUMNS FROM `arm_culture_heritage` [ RunTime:0.0005s ]
SQL: SELECT * FROM `arm_posts` WHERE `deleted` IS NULL AND `status` = 'published' ORDER BY created desc  [ RunTime:0.0002s ]
SQL: SELECT * FROM `arm_street_history` WHERE `deleted` IS NULL AND `status` = 'published' ORDER BY created desc  [ RunTime:0.0001s ]

[ 2022-07-29T15:35:42+08:00 ] 219.131.240.191 /xiahuan/index.php/api/lists?type=activity
INFO: [ app_init ] --START--
INFO: Run Behavior\BuildLiteBehavior [ RunTime:0.000011s ]
INFO: [ app_init ] --END-- [ RunTime:0.000050s ]
INFO: [ app_begin ] --START--
INFO: Run Behavior\ReadHtmlCacheBehavior [ RunTime:0.000443s ]
INFO: Run Behavior\CheckLangBehavior [ RunTime:0.000660s ]
INFO: [ app_begin ] --END-- [ RunTime:0.001158s ]
SQL: SHOW COLUMNS FROM `arm_active` [ RunTime:0.0005s ]
SQL: SHOW COLUMNS FROM `arm_shop` [ RunTime:0.0005s ]
SQL: SHOW COLUMNS FROM `arm_posts` [ RunTime:0.0004s ]
SQL: SHOW COLUMNS FROM `arm_news` [ RunTime:0.0004s ]
SQL: SHOW COLUMNS FROM `arm_street_history` [ RunTime:0.0004s ]
SQL: SHOW COLUMNS FROM `arm_slide` [ RunTime:0.0003s ]
SQL: SHOW COLUMNS FROM `arm_culture_heritage` [ RunTime:0.0004s ]
SQL: SELECT * FROM `arm_active` WHERE `deleted` IS NULL AND `status` = 'published' ORDER BY created desc  [ RunTime:0.0001s ]
SQL: SELECT * FROM `arm_news` WHERE `deleted` IS NULL AND `status` = 'published' ORDER BY created desc  [ RunTime:0.0002s ]

[ 2022-07-29T15:35:42+08:00 ] 219.131.240.191 /xiahuan/index.php/api/banner?id=6
INFO: [ app_init ] --START--
INFO: Run Behavior\BuildLiteBehavior [ RunTime:0.000016s ]
INFO: [ app_init ] --END-- [ RunTime:0.000072s ]
INFO: [ app_begin ] --START--
INFO: Run Behavior\ReadHtmlCacheBehavior [ RunTime:0.000620s ]
INFO: Run Behavior\CheckLangBehavior [ RunTime:0.001016s ]
INFO: [ app_begin ] --END-- [ RunTime:0.001726s ]
SQL: SHOW COLUMNS FROM `arm_active` [ RunTime:0.0005s ]
SQL: SHOW COLUMNS FROM `arm_shop` [ RunTime:0.0004s ]
SQL: SHOW COLUMNS FROM `arm_posts` [ RunTime:0.0003s ]
SQL: SHOW COLUMNS FROM `arm_news` [ RunTime:0.0003s ]
SQL: SHOW COLUMNS FROM `arm_street_history` [ RunTime:0.0003s ]
SQL: SHOW COLUMNS FROM `arm_slide` [ RunTime:0.0003s ]
SQL: SHOW COLUMNS FROM `arm_culture_heritage` [ RunTime:0.0003s ]
SQL: SELECT * FROM `arm_slide` WHERE `id` = 6 LIMIT 1   [ RunTime:0.0001s ]

[ 2022-07-29T15:36:00+08:00 ] 219.131.240.191 /xiahuan/index.php/api/lists?type=post
INFO: [ app_init ] --START--
INFO: Run Behavior\BuildLiteBehavior [ RunTime:0.000013s ]
INFO: [ app_init ] --END-- [ RunTime:0.000070s ]
INFO: [ app_begin ] --START--
INFO: Run Behavior\ReadHtmlCacheBehavior [ RunTime:0.000603s ]
INFO: Run Behavior\CheckLangBehavior [ RunTime:0.000959s ]
INFO: [ app_begin ] --END-- [ RunTime:0.001648s ]
SQL: SHOW COLUMNS FROM `arm_active` [ RunTime:0.0006s ]
SQL: SHOW COLUMNS FROM `arm_shop` [ RunTime:0.0006s ]
SQL: SHOW COLUMNS FROM `arm_posts` [ RunTime:0.0006s ]
SQL: SHOW COLUMNS FROM `arm_news` [ RunTime:0.0005s ]
SQL: SHOW COLUMNS FROM `arm_street_history` [ RunTime:0.0005s ]
SQL: SHOW COLUMNS FROM `arm_slide` [ RunTime:0.0004s ]
SQL: SHOW COLUMNS FROM `arm_culture_heritage` [ RunTime:0.0004s ]
SQL: SELECT * FROM `arm_posts` WHERE `deleted` IS NULL AND `status` = 'published' ORDER BY created desc  [ RunTime:0.0002s ]
SQL: SELECT * FROM `arm_street_history` WHERE `deleted` IS NULL AND `status` = 'published' ORDER BY created desc  [ RunTime:0.0001s ]

[ 2022-07-29T15:36:00+08:00 ] 219.131.240.191 /xiahuan/index.php/api/banner?id=7
INFO: [ app_init ] --START--
INFO: Run Behavior\BuildLiteBehavior [ RunTime:0.000015s ]
INFO: [ app_init ] --END-- [ RunTime:0.000076s ]
INFO: [ app_begin ] --START--
INFO: Run Behavior\ReadHtmlCacheBehavior [ RunTime:0.000602s ]
INFO: Run Behavior\CheckLangBehavior [ RunTime:0.000949s ]
INFO: [ app_begin ] --END-- [ RunTime:0.001637s ]
SQL: SHOW COLUMNS FROM `arm_active` [ RunTime:0.0018s ]
SQL: SHOW COLUMNS FROM `arm_shop` [ RunTime:0.0038s ]
SQL: SHOW COLUMNS FROM `arm_posts` [ RunTime:0.0006s ]
SQL: SHOW COLUMNS FROM `arm_news` [ RunTime:0.0005s ]
SQL: SHOW COLUMNS FROM `arm_street_history` [ RunTime:0.0005s ]
SQL: SHOW COLUMNS FROM `arm_slide` [ RunTime:0.0004s ]
SQL: SHOW COLUMNS FROM `arm_culture_heritage` [ RunTime:0.0005s ]
SQL: SELECT * FROM `arm_slide` WHERE `id` = 7 LIMIT 1   [ RunTime:0.0001s ]

[ 2022-07-29T15:36:00+08:00 ] 219.131.240.191 /xiahuan/index.php/api/banner?id=9
INFO: [ app_init ] --START--
INFO: Run Behavior\BuildLiteBehavior [ RunTime:0.000014s ]
INFO: [ app_init ] --END-- [ RunTime:0.000077s ]
INFO: [ app_begin ] --START--
INFO: Run Behavior\ReadHtmlCacheBehavior [ RunTime:0.000666s ]
INFO: Run Behavior\CheckLangBehavior [ RunTime:0.000960s ]
INFO: [ app_begin ] --END-- [ RunTime:0.001717s ]
SQL: SHOW COLUMNS FROM `arm_active` [ RunTime:0.0041s ]
SQL: SHOW COLUMNS FROM `arm_shop` [ RunTime:0.0019s ]
SQL: SHOW COLUMNS FROM `arm_posts` [ RunTime:0.0012s ]
SQL: SHOW COLUMNS FROM `arm_news` [ RunTime:0.0050s ]
SQL: SHOW COLUMNS FROM `arm_street_history` [ RunTime:0.0005s ]
SQL: SHOW COLUMNS FROM `arm_slide` [ RunTime:0.0004s ]
SQL: SHOW COLUMNS FROM `arm_culture_heritage` [ RunTime:0.0004s ]
SQL: SELECT * FROM `arm_slide` WHERE `id` = 9 LIMIT 1   [ RunTime:0.0001s ]

[ 2022-07-29T15:36:00+08:00 ] 219.131.240.191 /xiahuan/index.php/api/lists?type=culture&page=1
INFO: [ app_init ] --START--
INFO: Run Behavior\BuildLiteBehavior [ RunTime:0.000014s ]
INFO: [ app_init ] --END-- [ RunTime:0.000071s ]
INFO: [ app_begin ] --START--
INFO: Run Behavior\ReadHtmlCacheBehavior [ RunTime:0.000613s ]
INFO: Run Behavior\CheckLangBehavior [ RunTime:0.000945s ]
INFO: [ app_begin ] --END-- [ RunTime:0.001650s ]
SQL: SHOW COLUMNS FROM `arm_active` [ RunTime:0.0010s ]
SQL: SHOW COLUMNS FROM `arm_shop` [ RunTime:0.0005s ]
SQL: SHOW COLUMNS FROM `arm_posts` [ RunTime:0.0005s ]
SQL: SHOW COLUMNS FROM `arm_news` [ RunTime:0.0004s ]
SQL: SHOW COLUMNS FROM `arm_street_history` [ RunTime:0.0008s ]
SQL: SHOW COLUMNS FROM `arm_slide` [ RunTime:0.0006s ]
SQL: SHOW COLUMNS FROM `arm_culture_heritage` [ RunTime:0.0015s ]
SQL: SELECT COUNT(*) AS tp_count FROM `arm_culture_heritage` WHERE `deleted` IS NULL AND `status` = 'published' LIMIT 1   [ RunTime:0.0001s ]
SQL: SELECT * FROM `arm_culture_heritage` WHERE `deleted` IS NULL AND `status` = 'published' ORDER BY created desc LIMIT 0,10   [ RunTime:0.0015s ]

[ 2022-07-29T15:36:19+08:00 ] 219.131.240.191 /xiahuan/index.php/api/detail?type=post&id=13
INFO: [ app_init ] --START--
INFO: Run Behavior\BuildLiteBehavior [ RunTime:0.000014s ]
INFO: [ app_init ] --END-- [ RunTime:0.000084s ]
INFO: [ app_begin ] --START--
INFO: Run Behavior\ReadHtmlCacheBehavior [ RunTime:0.000460s ]
INFO: Run Behavior\CheckLangBehavior [ RunTime:0.000696s ]
INFO: [ app_begin ] --END-- [ RunTime:0.001214s ]
SQL: SHOW COLUMNS FROM `arm_active` [ RunTime:0.0007s ]
SQL: SHOW COLUMNS FROM `arm_shop` [ RunTime:0.0006s ]
SQL: SHOW COLUMNS FROM `arm_posts` [ RunTime:0.0005s ]
SQL: SHOW COLUMNS FROM `arm_news` [ RunTime:0.0005s ]
SQL: SHOW COLUMNS FROM `arm_street_history` [ RunTime:0.0005s ]
SQL: SHOW COLUMNS FROM `arm_slide` [ RunTime:0.0004s ]
SQL: SHOW COLUMNS FROM `arm_culture_heritage` [ RunTime:0.0005s ]
SQL: SELECT * FROM `arm_posts` WHERE `id` = 13 LIMIT 1   [ RunTime:0.0001s ]

[ 2022-07-29T15:36:25+08:00 ] 219.131.240.191 /xiahuan/index.php/api/lists?type=shop&page=1
INFO: [ app_init ] --START--
INFO: Run Behavior\BuildLiteBehavior [ RunTime:0.000011s ]
INFO: [ app_init ] --END-- [ RunTime:0.000050s ]
INFO: [ app_begin ] --START--
INFO: Run Behavior\ReadHtmlCacheBehavior [ RunTime:0.000440s ]
INFO: Run Behavior\CheckLangBehavior [ RunTime:0.000663s ]
INFO: [ app_begin ] --END-- [ RunTime:0.001157s ]
SQL: SHOW COLUMNS FROM `arm_active` [ RunTime:0.0005s ]
SQL: SHOW COLUMNS FROM `arm_shop` [ RunTime:0.0004s ]
SQL: SHOW COLUMNS FROM `arm_posts` [ RunTime:0.0004s ]
SQL: SHOW COLUMNS FROM `arm_news` [ RunTime:0.0003s ]
SQL: SHOW COLUMNS FROM `arm_street_history` [ RunTime:0.0004s ]
SQL: SHOW COLUMNS FROM `arm_slide` [ RunTime:0.0003s ]
SQL: SHOW COLUMNS FROM `arm_culture_heritage` [ RunTime:0.0003s ]
SQL: SELECT COUNT(*) AS tp_count FROM `arm_shop` WHERE `deleted` IS NULL AND `status` = 'published' LIMIT 1   [ RunTime:0.0001s ]
SQL: SELECT * FROM `arm_shop` WHERE `deleted` IS NULL AND `status` = 'published' ORDER BY created desc LIMIT 0,10   [ RunTime:0.0001s ]

[ 2022-07-29T15:36:25+08:00 ] 219.131.240.191 /xiahuan/index.php/api/lists?type=shop
INFO: [ app_init ] --START--
INFO: Run Behavior\BuildLiteBehavior [ RunTime:0.000014s ]
INFO: [ app_init ] --END-- [ RunTime:0.000091s ]
INFO: [ app_begin ] --START--
INFO: Run Behavior\ReadHtmlCacheBehavior [ RunTime:0.000602s ]
INFO: Run Behavior\CheckLangBehavior [ RunTime:0.000948s ]
INFO: [ app_begin ] --END-- [ RunTime:0.001633s ]
SQL: SHOW COLUMNS FROM `arm_active` [ RunTime:0.0005s ]
SQL: SHOW COLUMNS FROM `arm_shop` [ RunTime:0.0004s ]
SQL: SHOW COLUMNS FROM `arm_posts` [ RunTime:0.0003s ]
SQL: SHOW COLUMNS FROM `arm_news` [ RunTime:0.0004s ]
SQL: SHOW COLUMNS FROM `arm_street_history` [ RunTime:0.0004s ]
SQL: SHOW COLUMNS FROM `arm_slide` [ RunTime:0.0004s ]
SQL: SHOW COLUMNS FROM `arm_culture_heritage` [ RunTime:0.0005s ]
SQL: SELECT COUNT(*) AS tp_count FROM `arm_shop` WHERE `deleted` IS NULL AND `status` = 'published' LIMIT 1   [ RunTime:0.0001s ]
SQL: SELECT * FROM `arm_shop` WHERE `deleted` IS NULL AND `status` = 'published' ORDER BY created desc LIMIT 0,10   [ RunTime:0.0001s ]

[ 2022-07-29T15:36:25+08:00 ] 219.131.240.191 /xiahuan/index.php/api/banner?id=8
INFO: [ app_init ] --START--
INFO: Run Behavior\BuildLiteBehavior [ RunTime:0.000015s ]
INFO: [ app_init ] --END-- [ RunTime:0.000070s ]
INFO: [ app_begin ] --START--
INFO: Run Behavior\ReadHtmlCacheBehavior [ RunTime:0.000631s ]
INFO: Run Behavior\CheckLangBehavior [ RunTime:0.000930s ]
INFO: [ app_begin ] --END-- [ RunTime:0.001646s ]
SQL: SHOW COLUMNS FROM `arm_active` [ RunTime:0.0005s ]
SQL: SHOW COLUMNS FROM `arm_shop` [ RunTime:0.0005s ]
SQL: SHOW COLUMNS FROM `arm_posts` [ RunTime:0.0005s ]
SQL: SHOW COLUMNS FROM `arm_news` [ RunTime:0.0003s ]
SQL: SHOW COLUMNS FROM `arm_street_history` [ RunTime:0.0005s ]
SQL: SHOW COLUMNS FROM `arm_slide` [ RunTime:0.0003s ]
SQL: SHOW COLUMNS FROM `arm_culture_heritage` [ RunTime:0.0003s ]
SQL: SELECT * FROM `arm_slide` WHERE `id` = 8 LIMIT 1   [ RunTime:0.0002s ]

[ 2022-07-29T15:36:26+08:00 ] 219.131.240.191 /xiahuan/index.php/api/detail?type=shop&id=128
INFO: [ app_init ] --START--
INFO: Run Behavior\BuildLiteBehavior [ RunTime:0.000016s ]
INFO: [ app_init ] --END-- [ RunTime:0.000079s ]
INFO: [ app_begin ] --START--
INFO: Run Behavior\ReadHtmlCacheBehavior [ RunTime:0.000640s ]
INFO: Run Behavior\CheckLangBehavior [ RunTime:0.000983s ]
INFO: [ app_begin ] --END-- [ RunTime:0.001712s ]
SQL: SHOW COLUMNS FROM `arm_active` [ RunTime:0.0007s ]
SQL: SHOW COLUMNS FROM `arm_shop` [ RunTime:0.0006s ]
SQL: SHOW COLUMNS FROM `arm_posts` [ RunTime:0.0006s ]
SQL: SHOW COLUMNS FROM `arm_news` [ RunTime:0.0005s ]
SQL: SHOW COLUMNS FROM `arm_street_history` [ RunTime:0.0005s ]
SQL: SHOW COLUMNS FROM `arm_slide` [ RunTime:0.0004s ]
SQL: SHOW COLUMNS FROM `arm_culture_heritage` [ RunTime:0.0005s ]
SQL: SELECT * FROM `arm_shop` WHERE `id` = 128 LIMIT 1   [ RunTime:0.0001s ]

[ 2022-07-29T15:36:37+08:00 ] 219.131.240.191 /xiahuan/index.php/api/banner?id=12
INFO: [ app_init ] --START--
INFO: Run Behavior\BuildLiteBehavior [ RunTime:0.000010s ]
INFO: [ app_init ] --END-- [ RunTime:0.000047s ]
INFO: [ app_begin ] --START--
INFO: Run Behavior\ReadHtmlCacheBehavior [ RunTime:0.000441s ]
INFO: Run Behavior\CheckLangBehavior [ RunTime:0.000688s ]
INFO: [ app_begin ] --END-- [ RunTime:0.001187s ]
SQL: SHOW COLUMNS FROM `arm_active` [ RunTime:0.0007s ]
SQL: SHOW COLUMNS FROM `arm_shop` [ RunTime:0.0006s ]
SQL: SHOW COLUMNS FROM `arm_posts` [ RunTime:0.0005s ]
SQL: SHOW COLUMNS FROM `arm_news` [ RunTime:0.0005s ]
SQL: SHOW COLUMNS FROM `arm_street_history` [ RunTime:0.0005s ]
SQL: SHOW COLUMNS FROM `arm_slide` [ RunTime:0.0004s ]
SQL: SHOW COLUMNS FROM `arm_culture_heritage` [ RunTime:0.0005s ]
SQL: SELECT * FROM `arm_slide` WHERE `id` = 12 LIMIT 1   [ RunTime:0.0001s ]

