[ 2022-07-19T17:21:21+08:00 ] 219.131.241.50 /xiahuan/2020/index.php
ERR: Too few arguments to function Home\Model\ShopModel::indexShop(), 1 passed in /pub/www/wwwroot/www.macauonline.net/xiahuan/2020/App/Home/Controller/IndexController.class.php on line 73 and exactly 2 expected

[ 2022-07-19T17:21:26+08:00 ] 219.131.241.50 /xiahuan/2020/
ERR: Too few arguments to function Home\Model\ShopModel::indexShop(), 1 passed in /pub/www/wwwroot/www.macauonline.net/xiahuan/2020/App/Home/Controller/IndexController.class.php on line 73 and exactly 2 expected

[ 2022-07-19T17:21:43+08:00 ] 219.131.241.50 /xiahuan/2020/
ERR: Too few arguments to function Home\Model\ShopModel::indexShop(), 1 passed in /pub/www/wwwroot/www.macauonline.net/xiahuan/2020/App/Home/Controller/IndexController.class.php on line 73 and exactly 2 expected

[ 2022-07-19T17:21:45+08:00 ] 219.131.241.50 /xiahuan/2020/
ERR: Too few arguments to function Home\Model\ShopModel::indexShop(), 1 passed in /pub/www/wwwroot/www.macauonline.net/xiahuan/2020/App/Home/Controller/IndexController.class.php on line 73 and exactly 2 expected

[ 2022-07-19T17:22:05+08:00 ] 219.131.241.50 /xiahuan/2020/
ERR: Too few arguments to function Home\Model\ShopModel::indexShop(), 1 passed in /pub/www/wwwroot/www.macauonline.net/xiahuan/2020/App/Home/Controller/IndexController.class.php on line 73 and exactly 2 expected

[ 2022-07-19T17:22:05+08:00 ] 219.131.241.50 /xiahuan/2020/
ERR: Too few arguments to function Home\Model\ShopModel::indexShop(), 1 passed in /pub/www/wwwroot/www.macauonline.net/xiahuan/2020/App/Home/Controller/IndexController.class.php on line 73 and exactly 2 expected

[ 2022-07-19T17:22:06+08:00 ] 219.131.241.50 /xiahuan/2020/
ERR: Too few arguments to function Home\Model\ShopModel::indexShop(), 1 passed in /pub/www/wwwroot/www.macauonline.net/xiahuan/2020/App/Home/Controller/IndexController.class.php on line 73 and exactly 2 expected

[ 2022-07-19T17:22:06+08:00 ] 219.131.241.50 /xiahuan/2020/
ERR: Too few arguments to function Home\Model\ShopModel::indexShop(), 1 passed in /pub/www/wwwroot/www.macauonline.net/xiahuan/2020/App/Home/Controller/IndexController.class.php on line 73 and exactly 2 expected

[ 2022-07-19T17:22:06+08:00 ] 219.131.241.50 /xiahuan/2020/
ERR: Too few arguments to function Home\Model\ShopModel::indexShop(), 1 passed in /pub/www/wwwroot/www.macauonline.net/xiahuan/2020/App/Home/Controller/IndexController.class.php on line 73 and exactly 2 expected

[ 2022-07-19T17:22:06+08:00 ] 219.131.241.50 /xiahuan/2020/
ERR: Too few arguments to function Home\Model\ShopModel::indexShop(), 1 passed in /pub/www/wwwroot/www.macauonline.net/xiahuan/2020/App/Home/Controller/IndexController.class.php on line 73 and exactly 2 expected

[ 2022-07-19T17:22:10+08:00 ] 219.131.241.50 /xiahuan/2020/
ERR: Too few arguments to function Home\Model\ShopModel::indexShop(), 1 passed in /pub/www/wwwroot/www.macauonline.net/xiahuan/2020/App/Home/Controller/IndexController.class.php on line 73 and exactly 2 expected

[ 2022-07-19T17:22:10+08:00 ] 219.131.241.50 /xiahuan/2020/
ERR: Too few arguments to function Home\Model\ShopModel::indexShop(), 1 passed in /pub/www/wwwroot/www.macauonline.net/xiahuan/2020/App/Home/Controller/IndexController.class.php on line 73 and exactly 2 expected

[ 2022-07-19T17:22:10+08:00 ] 219.131.241.50 /xiahuan/2020/
ERR: Too few arguments to function Home\Model\ShopModel::indexShop(), 1 passed in /pub/www/wwwroot/www.macauonline.net/xiahuan/2020/App/Home/Controller/IndexController.class.php on line 73 and exactly 2 expected

[ 2022-07-19T17:22:10+08:00 ] 219.131.241.50 /xiahuan/2020/
ERR: Too few arguments to function Home\Model\ShopModel::indexShop(), 1 passed in /pub/www/wwwroot/www.macauonline.net/xiahuan/2020/App/Home/Controller/IndexController.class.php on line 73 and exactly 2 expected

[ 2022-07-19T17:22:12+08:00 ] 219.131.241.50 /xiahuan/2020/
ERR: Too few arguments to function Home\Model\ShopModel::indexShop(), 1 passed in /pub/www/wwwroot/www.macauonline.net/xiahuan/2020/App/Home/Controller/IndexController.class.php on line 73 and exactly 2 expected

[ 2022-07-19T17:22:12+08:00 ] 219.131.241.50 /xiahuan/2020/
ERR: Too few arguments to function Home\Model\ShopModel::indexShop(), 1 passed in /pub/www/wwwroot/www.macauonline.net/xiahuan/2020/App/Home/Controller/IndexController.class.php on line 73 and exactly 2 expected

[ 2022-07-19T17:22:12+08:00 ] 219.131.241.50 /xiahuan/2020/
ERR: Too few arguments to function Home\Model\ShopModel::indexShop(), 1 passed in /pub/www/wwwroot/www.macauonline.net/xiahuan/2020/App/Home/Controller/IndexController.class.php on line 73 and exactly 2 expected

[ 2022-07-19T17:22:13+08:00 ] 219.131.241.50 /xiahuan/2020/
ERR: Too few arguments to function Home\Model\ShopModel::indexShop(), 1 passed in /pub/www/wwwroot/www.macauonline.net/xiahuan/2020/App/Home/Controller/IndexController.class.php on line 73 and exactly 2 expected

[ 2022-07-19T17:22:13+08:00 ] 219.131.241.50 /xiahuan/2020/
ERR: Too few arguments to function Home\Model\ShopModel::indexShop(), 1 passed in /pub/www/wwwroot/www.macauonline.net/xiahuan/2020/App/Home/Controller/IndexController.class.php on line 73 and exactly 2 expected

[ 2022-07-19T17:22:13+08:00 ] 219.131.241.50 /xiahuan/2020/
ERR: Too few arguments to function Home\Model\ShopModel::indexShop(), 1 passed in /pub/www/wwwroot/www.macauonline.net/xiahuan/2020/App/Home/Controller/IndexController.class.php on line 73 and exactly 2 expected

[ 2022-07-19T17:23:13+08:00 ] 219.131.241.50 /xiahuan/2020/
INFO: [ app_init ] --START--
INFO: Run Behavior\BuildLiteBehavior [ RunTime:0.000012s ]
INFO: [ app_init ] --END-- [ RunTime:0.000047s ]
INFO: [ app_begin ] --START--
INFO: Run Behavior\ReadHtmlCacheBehavior [ RunTime:0.000569s ]
INFO: Run Behavior\CheckLangBehavior [ RunTime:0.000925s ]
INFO: [ app_begin ] --END-- [ RunTime:0.001542s ]
SQL: SHOW COLUMNS FROM `arm2_active` [ RunTime:0.0006s ]
SQL: SELECT * FROM `arm2_active` WHERE `deleted` IS NULL AND `status` = 'published' ORDER BY created desc LIMIT 3   [ RunTime:0.0001s ]
SQL: SHOW COLUMNS FROM `arm2_street_history` [ RunTime:0.0005s ]
SQL: SELECT * FROM `arm2_street_history` WHERE `deleted` IS NULL AND `status` = 'published' ORDER BY rand() LIMIT 1   [ RunTime:0.0005s ]
SQL: SHOW COLUMNS FROM `arm2_shop` [ RunTime:0.0005s ]
SQL: SELECT * FROM `arm2_shop` WHERE `deleted` IS NULL AND `status` = 'published' ORDER BY rand() LIMIT 1   [ RunTime:0.0011s ]
SQL: SHOW COLUMNS FROM `arm2_posts` [ RunTime:0.0005s ]
SQL: SELECT * FROM `arm2_posts` WHERE `deleted` IS NULL AND `status` = 'published' ORDER BY rand() LIMIT 1   [ RunTime:0.0006s ]
SQL: SHOW COLUMNS FROM `arm2_active` [ RunTime:0.0004s ]
SQL: SHOW COLUMNS FROM `arm2_slide` [ RunTime:0.0004s ]
SQL: SHOW COLUMNS FROM `arm2_introduce` [ RunTime:0.0005s ]
SQL: SHOW COLUMNS FROM `arm2_community_image` [ RunTime:0.0004s ]
SQL: SHOW COLUMNS FROM `arm2_street_history` [ RunTime:0.0004s ]
SQL: SHOW COLUMNS FROM `arm2_shop` [ RunTime:0.0005s ]
SQL: SHOW COLUMNS FROM `arm2_posts` [ RunTime:0.0004s ]
SQL: SHOW COLUMNS FROM `arm2_news` [ RunTime:0.0004s ]
SQL: SELECT * FROM `arm2_slide` WHERE `deleted` IS NULL AND `status` = 'published' ORDER BY re_time desc LIMIT 4   [ RunTime:0.0001s ]
SQL: SELECT * FROM `arm2_active` WHERE `deleted` IS NULL AND `status` = 'published' ORDER BY created desc  [ RunTime:0.0001s ]
SQL: SELECT * FROM `arm2_community_image` WHERE `deleted` IS NULL AND `status` = 'published' ORDER BY created desc LIMIT 10   [ RunTime:0.0001s ]
SQL: SELECT * FROM `arm2_street_history` WHERE `deleted` IS NULL AND `status` = 'published' ORDER BY sort desc,created desc  [ RunTime:0.0001s ]
SQL: SELECT * FROM `arm2_shop` WHERE `deleted` IS NULL AND `status` = 'published' ORDER BY created desc  [ RunTime:0.0009s ]
SQL: SELECT * FROM `arm2_posts` WHERE `deleted` IS NULL AND `status` = 'published' ORDER BY created desc  [ RunTime:0.0005s ]
SQL: SELECT * FROM `arm2_news` WHERE `deleted` IS NULL AND `status` = 'published' ORDER BY created desc  [ RunTime:0.0020s ]
INFO: [ view_parse ] --START--
INFO: [ template_filter ] --START--
INFO: Run Behavior\ContentReplaceBehavior [ RunTime:0.000211s ]
INFO: [ template_filter ] --END-- [ RunTime:0.000247s ]
INFO: Run Behavior\ParseTemplateBehavior [ RunTime:0.024998s ]
INFO: [ view_parse ] --END-- [ RunTime:0.025037s ]
INFO: [ view_filter ] --START--
INFO: Run Behavior\WriteHtmlCacheBehavior [ RunTime:0.000982s ]
INFO: Run Behavior\TokenBuildBehavior [ RunTime:0.001610s ]
INFO: [ view_filter ] --END-- [ RunTime:0.002643s ]
INFO: [ app_end ] --START--
INFO: Run Behavior\ShowPageTraceBehavior [ RunTime:0.001229s ]
INFO: [ app_end ] --END-- [ RunTime:0.001258s ]

[ 2022-07-19T17:25:15+08:00 ] 219.131.241.50 /xiahuan/2020/
INFO: [ app_init ] --START--
INFO: Run Behavior\BuildLiteBehavior [ RunTime:0.000011s ]
INFO: [ app_init ] --END-- [ RunTime:0.000043s ]
INFO: [ app_begin ] --START--
INFO: Run Behavior\ReadHtmlCacheBehavior [ RunTime:0.000554s ]
INFO: Run Behavior\CheckLangBehavior [ RunTime:0.000941s ]
INFO: [ app_begin ] --END-- [ RunTime:0.001540s ]
SQL: SHOW COLUMNS FROM `arm2_active` [ RunTime:0.0006s ]
SQL: SELECT * FROM `arm2_active` WHERE `deleted` IS NULL AND `status` = 'published' ORDER BY created desc LIMIT 3   [ RunTime:0.0001s ]
SQL: SHOW COLUMNS FROM `arm2_street_history` [ RunTime:0.0004s ]
SQL: SELECT * FROM `arm2_street_history` WHERE `deleted` IS NULL AND `status` = 'published' ORDER BY rand() LIMIT 1   [ RunTime:0.0005s ]
SQL: SHOW COLUMNS FROM `arm2_shop` [ RunTime:0.0005s ]
SQL: SELECT * FROM `arm2_shop` WHERE `deleted` IS NULL AND `status` = 'published' ORDER BY rand() LIMIT 1   [ RunTime:0.0010s ]
SQL: SHOW COLUMNS FROM `arm2_posts` [ RunTime:0.0005s ]
SQL: SELECT * FROM `arm2_posts` WHERE `deleted` IS NULL AND `status` = 'published' ORDER BY rand() LIMIT 1   [ RunTime:0.0006s ]
SQL: SHOW COLUMNS FROM `arm2_active` [ RunTime:0.0005s ]
SQL: SHOW COLUMNS FROM `arm2_slide` [ RunTime:0.0004s ]
SQL: SHOW COLUMNS FROM `arm2_introduce` [ RunTime:0.0004s ]
SQL: SHOW COLUMNS FROM `arm2_community_image` [ RunTime:0.0003s ]
SQL: SHOW COLUMNS FROM `arm2_street_history` [ RunTime:0.0004s ]
SQL: SHOW COLUMNS FROM `arm2_shop` [ RunTime:0.0005s ]
SQL: SHOW COLUMNS FROM `arm2_posts` [ RunTime:0.0004s ]
SQL: SHOW COLUMNS FROM `arm2_news` [ RunTime:0.0004s ]
SQL: SELECT * FROM `arm2_slide` WHERE `deleted` IS NULL AND `status` = 'published' ORDER BY re_time desc LIMIT 4   [ RunTime:0.0001s ]
SQL: SELECT * FROM `arm2_active` WHERE `deleted` IS NULL AND `status` = 'published' ORDER BY created desc  [ RunTime:0.0001s ]
SQL: SELECT * FROM `arm2_community_image` WHERE `deleted` IS NULL AND `status` = 'published' ORDER BY created desc LIMIT 10   [ RunTime:0.0001s ]
SQL: SELECT * FROM `arm2_street_history` WHERE `deleted` IS NULL AND `status` = 'published' ORDER BY sort desc,created desc  [ RunTime:0.0001s ]
SQL: SELECT * FROM `arm2_shop` WHERE `deleted` IS NULL AND `status` = 'published' ORDER BY created desc  [ RunTime:0.0003s ]
SQL: SELECT * FROM `arm2_posts` WHERE `deleted` IS NULL AND `status` = 'published' ORDER BY created desc  [ RunTime:0.0001s ]
SQL: SELECT * FROM `arm2_news` WHERE `deleted` IS NULL AND `status` = 'published' ORDER BY created desc  [ RunTime:0.0001s ]
INFO: [ view_parse ] --START--
INFO: [ template_filter ] --START--
INFO: Run Behavior\ContentReplaceBehavior [ RunTime:0.000211s ]
INFO: [ template_filter ] --END-- [ RunTime:0.000241s ]
INFO: Run Behavior\ParseTemplateBehavior [ RunTime:0.015907s ]
INFO: [ view_parse ] --END-- [ RunTime:0.015942s ]
INFO: [ view_filter ] --START--
INFO: Run Behavior\WriteHtmlCacheBehavior [ RunTime:0.000265s ]
INFO: Run Behavior\TokenBuildBehavior [ RunTime:0.001129s ]
INFO: [ view_filter ] --END-- [ RunTime:0.001438s ]
INFO: [ app_end ] --START--
INFO: Run Behavior\ShowPageTraceBehavior [ RunTime:0.000751s ]
INFO: [ app_end ] --END-- [ RunTime:0.000779s ]

[ 2022-07-19T17:25:17+08:00 ] 219.131.241.50 /xiahuan/2020/index.php?m=&c=Active&a=index
INFO: [ app_init ] --START--
INFO: Run Behavior\BuildLiteBehavior [ RunTime:0.000011s ]
INFO: [ app_init ] --END-- [ RunTime:0.000048s ]
INFO: [ app_begin ] --START--
INFO: Run Behavior\ReadHtmlCacheBehavior [ RunTime:0.000632s ]
INFO: Run Behavior\CheckLangBehavior [ RunTime:0.000897s ]
INFO: [ app_begin ] --END-- [ RunTime:0.001577s ]
SQL: SHOW COLUMNS FROM `arm2_active` [ RunTime:0.0006s ]
SQL: SELECT * FROM `arm2_active` WHERE `deleted` IS NULL AND `status` = 'published' ORDER BY created desc LIMIT 3   [ RunTime:0.0001s ]
SQL: SHOW COLUMNS FROM `arm2_street_history` [ RunTime:0.0005s ]
SQL: SELECT * FROM `arm2_street_history` WHERE `deleted` IS NULL AND `status` = 'published' ORDER BY rand() LIMIT 1   [ RunTime:0.0005s ]
SQL: SHOW COLUMNS FROM `arm2_shop` [ RunTime:0.0006s ]
SQL: SELECT * FROM `arm2_shop` WHERE `deleted` IS NULL AND `status` = 'published' ORDER BY rand() LIMIT 1   [ RunTime:0.0009s ]
SQL: SHOW COLUMNS FROM `arm2_posts` [ RunTime:0.0005s ]
SQL: SELECT * FROM `arm2_posts` WHERE `deleted` IS NULL AND `status` = 'published' ORDER BY rand() LIMIT 1   [ RunTime:0.0007s ]
SQL: SHOW COLUMNS FROM `arm2_active` [ RunTime:0.0005s ]
SQL: SELECT COUNT(*) AS tp_count FROM `arm2_active` WHERE `deleted` IS NULL AND `status` = 'published' ORDER BY created desc LIMIT 1   [ RunTime:0.0002s ]
SQL: SELECT * FROM `arm2_active` WHERE `deleted` IS NULL AND `status` = 'published' ORDER BY grade desc,created desc LIMIT 0,12   [ RunTime:0.0003s ]
INFO: [ view_parse ] --START--
INFO: [ template_filter ] --START--
INFO: Run Behavior\ContentReplaceBehavior [ RunTime:0.000174s ]
INFO: [ template_filter ] --END-- [ RunTime:0.000207s ]
INFO: Run Behavior\ParseTemplateBehavior [ RunTime:0.009962s ]
INFO: [ view_parse ] --END-- [ RunTime:0.009991s ]
INFO: [ view_filter ] --START--
INFO: Run Behavior\WriteHtmlCacheBehavior [ RunTime:0.000234s ]
INFO: Run Behavior\TokenBuildBehavior [ RunTime:0.000543s ]
INFO: [ view_filter ] --END-- [ RunTime:0.000807s ]
INFO: [ app_end ] --START--
INFO: Run Behavior\ShowPageTraceBehavior [ RunTime:0.000579s ]
INFO: [ app_end ] --END-- [ RunTime:0.000600s ]

[ 2022-07-19T17:25:24+08:00 ] 219.131.241.50 /xiahuan/2020/index.php?m=&c=Active&a=detail&id=4
INFO: [ app_init ] --START--
INFO: Run Behavior\BuildLiteBehavior [ RunTime:0.000008s ]
INFO: [ app_init ] --END-- [ RunTime:0.000033s ]
INFO: [ app_begin ] --START--
INFO: Run Behavior\ReadHtmlCacheBehavior [ RunTime:0.000435s ]
INFO: Run Behavior\CheckLangBehavior [ RunTime:0.000648s ]
INFO: [ app_begin ] --END-- [ RunTime:0.001120s ]
SQL: SHOW COLUMNS FROM `arm2_active` [ RunTime:0.0005s ]
SQL: SELECT * FROM `arm2_active` WHERE `deleted` IS NULL AND `status` = 'published' ORDER BY created desc LIMIT 3   [ RunTime:0.0001s ]
SQL: SHOW COLUMNS FROM `arm2_street_history` [ RunTime:0.0004s ]
SQL: SELECT * FROM `arm2_street_history` WHERE `deleted` IS NULL AND `status` = 'published' ORDER BY rand() LIMIT 1   [ RunTime:0.0004s ]
SQL: SHOW COLUMNS FROM `arm2_shop` [ RunTime:0.0004s ]
SQL: SELECT * FROM `arm2_shop` WHERE `deleted` IS NULL AND `status` = 'published' ORDER BY rand() LIMIT 1   [ RunTime:0.0009s ]
SQL: SHOW COLUMNS FROM `arm2_posts` [ RunTime:0.0004s ]
SQL: SELECT * FROM `arm2_posts` WHERE `deleted` IS NULL AND `status` = 'published' ORDER BY rand() LIMIT 1   [ RunTime:0.0006s ]
SQL: SHOW COLUMNS FROM `arm2_active` [ RunTime:0.0004s ]
SQL: SELECT * FROM `arm2_active` WHERE `id` = 4 LIMIT 1   [ RunTime:0.0003s ]
SQL: SHOW COLUMNS FROM `arm2_files` [ RunTime:0.0012s ]
SQL: SELECT `save_path`,`extension` FROM `arm2_files` WHERE ( id=310 ) LIMIT 1   [ RunTime:0.0011s ]
SQL: SELECT `save_path`,`extension` FROM `arm2_files` WHERE ( id=311 ) LIMIT 1   [ RunTime:0.0002s ]
SQL: SELECT `save_path`,`extension` FROM `arm2_files` WHERE ( id=312 ) LIMIT 1   [ RunTime:0.0001s ]
SQL: SELECT `save_path`,`extension` FROM `arm2_files` WHERE ( id=313 ) LIMIT 1   [ RunTime:0.0001s ]
SQL: SELECT `id`,`title` FROM `arm2_active` WHERE `deleted` IS NULL AND `status` = 'published' AND `id` > '4' ORDER BY id LIMIT 1   [ RunTime:0.0002s ]
SQL: SELECT `id`,`title` FROM `arm2_active` WHERE `deleted` IS NULL AND `status` = 'published' AND `id` < '4' ORDER BY id desc LIMIT 1   [ RunTime:0.0004s ]
NOTIC: [8] Undefined offset: 0 /pub/www/wwwroot/www.macauonline.net/xiahuan/2020/App/Home/Controller/ActiveController.class.php 第 100 行.
SQL: SELECT * FROM `arm2_active` WHERE `deleted` IS NULL AND `status` = 'published' ORDER BY rand() LIMIT 4   [ RunTime:0.0005s ]
INFO: [ view_parse ] --START--
INFO: [ template_filter ] --START--
INFO: Run Behavior\ContentReplaceBehavior [ RunTime:0.000166s ]
INFO: [ template_filter ] --END-- [ RunTime:0.000189s ]
NOTIC: [2] Use of undefined constant Active - assumed 'Active' (this will throw an Error in a future version of PHP) /pub/www/wwwroot/www.macauonline.net/xiahuan/2020/App/Runtime/Cache/Home/3345771ac763eb2d6c6fbc161f379a22.php 第 262 行.
NOTIC: [2] Use of undefined constant detail - assumed 'detail' (this will throw an Error in a future version of PHP) /pub/www/wwwroot/www.macauonline.net/xiahuan/2020/App/Runtime/Cache/Home/3345771ac763eb2d6c6fbc161f379a22.php 第 262 行.
NOTIC: [2] A non-numeric value encountered /pub/www/wwwroot/www.macauonline.net/xiahuan/2020/App/Runtime/Cache/Home/3345771ac763eb2d6c6fbc161f379a22.php 第 262 行.
NOTIC: [2] A non-numeric value encountered /pub/www/wwwroot/www.macauonline.net/xiahuan/2020/App/Runtime/Cache/Home/3345771ac763eb2d6c6fbc161f379a22.php 第 262 行.
NOTIC: [2] Division by zero /pub/www/wwwroot/www.macauonline.net/xiahuan/2020/App/Runtime/Cache/Home/3345771ac763eb2d6c6fbc161f379a22.php 第 262 行.
NOTIC: [8] Trying to access array offset on value of type null /pub/www/wwwroot/www.macauonline.net/xiahuan/2020/App/Runtime/Cache/Home/3345771ac763eb2d6c6fbc161f379a22.php 第 267 行.
NOTIC: [2] Use of undefined constant Active - assumed 'Active' (this will throw an Error in a future version of PHP) /pub/www/wwwroot/www.macauonline.net/xiahuan/2020/App/Runtime/Cache/Home/3345771ac763eb2d6c6fbc161f379a22.php 第 285 行.
NOTIC: [2] Use of undefined constant detail - assumed 'detail' (this will throw an Error in a future version of PHP) /pub/www/wwwroot/www.macauonline.net/xiahuan/2020/App/Runtime/Cache/Home/3345771ac763eb2d6c6fbc161f379a22.php 第 285 行.
NOTIC: [2] A non-numeric value encountered /pub/www/wwwroot/www.macauonline.net/xiahuan/2020/App/Runtime/Cache/Home/3345771ac763eb2d6c6fbc161f379a22.php 第 285 行.
NOTIC: [2] A non-numeric value encountered /pub/www/wwwroot/www.macauonline.net/xiahuan/2020/App/Runtime/Cache/Home/3345771ac763eb2d6c6fbc161f379a22.php 第 285 行.
NOTIC: [2] Division by zero /pub/www/wwwroot/www.macauonline.net/xiahuan/2020/App/Runtime/Cache/Home/3345771ac763eb2d6c6fbc161f379a22.php 第 285 行.
NOTIC: [2] Use of undefined constant Active - assumed 'Active' (this will throw an Error in a future version of PHP) /pub/www/wwwroot/www.macauonline.net/xiahuan/2020/App/Runtime/Cache/Home/3345771ac763eb2d6c6fbc161f379a22.php 第 285 行.
NOTIC: [2] Use of undefined constant detail - assumed 'detail' (this will throw an Error in a future version of PHP) /pub/www/wwwroot/www.macauonline.net/xiahuan/2020/App/Runtime/Cache/Home/3345771ac763eb2d6c6fbc161f379a22.php 第 285 行.
NOTIC: [2] A non-numeric value encountered /pub/www/wwwroot/www.macauonline.net/xiahuan/2020/App/Runtime/Cache/Home/3345771ac763eb2d6c6fbc161f379a22.php 第 285 行.
NOTIC: [2] A non-numeric value encountered /pub/www/wwwroot/www.macauonline.net/xiahuan/2020/App/Runtime/Cache/Home/3345771ac763eb2d6c6fbc161f379a22.php 第 285 行.
NOTIC: [2] Division by zero /pub/www/wwwroot/www.macauonline.net/xiahuan/2020/App/Runtime/Cache/Home/3345771ac763eb2d6c6fbc161f379a22.php 第 285 行.
NOTIC: [2] Use of undefined constant Active - assumed 'Active' (this will throw an Error in a future version of PHP) /pub/www/wwwroot/www.macauonline.net/xiahuan/2020/App/Runtime/Cache/Home/3345771ac763eb2d6c6fbc161f379a22.php 第 285 行.
NOTIC: [2] Use of undefined constant detail - assumed 'detail' (this will throw an Error in a future version of PHP) /pub/www/wwwroot/www.macauonline.net/xiahuan/2020/App/Runtime/Cache/Home/3345771ac763eb2d6c6fbc161f379a22.php 第 285 行.
NOTIC: [2] A non-numeric value encountered /pub/www/wwwroot/www.macauonline.net/xiahuan/2020/App/Runtime/Cache/Home/3345771ac763eb2d6c6fbc161f379a22.php 第 285 行.
NOTIC: [2] A non-numeric value encountered /pub/www/wwwroot/www.macauonline.net/xiahuan/2020/App/Runtime/Cache/Home/3345771ac763eb2d6c6fbc161f379a22.php 第 285 行.
NOTIC: [2] Division by zero /pub/www/wwwroot/www.macauonline.net/xiahuan/2020/App/Runtime/Cache/Home/3345771ac763eb2d6c6fbc161f379a22.php 第 285 行.
NOTIC: [2] Use of undefined constant Active - assumed 'Active' (this will throw an Error in a future version of PHP) /pub/www/wwwroot/www.macauonline.net/xiahuan/2020/App/Runtime/Cache/Home/3345771ac763eb2d6c6fbc161f379a22.php 第 285 行.
NOTIC: [2] Use of undefined constant detail - assumed 'detail' (this will throw an Error in a future version of PHP) /pub/www/wwwroot/www.macauonline.net/xiahuan/2020/App/Runtime/Cache/Home/3345771ac763eb2d6c6fbc161f379a22.php 第 285 行.
NOTIC: [2] A non-numeric value encountered /pub/www/wwwroot/www.macauonline.net/xiahuan/2020/App/Runtime/Cache/Home/3345771ac763eb2d6c6fbc161f379a22.php 第 285 行.
NOTIC: [2] A non-numeric value encountered /pub/www/wwwroot/www.macauonline.net/xiahuan/2020/App/Runtime/Cache/Home/3345771ac763eb2d6c6fbc161f379a22.php 第 285 行.
NOTIC: [2] Division by zero /pub/www/wwwroot/www.macauonline.net/xiahuan/2020/App/Runtime/Cache/Home/3345771ac763eb2d6c6fbc161f379a22.php 第 285 行.
INFO: Run Behavior\ParseTemplateBehavior [ RunTime:0.007752s ]
INFO: [ view_parse ] --END-- [ RunTime:0.007772s ]
INFO: [ view_filter ] --START--
INFO: Run Behavior\WriteHtmlCacheBehavior [ RunTime:0.000201s ]
INFO: Run Behavior\TokenBuildBehavior [ RunTime:0.000417s ]
INFO: [ view_filter ] --END-- [ RunTime:0.000642s ]
INFO: [ app_end ] --START--
INFO: Run Behavior\ShowPageTraceBehavior [ RunTime:0.000475s ]
INFO: [ app_end ] --END-- [ RunTime:0.000496s ]

[ 2022-07-19T17:25:45+08:00 ] 219.131.241.50 /xiahuan/2020/index.php?m=&c=Active&a=detail&id=4
INFO: [ app_init ] --START--
INFO: Run Behavior\BuildLiteBehavior [ RunTime:0.000008s ]
INFO: [ app_init ] --END-- [ RunTime:0.000034s ]
INFO: [ app_begin ] --START--
INFO: Run Behavior\ReadHtmlCacheBehavior [ RunTime:0.000417s ]
INFO: Run Behavior\CheckLangBehavior [ RunTime:0.000643s ]
INFO: [ app_begin ] --END-- [ RunTime:0.001092s ]
SQL: SHOW COLUMNS FROM `arm2_active` [ RunTime:0.0005s ]
SQL: SELECT * FROM `arm2_active` WHERE `deleted` IS NULL AND `status` = 'published' ORDER BY created desc LIMIT 3   [ RunTime:0.0001s ]
SQL: SHOW COLUMNS FROM `arm2_street_history` [ RunTime:0.0003s ]
SQL: SELECT * FROM `arm2_street_history` WHERE `deleted` IS NULL AND `status` = 'published' ORDER BY rand() LIMIT 1   [ RunTime:0.0004s ]
SQL: SHOW COLUMNS FROM `arm2_shop` [ RunTime:0.0003s ]
SQL: SELECT * FROM `arm2_shop` WHERE `deleted` IS NULL AND `status` = 'published' ORDER BY rand() LIMIT 1   [ RunTime:0.0007s ]
SQL: SHOW COLUMNS FROM `arm2_posts` [ RunTime:0.0003s ]
SQL: SELECT * FROM `arm2_posts` WHERE `deleted` IS NULL AND `status` = 'published' ORDER BY rand() LIMIT 1   [ RunTime:0.0005s ]
SQL: SHOW COLUMNS FROM `arm2_active` [ RunTime:0.0003s ]
SQL: SELECT * FROM `arm2_active` WHERE `id` = 4 LIMIT 1   [ RunTime:0.0001s ]
SQL: SHOW COLUMNS FROM `arm2_files` [ RunTime:0.0003s ]
SQL: SELECT `save_path`,`extension` FROM `arm2_files` WHERE ( id=310 ) LIMIT 1   [ RunTime:0.0001s ]
SQL: SELECT `save_path`,`extension` FROM `arm2_files` WHERE ( id=311 ) LIMIT 1   [ RunTime:0.0000s ]
SQL: SELECT `save_path`,`extension` FROM `arm2_files` WHERE ( id=312 ) LIMIT 1   [ RunTime:0.0000s ]
SQL: SELECT `save_path`,`extension` FROM `arm2_files` WHERE ( id=313 ) LIMIT 1   [ RunTime:0.0000s ]
SQL: SELECT `id`,`title` FROM `arm2_active` WHERE `deleted` IS NULL AND `status` = 'published' AND `id` > '4' ORDER BY id LIMIT 1   [ RunTime:0.0001s ]
SQL: SELECT `id`,`title` FROM `arm2_active` WHERE `deleted` IS NULL AND `status` = 'published' AND `id` < '4' ORDER BY id desc LIMIT 1   [ RunTime:0.0000s ]
NOTIC: [8] Undefined offset: 0 /pub/www/wwwroot/www.macauonline.net/xiahuan/2020/App/Home/Controller/ActiveController.class.php 第 100 行.
SQL: SELECT * FROM `arm2_active` WHERE `deleted` IS NULL AND `status` = 'published' ORDER BY rand() LIMIT 4   [ RunTime:0.0004s ]
INFO: [ view_parse ] --START--
INFO: [ template_filter ] --START--
INFO: Run Behavior\ContentReplaceBehavior [ RunTime:0.000166s ]
INFO: [ template_filter ] --END-- [ RunTime:0.000188s ]
NOTIC: [2] Use of undefined constant Active - assumed 'Active' (this will throw an Error in a future version of PHP) /pub/www/wwwroot/www.macauonline.net/xiahuan/2020/App/Runtime/Cache/Home/3345771ac763eb2d6c6fbc161f379a22.php 第 262 行.
NOTIC: [2] Use of undefined constant detail - assumed 'detail' (this will throw an Error in a future version of PHP) /pub/www/wwwroot/www.macauonline.net/xiahuan/2020/App/Runtime/Cache/Home/3345771ac763eb2d6c6fbc161f379a22.php 第 262 行.
NOTIC: [2] A non-numeric value encountered /pub/www/wwwroot/www.macauonline.net/xiahuan/2020/App/Runtime/Cache/Home/3345771ac763eb2d6c6fbc161f379a22.php 第 262 行.
NOTIC: [2] A non-numeric value encountered /pub/www/wwwroot/www.macauonline.net/xiahuan/2020/App/Runtime/Cache/Home/3345771ac763eb2d6c6fbc161f379a22.php 第 262 行.
NOTIC: [2] Division by zero /pub/www/wwwroot/www.macauonline.net/xiahuan/2020/App/Runtime/Cache/Home/3345771ac763eb2d6c6fbc161f379a22.php 第 262 行.
NOTIC: [8] Trying to access array offset on value of type null /pub/www/wwwroot/www.macauonline.net/xiahuan/2020/App/Runtime/Cache/Home/3345771ac763eb2d6c6fbc161f379a22.php 第 267 行.
NOTIC: [2] Use of undefined constant Active - assumed 'Active' (this will throw an Error in a future version of PHP) /pub/www/wwwroot/www.macauonline.net/xiahuan/2020/App/Runtime/Cache/Home/3345771ac763eb2d6c6fbc161f379a22.php 第 285 行.
NOTIC: [2] Use of undefined constant detail - assumed 'detail' (this will throw an Error in a future version of PHP) /pub/www/wwwroot/www.macauonline.net/xiahuan/2020/App/Runtime/Cache/Home/3345771ac763eb2d6c6fbc161f379a22.php 第 285 行.
NOTIC: [2] A non-numeric value encountered /pub/www/wwwroot/www.macauonline.net/xiahuan/2020/App/Runtime/Cache/Home/3345771ac763eb2d6c6fbc161f379a22.php 第 285 行.
NOTIC: [2] A non-numeric value encountered /pub/www/wwwroot/www.macauonline.net/xiahuan/2020/App/Runtime/Cache/Home/3345771ac763eb2d6c6fbc161f379a22.php 第 285 行.
NOTIC: [2] Division by zero /pub/www/wwwroot/www.macauonline.net/xiahuan/2020/App/Runtime/Cache/Home/3345771ac763eb2d6c6fbc161f379a22.php 第 285 行.
NOTIC: [2] Use of undefined constant Active - assumed 'Active' (this will throw an Error in a future version of PHP) /pub/www/wwwroot/www.macauonline.net/xiahuan/2020/App/Runtime/Cache/Home/3345771ac763eb2d6c6fbc161f379a22.php 第 285 行.
NOTIC: [2] Use of undefined constant detail - assumed 'detail' (this will throw an Error in a future version of PHP) /pub/www/wwwroot/www.macauonline.net/xiahuan/2020/App/Runtime/Cache/Home/3345771ac763eb2d6c6fbc161f379a22.php 第 285 行.
NOTIC: [2] A non-numeric value encountered /pub/www/wwwroot/www.macauonline.net/xiahuan/2020/App/Runtime/Cache/Home/3345771ac763eb2d6c6fbc161f379a22.php 第 285 行.
NOTIC: [2] A non-numeric value encountered /pub/www/wwwroot/www.macauonline.net/xiahuan/2020/App/Runtime/Cache/Home/3345771ac763eb2d6c6fbc161f379a22.php 第 285 行.
NOTIC: [2] Division by zero /pub/www/wwwroot/www.macauonline.net/xiahuan/2020/App/Runtime/Cache/Home/3345771ac763eb2d6c6fbc161f379a22.php 第 285 行.
NOTIC: [2] Use of undefined constant Active - assumed 'Active' (this will throw an Error in a future version of PHP) /pub/www/wwwroot/www.macauonline.net/xiahuan/2020/App/Runtime/Cache/Home/3345771ac763eb2d6c6fbc161f379a22.php 第 285 行.
NOTIC: [2] Use of undefined constant detail - assumed 'detail' (this will throw an Error in a future version of PHP) /pub/www/wwwroot/www.macauonline.net/xiahuan/2020/App/Runtime/Cache/Home/3345771ac763eb2d6c6fbc161f379a22.php 第 285 行.
NOTIC: [2] A non-numeric value encountered /pub/www/wwwroot/www.macauonline.net/xiahuan/2020/App/Runtime/Cache/Home/3345771ac763eb2d6c6fbc161f379a22.php 第 285 行.
NOTIC: [2] A non-numeric value encountered /pub/www/wwwroot/www.macauonline.net/xiahuan/2020/App/Runtime/Cache/Home/3345771ac763eb2d6c6fbc161f379a22.php 第 285 行.
NOTIC: [2] Division by zero /pub/www/wwwroot/www.macauonline.net/xiahuan/2020/App/Runtime/Cache/Home/3345771ac763eb2d6c6fbc161f379a22.php 第 285 行.
NOTIC: [2] Use of undefined constant Active - assumed 'Active' (this will throw an Error in a future version of PHP) /pub/www/wwwroot/www.macauonline.net/xiahuan/2020/App/Runtime/Cache/Home/3345771ac763eb2d6c6fbc161f379a22.php 第 285 行.
NOTIC: [2] Use of undefined constant detail - assumed 'detail' (this will throw an Error in a future version of PHP) /pub/www/wwwroot/www.macauonline.net/xiahuan/2020/App/Runtime/Cache/Home/3345771ac763eb2d6c6fbc161f379a22.php 第 285 行.
NOTIC: [2] A non-numeric value encountered /pub/www/wwwroot/www.macauonline.net/xiahuan/2020/App/Runtime/Cache/Home/3345771ac763eb2d6c6fbc161f379a22.php 第 285 行.
NOTIC: [2] A non-numeric value encountered /pub/www/wwwroot/www.macauonline.net/xiahuan/2020/App/Runtime/Cache/Home/3345771ac763eb2d6c6fbc161f379a22.php 第 285 行.
NOTIC: [2] Division by zero /pub/www/wwwroot/www.macauonline.net/xiahuan/2020/App/Runtime/Cache/Home/3345771ac763eb2d6c6fbc161f379a22.php 第 285 行.
INFO: Run Behavior\ParseTemplateBehavior [ RunTime:0.006679s ]
INFO: [ view_parse ] --END-- [ RunTime:0.006698s ]
INFO: [ view_filter ] --START--
INFO: Run Behavior\WriteHtmlCacheBehavior [ RunTime:0.000182s ]
INFO: Run Behavior\TokenBuildBehavior [ RunTime:0.000420s ]
INFO: [ view_filter ] --END-- [ RunTime:0.000629s ]
INFO: [ app_end ] --START--
INFO: Run Behavior\ShowPageTraceBehavior [ RunTime:0.000460s ]
INFO: [ app_end ] --END-- [ RunTime:0.000477s ]

[ 2022-07-19T17:25:58+08:00 ] 219.131.241.50 /xiahuan/2020/
INFO: [ app_init ] --START--
INFO: Run Behavior\BuildLiteBehavior [ RunTime:0.000008s ]
INFO: [ app_init ] --END-- [ RunTime:0.000034s ]
INFO: [ app_begin ] --START--
INFO: Run Behavior\ReadHtmlCacheBehavior [ RunTime:0.000434s ]
INFO: Run Behavior\CheckLangBehavior [ RunTime:0.000677s ]
INFO: [ app_begin ] --END-- [ RunTime:0.001145s ]
SQL: SHOW COLUMNS FROM `arm2_active` [ RunTime:0.0005s ]
SQL: SELECT * FROM `arm2_active` WHERE `deleted` IS NULL AND `status` = 'published' ORDER BY created desc LIMIT 3   [ RunTime:0.0001s ]
SQL: SHOW COLUMNS FROM `arm2_street_history` [ RunTime:0.0003s ]
SQL: SELECT * FROM `arm2_street_history` WHERE `deleted` IS NULL AND `status` = 'published' ORDER BY rand() LIMIT 1   [ RunTime:0.0003s ]
SQL: SHOW COLUMNS FROM `arm2_shop` [ RunTime:0.0003s ]
SQL: SELECT * FROM `arm2_shop` WHERE `deleted` IS NULL AND `status` = 'published' ORDER BY rand() LIMIT 1   [ RunTime:0.0007s ]
SQL: SHOW COLUMNS FROM `arm2_posts` [ RunTime:0.0003s ]
SQL: SELECT * FROM `arm2_posts` WHERE `deleted` IS NULL AND `status` = 'published' ORDER BY rand() LIMIT 1   [ RunTime:0.0004s ]
SQL: SHOW COLUMNS FROM `arm2_active` [ RunTime:0.0003s ]
SQL: SHOW COLUMNS FROM `arm2_slide` [ RunTime:0.0002s ]
SQL: SHOW COLUMNS FROM `arm2_introduce` [ RunTime:0.0003s ]
SQL: SHOW COLUMNS FROM `arm2_community_image` [ RunTime:0.0002s ]
SQL: SHOW COLUMNS FROM `arm2_street_history` [ RunTime:0.0003s ]
SQL: SHOW COLUMNS FROM `arm2_shop` [ RunTime:0.0003s ]
SQL: SHOW COLUMNS FROM `arm2_posts` [ RunTime:0.0003s ]
SQL: SHOW COLUMNS FROM `arm2_news` [ RunTime:0.0002s ]
SQL: SELECT * FROM `arm2_slide` WHERE `deleted` IS NULL AND `status` = 'published' ORDER BY re_time desc LIMIT 4   [ RunTime:0.0001s ]
SQL: SELECT * FROM `arm2_active` WHERE `deleted` IS NULL AND `status` = 'published' ORDER BY created desc  [ RunTime:0.0001s ]
SQL: SELECT * FROM `arm2_community_image` WHERE `deleted` IS NULL AND `status` = 'published' ORDER BY created desc LIMIT 10   [ RunTime:0.0000s ]
SQL: SELECT * FROM `arm2_street_history` WHERE `deleted` IS NULL AND `status` = 'published' ORDER BY sort desc,created desc  [ RunTime:0.0001s ]
SQL: SELECT * FROM `arm2_shop` WHERE `deleted` IS NULL AND `status` = 'published' ORDER BY created desc  [ RunTime:0.0002s ]
SQL: SELECT * FROM `arm2_posts` WHERE `deleted` IS NULL AND `status` = 'published' ORDER BY created desc  [ RunTime:0.0001s ]
SQL: SELECT * FROM `arm2_news` WHERE `deleted` IS NULL AND `status` = 'published' ORDER BY created desc  [ RunTime:0.0001s ]
INFO: [ view_parse ] --START--
INFO: [ template_filter ] --START--
INFO: Run Behavior\ContentReplaceBehavior [ RunTime:0.000185s ]
INFO: [ template_filter ] --END-- [ RunTime:0.000210s ]
INFO: Run Behavior\ParseTemplateBehavior [ RunTime:0.011071s ]
INFO: [ view_parse ] --END-- [ RunTime:0.011095s ]
INFO: [ view_filter ] --START--
INFO: Run Behavior\WriteHtmlCacheBehavior [ RunTime:0.000197s ]
INFO: Run Behavior\TokenBuildBehavior [ RunTime:0.000686s ]
INFO: [ view_filter ] --END-- [ RunTime:0.000908s ]
INFO: [ app_end ] --START--
INFO: Run Behavior\ShowPageTraceBehavior [ RunTime:0.000470s ]
INFO: [ app_end ] --END-- [ RunTime:0.000489s ]

[ 2022-07-19T17:26:04+08:00 ] 219.131.241.50 /xiahuan/2020/
INFO: [ app_init ] --START--
INFO: Run Behavior\BuildLiteBehavior [ RunTime:0.000009s ]
INFO: [ app_init ] --END-- [ RunTime:0.000036s ]
INFO: [ app_begin ] --START--
INFO: Run Behavior\ReadHtmlCacheBehavior [ RunTime:0.000426s ]
INFO: Run Behavior\CheckLangBehavior [ RunTime:0.000646s ]
INFO: [ app_begin ] --END-- [ RunTime:0.001108s ]
SQL: SHOW COLUMNS FROM `arm2_active` [ RunTime:0.0006s ]
SQL: SELECT * FROM `arm2_active` WHERE `deleted` IS NULL AND `status` = 'published' ORDER BY created desc LIMIT 3   [ RunTime:0.0001s ]
SQL: SHOW COLUMNS FROM `arm2_street_history` [ RunTime:0.0005s ]
SQL: SELECT * FROM `arm2_street_history` WHERE `deleted` IS NULL AND `status` = 'published' ORDER BY rand() LIMIT 1   [ RunTime:0.0005s ]
SQL: SHOW COLUMNS FROM `arm2_shop` [ RunTime:0.0005s ]
SQL: SELECT * FROM `arm2_shop` WHERE `deleted` IS NULL AND `status` = 'published' ORDER BY rand() LIMIT 1   [ RunTime:0.0010s ]
SQL: SHOW COLUMNS FROM `arm2_posts` [ RunTime:0.0005s ]
SQL: SELECT * FROM `arm2_posts` WHERE `deleted` IS NULL AND `status` = 'published' ORDER BY rand() LIMIT 1   [ RunTime:0.0006s ]
SQL: SHOW COLUMNS FROM `arm2_active` [ RunTime:0.0004s ]
SQL: SHOW COLUMNS FROM `arm2_slide` [ RunTime:0.0004s ]
SQL: SHOW COLUMNS FROM `arm2_introduce` [ RunTime:0.0004s ]
SQL: SHOW COLUMNS FROM `arm2_community_image` [ RunTime:0.0003s ]
SQL: SHOW COLUMNS FROM `arm2_street_history` [ RunTime:0.0004s ]
SQL: SHOW COLUMNS FROM `arm2_shop` [ RunTime:0.0005s ]
SQL: SHOW COLUMNS FROM `arm2_posts` [ RunTime:0.0004s ]
SQL: SHOW COLUMNS FROM `arm2_news` [ RunTime:0.0004s ]
SQL: SELECT * FROM `arm2_slide` WHERE `deleted` IS NULL AND `status` = 'published' ORDER BY re_time desc LIMIT 4   [ RunTime:0.0001s ]
SQL: SELECT * FROM `arm2_active` WHERE `deleted` IS NULL AND `status` = 'published' ORDER BY created desc  [ RunTime:0.0001s ]
SQL: SELECT * FROM `arm2_community_image` WHERE `deleted` IS NULL AND `status` = 'published' ORDER BY created desc LIMIT 10   [ RunTime:0.0001s ]
SQL: SELECT * FROM `arm2_street_history` WHERE `deleted` IS NULL AND `status` = 'published' ORDER BY sort desc,created desc  [ RunTime:0.0001s ]
SQL: SELECT * FROM `arm2_shop` WHERE `deleted` IS NULL AND `status` = 'published' ORDER BY created desc  [ RunTime:0.0002s ]
SQL: SELECT * FROM `arm2_posts` WHERE `deleted` IS NULL AND `status` = 'published' ORDER BY created desc  [ RunTime:0.0001s ]
SQL: SELECT * FROM `arm2_news` WHERE `deleted` IS NULL AND `status` = 'published' ORDER BY created desc  [ RunTime:0.0001s ]
INFO: [ view_parse ] --START--
INFO: [ template_filter ] --START--
INFO: Run Behavior\ContentReplaceBehavior [ RunTime:0.000184s ]
INFO: [ template_filter ] --END-- [ RunTime:0.000205s ]
INFO: Run Behavior\ParseTemplateBehavior [ RunTime:0.011102s ]
INFO: [ view_parse ] --END-- [ RunTime:0.011124s ]
INFO: [ view_filter ] --START--
INFO: Run Behavior\WriteHtmlCacheBehavior [ RunTime:0.000191s ]
INFO: Run Behavior\TokenBuildBehavior [ RunTime:0.000681s ]
INFO: [ view_filter ] --END-- [ RunTime:0.000897s ]
INFO: [ app_end ] --START--
INFO: Run Behavior\ShowPageTraceBehavior [ RunTime:0.000605s ]
INFO: [ app_end ] --END-- [ RunTime:0.000628s ]

[ 2022-07-19T17:53:42+08:00 ] 219.131.241.50 /xiahuan/2020/
INFO: [ app_init ] --START--
INFO: Run Behavior\BuildLiteBehavior [ RunTime:0.000007s ]
INFO: [ app_init ] --END-- [ RunTime:0.000033s ]
INFO: [ app_begin ] --START--
INFO: Run Behavior\ReadHtmlCacheBehavior [ RunTime:0.000414s ]
INFO: Run Behavior\CheckLangBehavior [ RunTime:0.000643s ]
INFO: [ app_begin ] --END-- [ RunTime:0.001089s ]
SQL: SHOW COLUMNS FROM `arm2_active` [ RunTime:0.0006s ]
SQL: SELECT * FROM `arm2_active` WHERE `deleted` IS NULL AND `status` = 'published' ORDER BY created desc LIMIT 3   [ RunTime:0.0001s ]
SQL: SHOW COLUMNS FROM `arm2_street_history` [ RunTime:0.0004s ]
SQL: SELECT * FROM `arm2_street_history` WHERE `deleted` IS NULL AND `status` = 'published' ORDER BY rand() LIMIT 1   [ RunTime:0.0004s ]
SQL: SHOW COLUMNS FROM `arm2_shop` [ RunTime:0.0004s ]
SQL: SELECT * FROM `arm2_shop` WHERE `deleted` IS NULL AND `status` = 'published' ORDER BY rand() LIMIT 1   [ RunTime:0.0007s ]
SQL: SHOW COLUMNS FROM `arm2_posts` [ RunTime:0.0004s ]
SQL: SELECT * FROM `arm2_posts` WHERE `deleted` IS NULL AND `status` = 'published' ORDER BY rand() LIMIT 1   [ RunTime:0.0005s ]
SQL: SHOW COLUMNS FROM `arm2_active` [ RunTime:0.0003s ]
SQL: SHOW COLUMNS FROM `arm2_slide` [ RunTime:0.0003s ]
SQL: SHOW COLUMNS FROM `arm2_introduce` [ RunTime:0.0003s ]
SQL: SHOW COLUMNS FROM `arm2_community_image` [ RunTime:0.0003s ]
SQL: SHOW COLUMNS FROM `arm2_street_history` [ RunTime:0.0003s ]
SQL: SHOW COLUMNS FROM `arm2_shop` [ RunTime:0.0003s ]
SQL: SHOW COLUMNS FROM `arm2_posts` [ RunTime:0.0003s ]
SQL: SHOW COLUMNS FROM `arm2_news` [ RunTime:0.0004s ]
SQL: SELECT * FROM `arm2_slide` WHERE `deleted` IS NULL AND `status` = 'published' ORDER BY re_time desc LIMIT 4   [ RunTime:0.0001s ]
SQL: SELECT * FROM `arm2_active` WHERE `deleted` IS NULL AND `status` = 'published' ORDER BY created desc  [ RunTime:0.0001s ]
SQL: SELECT * FROM `arm2_community_image` WHERE `deleted` IS NULL AND `status` = 'published' ORDER BY created desc LIMIT 10   [ RunTime:0.0000s ]
SQL: SELECT * FROM `arm2_street_history` WHERE `deleted` IS NULL AND `status` = 'published' ORDER BY sort desc,created desc  [ RunTime:0.0001s ]
SQL: SELECT * FROM `arm2_shop` WHERE `deleted` IS NULL AND `status` = 'published' ORDER BY created desc  [ RunTime:0.0002s ]
SQL: SELECT * FROM `arm2_posts` WHERE `deleted` IS NULL AND `status` = 'published' ORDER BY created desc  [ RunTime:0.0001s ]
SQL: SELECT * FROM `arm2_news` WHERE `deleted` IS NULL AND `status` = 'published' ORDER BY created desc  [ RunTime:0.0001s ]
INFO: [ view_parse ] --START--
INFO: [ template_filter ] --START--
INFO: Run Behavior\ContentReplaceBehavior [ RunTime:0.000184s ]
INFO: [ template_filter ] --END-- [ RunTime:0.000209s ]
INFO: Run Behavior\ParseTemplateBehavior [ RunTime:0.011259s ]
INFO: [ view_parse ] --END-- [ RunTime:0.011281s ]
INFO: [ view_filter ] --START--
INFO: Run Behavior\WriteHtmlCacheBehavior [ RunTime:0.000190s ]
INFO: Run Behavior\TokenBuildBehavior [ RunTime:0.000680s ]
INFO: [ view_filter ] --END-- [ RunTime:0.000894s ]
INFO: [ app_end ] --START--
INFO: Run Behavior\ShowPageTraceBehavior [ RunTime:0.000582s ]
INFO: [ app_end ] --END-- [ RunTime:0.000605s ]

[ 2022-07-19T17:54:05+08:00 ] 219.131.241.50 /xiahuan/2020/
INFO: [ app_init ] --START--
INFO: Run Behavior\BuildLiteBehavior [ RunTime:0.000011s ]
INFO: [ app_init ] --END-- [ RunTime:0.000044s ]
INFO: [ app_begin ] --START--
INFO: Run Behavior\ReadHtmlCacheBehavior [ RunTime:0.000569s ]
INFO: Run Behavior\CheckLangBehavior [ RunTime:0.000924s ]
INFO: [ app_begin ] --END-- [ RunTime:0.001537s ]
SQL: SHOW COLUMNS FROM `arm2_active` [ RunTime:0.0006s ]
SQL: SELECT * FROM `arm2_active` WHERE `deleted` IS NULL AND `status` = 'published' ORDER BY created desc LIMIT 3   [ RunTime:0.0001s ]
SQL: SHOW COLUMNS FROM `arm2_street_history` [ RunTime:0.0005s ]
SQL: SELECT * FROM `arm2_street_history` WHERE `deleted` IS NULL AND `status` = 'published' ORDER BY rand() LIMIT 1   [ RunTime:0.0005s ]
SQL: SHOW COLUMNS FROM `arm2_shop` [ RunTime:0.0005s ]
SQL: SELECT * FROM `arm2_shop` WHERE `deleted` IS NULL AND `status` = 'published' ORDER BY rand() LIMIT 1   [ RunTime:0.0009s ]
SQL: SHOW COLUMNS FROM `arm2_posts` [ RunTime:0.0004s ]
SQL: SELECT * FROM `arm2_posts` WHERE `deleted` IS NULL AND `status` = 'published' ORDER BY rand() LIMIT 1   [ RunTime:0.0005s ]
SQL: SHOW COLUMNS FROM `arm2_active` [ RunTime:0.0004s ]
SQL: SHOW COLUMNS FROM `arm2_slide` [ RunTime:0.0003s ]
SQL: SHOW COLUMNS FROM `arm2_introduce` [ RunTime:0.0004s ]
SQL: SHOW COLUMNS FROM `arm2_community_image` [ RunTime:0.0003s ]
SQL: SHOW COLUMNS FROM `arm2_street_history` [ RunTime:0.0003s ]
SQL: SHOW COLUMNS FROM `arm2_shop` [ RunTime:0.0003s ]
SQL: SHOW COLUMNS FROM `arm2_posts` [ RunTime:0.0003s ]
SQL: SHOW COLUMNS FROM `arm2_news` [ RunTime:0.0004s ]
SQL: SELECT * FROM `arm2_slide` WHERE `deleted` IS NULL AND `status` = 'published' ORDER BY re_time desc LIMIT 4   [ RunTime:0.0001s ]
SQL: SELECT * FROM `arm2_active` WHERE `deleted` IS NULL AND `status` = 'published' ORDER BY created desc  [ RunTime:0.0001s ]
SQL: SELECT * FROM `arm2_community_image` WHERE `deleted` IS NULL AND `status` = 'published' ORDER BY created desc LIMIT 10   [ RunTime:0.0001s ]
SQL: SELECT * FROM `arm2_street_history` WHERE `deleted` IS NULL AND `status` = 'published' ORDER BY sort desc,created desc  [ RunTime:0.0001s ]
SQL: SELECT * FROM `arm2_shop` WHERE `deleted` IS NULL AND `status` = 'published' ORDER BY created desc  [ RunTime:0.0003s ]
SQL: SELECT * FROM `arm2_posts` WHERE `deleted` IS NULL AND `status` = 'published' ORDER BY created desc  [ RunTime:0.0001s ]
SQL: SELECT * FROM `arm2_news` WHERE `deleted` IS NULL AND `status` = 'published' ORDER BY created desc  [ RunTime:0.0001s ]
INFO: [ view_parse ] --START--
INFO: [ template_filter ] --START--
INFO: Run Behavior\ContentReplaceBehavior [ RunTime:0.000210s ]
INFO: [ template_filter ] --END-- [ RunTime:0.000241s ]
INFO: Run Behavior\ParseTemplateBehavior [ RunTime:0.016073s ]
INFO: [ view_parse ] --END-- [ RunTime:0.016107s ]
INFO: [ view_filter ] --START--
INFO: Run Behavior\WriteHtmlCacheBehavior [ RunTime:0.000268s ]
INFO: Run Behavior\TokenBuildBehavior [ RunTime:0.000961s ]
INFO: [ view_filter ] --END-- [ RunTime:0.001271s ]
INFO: [ app_end ] --START--
INFO: Run Behavior\ShowPageTraceBehavior [ RunTime:0.000630s ]
INFO: [ app_end ] --END-- [ RunTime:0.000659s ]

[ 2022-07-19T17:54:22+08:00 ] 219.131.241.50 /xiahuan/2020/index.php/News/index.html
INFO: [ app_init ] --START--
INFO: Run Behavior\BuildLiteBehavior [ RunTime:0.000007s ]
INFO: [ app_init ] --END-- [ RunTime:0.000030s ]
INFO: [ app_begin ] --START--
INFO: Run Behavior\ReadHtmlCacheBehavior [ RunTime:0.000458s ]
INFO: Run Behavior\CheckLangBehavior [ RunTime:0.000684s ]
INFO: [ app_begin ] --END-- [ RunTime:0.001180s ]
SQL: SHOW COLUMNS FROM `arm2_active` [ RunTime:0.0005s ]
SQL: SELECT * FROM `arm2_active` WHERE `deleted` IS NULL AND `status` = 'published' ORDER BY created desc LIMIT 3   [ RunTime:0.0001s ]
SQL: SHOW COLUMNS FROM `arm2_street_history` [ RunTime:0.0004s ]
SQL: SELECT * FROM `arm2_street_history` WHERE `deleted` IS NULL AND `status` = 'published' ORDER BY rand() LIMIT 1   [ RunTime:0.0004s ]
SQL: SHOW COLUMNS FROM `arm2_shop` [ RunTime:0.0004s ]
SQL: SELECT * FROM `arm2_shop` WHERE `deleted` IS NULL AND `status` = 'published' ORDER BY rand() LIMIT 1   [ RunTime:0.0007s ]
SQL: SHOW COLUMNS FROM `arm2_posts` [ RunTime:0.0004s ]
SQL: SELECT * FROM `arm2_posts` WHERE `deleted` IS NULL AND `status` = 'published' ORDER BY rand() LIMIT 1   [ RunTime:0.0005s ]
SQL: SHOW COLUMNS FROM `arm2_news` [ RunTime:0.0003s ]
SQL: SELECT COUNT(*) AS tp_count FROM `arm2_news` WHERE `deleted` IS NULL AND `status` = 'published' LIMIT 1   [ RunTime:0.0002s ]
SQL: SELECT * FROM `arm2_news` WHERE `deleted` IS NULL AND `status` = 'published' ORDER BY grade desc,created desc LIMIT 0,12   [ RunTime:0.0003s ]
INFO: [ view_parse ] --START--
INFO: [ template_filter ] --START--
INFO: Run Behavior\ContentReplaceBehavior [ RunTime:0.000155s ]
INFO: [ template_filter ] --END-- [ RunTime:0.000196s ]
NOTIC: [8] Undefined variable: street_list /pub/www/wwwroot/www.macauonline.net/xiahuan/2020/App/Runtime/Cache/Home/e050d5619624146a648edb153a9a4fd8.php 第 226 行.
NOTIC: [8] Undefined index: street_id /pub/www/wwwroot/www.macauonline.net/xiahuan/2020/App/Runtime/Cache/Home/e050d5619624146a648edb153a9a4fd8.php 第 231 行.
NOTIC: [8] Undefined index: street_id /pub/www/wwwroot/www.macauonline.net/xiahuan/2020/App/Runtime/Cache/Home/e050d5619624146a648edb153a9a4fd8.php 第 231 行.
NOTIC: [8] Undefined index: street_id /pub/www/wwwroot/www.macauonline.net/xiahuan/2020/App/Runtime/Cache/Home/e050d5619624146a648edb153a9a4fd8.php 第 231 行.
NOTIC: [8] Undefined index: street_id /pub/www/wwwroot/www.macauonline.net/xiahuan/2020/App/Runtime/Cache/Home/e050d5619624146a648edb153a9a4fd8.php 第 231 行.
NOTIC: [8] Undefined index: street_id /pub/www/wwwroot/www.macauonline.net/xiahuan/2020/App/Runtime/Cache/Home/e050d5619624146a648edb153a9a4fd8.php 第 231 行.
INFO: Run Behavior\ParseTemplateBehavior [ RunTime:0.006706s ]
INFO: [ view_parse ] --END-- [ RunTime:0.006728s ]
INFO: [ view_filter ] --START--
INFO: Run Behavior\WriteHtmlCacheBehavior [ RunTime:0.000182s ]
INFO: Run Behavior\TokenBuildBehavior [ RunTime:0.000383s ]
INFO: [ view_filter ] --END-- [ RunTime:0.000590s ]
INFO: [ app_end ] --START--
INFO: Run Behavior\ShowPageTraceBehavior [ RunTime:0.000474s ]
INFO: [ app_end ] --END-- [ RunTime:0.000496s ]

[ 2022-07-19T17:54:36+08:00 ] 219.131.241.50 /xiahuan/2020/index.php/News/detail/id/3.html
INFO: [ app_init ] --START--
INFO: Run Behavior\BuildLiteBehavior [ RunTime:0.000010s ]
INFO: [ app_init ] --END-- [ RunTime:0.000048s ]
INFO: [ app_begin ] --START--
INFO: Run Behavior\ReadHtmlCacheBehavior [ RunTime:0.000602s ]
INFO: Run Behavior\CheckLangBehavior [ RunTime:0.001009s ]
INFO: [ app_begin ] --END-- [ RunTime:0.001664s ]
SQL: SHOW COLUMNS FROM `arm2_active` [ RunTime:0.0007s ]
SQL: SELECT * FROM `arm2_active` WHERE `deleted` IS NULL AND `status` = 'published' ORDER BY created desc LIMIT 3   [ RunTime:0.0001s ]
SQL: SHOW COLUMNS FROM `arm2_street_history` [ RunTime:0.0005s ]
SQL: SELECT * FROM `arm2_street_history` WHERE `deleted` IS NULL AND `status` = 'published' ORDER BY rand() LIMIT 1   [ RunTime:0.0005s ]
SQL: SHOW COLUMNS FROM `arm2_shop` [ RunTime:0.0005s ]
SQL: SELECT * FROM `arm2_shop` WHERE `deleted` IS NULL AND `status` = 'published' ORDER BY rand() LIMIT 1   [ RunTime:0.0010s ]
SQL: SHOW COLUMNS FROM `arm2_posts` [ RunTime:0.0006s ]
SQL: SELECT * FROM `arm2_posts` WHERE `deleted` IS NULL AND `status` = 'published' ORDER BY rand() LIMIT 1   [ RunTime:0.0007s ]
SQL: SHOW COLUMNS FROM `arm2_news` [ RunTime:0.0005s ]
SQL: SELECT * FROM `arm2_news` WHERE `id` = 3 LIMIT 1   [ RunTime:0.0003s ]
SQL: SELECT `id`,`title` FROM `arm2_news` WHERE `deleted` IS NULL AND `status` = 'published' AND `id` > '3' ORDER BY id LIMIT 1   [ RunTime:0.0003s ]
SQL: SELECT `id`,`title` FROM `arm2_news` WHERE `deleted` IS NULL AND `status` = 'published' AND `id` < '3' ORDER BY id desc LIMIT 1   [ RunTime:0.0002s ]
NOTIC: [8] Undefined variable: images /pub/www/wwwroot/www.macauonline.net/xiahuan/2020/App/Home/Controller/NewsController.class.php 第 96 行.
INFO: [ view_parse ] --START--
INFO: [ template_filter ] --START--
INFO: Run Behavior\ContentReplaceBehavior [ RunTime:0.000223s ]
INFO: [ template_filter ] --END-- [ RunTime:0.000255s ]
NOTIC: [2] Use of undefined constant News - assumed 'News' (this will throw an Error in a future version of PHP) /pub/www/wwwroot/www.macauonline.net/xiahuan/2020/App/Runtime/Cache/Home/38f892f41c881145e695b1d1ec86bee9.php 第 247 行.
NOTIC: [2] Use of undefined constant detail - assumed 'detail' (this will throw an Error in a future version of PHP) /pub/www/wwwroot/www.macauonline.net/xiahuan/2020/App/Runtime/Cache/Home/38f892f41c881145e695b1d1ec86bee9.php 第 247 行.
NOTIC: [2] A non-numeric value encountered /pub/www/wwwroot/www.macauonline.net/xiahuan/2020/App/Runtime/Cache/Home/38f892f41c881145e695b1d1ec86bee9.php 第 247 行.
NOTIC: [2] A non-numeric value encountered /pub/www/wwwroot/www.macauonline.net/xiahuan/2020/App/Runtime/Cache/Home/38f892f41c881145e695b1d1ec86bee9.php 第 247 行.
NOTIC: [2] Division by zero /pub/www/wwwroot/www.macauonline.net/xiahuan/2020/App/Runtime/Cache/Home/38f892f41c881145e695b1d1ec86bee9.php 第 247 行.
NOTIC: [2] Use of undefined constant News - assumed 'News' (this will throw an Error in a future version of PHP) /pub/www/wwwroot/www.macauonline.net/xiahuan/2020/App/Runtime/Cache/Home/38f892f41c881145e695b1d1ec86bee9.php 第 252 行.
NOTIC: [2] Use of undefined constant detail - assumed 'detail' (this will throw an Error in a future version of PHP) /pub/www/wwwroot/www.macauonline.net/xiahuan/2020/App/Runtime/Cache/Home/38f892f41c881145e695b1d1ec86bee9.php 第 252 行.
NOTIC: [2] A non-numeric value encountered /pub/www/wwwroot/www.macauonline.net/xiahuan/2020/App/Runtime/Cache/Home/38f892f41c881145e695b1d1ec86bee9.php 第 252 行.
NOTIC: [2] A non-numeric value encountered /pub/www/wwwroot/www.macauonline.net/xiahuan/2020/App/Runtime/Cache/Home/38f892f41c881145e695b1d1ec86bee9.php 第 252 行.
NOTIC: [2] Division by zero /pub/www/wwwroot/www.macauonline.net/xiahuan/2020/App/Runtime/Cache/Home/38f892f41c881145e695b1d1ec86bee9.php 第 252 行.
INFO: Run Behavior\ParseTemplateBehavior [ RunTime:0.012084s ]
INFO: [ view_parse ] --END-- [ RunTime:0.012111s ]
INFO: [ view_filter ] --START--
INFO: Run Behavior\WriteHtmlCacheBehavior [ RunTime:0.000268s ]
INFO: Run Behavior\TokenBuildBehavior [ RunTime:0.000658s ]
INFO: [ view_filter ] --END-- [ RunTime:0.000964s ]
INFO: [ app_end ] --START--
INFO: Run Behavior\ShowPageTraceBehavior [ RunTime:0.000676s ]
INFO: [ app_end ] --END-- [ RunTime:0.000706s ]

[ 2022-07-19T17:55:08+08:00 ] 219.131.241.50 /xiahuan/2020/index.php/StreetHistory/index.html
INFO: [ app_init ] --START--
INFO: Run Behavior\BuildLiteBehavior [ RunTime:0.000012s ]
INFO: [ app_init ] --END-- [ RunTime:0.000045s ]
INFO: [ app_begin ] --START--
INFO: Run Behavior\ReadHtmlCacheBehavior [ RunTime:0.000569s ]
INFO: Run Behavior\CheckLangBehavior [ RunTime:0.000992s ]
INFO: [ app_begin ] --END-- [ RunTime:0.001630s ]
SQL: SHOW COLUMNS FROM `arm2_active` [ RunTime:0.0137s ]
SQL: SELECT * FROM `arm2_active` WHERE `deleted` IS NULL AND `status` = 'published' ORDER BY created desc LIMIT 3   [ RunTime:0.0001s ]
SQL: SHOW COLUMNS FROM `arm2_street_history` [ RunTime:0.0005s ]
SQL: SELECT * FROM `arm2_street_history` WHERE `deleted` IS NULL AND `status` = 'published' ORDER BY rand() LIMIT 1   [ RunTime:0.0005s ]
SQL: SHOW COLUMNS FROM `arm2_shop` [ RunTime:0.0005s ]
SQL: SELECT * FROM `arm2_shop` WHERE `deleted` IS NULL AND `status` = 'published' ORDER BY rand() LIMIT 1   [ RunTime:0.0010s ]
SQL: SHOW COLUMNS FROM `arm2_posts` [ RunTime:0.0005s ]
SQL: SELECT * FROM `arm2_posts` WHERE `deleted` IS NULL AND `status` = 'published' ORDER BY rand() LIMIT 1   [ RunTime:0.0007s ]
SQL: SHOW COLUMNS FROM `arm2_street_history` [ RunTime:0.0004s ]
SQL: SHOW COLUMNS FROM `arm2_street` [ RunTime:0.0039s ]
SQL: SELECT COUNT(*) AS tp_count FROM `arm2_street_history` WHERE `deleted` IS NULL AND `status` = 'published' LIMIT 1   [ RunTime:0.0008s ]
SQL: SELECT * FROM `arm2_street_history` WHERE `deleted` IS NULL AND `status` = 'published' ORDER BY grade desc,created desc LIMIT 0,12   [ RunTime:0.0027s ]
SQL: SELECT * FROM `arm2_street` WHERE `deleted` IS NULL ORDER BY created desc  [ RunTime:0.0003s ]
NOTIC: [8] Undefined variable: type /pub/www/wwwroot/www.macauonline.net/xiahuan/2020/App/Home/Controller/StreetHistoryController.class.php 第 73 行.
INFO: [ view_parse ] --START--
INFO: [ template_filter ] --START--
INFO: Run Behavior\ContentReplaceBehavior [ RunTime:0.000179s ]
INFO: [ template_filter ] --END-- [ RunTime:0.000214s ]
INFO: Run Behavior\ParseTemplateBehavior [ RunTime:0.022307s ]
INFO: [ view_parse ] --END-- [ RunTime:0.022345s ]
INFO: [ view_filter ] --START--
INFO: Run Behavior\WriteHtmlCacheBehavior [ RunTime:0.000243s ]
INFO: Run Behavior\TokenBuildBehavior [ RunTime:0.000561s ]
INFO: [ view_filter ] --END-- [ RunTime:0.000839s ]
INFO: [ app_end ] --START--
INFO: Run Behavior\ShowPageTraceBehavior [ RunTime:0.000693s ]
INFO: [ app_end ] --END-- [ RunTime:0.000721s ]

[ 2022-07-19T17:56:01+08:00 ] 219.131.241.50 /xiahuan/2020/index.php/StreetHistory/index.html
INFO: [ app_init ] --START--
INFO: Run Behavior\BuildLiteBehavior [ RunTime:0.000008s ]
INFO: [ app_init ] --END-- [ RunTime:0.000032s ]
INFO: [ app_begin ] --START--
INFO: Run Behavior\ReadHtmlCacheBehavior [ RunTime:0.000419s ]
INFO: Run Behavior\CheckLangBehavior [ RunTime:0.000655s ]
INFO: [ app_begin ] --END-- [ RunTime:0.001108s ]
SQL: SHOW COLUMNS FROM `arm2_active` [ RunTime:0.0007s ]
SQL: SELECT * FROM `arm2_active` WHERE `deleted` IS NULL AND `status` = 'published' ORDER BY created desc LIMIT 3   [ RunTime:0.0001s ]
SQL: SHOW COLUMNS FROM `arm2_street_history` [ RunTime:0.0005s ]
SQL: SELECT * FROM `arm2_street_history` WHERE `deleted` IS NULL AND `status` = 'published' ORDER BY rand() LIMIT 1   [ RunTime:0.0005s ]
SQL: SHOW COLUMNS FROM `arm2_shop` [ RunTime:0.0005s ]
SQL: SELECT * FROM `arm2_shop` WHERE `deleted` IS NULL AND `status` = 'published' ORDER BY rand() LIMIT 1   [ RunTime:0.0010s ]
SQL: SHOW COLUMNS FROM `arm2_posts` [ RunTime:0.0005s ]
SQL: SELECT * FROM `arm2_posts` WHERE `deleted` IS NULL AND `status` = 'published' ORDER BY rand() LIMIT 1   [ RunTime:0.0006s ]
SQL: SHOW COLUMNS FROM `arm2_street_history` [ RunTime:0.0004s ]
SQL: SHOW COLUMNS FROM `arm2_street` [ RunTime:0.0003s ]
SQL: SELECT COUNT(*) AS tp_count FROM `arm2_street_history` WHERE `deleted` IS NULL AND `status` = 'published' LIMIT 1   [ RunTime:0.0001s ]
SQL: SELECT * FROM `arm2_street_history` WHERE `deleted` IS NULL AND `status` = 'published' ORDER BY grade desc,created desc LIMIT 0,12   [ RunTime:0.0001s ]
SQL: SELECT * FROM `arm2_street` WHERE `deleted` IS NULL ORDER BY created desc  [ RunTime:0.0001s ]
NOTIC: [8] Undefined variable: type /pub/www/wwwroot/www.macauonline.net/xiahuan/2020/App/Home/Controller/StreetHistoryController.class.php 第 73 行.
INFO: [ view_parse ] --START--
INFO: [ template_filter ] --START--
INFO: Run Behavior\ContentReplaceBehavior [ RunTime:0.000173s ]
INFO: [ template_filter ] --END-- [ RunTime:0.000195s ]
INFO: Run Behavior\ParseTemplateBehavior [ RunTime:0.006207s ]
INFO: [ view_parse ] --END-- [ RunTime:0.006228s ]
INFO: [ view_filter ] --START--
INFO: Run Behavior\WriteHtmlCacheBehavior [ RunTime:0.000184s ]
INFO: Run Behavior\TokenBuildBehavior [ RunTime:0.000421s ]
INFO: [ view_filter ] --END-- [ RunTime:0.000632s ]
INFO: [ app_end ] --START--
INFO: Run Behavior\ShowPageTraceBehavior [ RunTime:0.000481s ]
INFO: [ app_end ] --END-- [ RunTime:0.000503s ]

[ 2022-07-19T18:04:46+08:00 ] 219.131.241.50 /xiahuan/2020/
INFO: [ app_init ] --START--
INFO: Run Behavior\BuildLiteBehavior [ RunTime:0.000008s ]
INFO: [ app_init ] --END-- [ RunTime:0.000034s ]
INFO: [ app_begin ] --START--
INFO: Run Behavior\ReadHtmlCacheBehavior [ RunTime:0.000416s ]
INFO: Run Behavior\CheckLangBehavior [ RunTime:0.000731s ]
INFO: [ app_begin ] --END-- [ RunTime:0.001183s ]
SQL: SHOW COLUMNS FROM `arm2_active` [ RunTime:0.0006s ]
SQL: SELECT * FROM `arm2_active` WHERE `deleted` IS NULL AND `status` = 'published' ORDER BY created desc LIMIT 3   [ RunTime:0.0001s ]
SQL: SHOW COLUMNS FROM `arm2_street_history` [ RunTime:0.0005s ]
SQL: SELECT * FROM `arm2_street_history` WHERE `deleted` IS NULL AND `status` = 'published' ORDER BY rand() LIMIT 1   [ RunTime:0.0004s ]
SQL: SHOW COLUMNS FROM `arm2_shop` [ RunTime:0.0005s ]
SQL: SELECT * FROM `arm2_shop` WHERE `deleted` IS NULL AND `status` = 'published' ORDER BY rand() LIMIT 1   [ RunTime:0.0008s ]
SQL: SHOW COLUMNS FROM `arm2_posts` [ RunTime:0.0006s ]
SQL: SELECT * FROM `arm2_posts` WHERE `deleted` IS NULL AND `status` = 'published' ORDER BY rand() LIMIT 1   [ RunTime:0.0005s ]
SQL: SHOW COLUMNS FROM `arm2_active` [ RunTime:0.0005s ]
SQL: SHOW COLUMNS FROM `arm2_slide` [ RunTime:0.0005s ]
SQL: SHOW COLUMNS FROM `arm2_introduce` [ RunTime:0.0005s ]
SQL: SHOW COLUMNS FROM `arm2_community_image` [ RunTime:0.0005s ]
SQL: SHOW COLUMNS FROM `arm2_street_history` [ RunTime:0.0003s ]
SQL: SHOW COLUMNS FROM `arm2_shop` [ RunTime:0.0003s ]
SQL: SHOW COLUMNS FROM `arm2_posts` [ RunTime:0.0003s ]
SQL: SHOW COLUMNS FROM `arm2_news` [ RunTime:0.0005s ]
SQL: SELECT * FROM `arm2_slide` WHERE `deleted` IS NULL AND `status` = 'published' ORDER BY re_time desc LIMIT 4   [ RunTime:0.0001s ]
SQL: SELECT * FROM `arm2_active` WHERE `deleted` IS NULL AND `status` = 'published' ORDER BY created desc  [ RunTime:0.0001s ]
SQL: SELECT * FROM `arm2_community_image` WHERE `deleted` IS NULL AND `status` = 'published' ORDER BY created desc LIMIT 10   [ RunTime:0.0001s ]
SQL: SELECT * FROM `arm2_street_history` WHERE `deleted` IS NULL AND `status` = 'published' ORDER BY sort desc,created desc  [ RunTime:0.0001s ]
SQL: SELECT * FROM `arm2_shop` WHERE `deleted` IS NULL AND `status` = 'published' ORDER BY created desc  [ RunTime:0.0003s ]
SQL: SELECT * FROM `arm2_posts` WHERE `deleted` IS NULL AND `status` = 'published' ORDER BY created desc  [ RunTime:0.0001s ]
SQL: SELECT * FROM `arm2_news` WHERE `deleted` IS NULL AND `status` = 'published' ORDER BY created desc  [ RunTime:0.0003s ]
INFO: [ view_parse ] --START--
INFO: [ template_filter ] --START--
INFO: Run Behavior\ContentReplaceBehavior [ RunTime:0.000182s ]
INFO: [ template_filter ] --END-- [ RunTime:0.000205s ]
INFO: Run Behavior\ParseTemplateBehavior [ RunTime:0.012300s ]
INFO: [ view_parse ] --END-- [ RunTime:0.012328s ]
INFO: [ view_filter ] --START--
INFO: Run Behavior\WriteHtmlCacheBehavior [ RunTime:0.000195s ]
INFO: Run Behavior\TokenBuildBehavior [ RunTime:0.000714s ]
INFO: [ view_filter ] --END-- [ RunTime:0.000936s ]
INFO: [ app_end ] --START--
INFO: Run Behavior\ShowPageTraceBehavior [ RunTime:0.000577s ]
INFO: [ app_end ] --END-- [ RunTime:0.000600s ]

[ 2022-07-19T18:05:05+08:00 ] 219.131.241.50 /xiahuan/2020/index.php?m=&c=Active&a=index
INFO: [ app_init ] --START--
INFO: Run Behavior\BuildLiteBehavior [ RunTime:0.000010s ]
INFO: [ app_init ] --END-- [ RunTime:0.000047s ]
INFO: [ app_begin ] --START--
INFO: Run Behavior\ReadHtmlCacheBehavior [ RunTime:0.000619s ]
INFO: Run Behavior\CheckLangBehavior [ RunTime:0.001001s ]
INFO: [ app_begin ] --END-- [ RunTime:0.001678s ]
SQL: SHOW COLUMNS FROM `arm2_active` [ RunTime:0.0005s ]
SQL: SELECT * FROM `arm2_active` WHERE `deleted` IS NULL AND `status` = 'published' ORDER BY created desc LIMIT 3   [ RunTime:0.0001s ]
SQL: SHOW COLUMNS FROM `arm2_street_history` [ RunTime:0.0004s ]
SQL: SELECT * FROM `arm2_street_history` WHERE `deleted` IS NULL AND `status` = 'published' ORDER BY rand() LIMIT 1   [ RunTime:0.0004s ]
SQL: SHOW COLUMNS FROM `arm2_shop` [ RunTime:0.0004s ]
SQL: SELECT * FROM `arm2_shop` WHERE `deleted` IS NULL AND `status` = 'published' ORDER BY rand() LIMIT 1   [ RunTime:0.0007s ]
SQL: SHOW COLUMNS FROM `arm2_posts` [ RunTime:0.0004s ]
SQL: SELECT * FROM `arm2_posts` WHERE `deleted` IS NULL AND `status` = 'published' ORDER BY rand() LIMIT 1   [ RunTime:0.0005s ]
SQL: SHOW COLUMNS FROM `arm2_active` [ RunTime:0.0003s ]
SQL: SELECT COUNT(*) AS tp_count FROM `arm2_active` WHERE `deleted` IS NULL AND `status` = 'published' ORDER BY created desc LIMIT 1   [ RunTime:0.0001s ]
SQL: SELECT * FROM `arm2_active` WHERE `deleted` IS NULL AND `status` = 'published' ORDER BY grade desc,created desc LIMIT 0,12   [ RunTime:0.0001s ]
INFO: [ view_parse ] --START--
INFO: [ template_filter ] --START--
INFO: Run Behavior\ContentReplaceBehavior [ RunTime:0.000192s ]
INFO: [ template_filter ] --END-- [ RunTime:0.000220s ]
INFO: Run Behavior\ParseTemplateBehavior [ RunTime:0.008961s ]
INFO: [ view_parse ] --END-- [ RunTime:0.008991s ]
INFO: [ view_filter ] --START--
INFO: Run Behavior\WriteHtmlCacheBehavior [ RunTime:0.000261s ]
INFO: Run Behavior\TokenBuildBehavior [ RunTime:0.000612s ]
INFO: [ view_filter ] --END-- [ RunTime:0.000916s ]
INFO: [ app_end ] --START--
INFO: Run Behavior\ShowPageTraceBehavior [ RunTime:0.000695s ]
INFO: [ app_end ] --END-- [ RunTime:0.000722s ]

[ 2022-07-19T18:05:18+08:00 ] 219.131.241.50 /xiahuan/2020/index.php?m=&c=News&a=index
INFO: [ app_init ] --START--
INFO: Run Behavior\BuildLiteBehavior [ RunTime:0.000018s ]
INFO: [ app_init ] --END-- [ RunTime:0.000053s ]
INFO: [ app_begin ] --START--
INFO: Run Behavior\ReadHtmlCacheBehavior [ RunTime:0.000606s ]
INFO: Run Behavior\CheckLangBehavior [ RunTime:0.000971s ]
INFO: [ app_begin ] --END-- [ RunTime:0.001631s ]
SQL: SHOW COLUMNS FROM `arm2_active` [ RunTime:0.0007s ]
SQL: SELECT * FROM `arm2_active` WHERE `deleted` IS NULL AND `status` = 'published' ORDER BY created desc LIMIT 3   [ RunTime:0.0001s ]
SQL: SHOW COLUMNS FROM `arm2_street_history` [ RunTime:0.0005s ]
SQL: SELECT * FROM `arm2_street_history` WHERE `deleted` IS NULL AND `status` = 'published' ORDER BY rand() LIMIT 1   [ RunTime:0.0005s ]
SQL: SHOW COLUMNS FROM `arm2_shop` [ RunTime:0.0005s ]
SQL: SELECT * FROM `arm2_shop` WHERE `deleted` IS NULL AND `status` = 'published' ORDER BY rand() LIMIT 1   [ RunTime:0.0010s ]
SQL: SHOW COLUMNS FROM `arm2_posts` [ RunTime:0.0005s ]
SQL: SELECT * FROM `arm2_posts` WHERE `deleted` IS NULL AND `status` = 'published' ORDER BY rand() LIMIT 1   [ RunTime:0.0006s ]
SQL: SHOW COLUMNS FROM `arm2_news` [ RunTime:0.0005s ]
SQL: SELECT COUNT(*) AS tp_count FROM `arm2_news` WHERE `deleted` IS NULL AND `status` = 'published' LIMIT 1   [ RunTime:0.0001s ]
SQL: SELECT * FROM `arm2_news` WHERE `deleted` IS NULL AND `status` = 'published' ORDER BY grade desc,created desc LIMIT 0,12   [ RunTime:0.0095s ]
INFO: [ view_parse ] --START--
INFO: [ template_filter ] --START--
INFO: Run Behavior\ContentReplaceBehavior [ RunTime:0.000175s ]
INFO: [ template_filter ] --END-- [ RunTime:0.000209s ]
NOTIC: [8] Undefined variable: street_list /pub/www/wwwroot/www.macauonline.net/xiahuan/2020/App/Runtime/Cache/Home/e050d5619624146a648edb153a9a4fd8.php 第 226 行.
NOTIC: [8] Undefined index: street_id /pub/www/wwwroot/www.macauonline.net/xiahuan/2020/App/Runtime/Cache/Home/e050d5619624146a648edb153a9a4fd8.php 第 231 行.
NOTIC: [8] Undefined index: street_id /pub/www/wwwroot/www.macauonline.net/xiahuan/2020/App/Runtime/Cache/Home/e050d5619624146a648edb153a9a4fd8.php 第 231 行.
NOTIC: [8] Undefined index: street_id /pub/www/wwwroot/www.macauonline.net/xiahuan/2020/App/Runtime/Cache/Home/e050d5619624146a648edb153a9a4fd8.php 第 231 行.
NOTIC: [8] Undefined index: street_id /pub/www/wwwroot/www.macauonline.net/xiahuan/2020/App/Runtime/Cache/Home/e050d5619624146a648edb153a9a4fd8.php 第 231 行.
NOTIC: [8] Undefined index: street_id /pub/www/wwwroot/www.macauonline.net/xiahuan/2020/App/Runtime/Cache/Home/e050d5619624146a648edb153a9a4fd8.php 第 231 行.
INFO: Run Behavior\ParseTemplateBehavior [ RunTime:0.008566s ]
INFO: [ view_parse ] --END-- [ RunTime:0.008590s ]
INFO: [ view_filter ] --START--
INFO: Run Behavior\WriteHtmlCacheBehavior [ RunTime:0.000257s ]
INFO: Run Behavior\TokenBuildBehavior [ RunTime:0.000555s ]
INFO: [ view_filter ] --END-- [ RunTime:0.000853s ]
INFO: [ app_end ] --START--
INFO: Run Behavior\ShowPageTraceBehavior [ RunTime:0.000636s ]
INFO: [ app_end ] --END-- [ RunTime:0.000667s ]

[ 2022-07-19T18:05:22+08:00 ] 219.131.241.50 /xiahuan/2020/index.php?m=&c=StreetHistory&a=index
INFO: [ app_init ] --START--
INFO: Run Behavior\BuildLiteBehavior [ RunTime:0.000011s ]
INFO: [ app_init ] --END-- [ RunTime:0.000051s ]
INFO: [ app_begin ] --START--
INFO: Run Behavior\ReadHtmlCacheBehavior [ RunTime:0.000648s ]
INFO: Run Behavior\CheckLangBehavior [ RunTime:0.002846s ]
INFO: [ app_begin ] --END-- [ RunTime:0.003550s ]
SQL: SHOW COLUMNS FROM `arm2_active` [ RunTime:0.0007s ]
SQL: SELECT * FROM `arm2_active` WHERE `deleted` IS NULL AND `status` = 'published' ORDER BY created desc LIMIT 3   [ RunTime:0.0001s ]
SQL: SHOW COLUMNS FROM `arm2_street_history` [ RunTime:0.0005s ]
SQL: SELECT * FROM `arm2_street_history` WHERE `deleted` IS NULL AND `status` = 'published' ORDER BY rand() LIMIT 1   [ RunTime:0.0005s ]
SQL: SHOW COLUMNS FROM `arm2_shop` [ RunTime:0.0005s ]
SQL: SELECT * FROM `arm2_shop` WHERE `deleted` IS NULL AND `status` = 'published' ORDER BY rand() LIMIT 1   [ RunTime:0.0011s ]
SQL: SHOW COLUMNS FROM `arm2_posts` [ RunTime:0.0005s ]
SQL: SELECT * FROM `arm2_posts` WHERE `deleted` IS NULL AND `status` = 'published' ORDER BY rand() LIMIT 1   [ RunTime:0.0008s ]
SQL: SHOW COLUMNS FROM `arm2_street_history` [ RunTime:0.0004s ]
SQL: SHOW COLUMNS FROM `arm2_street` [ RunTime:0.0004s ]
SQL: SELECT COUNT(*) AS tp_count FROM `arm2_street_history` WHERE `deleted` IS NULL AND `status` = 'published' LIMIT 1   [ RunTime:0.0001s ]
SQL: SELECT * FROM `arm2_street_history` WHERE `deleted` IS NULL AND `status` = 'published' ORDER BY grade desc,created desc LIMIT 0,12   [ RunTime:0.0001s ]
SQL: SELECT * FROM `arm2_street` WHERE `deleted` IS NULL ORDER BY created desc  [ RunTime:0.0001s ]
NOTIC: [8] Undefined variable: type /pub/www/wwwroot/www.macauonline.net/xiahuan/2020/App/Home/Controller/StreetHistoryController.class.php 第 73 行.
INFO: [ view_parse ] --START--
INFO: [ template_filter ] --START--
INFO: Run Behavior\ContentReplaceBehavior [ RunTime:0.000183s ]
INFO: [ template_filter ] --END-- [ RunTime:0.000219s ]
INFO: Run Behavior\ParseTemplateBehavior [ RunTime:0.015111s ]
INFO: [ view_parse ] --END-- [ RunTime:0.015143s ]
INFO: [ view_filter ] --START--
INFO: Run Behavior\WriteHtmlCacheBehavior [ RunTime:0.000774s ]
INFO: Run Behavior\TokenBuildBehavior [ RunTime:0.000603s ]
INFO: [ view_filter ] --END-- [ RunTime:0.001421s ]
INFO: [ app_end ] --START--
INFO: Run Behavior\ShowPageTraceBehavior [ RunTime:0.000654s ]
INFO: [ app_end ] --END-- [ RunTime:0.000683s ]

[ 2022-07-19T18:05:24+08:00 ] 219.131.241.50 /xiahuan/2020/index.php?m=&c=Active&a=index
INFO: [ app_init ] --START--
INFO: Run Behavior\BuildLiteBehavior [ RunTime:0.000009s ]
INFO: [ app_init ] --END-- [ RunTime:0.000045s ]
INFO: [ app_begin ] --START--
INFO: Run Behavior\ReadHtmlCacheBehavior [ RunTime:0.000712s ]
INFO: Run Behavior\CheckLangBehavior [ RunTime:0.001120s ]
INFO: [ app_begin ] --END-- [ RunTime:0.001891s ]
SQL: SHOW COLUMNS FROM `arm2_active` [ RunTime:0.0010s ]
SQL: SELECT * FROM `arm2_active` WHERE `deleted` IS NULL AND `status` = 'published' ORDER BY created desc LIMIT 3   [ RunTime:0.0001s ]
SQL: SHOW COLUMNS FROM `arm2_street_history` [ RunTime:0.0007s ]
SQL: SELECT * FROM `arm2_street_history` WHERE `deleted` IS NULL AND `status` = 'published' ORDER BY rand() LIMIT 1   [ RunTime:0.0006s ]
SQL: SHOW COLUMNS FROM `arm2_shop` [ RunTime:0.0007s ]
SQL: SELECT * FROM `arm2_shop` WHERE `deleted` IS NULL AND `status` = 'published' ORDER BY rand() LIMIT 1   [ RunTime:0.0013s ]
SQL: SHOW COLUMNS FROM `arm2_posts` [ RunTime:0.0007s ]
SQL: SELECT * FROM `arm2_posts` WHERE `deleted` IS NULL AND `status` = 'published' ORDER BY rand() LIMIT 1   [ RunTime:0.0008s ]
SQL: SHOW COLUMNS FROM `arm2_active` [ RunTime:0.0005s ]
SQL: SELECT COUNT(*) AS tp_count FROM `arm2_active` WHERE `deleted` IS NULL AND `status` = 'published' ORDER BY created desc LIMIT 1   [ RunTime:0.0001s ]
SQL: SELECT * FROM `arm2_active` WHERE `deleted` IS NULL AND `status` = 'published' ORDER BY grade desc,created desc LIMIT 0,12   [ RunTime:0.0001s ]
INFO: [ view_parse ] --START--
INFO: [ template_filter ] --START--
INFO: Run Behavior\ContentReplaceBehavior [ RunTime:0.000183s ]
INFO: [ template_filter ] --END-- [ RunTime:0.000218s ]
INFO: Run Behavior\ParseTemplateBehavior [ RunTime:0.009536s ]
INFO: [ view_parse ] --END-- [ RunTime:0.009569s ]
INFO: [ view_filter ] --START--
INFO: Run Behavior\WriteHtmlCacheBehavior [ RunTime:0.000358s ]
INFO: Run Behavior\TokenBuildBehavior [ RunTime:0.000611s ]
INFO: [ view_filter ] --END-- [ RunTime:0.001016s ]
INFO: [ app_end ] --START--
INFO: Run Behavior\ShowPageTraceBehavior [ RunTime:0.000671s ]
INFO: [ app_end ] --END-- [ RunTime:0.000698s ]

[ 2022-07-19T18:06:31+08:00 ] 219.131.241.50 /xiahuan/2020/index.php?m=&c=Index&a=index
INFO: [ app_init ] --START--
INFO: Run Behavior\BuildLiteBehavior [ RunTime:0.000013s ]
INFO: [ app_init ] --END-- [ RunTime:0.000054s ]
INFO: [ app_begin ] --START--
INFO: Run Behavior\ReadHtmlCacheBehavior [ RunTime:0.000613s ]
INFO: Run Behavior\CheckLangBehavior [ RunTime:0.000967s ]
INFO: [ app_begin ] --END-- [ RunTime:0.001634s ]
SQL: SHOW COLUMNS FROM `arm2_active` [ RunTime:0.0007s ]
SQL: SELECT * FROM `arm2_active` WHERE `deleted` IS NULL AND `status` = 'published' ORDER BY created desc LIMIT 3   [ RunTime:0.0001s ]
SQL: SHOW COLUMNS FROM `arm2_street_history` [ RunTime:0.0005s ]
SQL: SELECT * FROM `arm2_street_history` WHERE `deleted` IS NULL AND `status` = 'published' ORDER BY rand() LIMIT 1   [ RunTime:0.0005s ]
SQL: SHOW COLUMNS FROM `arm2_shop` [ RunTime:0.0006s ]
SQL: SELECT * FROM `arm2_shop` WHERE `deleted` IS NULL AND `status` = 'published' ORDER BY rand() LIMIT 1   [ RunTime:0.0012s ]
SQL: SHOW COLUMNS FROM `arm2_posts` [ RunTime:0.0005s ]
SQL: SELECT * FROM `arm2_posts` WHERE `deleted` IS NULL AND `status` = 'published' ORDER BY rand() LIMIT 1   [ RunTime:0.0007s ]
SQL: SHOW COLUMNS FROM `arm2_active` [ RunTime:0.0005s ]
SQL: SHOW COLUMNS FROM `arm2_slide` [ RunTime:0.0004s ]
SQL: SHOW COLUMNS FROM `arm2_introduce` [ RunTime:0.0005s ]
SQL: SHOW COLUMNS FROM `arm2_community_image` [ RunTime:0.0004s ]
SQL: SHOW COLUMNS FROM `arm2_street_history` [ RunTime:0.0004s ]
SQL: SHOW COLUMNS FROM `arm2_shop` [ RunTime:0.0005s ]
SQL: SHOW COLUMNS FROM `arm2_posts` [ RunTime:0.0005s ]
SQL: SHOW COLUMNS FROM `arm2_news` [ RunTime:0.0004s ]
SQL: SELECT * FROM `arm2_slide` WHERE `deleted` IS NULL AND `status` = 'published' ORDER BY re_time desc LIMIT 4   [ RunTime:0.0001s ]
SQL: SELECT * FROM `arm2_active` WHERE `deleted` IS NULL AND `status` = 'published' ORDER BY created desc  [ RunTime:0.0001s ]
SQL: SELECT * FROM `arm2_community_image` WHERE `deleted` IS NULL AND `status` = 'published' ORDER BY created desc LIMIT 10   [ RunTime:0.0001s ]
SQL: SELECT * FROM `arm2_street_history` WHERE `deleted` IS NULL AND `status` = 'published' ORDER BY sort desc,created desc  [ RunTime:0.0001s ]
SQL: SELECT * FROM `arm2_shop` WHERE `deleted` IS NULL AND `status` = 'published' ORDER BY created desc  [ RunTime:0.0003s ]
SQL: SELECT * FROM `arm2_posts` WHERE `deleted` IS NULL AND `status` = 'published' ORDER BY created desc  [ RunTime:0.0002s ]
SQL: SELECT * FROM `arm2_news` WHERE `deleted` IS NULL AND `status` = 'published' ORDER BY created desc  [ RunTime:0.0001s ]
INFO: [ view_parse ] --START--
INFO: [ template_filter ] --START--
INFO: Run Behavior\ContentReplaceBehavior [ RunTime:0.000228s ]
INFO: [ template_filter ] --END-- [ RunTime:0.000263s ]
INFO: Run Behavior\ParseTemplateBehavior [ RunTime:0.016843s ]
INFO: [ view_parse ] --END-- [ RunTime:0.016877s ]
INFO: [ view_filter ] --START--
INFO: Run Behavior\WriteHtmlCacheBehavior [ RunTime:0.000283s ]
INFO: Run Behavior\TokenBuildBehavior [ RunTime:0.001101s ]
INFO: [ view_filter ] --END-- [ RunTime:0.001429s ]
INFO: [ app_end ] --START--
INFO: Run Behavior\ShowPageTraceBehavior [ RunTime:0.000680s ]
INFO: [ app_end ] --END-- [ RunTime:0.000708s ]

[ 2022-07-19T18:06:46+08:00 ] 219.131.241.50 /xiahuan/2020/index.php?m=&c=Active&a=index
INFO: [ app_init ] --START--
INFO: Run Behavior\BuildLiteBehavior [ RunTime:0.000010s ]
INFO: [ app_init ] --END-- [ RunTime:0.000046s ]
INFO: [ app_begin ] --START--
INFO: Run Behavior\ReadHtmlCacheBehavior [ RunTime:0.000594s ]
INFO: Run Behavior\CheckLangBehavior [ RunTime:0.000962s ]
INFO: [ app_begin ] --END-- [ RunTime:0.001610s ]
SQL: SHOW COLUMNS FROM `arm2_active` [ RunTime:0.0007s ]
SQL: SELECT * FROM `arm2_active` WHERE `deleted` IS NULL AND `status` = 'published' ORDER BY created desc LIMIT 3   [ RunTime:0.0001s ]
SQL: SHOW COLUMNS FROM `arm2_street_history` [ RunTime:0.0007s ]
SQL: SELECT * FROM `arm2_street_history` WHERE `deleted` IS NULL AND `status` = 'published' ORDER BY rand() LIMIT 1   [ RunTime:0.0005s ]
SQL: SHOW COLUMNS FROM `arm2_shop` [ RunTime:0.0005s ]
SQL: SELECT * FROM `arm2_shop` WHERE `deleted` IS NULL AND `status` = 'published' ORDER BY rand() LIMIT 1   [ RunTime:0.0010s ]
SQL: SHOW COLUMNS FROM `arm2_posts` [ RunTime:0.0005s ]
SQL: SELECT * FROM `arm2_posts` WHERE `deleted` IS NULL AND `status` = 'published' ORDER BY rand() LIMIT 1   [ RunTime:0.0006s ]
SQL: SHOW COLUMNS FROM `arm2_active` [ RunTime:0.0005s ]
SQL: SELECT COUNT(*) AS tp_count FROM `arm2_active` WHERE `deleted` IS NULL AND `status` = 'published' ORDER BY created desc LIMIT 1   [ RunTime:0.0001s ]
SQL: SELECT * FROM `arm2_active` WHERE `deleted` IS NULL AND `status` = 'published' ORDER BY grade desc,created desc LIMIT 0,12   [ RunTime:0.0001s ]
INFO: [ view_parse ] --START--
INFO: [ template_filter ] --START--
INFO: Run Behavior\ContentReplaceBehavior [ RunTime:0.000184s ]
INFO: [ template_filter ] --END-- [ RunTime:0.000216s ]
INFO: Run Behavior\ParseTemplateBehavior [ RunTime:0.009038s ]
INFO: [ view_parse ] --END-- [ RunTime:0.009069s ]
INFO: [ view_filter ] --START--
INFO: Run Behavior\WriteHtmlCacheBehavior [ RunTime:0.000276s ]
INFO: Run Behavior\TokenBuildBehavior [ RunTime:0.000783s ]
INFO: [ view_filter ] --END-- [ RunTime:0.001105s ]
INFO: [ app_end ] --START--
INFO: Run Behavior\ShowPageTraceBehavior [ RunTime:0.009762s ]
INFO: [ app_end ] --END-- [ RunTime:0.009799s ]

[ 2022-07-19T18:07:27+08:00 ] 219.131.241.50 /xiahuan/2020/index.php?m=&c=Active&a=index
INFO: [ app_init ] --START--
INFO: Run Behavior\BuildLiteBehavior [ RunTime:0.000008s ]
INFO: [ app_init ] --END-- [ RunTime:0.000034s ]
INFO: [ app_begin ] --START--
INFO: Run Behavior\ReadHtmlCacheBehavior [ RunTime:0.000418s ]
INFO: Run Behavior\CheckLangBehavior [ RunTime:0.000648s ]
INFO: [ app_begin ] --END-- [ RunTime:0.001097s ]
SQL: SHOW COLUMNS FROM `arm2_active` [ RunTime:0.0006s ]
SQL: SELECT * FROM `arm2_active` WHERE `deleted` IS NULL AND `status` = 'published' ORDER BY created desc LIMIT 3   [ RunTime:0.0001s ]
SQL: SHOW COLUMNS FROM `arm2_street_history` [ RunTime:0.0004s ]
SQL: SELECT * FROM `arm2_street_history` WHERE `deleted` IS NULL AND `status` = 'published' ORDER BY rand() LIMIT 1   [ RunTime:0.0004s ]
SQL: SHOW COLUMNS FROM `arm2_shop` [ RunTime:0.0004s ]
SQL: SELECT * FROM `arm2_shop` WHERE `deleted` IS NULL AND `status` = 'published' ORDER BY rand() LIMIT 1   [ RunTime:0.0007s ]
SQL: SHOW COLUMNS FROM `arm2_posts` [ RunTime:0.0004s ]
SQL: SELECT * FROM `arm2_posts` WHERE `deleted` IS NULL AND `status` = 'published' ORDER BY rand() LIMIT 1   [ RunTime:0.0005s ]
SQL: SHOW COLUMNS FROM `arm2_active` [ RunTime:0.0003s ]
SQL: SELECT COUNT(*) AS tp_count FROM `arm2_active` WHERE `deleted` IS NULL AND `status` = 'published' ORDER BY created desc LIMIT 1   [ RunTime:0.0001s ]
SQL: SELECT * FROM `arm2_active` WHERE `deleted` IS NULL AND `status` = 'published' ORDER BY grade desc,created desc LIMIT 0,12   [ RunTime:0.0001s ]
INFO: [ view_parse ] --START--
INFO: [ template_filter ] --START--
INFO: Run Behavior\ContentReplaceBehavior [ RunTime:0.000183s ]
INFO: [ template_filter ] --END-- [ RunTime:0.000216s ]
INFO: Run Behavior\ParseTemplateBehavior [ RunTime:0.009005s ]
INFO: [ view_parse ] --END-- [ RunTime:0.009034s ]
INFO: [ view_filter ] --START--
INFO: Run Behavior\WriteHtmlCacheBehavior [ RunTime:0.000262s ]
INFO: Run Behavior\TokenBuildBehavior [ RunTime:0.000604s ]
INFO: [ view_filter ] --END-- [ RunTime:0.000905s ]
INFO: [ app_end ] --START--
INFO: Run Behavior\ShowPageTraceBehavior [ RunTime:0.000657s ]
INFO: [ app_end ] --END-- [ RunTime:0.000684s ]

[ 2022-07-19T18:08:02+08:00 ] 219.131.241.50 /xiahuan/2020/index.php?m=&c=Active&a=index
INFO: [ app_init ] --START--
INFO: Run Behavior\BuildLiteBehavior [ RunTime:0.000008s ]
INFO: [ app_init ] --END-- [ RunTime:0.000033s ]
INFO: [ app_begin ] --START--
INFO: Run Behavior\ReadHtmlCacheBehavior [ RunTime:0.000432s ]
INFO: Run Behavior\CheckLangBehavior [ RunTime:0.000656s ]
INFO: [ app_begin ] --END-- [ RunTime:0.001138s ]
SQL: SHOW COLUMNS FROM `arm2_active` [ RunTime:0.0006s ]
SQL: SELECT * FROM `arm2_active` WHERE `deleted` IS NULL AND `status` = 'published' ORDER BY created desc LIMIT 3   [ RunTime:0.0001s ]
SQL: SHOW COLUMNS FROM `arm2_street_history` [ RunTime:0.0004s ]
SQL: SELECT * FROM `arm2_street_history` WHERE `deleted` IS NULL AND `status` = 'published' ORDER BY rand() LIMIT 1   [ RunTime:0.0004s ]
SQL: SHOW COLUMNS FROM `arm2_shop` [ RunTime:0.0005s ]
SQL: SELECT * FROM `arm2_shop` WHERE `deleted` IS NULL AND `status` = 'published' ORDER BY rand() LIMIT 1   [ RunTime:0.0008s ]
SQL: SHOW COLUMNS FROM `arm2_posts` [ RunTime:0.0004s ]
SQL: SELECT * FROM `arm2_posts` WHERE `deleted` IS NULL AND `status` = 'published' ORDER BY rand() LIMIT 1   [ RunTime:0.0005s ]
SQL: SHOW COLUMNS FROM `arm2_active` [ RunTime:0.0004s ]
SQL: SELECT COUNT(*) AS tp_count FROM `arm2_active` WHERE `deleted` IS NULL AND `status` = 'published' ORDER BY created desc LIMIT 1   [ RunTime:0.0001s ]
SQL: SELECT * FROM `arm2_active` WHERE `deleted` IS NULL AND `status` = 'published' ORDER BY grade desc,created desc LIMIT 0,12   [ RunTime:0.0001s ]
INFO: [ view_parse ] --START--
INFO: [ template_filter ] --START--
INFO: Run Behavior\ContentReplaceBehavior [ RunTime:0.000151s ]
INFO: [ template_filter ] --END-- [ RunTime:0.000172s ]
INFO: Run Behavior\ParseTemplateBehavior [ RunTime:0.006293s ]
INFO: [ view_parse ] --END-- [ RunTime:0.006317s ]
INFO: [ view_filter ] --START--
INFO: Run Behavior\WriteHtmlCacheBehavior [ RunTime:0.000244s ]
INFO: Run Behavior\TokenBuildBehavior [ RunTime:0.000415s ]
INFO: [ view_filter ] --END-- [ RunTime:0.000688s ]
INFO: [ app_end ] --START--
INFO: Run Behavior\ShowPageTraceBehavior [ RunTime:0.000474s ]
INFO: [ app_end ] --END-- [ RunTime:0.000492s ]

[ 2022-07-19T18:08:18+08:00 ] 219.131.241.50 /xiahuan/2020/index.php?m=&c=Active&a=index
INFO: [ app_init ] --START--
INFO: Run Behavior\BuildLiteBehavior [ RunTime:0.000009s ]
INFO: [ app_init ] --END-- [ RunTime:0.000047s ]
INFO: [ app_begin ] --START--
INFO: Run Behavior\ReadHtmlCacheBehavior [ RunTime:0.000630s ]
INFO: Run Behavior\CheckLangBehavior [ RunTime:0.000986s ]
INFO: [ app_begin ] --END-- [ RunTime:0.001663s ]
SQL: SHOW COLUMNS FROM `arm2_active` [ RunTime:0.0007s ]
SQL: SELECT * FROM `arm2_active` WHERE `deleted` IS NULL AND `status` = 'published' ORDER BY created desc LIMIT 3   [ RunTime:0.0001s ]
SQL: SHOW COLUMNS FROM `arm2_street_history` [ RunTime:0.0005s ]
SQL: SELECT * FROM `arm2_street_history` WHERE `deleted` IS NULL AND `status` = 'published' ORDER BY rand() LIMIT 1   [ RunTime:0.0006s ]
SQL: SHOW COLUMNS FROM `arm2_shop` [ RunTime:0.0005s ]
SQL: SELECT * FROM `arm2_shop` WHERE `deleted` IS NULL AND `status` = 'published' ORDER BY rand() LIMIT 1   [ RunTime:0.0011s ]
SQL: SHOW COLUMNS FROM `arm2_posts` [ RunTime:0.0005s ]
SQL: SELECT * FROM `arm2_posts` WHERE `deleted` IS NULL AND `status` = 'published' ORDER BY rand() LIMIT 1   [ RunTime:0.0007s ]
SQL: SHOW COLUMNS FROM `arm2_active` [ RunTime:0.0005s ]
SQL: SELECT COUNT(*) AS tp_count FROM `arm2_active` WHERE `deleted` IS NULL AND `status` = 'published' ORDER BY created desc LIMIT 1   [ RunTime:0.0001s ]
SQL: SELECT * FROM `arm2_active` WHERE `deleted` IS NULL AND `status` = 'published' ORDER BY grade desc,created desc LIMIT 0,12   [ RunTime:0.0001s ]
INFO: [ view_parse ] --START--
INFO: [ template_filter ] --START--
INFO: Run Behavior\ContentReplaceBehavior [ RunTime:0.000150s ]
INFO: [ template_filter ] --END-- [ RunTime:0.000172s ]
INFO: Run Behavior\ParseTemplateBehavior [ RunTime:0.006188s ]
INFO: [ view_parse ] --END-- [ RunTime:0.006211s ]
INFO: [ view_filter ] --START--
INFO: Run Behavior\WriteHtmlCacheBehavior [ RunTime:0.000183s ]
INFO: Run Behavior\TokenBuildBehavior [ RunTime:0.000395s ]
INFO: [ view_filter ] --END-- [ RunTime:0.000600s ]
INFO: [ app_end ] --START--
INFO: Run Behavior\ShowPageTraceBehavior [ RunTime:0.000455s ]
INFO: [ app_end ] --END-- [ RunTime:0.000472s ]

[ 2022-07-19T18:08:23+08:00 ] 219.131.241.50 /xiahuan/2020/index.php?m=&c=Index&a=index
INFO: [ app_init ] --START--
INFO: Run Behavior\BuildLiteBehavior [ RunTime:0.000009s ]
INFO: [ app_init ] --END-- [ RunTime:0.000041s ]
INFO: [ app_begin ] --START--
INFO: Run Behavior\ReadHtmlCacheBehavior [ RunTime:0.000595s ]
INFO: Run Behavior\CheckLangBehavior [ RunTime:0.000987s ]
INFO: [ app_begin ] --END-- [ RunTime:0.001636s ]
SQL: SHOW COLUMNS FROM `arm2_active` [ RunTime:0.0007s ]
SQL: SELECT * FROM `arm2_active` WHERE `deleted` IS NULL AND `status` = 'published' ORDER BY created desc LIMIT 3   [ RunTime:0.0001s ]
SQL: SHOW COLUMNS FROM `arm2_street_history` [ RunTime:0.0005s ]
SQL: SELECT * FROM `arm2_street_history` WHERE `deleted` IS NULL AND `status` = 'published' ORDER BY rand() LIMIT 1   [ RunTime:0.0005s ]
SQL: SHOW COLUMNS FROM `arm2_shop` [ RunTime:0.0006s ]
SQL: SELECT * FROM `arm2_shop` WHERE `deleted` IS NULL AND `status` = 'published' ORDER BY rand() LIMIT 1   [ RunTime:0.0010s ]
SQL: SHOW COLUMNS FROM `arm2_posts` [ RunTime:0.0006s ]
SQL: SELECT * FROM `arm2_posts` WHERE `deleted` IS NULL AND `status` = 'published' ORDER BY rand() LIMIT 1   [ RunTime:0.0006s ]
SQL: SHOW COLUMNS FROM `arm2_active` [ RunTime:0.0005s ]
SQL: SHOW COLUMNS FROM `arm2_slide` [ RunTime:0.0004s ]
SQL: SHOW COLUMNS FROM `arm2_introduce` [ RunTime:0.0005s ]
SQL: SHOW COLUMNS FROM `arm2_community_image` [ RunTime:0.0004s ]
SQL: SHOW COLUMNS FROM `arm2_street_history` [ RunTime:0.0004s ]
SQL: SHOW COLUMNS FROM `arm2_shop` [ RunTime:0.0005s ]
SQL: SHOW COLUMNS FROM `arm2_posts` [ RunTime:0.0005s ]
SQL: SHOW COLUMNS FROM `arm2_news` [ RunTime:0.0004s ]
SQL: SELECT * FROM `arm2_slide` WHERE `deleted` IS NULL AND `status` = 'published' ORDER BY re_time desc LIMIT 4   [ RunTime:0.0001s ]
SQL: SELECT * FROM `arm2_active` WHERE `deleted` IS NULL AND `status` = 'published' ORDER BY created desc  [ RunTime:0.0001s ]
SQL: SELECT * FROM `arm2_community_image` WHERE `deleted` IS NULL AND `status` = 'published' ORDER BY created desc LIMIT 10   [ RunTime:0.0001s ]
SQL: SELECT * FROM `arm2_street_history` WHERE `deleted` IS NULL AND `status` = 'published' ORDER BY sort desc,created desc  [ RunTime:0.0001s ]
SQL: SELECT * FROM `arm2_shop` WHERE `deleted` IS NULL AND `status` = 'published' ORDER BY created desc  [ RunTime:0.0003s ]
SQL: SELECT * FROM `arm2_posts` WHERE `deleted` IS NULL AND `status` = 'published' ORDER BY created desc  [ RunTime:0.0002s ]
SQL: SELECT * FROM `arm2_news` WHERE `deleted` IS NULL AND `status` = 'published' ORDER BY created desc  [ RunTime:0.0001s ]
INFO: [ view_parse ] --START--
INFO: [ template_filter ] --START--
INFO: Run Behavior\ContentReplaceBehavior [ RunTime:0.000215s ]
INFO: [ template_filter ] --END-- [ RunTime:0.000253s ]
INFO: Run Behavior\ParseTemplateBehavior [ RunTime:0.016365s ]
INFO: [ view_parse ] --END-- [ RunTime:0.016404s ]
INFO: [ view_filter ] --START--
INFO: Run Behavior\WriteHtmlCacheBehavior [ RunTime:0.000299s ]
INFO: Run Behavior\TokenBuildBehavior [ RunTime:0.001137s ]
INFO: [ view_filter ] --END-- [ RunTime:0.001480s ]
INFO: [ app_end ] --START--
INFO: Run Behavior\ShowPageTraceBehavior [ RunTime:0.000715s ]
INFO: [ app_end ] --END-- [ RunTime:0.000743s ]

[ 2022-07-19T18:08:26+08:00 ] 219.131.241.50 /xiahuan/2020/index.php?m=&c=Active&a=index
INFO: [ app_init ] --START--
INFO: Run Behavior\BuildLiteBehavior [ RunTime:0.000007s ]
INFO: [ app_init ] --END-- [ RunTime:0.000031s ]
INFO: [ app_begin ] --START--
INFO: Run Behavior\ReadHtmlCacheBehavior [ RunTime:0.000417s ]
INFO: Run Behavior\CheckLangBehavior [ RunTime:0.000713s ]
INFO: [ app_begin ] --END-- [ RunTime:0.001165s ]
SQL: SHOW COLUMNS FROM `arm2_active` [ RunTime:0.0007s ]
SQL: SELECT * FROM `arm2_active` WHERE `deleted` IS NULL AND `status` = 'published' ORDER BY created desc LIMIT 3   [ RunTime:0.0001s ]
SQL: SHOW COLUMNS FROM `arm2_street_history` [ RunTime:0.0005s ]
SQL: SELECT * FROM `arm2_street_history` WHERE `deleted` IS NULL AND `status` = 'published' ORDER BY rand() LIMIT 1   [ RunTime:0.0005s ]
SQL: SHOW COLUMNS FROM `arm2_shop` [ RunTime:0.0005s ]
SQL: SELECT * FROM `arm2_shop` WHERE `deleted` IS NULL AND `status` = 'published' ORDER BY rand() LIMIT 1   [ RunTime:0.0011s ]
SQL: SHOW COLUMNS FROM `arm2_posts` [ RunTime:0.0004s ]
SQL: SELECT * FROM `arm2_posts` WHERE `deleted` IS NULL AND `status` = 'published' ORDER BY rand() LIMIT 1   [ RunTime:0.0005s ]
SQL: SHOW COLUMNS FROM `arm2_active` [ RunTime:0.0004s ]
SQL: SELECT COUNT(*) AS tp_count FROM `arm2_active` WHERE `deleted` IS NULL AND `status` = 'published' ORDER BY created desc LIMIT 1   [ RunTime:0.0001s ]
SQL: SELECT * FROM `arm2_active` WHERE `deleted` IS NULL AND `status` = 'published' ORDER BY grade desc,created desc LIMIT 0,12   [ RunTime:0.0001s ]
INFO: [ view_parse ] --START--
INFO: [ template_filter ] --START--
INFO: Run Behavior\ContentReplaceBehavior [ RunTime:0.000151s ]
INFO: [ template_filter ] --END-- [ RunTime:0.000173s ]
INFO: Run Behavior\ParseTemplateBehavior [ RunTime:0.006139s ]
INFO: [ view_parse ] --END-- [ RunTime:0.006162s ]
INFO: [ view_filter ] --START--
INFO: Run Behavior\WriteHtmlCacheBehavior [ RunTime:0.000183s ]
INFO: Run Behavior\TokenBuildBehavior [ RunTime:0.000396s ]
INFO: [ view_filter ] --END-- [ RunTime:0.000602s ]
INFO: [ app_end ] --START--
INFO: Run Behavior\ShowPageTraceBehavior [ RunTime:0.000456s ]
INFO: [ app_end ] --END-- [ RunTime:0.000474s ]

[ 2022-07-19T18:13:40+08:00 ] 219.131.241.50 /xiahuan/2020/index.php?m=&c=Active&a=index
INFO: [ app_init ] --START--
INFO: Run Behavior\BuildLiteBehavior [ RunTime:0.000010s ]
INFO: [ app_init ] --END-- [ RunTime:0.000046s ]
INFO: [ app_begin ] --START--
INFO: Run Behavior\ReadHtmlCacheBehavior [ RunTime:0.000564s ]
INFO: Run Behavior\CheckLangBehavior [ RunTime:0.000960s ]
INFO: [ app_begin ] --END-- [ RunTime:0.001576s ]
SQL: SHOW COLUMNS FROM `arm2_active` [ RunTime:0.0006s ]
SQL: SELECT * FROM `arm2_active` WHERE `deleted` IS NULL AND `status` = 'published' ORDER BY created desc LIMIT 3   [ RunTime:0.0001s ]
SQL: SHOW COLUMNS FROM `arm2_street_history` [ RunTime:0.0007s ]
SQL: SELECT * FROM `arm2_street_history` WHERE `deleted` IS NULL AND `status` = 'published' ORDER BY rand() LIMIT 1   [ RunTime:0.0007s ]
SQL: SHOW COLUMNS FROM `arm2_shop` [ RunTime:0.0006s ]
SQL: SELECT * FROM `arm2_shop` WHERE `deleted` IS NULL AND `status` = 'published' ORDER BY rand() LIMIT 1   [ RunTime:0.0010s ]
SQL: SHOW COLUMNS FROM `arm2_posts` [ RunTime:0.0006s ]
SQL: SELECT * FROM `arm2_posts` WHERE `deleted` IS NULL AND `status` = 'published' ORDER BY rand() LIMIT 1   [ RunTime:0.0007s ]
SQL: SHOW COLUMNS FROM `arm2_active` [ RunTime:0.0005s ]
SQL: SELECT COUNT(*) AS tp_count FROM `arm2_active` WHERE `deleted` IS NULL AND `status` = 'published' ORDER BY created desc LIMIT 1   [ RunTime:0.0001s ]
SQL: SELECT * FROM `arm2_active` WHERE `deleted` IS NULL AND `status` = 'published' ORDER BY grade desc,created desc LIMIT 0,12   [ RunTime:0.0001s ]
INFO: [ view_parse ] --START--
INFO: [ template_filter ] --START--
INFO: Run Behavior\ContentReplaceBehavior [ RunTime:0.000183s ]
INFO: [ template_filter ] --END-- [ RunTime:0.000216s ]
INFO: Run Behavior\ParseTemplateBehavior [ RunTime:0.009285s ]
INFO: [ view_parse ] --END-- [ RunTime:0.009314s ]
INFO: [ view_filter ] --START--
INFO: Run Behavior\WriteHtmlCacheBehavior [ RunTime:0.000263s ]
INFO: Run Behavior\TokenBuildBehavior [ RunTime:0.000575s ]
INFO: [ view_filter ] --END-- [ RunTime:0.000873s ]
INFO: [ app_end ] --START--
INFO: Run Behavior\ShowPageTraceBehavior [ RunTime:0.000666s ]
INFO: [ app_end ] --END-- [ RunTime:0.000694s ]

[ 2022-07-19T18:15:21+08:00 ] 219.131.241.50 /xiahuan/2020/index.php?m=&c=News&a=index
INFO: [ app_init ] --START--
INFO: Run Behavior\BuildLiteBehavior [ RunTime:0.000008s ]
INFO: [ app_init ] --END-- [ RunTime:0.000042s ]
INFO: [ app_begin ] --START--
INFO: Run Behavior\ReadHtmlCacheBehavior [ RunTime:0.000593s ]
INFO: Run Behavior\CheckLangBehavior [ RunTime:0.001013s ]
INFO: [ app_begin ] --END-- [ RunTime:0.001654s ]
SQL: SHOW COLUMNS FROM `arm2_active` [ RunTime:0.0006s ]
SQL: SELECT * FROM `arm2_active` WHERE `deleted` IS NULL AND `status` = 'published' ORDER BY created desc LIMIT 3   [ RunTime:0.0001s ]
SQL: SHOW COLUMNS FROM `arm2_street_history` [ RunTime:0.0006s ]
SQL: SELECT * FROM `arm2_street_history` WHERE `deleted` IS NULL AND `status` = 'published' ORDER BY rand() LIMIT 1   [ RunTime:0.0005s ]
SQL: SHOW COLUMNS FROM `arm2_shop` [ RunTime:0.0004s ]
SQL: SELECT * FROM `arm2_shop` WHERE `deleted` IS NULL AND `status` = 'published' ORDER BY rand() LIMIT 1   [ RunTime:0.0008s ]
SQL: SHOW COLUMNS FROM `arm2_posts` [ RunTime:0.0004s ]
SQL: SELECT * FROM `arm2_posts` WHERE `deleted` IS NULL AND `status` = 'published' ORDER BY rand() LIMIT 1   [ RunTime:0.0005s ]
SQL: SHOW COLUMNS FROM `arm2_news` [ RunTime:0.0004s ]
SQL: SELECT COUNT(*) AS tp_count FROM `arm2_news` WHERE `deleted` IS NULL AND `status` = 'published' LIMIT 1   [ RunTime:0.0001s ]
SQL: SELECT * FROM `arm2_news` WHERE `deleted` IS NULL AND `status` = 'published' ORDER BY grade desc,created desc LIMIT 0,12   [ RunTime:0.0001s ]
INFO: [ view_parse ] --START--
INFO: [ template_filter ] --START--
INFO: Run Behavior\ContentReplaceBehavior [ RunTime:0.000174s ]
INFO: [ template_filter ] --END-- [ RunTime:0.000206s ]
NOTIC: [8] Undefined variable: street_list /pub/www/wwwroot/www.macauonline.net/xiahuan/2020/App/Runtime/Cache/Home/e050d5619624146a648edb153a9a4fd8.php 第 226 行.
NOTIC: [8] Undefined index: street_id /pub/www/wwwroot/www.macauonline.net/xiahuan/2020/App/Runtime/Cache/Home/e050d5619624146a648edb153a9a4fd8.php 第 231 行.
NOTIC: [8] Undefined index: street_id /pub/www/wwwroot/www.macauonline.net/xiahuan/2020/App/Runtime/Cache/Home/e050d5619624146a648edb153a9a4fd8.php 第 231 行.
NOTIC: [8] Undefined index: street_id /pub/www/wwwroot/www.macauonline.net/xiahuan/2020/App/Runtime/Cache/Home/e050d5619624146a648edb153a9a4fd8.php 第 231 行.
NOTIC: [8] Undefined index: street_id /pub/www/wwwroot/www.macauonline.net/xiahuan/2020/App/Runtime/Cache/Home/e050d5619624146a648edb153a9a4fd8.php 第 231 行.
NOTIC: [8] Undefined index: street_id /pub/www/wwwroot/www.macauonline.net/xiahuan/2020/App/Runtime/Cache/Home/e050d5619624146a648edb153a9a4fd8.php 第 231 行.
INFO: Run Behavior\ParseTemplateBehavior [ RunTime:0.009692s ]
INFO: [ view_parse ] --END-- [ RunTime:0.009717s ]
INFO: [ view_filter ] --START--
INFO: Run Behavior\WriteHtmlCacheBehavior [ RunTime:0.000259s ]
INFO: Run Behavior\TokenBuildBehavior [ RunTime:0.000540s ]
INFO: [ view_filter ] --END-- [ RunTime:0.000841s ]
INFO: [ app_end ] --START--
INFO: Run Behavior\ShowPageTraceBehavior [ RunTime:0.000635s ]
INFO: [ app_end ] --END-- [ RunTime:0.000662s ]

[ 2022-07-19T18:15:26+08:00 ] 219.131.241.50 /xiahuan/2020/index.php?m=&c=StreetHistory&a=index
INFO: [ app_init ] --START--
INFO: Run Behavior\BuildLiteBehavior [ RunTime:0.000009s ]
INFO: [ app_init ] --END-- [ RunTime:0.000043s ]
INFO: [ app_begin ] --START--
INFO: Run Behavior\ReadHtmlCacheBehavior [ RunTime:0.000609s ]
INFO: Run Behavior\CheckLangBehavior [ RunTime:0.001041s ]
INFO: [ app_begin ] --END-- [ RunTime:0.001697s ]
SQL: SHOW COLUMNS FROM `arm2_active` [ RunTime:0.0006s ]
SQL: SELECT * FROM `arm2_active` WHERE `deleted` IS NULL AND `status` = 'published' ORDER BY created desc LIMIT 3   [ RunTime:0.0001s ]
SQL: SHOW COLUMNS FROM `arm2_street_history` [ RunTime:0.0005s ]
SQL: SELECT * FROM `arm2_street_history` WHERE `deleted` IS NULL AND `status` = 'published' ORDER BY rand() LIMIT 1   [ RunTime:0.0005s ]
SQL: SHOW COLUMNS FROM `arm2_shop` [ RunTime:0.0007s ]
SQL: SELECT * FROM `arm2_shop` WHERE `deleted` IS NULL AND `status` = 'published' ORDER BY rand() LIMIT 1   [ RunTime:0.0010s ]
SQL: SHOW COLUMNS FROM `arm2_posts` [ RunTime:0.0007s ]
SQL: SELECT * FROM `arm2_posts` WHERE `deleted` IS NULL AND `status` = 'published' ORDER BY rand() LIMIT 1   [ RunTime:0.0008s ]
SQL: SHOW COLUMNS FROM `arm2_street_history` [ RunTime:0.0005s ]
SQL: SHOW COLUMNS FROM `arm2_street` [ RunTime:0.0014s ]
SQL: SELECT COUNT(*) AS tp_count FROM `arm2_street_history` WHERE `deleted` IS NULL AND `status` = 'published' LIMIT 1   [ RunTime:0.0003s ]
SQL: SELECT * FROM `arm2_street_history` WHERE `deleted` IS NULL AND `status` = 'published' ORDER BY grade desc,created desc LIMIT 0,12   [ RunTime:0.0004s ]
SQL: SELECT * FROM `arm2_street` WHERE `deleted` IS NULL ORDER BY created desc  [ RunTime:0.0001s ]
NOTIC: [8] Undefined variable: type /pub/www/wwwroot/www.macauonline.net/xiahuan/2020/App/Home/Controller/StreetHistoryController.class.php 第 73 行.
INFO: [ view_parse ] --START--
INFO: [ template_filter ] --START--
INFO: Run Behavior\ContentReplaceBehavior [ RunTime:0.000165s ]
INFO: [ template_filter ] --END-- [ RunTime:0.000195s ]
INFO: Run Behavior\ParseTemplateBehavior [ RunTime:0.006949s ]
INFO: [ view_parse ] --END-- [ RunTime:0.006973s ]
INFO: [ view_filter ] --START--
INFO: Run Behavior\WriteHtmlCacheBehavior [ RunTime:0.000204s ]
INFO: Run Behavior\TokenBuildBehavior [ RunTime:0.000441s ]
INFO: [ view_filter ] --END-- [ RunTime:0.000674s ]
INFO: [ app_end ] --START--
INFO: Run Behavior\ShowPageTraceBehavior [ RunTime:0.000545s ]
INFO: [ app_end ] --END-- [ RunTime:0.000570s ]

[ 2022-07-19T18:15:30+08:00 ] 219.131.241.50 /xiahuan/2020/index.php?m=&c=Posts&a=index
INFO: [ app_init ] --START--
INFO: Run Behavior\BuildLiteBehavior [ RunTime:0.000007s ]
INFO: [ app_init ] --END-- [ RunTime:0.000031s ]
INFO: [ app_begin ] --START--
INFO: Run Behavior\ReadHtmlCacheBehavior [ RunTime:0.000431s ]
INFO: Run Behavior\CheckLangBehavior [ RunTime:0.000783s ]
INFO: [ app_begin ] --END-- [ RunTime:0.001253s ]
SQL: SHOW COLUMNS FROM `arm2_active` [ RunTime:0.0006s ]
SQL: SELECT * FROM `arm2_active` WHERE `deleted` IS NULL AND `status` = 'published' ORDER BY created desc LIMIT 3   [ RunTime:0.0001s ]
SQL: SHOW COLUMNS FROM `arm2_street_history` [ RunTime:0.0004s ]
SQL: SELECT * FROM `arm2_street_history` WHERE `deleted` IS NULL AND `status` = 'published' ORDER BY rand() LIMIT 1   [ RunTime:0.0004s ]
SQL: SHOW COLUMNS FROM `arm2_shop` [ RunTime:0.0004s ]
SQL: SELECT * FROM `arm2_shop` WHERE `deleted` IS NULL AND `status` = 'published' ORDER BY rand() LIMIT 1   [ RunTime:0.0008s ]
SQL: SHOW COLUMNS FROM `arm2_posts` [ RunTime:0.0004s ]
SQL: SELECT * FROM `arm2_posts` WHERE `deleted` IS NULL AND `status` = 'published' ORDER BY rand() LIMIT 1   [ RunTime:0.0005s ]
SQL: SELECT COUNT(*) AS tp_count FROM `arm2_posts` WHERE `deleted` IS NULL AND `status` = 'published' LIMIT 1   [ RunTime:0.0002s ]
SQL: SELECT * FROM `arm2_posts` WHERE `deleted` IS NULL AND `status` = 'published' ORDER BY grade desc,created desc LIMIT 0,12   [ RunTime:0.0023s ]
INFO: [ view_parse ] --START--
INFO: [ template_filter ] --START--
INFO: Run Behavior\ContentReplaceBehavior [ RunTime:0.000193s ]
INFO: [ template_filter ] --END-- [ RunTime:0.000224s ]
NOTIC: [8] Undefined variable: street_list /pub/www/wwwroot/www.macauonline.net/xiahuan/2020/App/Runtime/Cache/Home/dc3f371ca624a633b417a9c7f623cf7a.php 第 226 行.
INFO: Run Behavior\ParseTemplateBehavior [ RunTime:0.009899s ]
INFO: [ view_parse ] --END-- [ RunTime:0.009931s ]
INFO: [ view_filter ] --START--
INFO: Run Behavior\WriteHtmlCacheBehavior [ RunTime:0.000272s ]
INFO: Run Behavior\TokenBuildBehavior [ RunTime:0.000616s ]
INFO: [ view_filter ] --END-- [ RunTime:0.000927s ]
INFO: [ app_end ] --START--
INFO: Run Behavior\ShowPageTraceBehavior [ RunTime:0.000709s ]
INFO: [ app_end ] --END-- [ RunTime:0.000736s ]

