[ 2022-07-20T11:37:01+08:00 ] 219.131.241.50 /xiahuan/2020/index.php/Admin
INFO: [ app_init ] --START--
INFO: Run Behavior\BuildLiteBehavior [ RunTime:0.000008s ]
INFO: [ app_init ] --END-- [ RunTime:0.000038s ]
INFO: [ app_begin ] --START--
INFO: Run Behavior\ReadHtmlCacheBehavior [ RunTime:0.000584s ]
INFO: Run Behavior\CheckLangBehavior [ RunTime:0.000793s ]
INFO: [ app_begin ] --END-- [ RunTime:0.001430s ]

[ 2022-07-20T11:37:01+08:00 ] 219.131.241.50 /xiahuan/2020/index.php/Admin/Login/index.html
INFO: [ app_init ] --START--
INFO: Run Behavior\BuildLiteBehavior [ RunTime:0.000008s ]
INFO: [ app_init ] --END-- [ RunTime:0.000032s ]
INFO: [ app_begin ] --START--
INFO: Run Behavior\ReadHtmlCacheBehavior [ RunTime:0.000441s ]
INFO: Run Behavior\CheckLangBehavior [ RunTime:0.000672s ]
INFO: [ app_begin ] --END-- [ RunTime:0.001149s ]
INFO: [ view_parse ] --START--
INFO: [ template_filter ] --START--
INFO: Run Behavior\ContentReplaceBehavior [ RunTime:0.000059s ]
INFO: [ template_filter ] --END-- [ RunTime:0.000084s ]
INFO: Run Behavior\ParseTemplateBehavior [ RunTime:0.004907s ]
INFO: [ view_parse ] --END-- [ RunTime:0.004933s ]
INFO: [ view_filter ] --START--
INFO: Run Behavior\WriteHtmlCacheBehavior [ RunTime:0.000177s ]
INFO: Run Behavior\TokenBuildBehavior [ RunTime:0.000330s ]
INFO: [ view_filter ] --END-- [ RunTime:0.000533s ]
INFO: [ app_end ] --START--
INFO: Run Behavior\ShowPageTraceBehavior [ RunTime:0.000467s ]
INFO: [ app_end ] --END-- [ RunTime:0.000484s ]

[ 2022-07-20T11:37:01+08:00 ] 219.131.241.50 /xiahuan/2020/index.php/Admin/Login/verify.html
INFO: [ app_init ] --START--
INFO: Run Behavior\BuildLiteBehavior [ RunTime:0.000012s ]
INFO: [ app_init ] --END-- [ RunTime:0.000050s ]
INFO: [ app_begin ] --START--
INFO: Run Behavior\ReadHtmlCacheBehavior [ RunTime:0.000592s ]
INFO: Run Behavior\CheckLangBehavior [ RunTime:0.000975s ]
INFO: [ app_begin ] --END-- [ RunTime:0.001621s ]
INFO: [ app_end ] --START--
INFO: Run Behavior\ShowPageTraceBehavior [ RunTime:0.000677s ]
INFO: [ app_end ] --END-- [ RunTime:0.000716s ]

[ 2022-07-20T11:37:06+08:00 ] 219.131.241.50 /xiahuan/2020/index.php/Admin/Login/verify/1658288227766
INFO: [ app_init ] --START--
INFO: Run Behavior\BuildLiteBehavior [ RunTime:0.000008s ]
INFO: [ app_init ] --END-- [ RunTime:0.000032s ]
INFO: [ app_begin ] --START--
INFO: Run Behavior\ReadHtmlCacheBehavior [ RunTime:0.000426s ]
INFO: Run Behavior\CheckLangBehavior [ RunTime:0.000689s ]
INFO: [ app_begin ] --END-- [ RunTime:0.001151s ]
INFO: [ app_end ] --START--
INFO: Run Behavior\ShowPageTraceBehavior [ RunTime:0.000469s ]
INFO: [ app_end ] --END-- [ RunTime:0.000495s ]

[ 2022-07-20T11:37:07+08:00 ] 219.131.241.50 /xiahuan/2020/index.php/Admin/Login/verify/1658288228229
INFO: [ app_init ] --START--
INFO: Run Behavior\BuildLiteBehavior [ RunTime:0.000008s ]
INFO: [ app_init ] --END-- [ RunTime:0.000033s ]
INFO: [ app_begin ] --START--
INFO: Run Behavior\ReadHtmlCacheBehavior [ RunTime:0.000424s ]
INFO: Run Behavior\CheckLangBehavior [ RunTime:0.000694s ]
INFO: [ app_begin ] --END-- [ RunTime:0.001152s ]
INFO: [ app_end ] --START--
INFO: Run Behavior\ShowPageTraceBehavior [ RunTime:0.000463s ]
INFO: [ app_end ] --END-- [ RunTime:0.000487s ]

[ 2022-07-20T11:37:07+08:00 ] 219.131.241.50 /xiahuan/2020/index.php/Admin/Login/verify/1658288228389
INFO: [ app_init ] --START--
INFO: Run Behavior\BuildLiteBehavior [ RunTime:0.000007s ]
INFO: [ app_init ] --END-- [ RunTime:0.000031s ]
INFO: [ app_begin ] --START--
INFO: Run Behavior\ReadHtmlCacheBehavior [ RunTime:0.000415s ]
INFO: Run Behavior\CheckLangBehavior [ RunTime:0.000644s ]
INFO: [ app_begin ] --END-- [ RunTime:0.001090s ]
INFO: [ app_end ] --START--
INFO: Run Behavior\ShowPageTraceBehavior [ RunTime:0.000642s ]
INFO: [ app_end ] --END-- [ RunTime:0.000680s ]

[ 2022-07-20T11:37:07+08:00 ] 219.131.241.50 /xiahuan/2020/index.php/Admin/Login/verify/1658288228669
INFO: [ app_init ] --START--
INFO: Run Behavior\BuildLiteBehavior [ RunTime:0.000008s ]
INFO: [ app_init ] --END-- [ RunTime:0.000033s ]
INFO: [ app_begin ] --START--
INFO: Run Behavior\ReadHtmlCacheBehavior [ RunTime:0.000428s ]
INFO: Run Behavior\CheckLangBehavior [ RunTime:0.000682s ]
INFO: [ app_begin ] --END-- [ RunTime:0.001144s ]
INFO: [ app_end ] --START--
INFO: Run Behavior\ShowPageTraceBehavior [ RunTime:0.000484s ]
INFO: [ app_end ] --END-- [ RunTime:0.000511s ]

[ 2022-07-20T11:37:07+08:00 ] 219.131.241.50 /xiahuan/2020/index.php/Admin/Login/verify/1658288228989
INFO: [ app_init ] --START--
INFO: Run Behavior\BuildLiteBehavior [ RunTime:0.000008s ]
INFO: [ app_init ] --END-- [ RunTime:0.000035s ]
INFO: [ app_begin ] --START--
INFO: Run Behavior\ReadHtmlCacheBehavior [ RunTime:0.000448s ]
INFO: Run Behavior\CheckLangBehavior [ RunTime:0.000654s ]
INFO: [ app_begin ] --END-- [ RunTime:0.001135s ]
INFO: [ app_end ] --START--
INFO: Run Behavior\ShowPageTraceBehavior [ RunTime:0.000512s ]
INFO: [ app_end ] --END-- [ RunTime:0.000544s ]

[ 2022-07-20T11:37:07+08:00 ] 219.131.241.50 /xiahuan/2020/index.php/Admin/Login/verify/1658288229157
INFO: [ app_init ] --START--
INFO: Run Behavior\BuildLiteBehavior [ RunTime:0.000008s ]
INFO: [ app_init ] --END-- [ RunTime:0.000032s ]
INFO: [ app_begin ] --START--
INFO: Run Behavior\ReadHtmlCacheBehavior [ RunTime:0.000424s ]
INFO: Run Behavior\CheckLangBehavior [ RunTime:0.000662s ]
INFO: [ app_begin ] --END-- [ RunTime:0.001121s ]
INFO: [ app_end ] --START--
INFO: Run Behavior\ShowPageTraceBehavior [ RunTime:0.000460s ]
INFO: [ app_end ] --END-- [ RunTime:0.000487s ]

[ 2022-07-20T11:37:08+08:00 ] 219.131.241.50 /xiahuan/2020/index.php/Admin/Login/verify/1658288229333
INFO: [ app_init ] --START--
INFO: Run Behavior\BuildLiteBehavior [ RunTime:0.000011s ]
INFO: [ app_init ] --END-- [ RunTime:0.000044s ]
INFO: [ app_begin ] --START--
INFO: Run Behavior\ReadHtmlCacheBehavior [ RunTime:0.000592s ]
INFO: Run Behavior\CheckLangBehavior [ RunTime:0.000927s ]
INFO: [ app_begin ] --END-- [ RunTime:0.001568s ]
INFO: [ app_end ] --START--
INFO: Run Behavior\ShowPageTraceBehavior [ RunTime:0.000629s ]
INFO: [ app_end ] --END-- [ RunTime:0.000663s ]

[ 2022-07-20T11:37:08+08:00 ] 219.131.241.50 /xiahuan/2020/index.php/Admin/Login/verify/1658288229685
INFO: [ app_init ] --START--
INFO: Run Behavior\BuildLiteBehavior [ RunTime:0.000007s ]
INFO: [ app_init ] --END-- [ RunTime:0.000033s ]
INFO: [ app_begin ] --START--
INFO: Run Behavior\ReadHtmlCacheBehavior [ RunTime:0.000433s ]
INFO: Run Behavior\CheckLangBehavior [ RunTime:0.000686s ]
INFO: [ app_begin ] --END-- [ RunTime:0.001155s ]
INFO: [ app_end ] --START--
INFO: Run Behavior\ShowPageTraceBehavior [ RunTime:0.000495s ]
INFO: [ app_end ] --END-- [ RunTime:0.000520s ]

[ 2022-07-20T11:37:08+08:00 ] 219.131.241.50 /xiahuan/2020/index.php/Admin/Login/verify/1658288229869
INFO: [ app_init ] --START--
INFO: Run Behavior\BuildLiteBehavior [ RunTime:0.000008s ]
INFO: [ app_init ] --END-- [ RunTime:0.000032s ]
INFO: [ app_begin ] --START--
INFO: Run Behavior\ReadHtmlCacheBehavior [ RunTime:0.000425s ]
INFO: Run Behavior\CheckLangBehavior [ RunTime:0.000650s ]
INFO: [ app_begin ] --END-- [ RunTime:0.001108s ]
INFO: [ app_end ] --START--
INFO: Run Behavior\ShowPageTraceBehavior [ RunTime:0.000480s ]
INFO: [ app_end ] --END-- [ RunTime:0.000507s ]

[ 2022-07-20T11:37:41+08:00 ] 219.131.241.50 /xiahuan/2020/index.php/Admin/Login/verify/1658288262270
INFO: [ app_init ] --START--
INFO: Run Behavior\BuildLiteBehavior [ RunTime:0.000009s ]
INFO: [ app_init ] --END-- [ RunTime:0.000036s ]
INFO: [ app_begin ] --START--
INFO: Run Behavior\ReadHtmlCacheBehavior [ RunTime:0.000431s ]
INFO: Run Behavior\CheckLangBehavior [ RunTime:0.000665s ]
INFO: [ app_begin ] --END-- [ RunTime:0.001131s ]
INFO: [ app_end ] --START--
INFO: Run Behavior\ShowPageTraceBehavior [ RunTime:0.000463s ]
INFO: [ app_end ] --END-- [ RunTime:0.000491s ]

[ 2022-07-20T11:37:41+08:00 ] 219.131.241.50 /xiahuan/2020/index.php/Admin/Login/login.html
INFO: [ app_init ] --START--
INFO: Run Behavior\BuildLiteBehavior [ RunTime:0.000009s ]
INFO: [ app_init ] --END-- [ RunTime:0.000041s ]
INFO: [ app_begin ] --START--
INFO: Run Behavior\ReadHtmlCacheBehavior [ RunTime:0.000574s ]
INFO: Run Behavior\CheckLangBehavior [ RunTime:0.000927s ]
INFO: [ app_begin ] --END-- [ RunTime:0.001545s ]

[ 2022-07-20T11:37:46+08:00 ] 219.131.241.50 /xiahuan/2020/index.php/Admin/Login/login.html
INFO: [ app_init ] --START--
INFO: Run Behavior\BuildLiteBehavior [ RunTime:0.000011s ]
INFO: [ app_init ] --END-- [ RunTime:0.000048s ]
INFO: [ app_begin ] --START--
INFO: Run Behavior\ReadHtmlCacheBehavior [ RunTime:0.000593s ]
INFO: Run Behavior\CheckLangBehavior [ RunTime:0.000937s ]
INFO: [ app_begin ] --END-- [ RunTime:0.001574s ]
SQL: SHOW COLUMNS FROM `arm2_admin` [ RunTime:0.0018s ]
SQL: SELECT * FROM `arm2_admin` WHERE `password` = '027b015ad5829f6831006722d14520c7af215f15f5460182f66d877fdb9b15c2' AND `username` = 'admin' LIMIT 1   [ RunTime:0.0003s ]
NOTIC: [2] session_name(): Cannot change session name when session is active /pub/www/wwwroot/www.macauonline.net/xiahuan/2020/ThinkPHP/Common/functions.php 第 1238 行.
NOTIC: [2] ini_set(): A session is active. You cannot change the session module's ini settings at this time /pub/www/wwwroot/www.macauonline.net/xiahuan/2020/ThinkPHP/Common/functions.php 第 1242 行.
NOTIC: [2] ini_set(): A session is active. You cannot change the session module's ini settings at this time /pub/www/wwwroot/www.macauonline.net/xiahuan/2020/ThinkPHP/Common/functions.php 第 1243 行.
NOTIC: [8] session_start(): A session had already been started - ignoring /pub/www/wwwroot/www.macauonline.net/xiahuan/2020/ThinkPHP/Common/functions.php 第 1263 行.

[ 2022-07-20T11:37:46+08:00 ] 219.131.241.50 /xiahuan/2020/index.php/Admin/Login/verify/1658288267630
INFO: [ app_init ] --START--
INFO: Run Behavior\BuildLiteBehavior [ RunTime:0.000010s ]
INFO: [ app_init ] --END-- [ RunTime:0.000044s ]
INFO: [ app_begin ] --START--
INFO: Run Behavior\ReadHtmlCacheBehavior [ RunTime:0.000581s ]
INFO: Run Behavior\CheckLangBehavior [ RunTime:0.010343s ]
INFO: [ app_begin ] --END-- [ RunTime:0.010986s ]
INFO: [ app_end ] --START--
INFO: Run Behavior\ShowPageTraceBehavior [ RunTime:0.000673s ]
INFO: [ app_end ] --END-- [ RunTime:0.000713s ]

[ 2022-07-20T11:37:46+08:00 ] 219.131.241.50 /xiahuan/2020/index.php/Admin/Login/logining.html
INFO: [ app_init ] --START--
INFO: Run Behavior\BuildLiteBehavior [ RunTime:0.000009s ]
INFO: [ app_init ] --END-- [ RunTime:0.000046s ]
INFO: [ app_begin ] --START--
INFO: Run Behavior\ReadHtmlCacheBehavior [ RunTime:0.000540s ]
INFO: Run Behavior\CheckLangBehavior [ RunTime:0.000887s ]
INFO: [ app_begin ] --END-- [ RunTime:0.001476s ]
INFO: [ view_parse ] --START--
INFO: [ template_filter ] --START--
INFO: Run Behavior\ContentReplaceBehavior [ RunTime:0.000047s ]
INFO: [ template_filter ] --END-- [ RunTime:0.000080s ]
INFO: Run Behavior\ParseTemplateBehavior [ RunTime:0.006705s ]
INFO: [ view_parse ] --END-- [ RunTime:0.006738s ]
INFO: [ view_filter ] --START--
INFO: Run Behavior\WriteHtmlCacheBehavior [ RunTime:0.000268s ]
INFO: Run Behavior\TokenBuildBehavior [ RunTime:0.000390s ]
INFO: [ view_filter ] --END-- [ RunTime:0.000695s ]
INFO: [ app_end ] --START--
INFO: Run Behavior\ShowPageTraceBehavior [ RunTime:0.000633s ]
INFO: [ app_end ] --END-- [ RunTime:0.000657s ]

[ 2022-07-20T11:37:47+08:00 ] 219.131.241.50 /xiahuan/2020/index.php/Admin/Index/index.html
INFO: [ app_init ] --START--
INFO: Run Behavior\BuildLiteBehavior [ RunTime:0.000012s ]
INFO: [ app_init ] --END-- [ RunTime:0.000048s ]
INFO: [ app_begin ] --START--
INFO: Run Behavior\ReadHtmlCacheBehavior [ RunTime:0.000601s ]
INFO: Run Behavior\CheckLangBehavior [ RunTime:0.000974s ]
INFO: [ app_begin ] --END-- [ RunTime:0.001633s ]
INFO: [ view_parse ] --START--
INFO: [ template_filter ] --START--
INFO: Run Behavior\ContentReplaceBehavior [ RunTime:0.000151s ]
INFO: [ template_filter ] --END-- [ RunTime:0.000191s ]
NOTIC: [8] Undefined variable: title /pub/www/wwwroot/www.macauonline.net/xiahuan/2020/App/Runtime/Cache/Admin/9df924d9a2d217daa77a359c5bee0c33.php 第 4 行.
NOTIC: [8] Undefined variable: token /pub/www/wwwroot/www.macauonline.net/xiahuan/2020/App/Runtime/Cache/Admin/9df924d9a2d217daa77a359c5bee0c33.php 第 81 行.
NOTIC: [8] Undefined variable: exhibitor_count /pub/www/wwwroot/www.macauonline.net/xiahuan/2020/App/Runtime/Cache/Admin/9df924d9a2d217daa77a359c5bee0c33.php 第 203 行.
NOTIC: [8] Undefined variable: speakers_count /pub/www/wwwroot/www.macauonline.net/xiahuan/2020/App/Runtime/Cache/Admin/9df924d9a2d217daa77a359c5bee0c33.php 第 204 行.
NOTIC: [8] Undefined variable: session_count /pub/www/wwwroot/www.macauonline.net/xiahuan/2020/App/Runtime/Cache/Admin/9df924d9a2d217daa77a359c5bee0c33.php 第 205 行.
NOTIC: [8] Undefined variable: page_count /pub/www/wwwroot/www.macauonline.net/xiahuan/2020/App/Runtime/Cache/Admin/9df924d9a2d217daa77a359c5bee0c33.php 第 206 行.
NOTIC: [8] Undefined variable: user_count /pub/www/wwwroot/www.macauonline.net/xiahuan/2020/App/Runtime/Cache/Admin/9df924d9a2d217daa77a359c5bee0c33.php 第 207 行.
NOTIC: [8] Undefined variable: dynamic_count /pub/www/wwwroot/www.macauonline.net/xiahuan/2020/App/Runtime/Cache/Admin/9df924d9a2d217daa77a359c5bee0c33.php 第 208 行.
INFO: Run Behavior\ParseTemplateBehavior [ RunTime:0.009951s ]
INFO: [ view_parse ] --END-- [ RunTime:0.009986s ]
INFO: [ view_filter ] --START--
INFO: Run Behavior\WriteHtmlCacheBehavior [ RunTime:0.000255s ]
INFO: Run Behavior\TokenBuildBehavior [ RunTime:0.000526s ]
INFO: [ view_filter ] --END-- [ RunTime:0.000821s ]
INFO: [ app_end ] --START--
INFO: Run Behavior\ShowPageTraceBehavior [ RunTime:0.000662s ]
INFO: [ app_end ] --END-- [ RunTime:0.000691s ]

[ 2022-07-20T11:37:51+08:00 ] 219.131.241.50 /xiahuan/2020/index.php/Admin/Active/index.html
INFO: [ app_init ] --START--
INFO: Run Behavior\BuildLiteBehavior [ RunTime:0.000011s ]
INFO: [ app_init ] --END-- [ RunTime:0.000047s ]
INFO: [ app_begin ] --START--
INFO: Run Behavior\ReadHtmlCacheBehavior [ RunTime:0.000574s ]
INFO: Run Behavior\CheckLangBehavior [ RunTime:0.000923s ]
INFO: [ app_begin ] --END-- [ RunTime:0.001542s ]
SQL: SHOW COLUMNS FROM `arm2_active` [ RunTime:0.0006s ]
SQL: SELECT COUNT(*) AS tp_count FROM `arm2_active` WHERE `deleted` IS NULL ORDER BY created desc LIMIT 1   [ RunTime:0.0002s ]
SQL: SELECT * FROM `arm2_active` WHERE `deleted` IS NULL ORDER BY created desc LIMIT 0,10   [ RunTime:0.0003s ]
INFO: [ view_parse ] --START--
INFO: [ template_filter ] --START--
INFO: Run Behavior\ContentReplaceBehavior [ RunTime:0.000129s ]
INFO: [ template_filter ] --END-- [ RunTime:0.000157s ]
NOTIC: [8] Undefined variable: title /pub/www/wwwroot/www.macauonline.net/xiahuan/2020/App/Runtime/Cache/Admin/47176b6a3ee64f621e6cf2592528e4a2.php 第 4 行.
NOTIC: [8] Undefined variable: token /pub/www/wwwroot/www.macauonline.net/xiahuan/2020/App/Runtime/Cache/Admin/47176b6a3ee64f621e6cf2592528e4a2.php 第 81 行.
INFO: Run Behavior\ParseTemplateBehavior [ RunTime:0.008984s ]
INFO: [ view_parse ] --END-- [ RunTime:0.009014s ]
INFO: [ view_filter ] --START--
INFO: Run Behavior\WriteHtmlCacheBehavior [ RunTime:0.000261s ]
INFO: Run Behavior\TokenBuildBehavior [ RunTime:0.000604s ]
INFO: [ view_filter ] --END-- [ RunTime:0.000900s ]
INFO: [ app_end ] --START--
INFO: Run Behavior\ShowPageTraceBehavior [ RunTime:0.000643s ]
INFO: [ app_end ] --END-- [ RunTime:0.000671s ]

[ 2022-07-20T11:37:54+08:00 ] 219.131.241.50 /xiahuan/2020/index.php/Admin/Active/add.html
INFO: [ app_init ] --START--
INFO: Run Behavior\BuildLiteBehavior [ RunTime:0.000008s ]
INFO: [ app_init ] --END-- [ RunTime:0.000035s ]
INFO: [ app_begin ] --START--
INFO: Run Behavior\ReadHtmlCacheBehavior [ RunTime:0.000426s ]
INFO: Run Behavior\CheckLangBehavior [ RunTime:0.000656s ]
INFO: [ app_begin ] --END-- [ RunTime:0.001120s ]
SQL: SHOW COLUMNS FROM `arm2_active` [ RunTime:0.0007s ]
INFO: [ view_parse ] --START--
INFO: [ template_filter ] --START--
INFO: Run Behavior\ContentReplaceBehavior [ RunTime:0.000157s ]
INFO: [ template_filter ] --END-- [ RunTime:0.000180s ]
NOTIC: [8] Undefined variable: title /pub/www/wwwroot/www.macauonline.net/xiahuan/2020/App/Runtime/Cache/Admin/4723707648a4cb3e074f73d3ecd56ea2.php 第 4 行.
NOTIC: [8] Undefined variable: token /pub/www/wwwroot/www.macauonline.net/xiahuan/2020/App/Runtime/Cache/Admin/4723707648a4cb3e074f73d3ecd56ea2.php 第 81 行.
INFO: Run Behavior\ParseTemplateBehavior [ RunTime:0.006693s ]
INFO: [ view_parse ] --END-- [ RunTime:0.006714s ]
INFO: [ view_filter ] --START--
INFO: Run Behavior\WriteHtmlCacheBehavior [ RunTime:0.000180s ]
INFO: Run Behavior\TokenBuildBehavior [ RunTime:0.000434s ]
INFO: [ view_filter ] --END-- [ RunTime:0.000640s ]
INFO: [ app_end ] --START--
INFO: Run Behavior\ShowPageTraceBehavior [ RunTime:0.000530s ]
INFO: [ app_end ] --END-- [ RunTime:0.000551s ]

[ 2022-07-20T11:38:10+08:00 ] 219.131.241.50 /xiahuan/2020/index.php/Admin/Upload/upload.html
INFO: [ app_init ] --START--
INFO: Run Behavior\BuildLiteBehavior [ RunTime:0.000008s ]
INFO: [ app_init ] --END-- [ RunTime:0.000034s ]
INFO: [ app_begin ] --START--
INFO: Run Behavior\ReadHtmlCacheBehavior [ RunTime:0.000426s ]
INFO: Run Behavior\CheckLangBehavior [ RunTime:0.000648s ]
INFO: [ app_begin ] --END-- [ RunTime:0.001105s ]
NOTIC: [2] call_user_func() expects parameter 1 to be a valid callback, no array or string given /pub/www/wwwroot/www.macauonline.net/xiahuan/2020/ThinkPHP/Library/Think/Upload.class.php 第 170 行.
SQL: SHOW COLUMNS FROM `arm2_files` [ RunTime:0.0013s ]
SQL: INSERT INTO `arm2_files` (`save_name`,`save_path`,`extension`,`mime`,`size`) VALUES ('62d778a2675a0.jpg','/xiahuan/2020/Public/upload/2022-07-20/62d778a2675a0.jpg','jpg','image/jpeg','229990') [ RunTime:0.0059s ]

[ 2022-07-20T11:38:14+08:00 ] 219.131.241.50 /xiahuan/2020/index.php/Admin/Active/create.html
INFO: [ app_init ] --START--
INFO: Run Behavior\BuildLiteBehavior [ RunTime:0.000010s ]
INFO: [ app_init ] --END-- [ RunTime:0.000047s ]
INFO: [ app_begin ] --START--
INFO: Run Behavior\ReadHtmlCacheBehavior [ RunTime:0.040749s ]
INFO: Run Behavior\CheckLangBehavior [ RunTime:0.001006s ]
INFO: [ app_begin ] --END-- [ RunTime:0.041833s ]
SQL: SHOW COLUMNS FROM `arm2_active` [ RunTime:0.0007s ]
NOTIC: [8] Undefined index: files /pub/www/wwwroot/www.macauonline.net/xiahuan/2020/App/Admin/Model/ActiveModel.class.php 第 55 行.
NOTIC: [8] Trying to access array offset on value of type null /pub/www/wwwroot/www.macauonline.net/xiahuan/2020/App/Admin/Model/ActiveModel.class.php 第 55 行.
NOTIC: [2] implode(): Invalid arguments passed /pub/www/wwwroot/www.macauonline.net/xiahuan/2020/App/Admin/Model/ActiveModel.class.php 第 55 行.
NOTIC: [8] Undefined index: content /pub/www/wwwroot/www.macauonline.net/xiahuan/2020/App/Admin/Model/ActiveModel.class.php 第 56 行.
NOTIC: [8] Undefined index: lat /pub/www/wwwroot/www.macauonline.net/xiahuan/2020/App/Admin/Model/ActiveModel.class.php 第 58 行.
NOTIC: [8] Undefined index: validate /pub/www/wwwroot/www.macauonline.net/xiahuan/2020/ThinkPHP/Library/Think/Model.class.php 第 1185 行.
NOTIC: [8] Undefined index: auto /pub/www/wwwroot/www.macauonline.net/xiahuan/2020/ThinkPHP/Library/Think/Model.class.php 第 1128 行.
NOTIC: [2] getimagesize(http://macauonline.net/xiahuan/2020/xiahuan/2020/Public/upload/2022-07-20/62d778a2675a0.jpg): failed to open stream: HTTP request failed! HTTP/1.1 404 Not Found
 /pub/www/wwwroot/www.macauonline.net/xiahuan/2020/App/Common/Common/function.php 第 123 行.
NOTIC: [8] Trying to access array offset on value of type bool /pub/www/wwwroot/www.macauonline.net/xiahuan/2020/App/Common/Common/function.php 第 125 行.
NOTIC: [8] Trying to access array offset on value of type bool /pub/www/wwwroot/www.macauonline.net/xiahuan/2020/App/Common/Common/function.php 第 126 行.
NOTIC: [8] Trying to access array offset on value of type bool /pub/www/wwwroot/www.macauonline.net/xiahuan/2020/App/Common/Common/function.php 第 128 行.
NOTIC: [2] Division by zero /pub/www/wwwroot/www.macauonline.net/xiahuan/2020/App/Common/Common/function.php 第 128 行.
NOTIC: [8] Trying to access array offset on value of type bool /pub/www/wwwroot/www.macauonline.net/xiahuan/2020/App/Common/Common/function.php 第 129 行.
NOTIC: [2] Division by zero /pub/www/wwwroot/www.macauonline.net/xiahuan/2020/App/Common/Common/function.php 第 131 行.
NOTIC: [2] Division by zero /pub/www/wwwroot/www.macauonline.net/xiahuan/2020/App/Common/Common/function.php 第 137 行.
NOTIC: [2] imagecreatetruecolor() expects parameter 2 to be int, float given /pub/www/wwwroot/www.macauonline.net/xiahuan/2020/App/Common/Common/function.php 第 142 行.
NOTIC: [2] imagecolorallocate() expects parameter 1 to be resource, null given /pub/www/wwwroot/www.macauonline.net/xiahuan/2020/App/Common/Common/function.php 第 143 行.
NOTIC: [2] imagefill() expects parameter 1 to be resource, null given /pub/www/wwwroot/www.macauonline.net/xiahuan/2020/App/Common/Common/function.php 第 144 行.
NOTIC: [2] getimagesize(http://macauonline.net/xiahuan/2020/xiahuan/2020/Public/upload/2022-07-20/62d778a2675a0.jpg): failed to open stream: HTTP request failed! HTTP/1.1 404 Not Found
 /pub/www/wwwroot/www.macauonline.net/xiahuan/2020/App/Common/Common/function.php 第 159 行.
NOTIC: [8] Trying to access array offset on value of type bool /pub/www/wwwroot/www.macauonline.net/xiahuan/2020/App/Common/Common/function.php 第 160 行.
NOTIC: [8] Undefined variable: im /pub/www/wwwroot/www.macauonline.net/xiahuan/2020/App/Common/Common/function.php 第 171 行.
NOTIC: [2] imagecopyresampled() expects parameter 1 to be resource, null given /pub/www/wwwroot/www.macauonline.net/xiahuan/2020/App/Common/Common/function.php 第 146 行.
NOTIC: [2] imagejpeg() expects parameter 1 to be resource, null given /pub/www/wwwroot/www.macauonline.net/xiahuan/2020/App/Common/Common/function.php 第 147 行.
NOTIC: [2] imagedestroy() expects parameter 1 to be resource, null given /pub/www/wwwroot/www.macauonline.net/xiahuan/2020/App/Common/Common/function.php 第 148 行.
SQL: INSERT INTO `arm2_active` (`title`,`description`,`time`,`address`,`latitude`,`longitude`,`other`,`cover`,`status`,`recommend`,`grade`,`images`,`content`,`created`,`updated`,`cover_width_300`) VALUES ('11111','','','','0','0','','/xiahuan/2020/Public/upload/2022-07-20/62d778a2675a0.jpg','published','0','0',NULL,'','1658288294','1658288294','/xiahuan/2020/Public/upload/2022-07-20/62d778a2675a0_width_300.jpg') [ RunTime:0.0062s ]

[ 2022-07-20T11:38:15+08:00 ] 219.131.241.50 /xiahuan/2020/index.php/Admin/Active/index.html
INFO: [ app_init ] --START--
INFO: Run Behavior\BuildLiteBehavior [ RunTime:0.000012s ]
INFO: [ app_init ] --END-- [ RunTime:0.000050s ]
INFO: [ app_begin ] --START--
INFO: Run Behavior\ReadHtmlCacheBehavior [ RunTime:0.000668s ]
INFO: Run Behavior\CheckLangBehavior [ RunTime:0.000970s ]
INFO: [ app_begin ] --END-- [ RunTime:0.001709s ]
SQL: SHOW COLUMNS FROM `arm2_active` [ RunTime:0.0007s ]
SQL: SELECT COUNT(*) AS tp_count FROM `arm2_active` WHERE `deleted` IS NULL ORDER BY created desc LIMIT 1   [ RunTime:0.0006s ]
SQL: SELECT * FROM `arm2_active` WHERE `deleted` IS NULL ORDER BY created desc LIMIT 0,10   [ RunTime:0.0009s ]
INFO: [ view_parse ] --START--
INFO: [ template_filter ] --START--
INFO: Run Behavior\ContentReplaceBehavior [ RunTime:0.000133s ]
INFO: [ template_filter ] --END-- [ RunTime:0.000174s ]
NOTIC: [8] Undefined variable: title /pub/www/wwwroot/www.macauonline.net/xiahuan/2020/App/Runtime/Cache/Admin/47176b6a3ee64f621e6cf2592528e4a2.php 第 4 行.
NOTIC: [8] Undefined variable: token /pub/www/wwwroot/www.macauonline.net/xiahuan/2020/App/Runtime/Cache/Admin/47176b6a3ee64f621e6cf2592528e4a2.php 第 81 行.
INFO: Run Behavior\ParseTemplateBehavior [ RunTime:0.073087s ]
INFO: [ view_parse ] --END-- [ RunTime:0.073127s ]
INFO: [ view_filter ] --START--
INFO: Run Behavior\WriteHtmlCacheBehavior [ RunTime:0.000279s ]
INFO: Run Behavior\TokenBuildBehavior [ RunTime:0.000633s ]
INFO: [ view_filter ] --END-- [ RunTime:0.000954s ]
INFO: [ app_end ] --START--
INFO: Run Behavior\ShowPageTraceBehavior [ RunTime:0.032725s ]
INFO: [ app_end ] --END-- [ RunTime:0.032777s ]

[ 2022-07-20T11:38:29+08:00 ] 219.131.241.50 /xiahuan/2020/index.php/Admin/Active/destroy.html
INFO: [ app_init ] --START--
INFO: Run Behavior\BuildLiteBehavior [ RunTime:0.000010s ]
INFO: [ app_init ] --END-- [ RunTime:0.000040s ]
INFO: [ app_begin ] --START--
INFO: Run Behavior\ReadHtmlCacheBehavior [ RunTime:0.000423s ]
INFO: Run Behavior\CheckLangBehavior [ RunTime:0.000647s ]
INFO: [ app_begin ] --END-- [ RunTime:0.001101s ]
SQL: SHOW COLUMNS FROM `arm2_active` [ RunTime:0.0006s ]
SQL: UPDATE `arm2_active` SET `deleted`='1658288309' WHERE ( id=31 ) [ RunTime:0.0084s ]

[ 2022-07-20T11:38:29+08:00 ] 219.131.241.50 /xiahuan/2020/index.php/Admin/Active/index.html
INFO: [ app_init ] --START--
INFO: Run Behavior\BuildLiteBehavior [ RunTime:0.000010s ]
INFO: [ app_init ] --END-- [ RunTime:0.000041s ]
INFO: [ app_begin ] --START--
INFO: Run Behavior\ReadHtmlCacheBehavior [ RunTime:0.000428s ]
INFO: Run Behavior\CheckLangBehavior [ RunTime:0.000648s ]
INFO: [ app_begin ] --END-- [ RunTime:0.001108s ]
SQL: SHOW COLUMNS FROM `arm2_active` [ RunTime:0.0005s ]
SQL: SELECT COUNT(*) AS tp_count FROM `arm2_active` WHERE `deleted` IS NULL ORDER BY created desc LIMIT 1   [ RunTime:0.0002s ]
SQL: SELECT * FROM `arm2_active` WHERE `deleted` IS NULL ORDER BY created desc LIMIT 0,10   [ RunTime:0.0002s ]
INFO: [ view_parse ] --START--
INFO: [ template_filter ] --START--
INFO: Run Behavior\ContentReplaceBehavior [ RunTime:0.000112s ]
INFO: [ template_filter ] --END-- [ RunTime:0.000133s ]
NOTIC: [8] Undefined variable: title /pub/www/wwwroot/www.macauonline.net/xiahuan/2020/App/Runtime/Cache/Admin/47176b6a3ee64f621e6cf2592528e4a2.php 第 4 行.
NOTIC: [8] Undefined variable: token /pub/www/wwwroot/www.macauonline.net/xiahuan/2020/App/Runtime/Cache/Admin/47176b6a3ee64f621e6cf2592528e4a2.php 第 81 行.
INFO: Run Behavior\ParseTemplateBehavior [ RunTime:0.006159s ]
INFO: [ view_parse ] --END-- [ RunTime:0.006180s ]
INFO: [ view_filter ] --START--
INFO: Run Behavior\WriteHtmlCacheBehavior [ RunTime:0.000192s ]
INFO: Run Behavior\TokenBuildBehavior [ RunTime:0.000422s ]
INFO: [ view_filter ] --END-- [ RunTime:0.000639s ]
INFO: [ app_end ] --START--
INFO: Run Behavior\ShowPageTraceBehavior [ RunTime:0.000488s ]
INFO: [ app_end ] --END-- [ RunTime:0.000510s ]

[ 2022-07-20T15:11:52+08:00 ] 219.131.241.50 /xiahuan/2020/index.php/admin
INFO: [ app_init ] --START--
INFO: Run Behavior\BuildLiteBehavior [ RunTime:0.000009s ]
INFO: [ app_init ] --END-- [ RunTime:0.000040s ]
INFO: [ app_begin ] --START--
INFO: Run Behavior\ReadHtmlCacheBehavior [ RunTime:0.000556s ]
INFO: Run Behavior\CheckLangBehavior [ RunTime:0.000915s ]
INFO: [ app_begin ] --END-- [ RunTime:0.001523s ]

[ 2022-07-20T15:11:52+08:00 ] 219.131.241.50 /xiahuan/2020/index.php/Admin/Login/index.html
INFO: [ app_init ] --START--
INFO: Run Behavior\BuildLiteBehavior [ RunTime:0.000012s ]
INFO: [ app_init ] --END-- [ RunTime:0.000051s ]
INFO: [ app_begin ] --START--
INFO: Run Behavior\ReadHtmlCacheBehavior [ RunTime:0.000612s ]
INFO: Run Behavior\CheckLangBehavior [ RunTime:0.000891s ]
INFO: [ app_begin ] --END-- [ RunTime:0.001550s ]
INFO: [ view_parse ] --START--
INFO: [ template_filter ] --START--
INFO: Run Behavior\ContentReplaceBehavior [ RunTime:0.000076s ]
INFO: [ template_filter ] --END-- [ RunTime:0.000111s ]
INFO: Run Behavior\ParseTemplateBehavior [ RunTime:0.006830s ]
INFO: [ view_parse ] --END-- [ RunTime:0.006866s ]
INFO: [ view_filter ] --START--
INFO: Run Behavior\WriteHtmlCacheBehavior [ RunTime:0.000258s ]
INFO: Run Behavior\TokenBuildBehavior [ RunTime:0.000427s ]
INFO: [ view_filter ] --END-- [ RunTime:0.000720s ]
INFO: [ app_end ] --START--
INFO: Run Behavior\ShowPageTraceBehavior [ RunTime:0.000608s ]
INFO: [ app_end ] --END-- [ RunTime:0.000634s ]

[ 2022-07-20T15:11:52+08:00 ] 219.131.241.50 /xiahuan/2020/index.php/Admin/Login/verify.html
INFO: [ app_init ] --START--
INFO: Run Behavior\BuildLiteBehavior [ RunTime:0.000007s ]
INFO: [ app_init ] --END-- [ RunTime:0.000032s ]
INFO: [ app_begin ] --START--
INFO: Run Behavior\ReadHtmlCacheBehavior [ RunTime:0.000428s ]
INFO: Run Behavior\CheckLangBehavior [ RunTime:0.000652s ]
INFO: [ app_begin ] --END-- [ RunTime:0.001116s ]
INFO: [ app_end ] --START--
INFO: Run Behavior\ShowPageTraceBehavior [ RunTime:0.000474s ]
INFO: [ app_end ] --END-- [ RunTime:0.000503s ]

[ 2022-07-20T15:12:03+08:00 ] 219.131.241.50 /xiahuan/2020/index.php/Admin/Login/verify/1658301123321
INFO: [ app_init ] --START--
INFO: Run Behavior\BuildLiteBehavior [ RunTime:0.000008s ]
INFO: [ app_init ] --END-- [ RunTime:0.000033s ]
INFO: [ app_begin ] --START--
INFO: Run Behavior\ReadHtmlCacheBehavior [ RunTime:0.000430s ]
INFO: Run Behavior\CheckLangBehavior [ RunTime:0.000675s ]
INFO: [ app_begin ] --END-- [ RunTime:0.001141s ]
INFO: [ app_end ] --START--
INFO: Run Behavior\ShowPageTraceBehavior [ RunTime:0.000477s ]
INFO: [ app_end ] --END-- [ RunTime:0.000504s ]

[ 2022-07-20T15:12:03+08:00 ] 219.131.241.50 /xiahuan/2020/index.php/Admin/Login/verify/1658301123857
INFO: [ app_init ] --START--
INFO: Run Behavior\BuildLiteBehavior [ RunTime:0.000008s ]
INFO: [ app_init ] --END-- [ RunTime:0.000038s ]
INFO: [ app_begin ] --START--
INFO: Run Behavior\ReadHtmlCacheBehavior [ RunTime:0.000447s ]
INFO: Run Behavior\CheckLangBehavior [ RunTime:0.000656s ]
INFO: [ app_begin ] --END-- [ RunTime:0.001138s ]
INFO: [ app_end ] --START--
INFO: Run Behavior\ShowPageTraceBehavior [ RunTime:0.000471s ]
INFO: [ app_end ] --END-- [ RunTime:0.000499s ]

[ 2022-07-20T15:12:03+08:00 ] 219.131.241.50 /xiahuan/2020/index.php/Admin/Login/verify/1658301124049
INFO: [ app_init ] --START--
INFO: Run Behavior\BuildLiteBehavior [ RunTime:0.000008s ]
INFO: [ app_init ] --END-- [ RunTime:0.000034s ]
INFO: [ app_begin ] --START--
INFO: Run Behavior\ReadHtmlCacheBehavior [ RunTime:0.000461s ]
INFO: Run Behavior\CheckLangBehavior [ RunTime:0.000661s ]
INFO: [ app_begin ] --END-- [ RunTime:0.001159s ]
INFO: [ app_end ] --START--
INFO: Run Behavior\ShowPageTraceBehavior [ RunTime:0.000469s ]
INFO: [ app_end ] --END-- [ RunTime:0.000498s ]

